1.936970029177458308e-01
2.466153761919305520e-02
-8.467552725797598823e-02
-2.331743084086470019e-01
-2.780660241635834473e-01
-2.059008154640954991e-01
-2.151761578469434388e-01
-2.924827587142071472e-01
-4.037382668120567675e-01
-4.194082469283947345e-01
-5.033662828254272803e-01
-3.760238489410094864e-01
-2.756078641637969007e-01
-4.981749263822479734e-02
7.174210340016171084e-02
1.296714728838296304e-01
-5.019630660454132975e-03
-1.553703178352717346e-02
8.820217220953385784e-05
-8.178581112882138404e-02
5.072586173955739852e-02
-1.408904713233287698e-01
-3.892206444032130230e-01
-5.509166269701825103e-01
-4.881964304498056517e-01
-7.859262303045039255e-01
-5.724798060113834852e-01
-2.404777693413252537e-01
-5.024416008048665505e-02
-1.839780431011369677e-01
1.355033477586271018e-01
2.826523867386050437e-01
3.115408344007048469e-01
5.477288936079330317e-02
-9.711882478450550860e-02
-1.214287227980472700e-01
-1.056528656749696204e-01
-2.517056120808852104e-01
-1.671883955714278391e-01
-1.739513184322000749e-01
-2.210887588567633233e-01
-2.684392174722802782e-01
-2.418465003401339408e-01
-1.993459962680312336e-01
-1.336978174798729713e-01
-1.689452197708068981e-01
-2.069261305838358822e-01
-7.844850651461683644e-02
-9.100676393460152558e-02
-5.886399831148411699e-02
-1.778378799654348197e-02
-2.916698145684019222e-02
-8.660294232438275897e-02
-1.086108001412920410e-01
-6.795076660986776318e-02
-1.353092276815955619e-01
-9.304909621910976980e-02
4.124755669770779898e-02
5.551042597220659514e-02
1.979697900938242605e-01
2.600502376494376877e-01
3.528310204936956906e-01
3.423106684566316060e-01
3.204870437524856563e-01
1.579474644358906943e-01
2.032120612631499179e-01
2.548828531973340028e-01
1.448255229038178105e-01
2.276662823870429786e-01
4.915124950927330927e-01
4.431468251845830930e-01
2.847321282032438949e-01
3.299552496617306763e-01
3.089063027192461841e-01
3.498154410245880863e-02
-2.322018692820466690e-01
-3.090370647660489745e-01
-4.040569162066409148e-01
-3.808660043724304001e-01
-2.469588473838921772e-01
-4.857840985947929624e-02
-1.003764659454598196e-01
8.308661715287550542e-02
-1.231179032779134153e-01
-1.640542709570887991e-01
1.310027465401000790e-02
1.687662131550374256e-01
-1.766340923035982988e-02
2.595847337399428412e-01
3.064613245635763872e-01
2.551219519986211437e-01
4.518712407322873492e-01
4.402396264939788528e-01
2.544492170240474915e-01
2.839630839002133533e-01
2.345842653296321412e-01
3.924056368345658907e-02
1.716936807407498100e-01
2.861038182889991122e-02
-8.718089925434992227e-02
-1.270791996113521116e-01
-2.689026938989862447e-01
-5.601376609880404089e-01
-3.565185731216499176e-01
-2.668661794310647206e-01
-1.616370970844574206e-01
1.866695160933351527e-04
3.215134514190542969e-01
2.980178999677559060e-01
3.423272219417478057e-01
3.300051020647980504e-01
2.536700776335868990e-01
1.947577827975027764e-01
2.906136119234681847e-01
9.460464425431960866e-02
-1.142069330217611867e-01
-1.109600275224313648e-02
3.981315741528120011e-02
7.831408211335011416e-02
6.967515097675644475e-02
2.803279689963539267e-01
1.874359826185935385e-01
2.278448879181524112e-01
1.883108108676631864e-01
3.793906454905765502e-01
1.237367894644360033e-01
1.383653307400870835e-01
-2.458210356067668523e-01
-2.032979185217540508e-01
-1.820387278455343760e-01
1.519563243719815847e-02
-7.078017399861688541e-02
1.852833954466945043e-01
4.453504289789973758e-02
-7.856286909208828884e-02
9.212032741982917328e-02
2.233117714937902787e-01
2.449389886924442927e-01
2.217854086444740469e-01
2.845692216779770467e-01
1.827648516819779800e-02
8.542641534711800655e-02
2.188563374374540016e-02
1.524458233585902767e-01
-3.611503618756278788e-02
8.102029478818892350e-02
1.892460128328836144e-01
2.548216216922887245e-01
2.089974948154065815e-01
5.050830978260297810e-01
6.038956592226117914e-01
2.939571339800056138e-01
3.272825380649675431e-01
2.359508004344088861e-01
-9.767096107993283871e-02
-1.987684161697707008e-01
6.950980863996605863e-03
-9.102516348168029903e-02
8.637701319617266393e-02
3.214014495599371579e-01
3.758242044631168177e-01
2.444531186203854345e-01
1.431936350465916052e-01
6.199507359699851783e-02
2.786801651090133752e-02
-1.027593683739541630e-02
5.741321953278484547e-03
1.325419461260130827e-01
1.985148048841847701e-01
5.250260628802444485e-02
-7.426238501081877663e-02
-6.535329984786737711e-02
-2.512033313421746517e-01
-4.916706745458830907e-01
-4.222608989723057316e-01
-2.361091676625270974e-01
-1.473462858899761141e-01
-4.238948118602873377e-03
4.231307370153733483e-02
2.175524674735196395e-01
9.034178661359229534e-02
-9.090472323158485524e-02
-1.721244620564116312e-01
1.001527479301606016e-02
-2.124256389919698951e-01
-2.326789249060826348e-01
-1.501860378146201436e-01
-4.010205582067000868e-02
-2.040074163497561099e-01
-1.250321086452837738e-01
-5.772322199891846001e-02
-8.608763945040873167e-02
-9.351433429917982432e-02
3.358035128227158245e-02
1.164521892375765671e-01
9.408554606114129248e-02
1.896495809313713810e-01
3.550218088849333986e-01
3.898058577509452283e-01
3.608776990663002948e-01
3.172172916719875890e-01
2.467020900284773721e-01
1.395751173218644503e-01
1.199379909552585055e-01
1.450145511468931003e-01
3.424239632316519732e-02
6.582197122779565035e-02
9.014413956430794572e-02
-1.088319893310663866e-01
-1.391387256508176962e-01
-1.794626003734098862e-01
-1.727544752851241650e-01
-2.533025382510267765e-01
-9.336063219053480911e-02
-9.818265447443384752e-02
1.352063027373606452e-01
6.642432234341913433e-02
-1.644748801686969630e-02
-4.920182168704000103e-02
-5.495392968394757771e-02
-2.075442036017174918e-01
-2.555247364661669129e-01
-1.146986831007908991e-01
-2.332191333121808041e-02
-4.942349587743643385e-02
1.915759123304926204e-01
3.556938953182661178e-01
1.452059038145352698e-01
1.596640526596453391e-01
2.362636667076752350e-01
1.732615189206060391e-01
1.390205673368435924e-03
2.552086367574810666e-01
1.839830573345794529e-01
1.684201066795499302e-01
6.276124609393185505e-02
1.699752506999192836e-01
7.421076071758496429e-02
1.369113376423173045e-01
2.415610490375101616e-01
3.684025381762801588e-01
3.030360063930534475e-01
2.705948444652239715e-01
1.083009916450844989e-01
-1.439323416276270390e-02
-1.515016674256157436e-01
-1.078968070157020342e-01
-2.728865149699938875e-01
-2.880053164356101147e-01
-4.665092858658574371e-01
-4.319728909898947200e-01
-3.216557616928702457e-01
-5.254085525012855418e-02
1.194286573187563344e-01
1.789788194306584646e-01
3.975306900248421482e-01
1.786287294673669090e-01
6.444365228735404738e-02
-9.607020227974419346e-02
6.611308922677404387e-02
-1.638073425603201183e-01
-1.201614627824161285e-01
-2.703887399351903031e-01
-3.738278441741345048e-01
-3.227550358314659196e-01
-4.378530673263212325e-01
-4.492836753210098233e-01
-3.013603925646104464e-01
-2.219708941703063543e-01
-4.986190846101278273e-01
-4.838924167375078245e-01
-4.118123712920226942e-01
-3.000553386516442433e-01
-3.911601898630082674e-01
-1.483080878221393895e-01
1.516053178270088675e-01
2.545632577416393483e-01
2.479272031575271429e-01
4.995868569717977214e-01
3.789174594741208102e-01
1.910611268327522816e-01
2.476751696924793800e-01
2.582593407294495047e-01
2.063500954311610625e-01
2.070106484153306226e-01
2.569976648208993630e-01
1.648460668793599315e-01
7.549644096281910022e-02
1.945917060562896705e-01
3.568850175179877349e-01
3.584634474339463694e-01
2.832513768320608638e-01
3.894117682524295687e-01
1.679996423257475446e-01
6.602345603489850889e-04
-5.590101532293412223e-02
-7.734514293840932808e-02
-2.100557783788388477e-01
-9.466444587026667801e-02
-2.190462674872753202e-01
-2.018245606076739251e-01
-1.283324308920655854e-01
-8.931100340453287934e-02
-5.386535334562116140e-02
1.180423719254370396e-01
2.083877003346009671e-01
2.515835999178755999e-01
2.060937195404715649e-01
-2.223715677293860993e-02
7.965367599093452211e-02
-9.217102483627455378e-03
-2.265185824421599159e-01
-2.500164836977237792e-01
-2.374763859951238842e-01
-2.955783334900998760e-01
-3.321682866347924756e-01
-9.497186374739330361e-02
-1.265897298125089887e-01
-2.462419474650281992e-02
-1.523595006474951774e-01
-1.536979744509015533e-01
-2.530251919906796321e-01
-2.223657889487476724e-01
-3.120959177130122608e-01
-2.119730359277654519e-01
-2.372982174616820317e-01
-4.578220925522873408e-01
-2.393477491504698296e-01
-8.135552982877779227e-02
-2.042830203520789034e-01
-2.284105467112751142e-01
9.158838639219739342e-02
1.229832337324126695e-01
1.006202069897034895e-01
1.337339715914381277e-01
3.368605134476017615e-01
3.101259348178787567e-01
2.674252140694979296e-01
3.303066680760768925e-01
2.529952155012125115e-01
1.100194743973284262e-01
4.957222714579216649e-02
-1.127572826856096944e-01
-2.192654581648667278e-01
-2.225788429480253516e-02
1.923502945408454151e-02
