-7.997038753890392537e-02
-8.739361552223422203e-02
-9.243923481094666605e-02
-9.479195718039222507e-02
-9.019249712794560891e-02
-8.452884353328025957e-02
-7.758087895098088327e-02
-7.240332208565244954e-02
-6.660471218271828142e-02
-6.275021077774510514e-02
-5.935054003879110252e-02
-5.757902784807436558e-02
-5.724791448284592688e-02
-5.788342639182444960e-02
-6.232166428982683498e-02
-6.738476190672994248e-02
-7.161938476169957268e-02
-7.809208999795450024e-02
-8.044268256269217210e-02
-8.312152505805114888e-02
-8.698598463782104828e-02
-9.388464213497177413e-02
-9.870512322892589785e-02
-1.084297739514904491e-01
-1.098283033677054932e-01
-1.092350861777311027e-01
-1.047135927007896289e-01
-9.667515439733934124e-02
-8.872795267009243869e-02
-8.875464239475698569e-02
-8.812405217633757781e-02
-9.069548954629150228e-02
-9.812585232347226238e-02
-1.064070394278669590e-01
-1.124813128530140344e-01
-1.172886918431524372e-01
-1.188599693915568106e-01
-1.157175614998961211e-01
-1.094500387706526801e-01
-1.018346535650182655e-01
-9.613756961192193584e-02
-9.171987688575158892e-02
-8.810925470228936351e-02
-8.382153945040107801e-02
-8.102843557520474083e-02
-7.569097027206606043e-02
-7.029023118760055477e-02
-6.692564565433090085e-02
-6.511588511754276554e-02
-6.423908703135330911e-02
-6.462074922193522530e-02
-6.506142799030539825e-02
-6.658461982540693491e-02
-7.202811648318555027e-02
-7.334850318529435864e-02
-7.586963850332044401e-02
-7.621199462480002240e-02
-7.672146228000935320e-02
-7.788912669623405949e-02
-8.490947829379008605e-02
-9.463226645891725797e-02
-1.056164337587393032e-01
-1.111347640922612928e-01
-1.137259828077278462e-01
-1.109731336971132853e-01
-1.015306286622985332e-01
-9.064871517111067201e-02
-8.682742723049939604e-02
-8.313334886173252836e-02
-8.226201644206879160e-02
-8.382636874919618952e-02
-8.764316599197603808e-02
-8.804144422501707090e-02
-8.340870679092488027e-02
-7.896787929988494104e-02
-7.425507588103993917e-02
-7.183334025576422477e-02
-6.734026822746619345e-02
-6.845447777016047675e-02
-7.073201419534172474e-02
-7.644239221725195044e-02
-8.062780872180567993e-02
-9.127277806766075086e-02
-1.028428453074183846e-01
-1.138107938065538727e-01
-1.217164916268854147e-01
-1.301718538143327442e-01
-1.349693972808742870e-01
-1.352916341464284189e-01
-1.330601303336295671e-01
-1.293583119229664291e-01
-1.243111062030037434e-01
-1.174115491443553788e-01
-1.104262631525350924e-01
-1.038267736366529637e-01
-9.543250666651018066e-02
-8.701167075671316364e-02
-7.921093354544134213e-02
-7.439888528613368412e-02
-7.143631043078876863e-02
-7.094244526405014961e-02
-7.087904220541310640e-02
-7.152826276337681533e-02
-7.093217676786293946e-02
-7.154489417451327660e-02
-7.344246002476725876e-02
-7.478002464582211850e-02
-7.724505126348893413e-02
-8.342183650056206323e-02
-8.537378014812042892e-02
-8.625683970598337080e-02
-8.914136136634619179e-02
-9.452054367155862669e-02
-9.770806008558473310e-02
-1.034202011778668218e-01
-1.111478752752999288e-01
-1.154845629571098070e-01
-1.165099526261884899e-01
-1.178048622305351845e-01
-1.183172873199657277e-01
-1.197456378992034359e-01
-1.250850826140116889e-01
-1.275630087289254533e-01
-1.274473776343166831e-01
-1.260434908190217196e-01
-1.240534147989202363e-01
-1.211469600756393816e-01
-1.231365261658911997e-01
-1.233779164795591465e-01
-1.229227765833190156e-01
-1.241442849804788723e-01
-1.251380594585389250e-01
-1.242645295063855432e-01
-1.241252243080558926e-01
-1.252437734647321999e-01
-1.181705412829700819e-01
-1.079077079611594769e-01
-9.586004015877486184e-02
-8.356831359347716148e-02
-7.135527821909726232e-02
-6.469081753282308889e-02
-6.096816737387485141e-02
-5.700967070710585838e-02
-5.524551958180451416e-02
-5.388623562235693443e-02
-5.348652298267343730e-02
-5.341002180251121917e-02
-5.799950168298580178e-02
-6.152962628066402373e-02
-7.060923947088557084e-02
-8.384164878456049075e-02
-9.564093163562924216e-02
-1.084739927894190353e-01
-1.229023255121925173e-01
-1.299724732439040964e-01
-1.299605179404568767e-01
-1.298839103038159914e-01
-1.282264393559593985e-01
-1.218795714591550394e-01
-1.191217519735364716e-01
-1.186094809252724314e-01
-1.194375449516237031e-01
-1.158791523270432389e-01
-1.159374698239913626e-01
-1.162341759104585925e-01
-1.116809947365207251e-01
-1.048465846789437550e-01
-9.825112368396247964e-02
-8.816507002546615512e-02
-7.520724162616344854e-02
-6.769255406755161908e-02
-6.217482141135829976e-02
-5.879199732497286668e-02
-5.825409108543737335e-02
-5.923929240018103309e-02
-5.995252504962177154e-02
-6.131490076211445345e-02
-6.490356155500066893e-02
-6.792487640493111156e-02
-7.107167593336731481e-02
-7.272179400826006557e-02
-7.533677485880385660e-02
-7.394134228909315931e-02
-7.168445215559492156e-02
-7.009436364348625714e-02
-6.734632248852417957e-02
-6.121078820817894145e-02
-5.960941125627530063e-02
-5.896708603380226843e-02
-5.840059542955865213e-02
-6.386700380549342748e-02
-7.163838188975008014e-02
-7.699503679765613839e-02
-8.380521387489396623e-02
-8.971371237593876724e-02
-9.445842889999060688e-02
-1.009776529946427998e-01
-1.068168337244673194e-01
-1.132740309159239178e-01
-1.182079885704433592e-01
-1.206369911294358499e-01
-1.207798057755574278e-01
-1.216880745770326927e-01
-1.228592240948007952e-01
-1.257864184487134107e-01
-1.276324914963636037e-01
-1.287538631101226849e-01
-1.260036100043270824e-01
-1.190486407337922464e-01
-1.092385433569460357e-01
-9.664167104199608560e-02
-8.537955169822378232e-02
-7.545827489445118552e-02
-6.749569707179428613e-02
-6.138430453901051742e-02
-5.737600570847568859e-02
-5.403766368188539504e-02
-5.226756064754542463e-02
-5.255850161025404921e-02
-5.427779120045394395e-02
-5.997836819140250908e-02
-6.620387832139963680e-02
-7.285034748724497633e-02
-7.737207039380489260e-02
-8.346213729228278699e-02
-8.990188449993105624e-02
-9.494380206825411839e-02
-1.022612899826883387e-01
-1.125470932919754863e-01
-1.203752720231022200e-01
-1.256949677116983299e-01
-1.278913943639442274e-01
-1.281399815385845242e-01
-1.242420252756255283e-01
-1.156177650552003694e-01
-1.073631256138748574e-01
-1.028777115785488583e-01
-9.761256461534692508e-02
-9.466685072071084894e-02
-9.762046251688381859e-02
-1.011171656834979060e-01
-1.058878637174769655e-01
-1.103944279880552520e-01
-1.114856131452735544e-01
-1.083756084242600282e-01
-1.032777026254490249e-01
-9.628496272990491600e-02
-8.904419290206663784e-02
-8.470075604244159395e-02
-8.518879014158857454e-02
-8.882108340533004243e-02
-9.187611244303915681e-02
-9.308678350094728993e-02
-9.828342462083557163e-02
-1.026149817548772658e-01
-1.040378541710411248e-01
-1.059141604231813999e-01
-1.113799982872095973e-01
-1.102304837340724181e-01
-1.048122727942071702e-01
-9.768572407975659178e-02
-8.882404287010185751e-02
-7.605233938517412529e-02
-6.738771705731493034e-02
-6.051553030840951808e-02
-5.732853525059279642e-02
-5.409355904487305605e-02
-5.393627507022153572e-02
-5.219475791850684138e-02
-5.124537787951033430e-02
-4.770629177615508948e-02
-4.847981194101907282e-02
-4.900652554519845799e-02
-5.123131860836431517e-02
-6.020730559932103987e-02
-7.682909306087472301e-02
-9.563099452186513139e-02
-1.128703284049040884e-01
-1.264133558979693150e-01
-1.328448163102798063e-01
-1.320723863174417811e-01
-1.271044148525132533e-01
-1.257771689042063989e-01
-1.242057039927068757e-01
-1.215379122470846979e-01
-1.190436967757334263e-01
-1.174242708429127507e-01
-1.138235752485802499e-01
-1.130848084400798287e-01
-1.131356411625246000e-01
-1.129828504197698813e-01
-1.107037535427138342e-01
-1.077364444420083056e-01
-1.028708155832604026e-01
-9.874566828829120513e-02
-9.702702587507930354e-02
-9.483770506163108349e-02
-9.286421973380964978e-02
-9.117296161052169945e-02
-8.987365766592469996e-02
-8.578486122751811938e-02
-8.221543801575606492e-02
-7.954444739555818766e-02
-8.092723318425024126e-02
-8.237096585156830630e-02
-8.358878059714361375e-02
-8.380280334377340767e-02
-8.390615161773429254e-02
-7.849285333435901402e-02
-7.221450265241545485e-02
-6.626443520961811107e-02
-6.156453771282736909e-02
-5.608492407729819690e-02
-5.270492467562416100e-02
-5.266234349294118822e-02
-5.091761768785596498e-02
-5.092984776343376790e-02
-5.176558063766715373e-02
-5.394717007923947871e-02
-5.471880054980154950e-02
-5.650955739911515258e-02
-5.749453273806510306e-02
-5.794148641241629594e-02
-5.756132397167619541e-02
-6.005235849374184615e-02
-6.789656992426867932e-02
-7.517507394857707304e-02
-8.264986683843172921e-02
-9.076280012496823479e-02
-9.848190204509994772e-02
-1.042580967644440582e-01
-1.139315943372650047e-01
-1.222681761587880167e-01
-1.317876565799863675e-01
-1.363238762250683078e-01
-1.383496586935055173e-01
-1.373460176613626460e-01
-1.408577205291397239e-01
-1.398431546371589063e-01
-1.390363278747773768e-01
-1.367625042671066216e-01
-1.308825043513408559e-01
-1.217382712532870115e-01
-1.153570052277800295e-01
-1.098054653237357375e-01
-1.053000248325035304e-01
