-6.431734394583661640e-02
-6.243279168976876431e-02
-7.520265563194292180e-02
-9.470553087630310951e-02
-1.031936155506682079e-01
-1.014334838624880719e-01
-8.766088813333101915e-02
-8.696626747917067524e-02
-7.170823061407001486e-02
-7.487534757734147506e-02
-6.669366095099123204e-02
-6.177310380668887130e-02
-5.797321796449978609e-02
-5.243572358920409876e-02
-5.787699388257153132e-02
-5.783609999740754737e-02
-6.011753698054669165e-02
-6.115077750939238582e-02
-7.462691307921602568e-02
-8.319248196708704801e-02
-7.900921427225575389e-02
-9.248106316182129472e-02
-7.290374033308073820e-02
-8.802112555601095123e-02
-1.025147798659364895e-01
-1.135025017580094248e-01
-1.165834686315918717e-01
-1.215269939459034942e-01
-9.501377263708615795e-02
-9.954869391606452345e-02
-9.089503437330205549e-02
-7.639127711434044732e-02
-8.179098530966898151e-02
-9.514722126040890682e-02
-9.639574282396749794e-02
-1.037522212230716917e-01
-1.135430910002442478e-01
-1.231969208316424647e-01
-1.255185883861442697e-01
-1.204326377746595123e-01
-1.116086089650935587e-01
-9.783105154194082775e-02
-9.185930718542528739e-02
-8.744166235797218301e-02
-9.194721800917778076e-02
-8.952014533424178244e-02
-7.977794062462975622e-02
-7.042073092598387374e-02
-7.347614298199049709e-02
-6.525989149348436491e-02
-6.251644991191425416e-02
-6.295501295828150046e-02
-6.137192824204321800e-02
-6.909215255104315945e-02
-6.716820244639397364e-02
-6.471984375376511889e-02
-7.057097213378922540e-02
-8.858941153093623233e-02
-7.569408606158725683e-02
-7.977387903652434498e-02
-6.643162436116299696e-02
-7.311831040983590713e-02
-9.442773361205974991e-02
-1.107958440493673619e-01
-1.283878198621601907e-01
-1.213524608602732507e-01
-1.007099620774459248e-01
-1.073838271893924751e-01
-9.703159849629457157e-02
-8.117529468808644399e-02
-6.694289340433391688e-02
-8.160352237438961431e-02
-8.891343534555806727e-02
-9.267493639797590166e-02
-8.899705622372343361e-02
-8.602687961823320129e-02
-8.359491353959475068e-02
-6.574974817509708636e-02
-7.047079894277620549e-02
-6.543303912949838264e-02
-7.391820149185467093e-02
-6.112955339810460798e-02
-7.132079588856853058e-02
-8.185848106868243157e-02
-9.398492923904948337e-02
-9.484528401462334612e-02
-1.143544001273799765e-01
-1.291711320873566438e-01
-1.366982235643599275e-01
-1.335134183407071518e-01
-1.371220949518598686e-01
-1.383421174600877879e-01
-1.307823164151273032e-01
-1.255407045003656130e-01
-1.150043262873915589e-01
-1.118860663520464122e-01
-1.038443321668460068e-01
-9.585588645602582947e-02
-9.254325692095499711e-02
-7.303299143667767168e-02
-6.978188680306131320e-02
-6.484064611048685756e-02
-7.179564515948756720e-02
-7.773038264423039190e-02
-7.056366560298459045e-02
-6.946487150987611103e-02
-6.808674890030537441e-02
-6.881521518191822950e-02
-8.079396967748202207e-02
-8.005149485425450129e-02
-7.615269461515038196e-02
-8.041188198863953585e-02
-9.969914136728391663e-02
-9.055368791527373951e-02
-8.446679264356921069e-02
-9.057530291696454239e-02
-1.073077935147016965e-01
-1.156367234374144903e-01
-1.191143933766841273e-01
-1.231051631307347322e-01
-1.122587413260139333e-01
-1.124347418600951665e-01
-1.221112714591479492e-01
-1.216765188238368017e-01
-1.302469160269232873e-01
-1.389559649000551012e-01
-1.248243724346640854e-01
-1.215331159861040428e-01
-1.146570847473619842e-01
-1.202965359264158707e-01
-1.244236912836509251e-01
-1.347722028859231480e-01
-1.227400675544437630e-01
-1.123813852661613016e-01
-1.264040779122151681e-01
-1.293925636739511609e-01
-1.304045531251562806e-01
-1.220435415627954406e-01
-1.179741310495428658e-01
-9.103791700340461979e-02
-7.807839706489803910e-02
-7.016621411323321900e-02
-6.058490873630698048e-02
-5.690895417764344627e-02
-5.771561357203369713e-02
-5.946514627015690030e-02
-5.037373077938826077e-02
-5.176415310980028023e-02
-5.011253438040549207e-02
-5.571705037361624618e-02
-5.908264036934579577e-02
-7.332113018176118768e-02
-6.941477609819135530e-02
-9.551060033151324846e-02
-1.218790969419908943e-01
-1.180790546246894973e-01
-1.374864359507100842e-01
-1.415564397120587792e-01
-1.308613389900712132e-01
-1.218193204247546846e-01
-1.176960164414851961e-01
-1.291990812114270915e-01
-1.098221002280369979e-01
-1.170722415619783324e-01
-1.192579651834344417e-01
-1.218363365732416242e-01
-1.114071180885246454e-01
-1.101136877127776720e-01
-1.185557719943145100e-01
-9.649205931374520151e-02
-8.766428628535671841e-02
-7.842981311361824082e-02
-5.968341942029608410e-02
-5.376662999780098401e-02
-5.891862152068604724e-02
-6.007562300439012876e-02
-6.151569268169105459e-02
-5.699388822261863830e-02
-5.869263657151924801e-02
-6.248478476788973252e-02
-6.688750156685356607e-02
-7.945899664612213198e-02
-7.210046247227079597e-02
-7.442663421370032673e-02
-7.073537514235342383e-02
-7.996240581957260452e-02
-7.248183379756864553e-02
-6.081601180477957946e-02
-6.647619165315706014e-02
-5.699516936754300822e-02
-4.928473441784641390e-02
-6.447494903805042754e-02
-5.760438569241441154e-02
-6.364373863193897862e-02
-8.432721124721687112e-02
-8.814162483912975354e-02
-9.125822357758067715e-02
-9.165527107860360623e-02
-9.318623113716290041e-02
-1.080507938674760832e-01
-1.207377453123906763e-01
-1.204541272267033447e-01
-1.239412570358864873e-01
-1.178560194097601627e-01
-1.201958066624385646e-01
-1.214518185429985103e-01
-1.249954712340796831e-01
-1.297970046247269860e-01
-1.324919911793233374e-01
-1.294261719006894740e-01
-1.270586766117939581e-01
-1.112442057051015870e-01
-9.502215827205275078e-02
-8.344150429509232525e-02
-6.644181032593973746e-02
-7.074807989293244170e-02
-6.163782168623863078e-02
-5.520926915876824687e-02
-5.288454163117351642e-02
-4.640031617326558638e-02
-5.405636975998100863e-02
-5.278730651453874406e-02
-5.666397397231138361e-02
-6.148098958217299015e-02
-7.490320112800842589e-02
-8.518392040996664027e-02
-8.601965234376544867e-02
-7.927258850511091637e-02
-9.193132407456246213e-02
-1.071019371662497860e-01
-1.103935082515819510e-01
-1.226070919159364947e-01
-1.307016050515467376e-01
-1.310722177301961167e-01
-1.337004156092303220e-01
-1.213756415128114247e-01
-1.238500277891379370e-01
-1.112118237367517998e-01
-8.795091662807026645e-02
-9.242721840260277599e-02
-9.894857133618145673e-02
-9.752429297312827094e-02
-9.648325426357146073e-02
-1.027189756089350731e-01
-1.099107342356732131e-01
-1.228020615060767956e-01
-1.200571143260196899e-01
-1.019391800496629724e-01
-8.716895200386738651e-02
-8.442120524161818296e-02
-8.783836202835626494e-02
-8.385326518682832686e-02
-8.022199575153776685e-02
-8.960912249960227560e-02
-1.025826715603255918e-01
-1.031135072169018368e-01
-8.990662047636889531e-02
-1.062052013509792864e-01
-1.112669081698107743e-01
-1.096970336411447616e-01
-1.124950384776032958e-01
-1.172358097965098128e-01
-1.004576285852934459e-01
-8.417585347048449351e-02
-7.406429006889189703e-02
-6.818663242932958279e-02
-5.337729237187118642e-02
-5.713451694599747110e-02
-4.981491972595745304e-02
-5.812931477980826794e-02
-5.201175140073091563e-02
-5.259087249861357088e-02
-4.842693118742400632e-02
-4.506801953097489682e-02
-4.043388426303201610e-02
-5.587935222505085314e-02
-5.522444051951049676e-02
-5.955089650325326445e-02
-8.994795448575854113e-02
-1.235428215708004318e-01
-1.498888595300028881e-01
-1.414211099347052469e-01
-1.272660339685793007e-01
-1.221052565473110391e-01
-1.196806716066103338e-01
-1.250490022053603045e-01
-1.347848801931710028e-01
-1.194087094110817121e-01
-1.087662978192001501e-01
-1.072095942498539206e-01
-1.169518725412569543e-01
-1.167814022215084985e-01
-1.157148753685796061e-01
-1.090204614314239651e-01
-1.064456405360803409e-01
-1.055563881559767464e-01
-1.019448567179807585e-01
-9.138673107484011904e-02
-8.839472495657801909e-02
-9.785242847002084687e-02
-9.460978408873564616e-02
-9.207743007887358999e-02
-8.293044045840038125e-02
-8.189820523359303550e-02
-7.740844627798786071e-02
-7.676266802992544325e-02
-7.872247697788425924e-02
-8.984436940186057985e-02
-8.911686857018343011e-02
-8.349752000586435630e-02
-7.783278176307445451e-02
-7.923921834768861416e-02
-6.277787798498422889e-02
-5.772511516046560653e-02
-5.374718279187765124e-02
-5.433329427912073767e-02
-5.184115017004272546e-02
-4.587788097661407716e-02
-5.751220924705072179e-02
-4.502355376645151425e-02
-5.439444465700980086e-02
-5.601981454120966153e-02
-5.678582818447570207e-02
-6.137036159986104106e-02
-5.397733801301952267e-02
-5.931932135175955328e-02
-5.825458291296564672e-02
-5.488501598077522026e-02
-7.382553421018926698e-02
-9.319839516565368853e-02
-9.571184147330152880e-02
-9.562854736223892760e-02
-9.544968241345778981e-02
-1.124210438108477761e-01
-1.220793687623742269e-01
-1.440793293374062478e-01
-1.373114564698539874e-01
-1.430470845194495577e-01
-1.351021420362575332e-01
-1.322082811045602047e-01
-1.390611241766918915e-01
-1.548699708087394600e-01
-1.379742550595454420e-01
-1.310680082243498579e-01
-1.208391630662063732e-01
-1.096611245978631050e-01
-1.091488053184702101e-01
-1.060679249320106154e-01
-1.033103087041283424e-01
-9.831196061004536524e-02
