1.904153583041079265e-05
2.084286255789417411e-05
2.029792906247015395e-05
1.975363587973788797e-05
2.046898568153210701e-05
2.028628192931592386e-05
1.908637527776591082e-05
1.882208863150936211e-05
1.878666078122629839e-05
1.712760989770838036e-05
1.606109178453607456e-05
1.571535077857788768e-05
1.585500284567350202e-05
1.660513892052980153e-05
1.943958437351511477e-05
2.101395835580888567e-05
2.144639961395948118e-05
2.186353049538070081e-05
2.385415316107734602e-05
2.245814524902319461e-05
2.208813987749636134e-05
2.203965920936449757e-05
1.995459482297216384e-05
1.753540074294809013e-05
1.675769657746665613e-05
1.772585173493250240e-05
1.755132505347016186e-05
1.828743971069949831e-05
1.874427210874311247e-05
1.964443562224952930e-05
1.778142497646702653e-05
1.800213238354331428e-05
1.786437570032717575e-05
1.764701951761556695e-05
1.563258394696731760e-05
1.661429052527789091e-05
1.667628195415696990e-05
1.720748472659276368e-05
1.592930042496239624e-05
1.679076900889716337e-05
1.469986957355710471e-05
1.551948088452566942e-05
1.473986874884758503e-05
1.628630028941794800e-05
1.653819963773154738e-05
1.862461141399762710e-05
1.660681712489046609e-05
1.693958354470244951e-05
1.730525066913439006e-05
1.695172581529883830e-05
1.569450804386936655e-05
1.758426203177047424e-05
1.822523350654137243e-05
1.722895721438059619e-05
1.773766578404926682e-05
1.831805098409707767e-05
1.688515854330792929e-05
1.671284095152714280e-05
1.665286685105608753e-05
1.573523845479485452e-05
1.576707405016956401e-05
1.704130664090068164e-05
1.723916295190974643e-05
1.847402589021385143e-05
1.955592612811566928e-05
1.923543372394457824e-05
1.950448340058604443e-05
1.996802149714464318e-05
1.953562286303167842e-05
1.860573582348479385e-05
1.906295560682262353e-05
1.719110095782146739e-05
1.604500277826067378e-05
1.636291981175948748e-05
1.549737275799619314e-05
1.581963926658621207e-05
1.498447662318843250e-05
1.552941365995745007e-05
1.538964966698586203e-05
1.636355570061217288e-05
1.606989691633013481e-05
1.738864461534224832e-05
1.523011202190597752e-05
1.453873117422214628e-05
1.418049484603519438e-05
1.333365225377747231e-05
1.261423778752638717e-05
1.415550905979519810e-05
1.388138811080352854e-05
1.421334668438116173e-05
1.394352140013192380e-05
1.598674385441256753e-05
1.725918603471636098e-05
1.725741918209659697e-05
1.702000795068177590e-05
1.718356581624410281e-05
1.538934845181453979e-05
1.475012667810915547e-05
1.528315854670836416e-05
1.635865540426569494e-05
1.733233615415959850e-05
1.758592328589732989e-05
1.609365792252977697e-05
1.636437217532223584e-05
1.621353490198392463e-05
1.621580598794025786e-05
1.647165623808177770e-05
1.831248715878548987e-05
1.853158266840182478e-05
1.862822712155320847e-05
1.962224361022890594e-05
2.026737002249016782e-05
2.001700779980334973e-05
2.010350617638323863e-05
1.909978411731572259e-05
1.822610969194708234e-05
1.781173125626386088e-05
1.774259419751918819e-05
1.656925675016888559e-05
1.655308354315820975e-05
1.648040584996124448e-05
1.706549239296843294e-05
1.686470264132822465e-05
1.740926286307361223e-05
1.765955675428661638e-05
1.749753052327681423e-05
1.523296137027803850e-05
1.394164048681053278e-05
1.271785865100128057e-05
1.338199068925405435e-05
1.411371742866170572e-05
1.518659157871600981e-05
1.576980919774466011e-05
1.641250546811079267e-05
1.648315901974228769e-05
1.509614768006410296e-05
1.572644336107487174e-05
1.589045657558093021e-05
1.653900626763515902e-05
1.567204874296142733e-05
1.647971693330418930e-05
1.534621364858897513e-05
1.598148200419776329e-05
1.580419251562640572e-05
1.644161348650641501e-05
1.526193746930933624e-05
1.699974947608022118e-05
1.727994179579658073e-05
1.753111985038913325e-05
1.697276620973298258e-05
1.761594227692360877e-05
1.685872356442056835e-05
1.639249382776597350e-05
1.609435530838254771e-05
1.534681581271494784e-05
1.394160865781183705e-05
1.298089329300940695e-05
1.209242963492821870e-05
1.186575604220271061e-05
1.183196703126536093e-05
1.218729932202696450e-05
1.241678192052120300e-05
1.273407236711913519e-05
1.199325215376726741e-05
1.325608834576996776e-05
1.506358880002759729e-05
1.570546846778597615e-05
1.495829296800366205e-05
1.498391001556835173e-05
1.508358057738708733e-05
1.431462272497204736e-05
1.417140775477795268e-05
1.544470174318727791e-05
1.587135016052343485e-05
1.469709777571400509e-05
1.509277612872968707e-05
1.609472808752343689e-05
1.604283857640591271e-05
1.728224440569192801e-05
1.786690131856024104e-05
1.753828889263786686e-05
1.564944031050193515e-05
1.602410409115388317e-05
1.588335619165566899e-05
1.665299797082298028e-05
1.772827864101600561e-05
2.040459881034924691e-05
2.011502841507232725e-05
1.999118079917631545e-05
1.992577389652676052e-05
2.002891446342876665e-05
2.012735098683530796e-05
2.103688226924305195e-05
2.136877237812010656e-05
2.124003154240957367e-05
1.990438585011133706e-05
1.825241268846866525e-05
1.673417041322030474e-05
1.629614605083891805e-05
1.527867180660299126e-05
1.414830039152548226e-05
1.387123691074521082e-05
1.540673547613854300e-05
1.493211475652363862e-05
1.521889595942719805e-05
1.603129740580892318e-05
1.635875310794787923e-05
1.553069919640511496e-05
1.536399054182051158e-05
1.581083272341743531e-05
1.607679739095146875e-05
1.633749687925956231e-05
1.659203187879635871e-05
1.751439873676948543e-05
1.625878017061192364e-05
1.629102513049929189e-05
1.673729774154253391e-05
1.686765444430804450e-05
1.562562857110686711e-05
1.783895698966494325e-05
1.861038611350451788e-05
1.799712303715376576e-05
1.751479316946339616e-05
1.739114238148431875e-05
1.688749780820823562e-05
1.694117941610784464e-05
1.766881581962328329e-05
1.689487037216016240e-05
1.765258769618564466e-05
1.768276099530415724e-05
1.668432160547202858e-05
1.579129853581662382e-05
1.642868712347460010e-05
1.805451324893662731e-05
1.741916938679348155e-05
1.833816894863578848e-05
1.820540891183479166e-05
1.923047049151212771e-05
1.830851196018557083e-05
1.850895871105725095e-05
1.768671977018243389e-05
1.761701080601104158e-05
1.663810115317687768e-05
1.642731140876208245e-05
1.660619199389164744e-05
1.753448248488591175e-05
1.873589977729276930e-05
1.958855603968837970e-05
1.983559064105596401e-05
2.032374641534791734e-05
2.002104887376769389e-05
1.959486608408648672e-05
2.004256556347172862e-05
1.971141404813655102e-05
1.949089633323334843e-05
2.039561978032604012e-05
2.022385079042029186e-05
1.884000421187674365e-05
1.900470549417813542e-05
1.937054021100929337e-05
1.899604665744902832e-05
1.779861700773229525e-05
1.807669255716367056e-05
1.720804281148957806e-05
1.635044552964852110e-05
1.397274819510130396e-05
1.422105975734666741e-05
1.346586324946959855e-05
1.329984799364562550e-05
1.246627183491000527e-05
1.593515524973554488e-05
1.645262378815459805e-05
1.794133022106810389e-05
1.869492867854205746e-05
2.120989553683709291e-05
2.013245123180240761e-05
2.082638304822618798e-05
2.237942468828654210e-05
2.255384651353627902e-05
2.114967773347113046e-05
2.019394711775627721e-05
1.988472617521590122e-05
1.818392507194251524e-05
1.833032837055270580e-05
1.744999083446903962e-05
1.644784470234602402e-05
1.542292734673841035e-05
1.402308510781343530e-05
1.354981161891070511e-05
1.341395960518336201e-05
1.344595011119054310e-05
1.388967019314198893e-05
1.433850134541596108e-05
1.459479912000460933e-05
1.425728262158069553e-05
1.489770388426829155e-05
1.460987845878965671e-05
1.439272462443833937e-05
1.480794497178787098e-05
1.526105432271644206e-05
1.533153353795076789e-05
1.533033455108541996e-05
1.643240537229454724e-05
1.619556204559558090e-05
1.705730692644162188e-05
1.673628720861112870e-05
1.764054050568120147e-05
1.631479955790382654e-05
1.395427556000565122e-05
1.183275859943933130e-05
1.273499680867947491e-05
1.205597287139426145e-05
1.225624430010915019e-05
1.467599610881128099e-05
1.543195470503633192e-05
1.617123311727179511e-05
1.648020103364918472e-05
1.670319717656336197e-05
1.606095598466103006e-05
1.660794397745727626e-05
1.608103728661565977e-05
1.736840067678713240e-05
1.742920431600699640e-05
1.749753799534422281e-05
1.954594890776206875e-05
1.994085187106975354e-05
2.029831938064792992e-05
2.246092531853112958e-05
2.373454791116576878e-05
2.292862038567970232e-05
2.136375480290553377e-05
1.982869064439304185e-05
1.809590481229861461e-05
1.674812079007400445e-05
1.512365237961906322e-05
1.504999530652639839e-05
1.343135462832378767e-05
1.279904279745854712e-05
1.244844019936408687e-05
1.228882343381106598e-05
1.282865944448966926e-05
1.482555430799929425e-05
1.486504450210664806e-05
1.533090062212731495e-05
1.565308988394539035e-05
1.575434680158120174e-05
