1.235642734669185339e-01
4.912654034784159907e-02
-2.816866499941182711e-02
-1.531157464824436376e-01
-2.113296225648498283e-01
-1.536239536295903596e-01
-1.439853159643981750e-01
-2.428116237611602224e-01
-2.778761274524978453e-01
-3.319584345152892801e-01
-4.003943128050350131e-01
-2.769620107236218098e-01
-1.453202544565511678e-01
-3.055252634163231618e-02
8.667004509967418668e-02
1.651522600981271127e-01
7.357476375171764782e-02
-8.918989995618936684e-04
-9.856506058796628278e-03
-8.255236004201152444e-03
-6.458480040243486445e-04
-1.304945635617957289e-01
-2.258349997999599124e-01
-2.538284452449938722e-01
-2.241702038519710616e-01
-3.320258375758850522e-01
-2.510467268990798639e-01
-4.891389548135502419e-02
-1.742788078675519547e-03
-6.901521796406713538e-02
8.662769450407861727e-02
1.816794309074787062e-01
2.052779582067649766e-01
3.490866997297174812e-02
-2.896096199577140318e-03
-2.318398286417992782e-03
6.001243287768612267e-02
-1.695828339908865556e-02
6.765164524095837462e-02
3.991243970058455659e-03
-5.318295481483983900e-02
-1.498329788365259096e-01
-1.736930658001593908e-01
-1.249806353127062564e-01
-7.584619008745233093e-02
-1.497321724892631822e-01
-1.447145216420822333e-01
-8.137980241618482380e-02
-1.134791679285713228e-01
-1.192979011684964508e-01
-3.423762464570791891e-02
-4.521269202120787450e-02
-2.939325334811161011e-02
-5.123423093018216606e-02
-7.790914128276560380e-02
-1.409581431102084892e-01
-1.021578396975330455e-01
2.292196020127354461e-02
5.427959380347588403e-02
2.223649323114184617e-01
3.062912865493174763e-01
3.005351844718927579e-01
2.320509907139325090e-01
1.855721067786987311e-01
2.301232802145286582e-02
2.169571872187494883e-03
9.774919950237732913e-02
2.722084389785385181e-02
6.993559496680905319e-02
2.287658371189670858e-01
2.309260157379715850e-01
1.031912510364067365e-01
7.683158420174235337e-02
5.879709008154593297e-02
-3.787381099430693621e-02
-2.328986019554897535e-01
-2.484027971106669841e-01
-2.771323078368969628e-01
-2.221418489178485500e-01
-1.635596419512134192e-01
1.364717976584607986e-02
2.131353229953523304e-02
8.486447815787477589e-02
-1.124751435356907692e-02
-3.065213971437114743e-02
1.503390954358717890e-01
2.430293387693729934e-01
2.353701440828267211e-01
3.909289518470432379e-01
4.106959432194552395e-01
3.280914047539472134e-01
3.666811481631687686e-01
3.589476908125148191e-01
1.966372437307470078e-01
1.825661092223068716e-01
1.293487086892838589e-01
3.121044894913413761e-02
9.089824505571816871e-02
5.132578888250111104e-02
-2.589873272421604200e-02
-7.199079467010163769e-02
-1.986265315915986540e-01
-3.824910458824585802e-01
-2.565964443838838482e-01
-1.589580409692141760e-01
-8.144004762963766297e-02
5.842309256832881048e-02
2.232498211644609321e-01
2.028902196973420835e-01
2.313742759152963846e-01
2.222697925931439722e-01
2.024923626936486198e-01
1.350081798302792124e-01
1.873764807459743498e-01
3.100973098550165175e-02
-1.234762944381710414e-01
-1.226510543113195489e-01
-2.909322025537125489e-02
-2.028936651322106599e-02
3.542015780005894343e-02
2.034706018031798291e-01
2.230568575352332994e-01
3.138663765319344989e-01
3.236216274568299855e-01
3.922292940780055526e-01
3.314198036754010812e-01
3.421729777894707558e-01
8.575294593448865021e-02
5.617642329634744969e-02
1.289395184276140860e-01
1.628119423260259435e-01
1.149829094734605428e-01
2.229196654649941434e-01
1.380896330253025828e-01
1.974222293912208243e-03
8.742430324235844763e-02
1.234488531817390378e-01
1.184422373489034397e-01
1.417672752386043011e-01
1.779979115269745560e-01
-6.473333415445131633e-02
-9.970733369452297601e-03
1.455891054567438891e-02
4.649006665020247869e-02
-1.146757213759614091e-01
-1.153160420278233518e-03
-1.147195547659116133e-03
3.214021067790631681e-03
2.108597240911676968e-02
2.648658426969792146e-01
3.472314880140925375e-01
3.164977800878473468e-01
3.432857247765626063e-01
2.619716865021953778e-01
8.767333667420557086e-02
6.518994231105873505e-02
7.948177710640530469e-02
-4.401630048636195891e-03
8.357039904316257428e-02
1.519722775589794073e-01
1.328259311825840949e-01
9.099756018482609010e-02
6.184543823353336883e-02
4.368180462113356588e-02
6.620784782350694342e-02
6.775752172994725653e-02
2.912572596876115277e-02
4.737972740134019367e-02
1.167279329581761282e-01
4.677502564885097081e-03
-9.214639749364748889e-02
-9.358273882032505653e-02
-1.655423656097999019e-01
-3.172353394295823192e-01
-3.158714713052267475e-01
-2.636117310711990624e-01
-2.504851341419923050e-01
-1.610042905211939712e-01
-1.548843312140046613e-01
-1.451954522877252352e-02
-5.490441705271003475e-02
-1.017820527225301586e-01
-1.730133685652137654e-01
-7.645878250543321208e-02
-2.155339630304174969e-01
-2.701978451735705389e-01
-2.240139241893508992e-01
-1.398164664909140875e-01
-2.426264144663373978e-01
-2.451802746782020259e-01
-1.340397856029535983e-01
-1.865229103165663149e-01
-2.007640436946505902e-01
-1.571578424127719475e-01
-5.056169154237946661e-02
-6.811989058394132823e-02
1.183071329840809788e-01
2.054255888040875389e-01
3.338510857549433775e-01
3.494963501475620848e-01
3.336581221257157170e-01
2.207257853156917859e-01
2.313474339885104869e-01
1.721902133013947789e-01
1.710846241614459029e-01
1.370237102882707059e-01
7.049032812038469320e-02
-9.354098471199139009e-02
-2.649711255410903687e-01
-3.360041093691891190e-01
-2.971504203465727412e-01
-2.574777543133548452e-01
-1.985841809960030846e-01
-4.029286508498006181e-02
-8.626503309122188212e-02
-3.560865061720640268e-02
5.362269941556991465e-03
-5.241527570876254594e-02
-8.539714412514386177e-02
1.858132239635969934e-02
-6.886371019954218298e-02
-1.281968946289211708e-01
1.164835095118799124e-02
1.741011965760077412e-02
-9.368115921854011652e-02
-8.548707737060540213e-03
8.513826581109111558e-02
-9.962545302709711892e-02
1.260959017375487545e-02
1.692113559154198310e-01
1.754410688788004546e-01
1.250918773446682564e-01
2.896943267303225267e-01
2.212372731427790229e-01
1.360013311213581488e-01
7.274057631593748574e-02
1.148129106038163760e-01
1.186360957090239893e-01
1.369980613360086141e-01
2.692661292280840724e-01
3.853777431440844614e-01
3.425851504874500852e-01
2.780377726580910980e-01
2.163451828642299068e-01
1.278852271921893935e-01
-2.055629456292547980e-02
-1.372263824686169136e-02
-1.645542844604471200e-01
-1.938179495297168708e-01
-2.595237056217037375e-01
-1.526680827923806993e-01
-1.890979458262286861e-01
1.643754717705770904e-02
1.239027799880520198e-01
1.577418005997969774e-01
1.790238696174585309e-01
1.322884961596037801e-01
7.868411172468836590e-03
-1.169713026034192582e-01
-6.725945770863714368e-02
-1.066246345583407307e-01
-1.306585975588207826e-01
-1.881736888139002306e-01
-2.878106227995970157e-01
-2.727120389825181679e-01
-4.115226774068456161e-01
-3.673441465971650222e-01
-2.906919545182499176e-01
-2.501352943628825098e-01
-4.948987721456333810e-01
-5.168694857071691739e-01
-4.605381234233487109e-01
-3.423101727020941287e-01
-3.789324028779078035e-01
-1.042559836412989688e-01
1.435313863157010039e-01
2.328303013216169726e-01
1.983700392265934642e-01
3.666259730914421255e-01
2.060662161233780543e-01
1.118910177513536830e-01
1.194165992912322449e-01
1.912727355407657925e-01
1.306058055937576456e-01
1.247814057248444186e-01
1.661600253271228178e-01
9.684969671141810399e-02
1.078821631951483104e-02
9.396836499276529919e-02
2.710224859707759393e-01
1.997616440086278644e-01
1.976736403483143889e-01
1.864566973881102152e-01
4.698276512853959141e-02
-8.350508653036761708e-02
-8.304221241512599327e-02
-1.425227291981965572e-01
-1.638614645057395180e-01
-1.174085277663987764e-01
-1.606383455860126430e-01
-2.297139564641560439e-01
-2.289931016081386272e-01
-1.727142302033661814e-01
-1.132179065078550428e-01
-1.737283362231237249e-04
1.659962895737286948e-01
2.459864243702882813e-01
1.873472528701407847e-01
4.069459641349185142e-02
4.743758666574541399e-02
2.205586069698132340e-02
-5.720357720373937804e-02
-7.921127297551357194e-02
-5.726441890445413407e-02
-1.166897606157980688e-01
-2.431289549844959652e-01
-1.572798240578323903e-01
-2.082019416070284845e-01
-1.132939586337485122e-01
-1.488657747413399679e-01
-1.019079115347930331e-01
-1.758675601134497002e-01
-1.866624883358530551e-01
-2.931766222077329953e-01
-1.505785879139124317e-01
-1.894072244715286069e-01
-3.293422413845550900e-01
-1.429680069392118003e-01
2.874814953197260547e-02
-1.061456552870275877e-01
-9.617268651153521031e-02
1.065772109786348038e-01
1.304733854216137967e-01
1.325613890819272722e-01
1.964263854836620637e-01
3.226603882342631846e-01
2.852045671099312507e-01
3.253454756437478279e-01
2.669988811455668576e-01
2.432646529941962510e-01
2.472846788958338871e-01
2.970171026011519388e-01
1.019791889202070617e-01
1.835073661215997631e-01
2.576367153262696386e-01
1.771031806341106518e-01
