2.047889191274044896e-01
4.706378531703675483e-02
-5.958397851068290146e-02
-2.219492428643486670e-01
-2.480239289376915679e-01
-1.966933199894021489e-01
-2.235555046659769562e-01
-2.874232280490476299e-01
-3.951939148509855393e-01
-4.149585984929822779e-01
-4.727477334499755601e-01
-3.292049823721029389e-01
-2.458979992691827376e-01
-2.382351251169234629e-02
8.974808316245479201e-02
1.625337275521061275e-01
2.194177728606755418e-02
2.332653374436066684e-02
3.211702273928679352e-02
-4.159879369205811417e-02
7.569415068457271967e-02
-9.155964259342025402e-02
-3.440629994634533118e-01
-4.935239142602956264e-01
-4.225391767304727542e-01
-7.261267844385589365e-01
-5.348422184293664117e-01
-2.202767274918623064e-01
-3.854491409809188140e-02
-1.863014338638341039e-01
1.308880720491231997e-01
2.805662451919286315e-01
3.215785389459986376e-01
7.208511803146723518e-02
-8.093179092559672771e-02
-1.059281983535513005e-01
-1.079543781100481825e-01
-2.608092764724265766e-01
-1.781567807530657077e-01
-1.812481552611988622e-01
-2.285845559069820121e-01
-2.641574307430938351e-01
-2.314366264899113679e-01
-1.972762741581012835e-01
-1.344409898653542434e-01
-1.594918206327236299e-01
-2.038287619272387552e-01
-8.040454530593679761e-02
-8.671654893868085967e-02
-5.591591779447235150e-02
-2.673004574354123294e-02
-3.766222353587338895e-02
-8.786593695171632246e-02
-1.174609937573328766e-01
-7.094602181136798469e-02
-1.372254432154637049e-01
-8.369375936195759536e-02
3.850171606881419573e-02
6.581343232552028244e-02
2.021586922233221673e-01
2.421821968910771450e-01
3.349756345374754751e-01
3.260692416201814714e-01
2.815013268905354193e-01
1.152560224241338804e-01
1.900206997311111867e-01
2.144810588279094932e-01
1.053490999290863650e-01
2.140995125487380468e-01
4.795747032476421756e-01
4.254482608454542292e-01
2.769614904658781462e-01
3.252868844540842130e-01
2.954005688518510642e-01
3.444886340423909676e-02
-2.249382996754406561e-01
-2.935505211881519472e-01
-3.759897038135754932e-01
-3.541719547202035190e-01
-2.424072603141457227e-01
-3.937495264351683483e-02
-9.400274121778828817e-02
8.221616117909838484e-02
-1.371348787444462147e-01
-1.665280114741058970e-01
-8.441876941834153270e-04
1.646213386339107076e-01
-1.953206492008210601e-02
2.845360943832436762e-01
3.439336562913621886e-01
2.850786288163708604e-01
4.907292555507423160e-01
4.993897456773266352e-01
2.947174955761801551e-01
3.176201602016631709e-01
2.674622166012767810e-01
6.322168067918473855e-02
1.736508321165571855e-01
4.610767104558713414e-02
-6.038065143198516338e-02
-9.224528553926181207e-02
-2.353976818009493321e-01
-5.133530062321458587e-01
-3.121645501051800164e-01
-2.528456064963232608e-01
-1.435625156230914135e-01
6.653693400658952650e-03
3.278439284535044074e-01
3.030291715348299442e-01
3.587153501883091899e-01
3.346894617443464948e-01
2.625235973826880453e-01
1.935353006651698848e-01
2.784424986775061450e-01
7.252279245318632439e-02
-1.075718882535963983e-01
-8.746929031586941905e-03
3.118403384822787672e-02
8.742078813069441290e-02
9.033800107364783893e-02
2.930533549834917206e-01
2.133055490329443804e-01
2.577091347307362001e-01
1.948415989567465201e-01
3.963438304006748902e-01
1.388218624875896812e-01
1.630197295474559438e-01
-1.940847901712577650e-01
-1.331416561564371936e-01
-1.082874168009184818e-01
9.424174032967880255e-02
-6.554736357815116321e-03
2.385840091215601089e-01
9.272805672063366700e-02
-1.886285207994399180e-02
1.242701440972688309e-01
2.456813015485422025e-01
2.580288833049795283e-01
2.207646410176400120e-01
2.573777094225898621e-01
-5.769555287862965232e-04
6.881516293701991915e-02
3.806249414148322671e-03
1.370997870719212752e-01
-3.941808897369616926e-02
7.920892806761085925e-02
1.735451699199201669e-01
2.235861753637022331e-01
1.883203159147389116e-01
4.619096378815356618e-01
5.628798312749944133e-01
2.749646947695600363e-01
3.215068666389799823e-01
2.456296787197870812e-01
-5.765551835344438769e-02
-1.563542976944350960e-01
2.548628943459528562e-02
-6.755523510408274757e-02
9.494876282622354002e-02
3.104220004677178957e-01
3.668024229838611205e-01
2.731336510866397282e-01
1.755589431436312409e-01
7.689215761391737791e-02
5.540991435419256872e-02
1.339628122390071341e-02
-1.472898396356316086e-03
1.032667561167904813e-01
1.838133127010092016e-01
3.788666418035875616e-02
-8.378162261677976619e-02
-6.416632687192661000e-02
-2.302918205722817302e-01
-4.704320502139038851e-01
-3.998009095848887862e-01
-2.326167441867634245e-01
-1.455342093485388899e-01
-2.385639391913169094e-02
8.849150065545374755e-03
1.768568680910827251e-01
5.872390437970741173e-02
-1.245330747452496195e-01
-2.125532796435082306e-01
-2.398743253837441747e-02
-2.558852020569695740e-01
-2.997748634951770130e-01
-2.040195196988019155e-01
-7.977331802877253575e-02
-2.474567389887757929e-01
-1.662359251894710011e-01
-7.676718507572116712e-02
-1.168170961799114005e-01
-1.284145633066246239e-01
1.078028268782733889e-03
8.145851711650975435e-02
4.672244432758704269e-02
1.618431531245137500e-01
3.256291216115914655e-01
3.747261646730069007e-01
3.552400949419528553e-01
3.330536129226162601e-01
2.588350818080870641e-01
1.611784036418524302e-01
1.425798364151021624e-01
1.613565475167062502e-01
6.167754984006551533e-02
7.367737720705017090e-02
8.861476391544090281e-02
-1.133485903085491436e-01
-1.563419134520404874e-01
-2.352612327422502481e-01
-2.349099748327376780e-01
-3.038059145638596914e-01
-1.429882830665219762e-01
-1.216333365177923037e-01
1.390968200007851874e-01
6.847976755271295568e-02
-1.253320977876473674e-02
-5.873936633855243727e-02
-7.391411874376113689e-02
-2.286362280476053888e-01
-2.461020310413457590e-01
-1.033968842280611755e-01
-1.475695293641710037e-02
-3.962289467427262263e-02
2.034260235877879408e-01
3.518192561551294339e-01
1.368505483710148740e-01
1.731936655337468489e-01
2.480091659949941740e-01
1.685871899949588082e-01
-5.386459511129260136e-03
2.382174106923108103e-01
1.387196169757238806e-01
1.121101610127612502e-01
1.020529608449349812e-02
1.203261238886801504e-01
4.774389933506425349e-02
1.438593180473826671e-01
2.416870506557110554e-01
3.746495052474178578e-01
2.996355175473152110e-01
2.439841540933449515e-01
4.596285438003112900e-02
-5.283527790141566427e-02
-1.950703195589561512e-01
-1.501203332684713787e-01
-3.024179692622785964e-01
-3.025929659252950543e-01
-4.777970192219972434e-01
-4.438298602317377606e-01
-3.312351010398077999e-01
-7.999241753005403854e-02
9.569524988453967373e-02
1.233105154277120835e-01
3.436973475947696643e-01
1.275469292467765192e-01
3.799964950699734334e-02
-1.072024895664610844e-01
6.283667659425190566e-02
-1.475947940975504968e-01
-1.020707885296781164e-01
-2.615183353809411582e-01
-3.693299047806904989e-01
-3.051477671599899244e-01
-4.244436452429662943e-01
-4.251705080099771328e-01
-2.727878215184763588e-01
-2.040705758815145876e-01
-4.858263191464968767e-01
-4.930418247209976679e-01
-4.163700776198458464e-01
-3.176735665222853999e-01
-4.260518564038014988e-01
-1.727725736586863126e-01
1.416830792007352513e-01
2.374088791066157333e-01
2.254066749978339002e-01
4.924063430880709080e-01
3.631172620699222309e-01
1.733465440147573533e-01
2.383364230469776079e-01
2.484005837248069171e-01
1.912613219933506914e-01
1.936347893960391753e-01
2.539086531383559220e-01
1.329872637554046222e-01
5.565023940621892373e-02
1.783221631585356903e-01
3.397888990983248814e-01
3.174031199105106227e-01
2.573534187308398336e-01
3.642591533240103763e-01
1.627650967378289348e-01
1.274520976657256104e-02
-2.689605913470355381e-02
-5.308413267242090977e-02
-1.695221790133990269e-01
-6.345272167080989734e-02
-2.025836474536348852e-01
-1.985676646613228347e-01
-1.230831180799607516e-01
-9.083909253150190821e-02
-6.225841434746147429e-02
1.094587135977271586e-01
2.112878041807659257e-01
2.491585812405760214e-01
2.062837143092171588e-01
-6.496935439670087353e-03
9.435473561257338992e-02
7.550361038272275331e-03
-2.031644578944593049e-01
-2.504936870175812347e-01
-2.556494753766436201e-01
-3.188413564542380008e-01
-3.833986262643102050e-01
-1.294902378265349874e-01
-1.382995502141878552e-01
-3.206931297326254954e-02
-1.509285297721447705e-01
-1.333232250460641422e-01
-2.447010564953547573e-01
-2.233567947086947392e-01
-3.362459885675448401e-01
-2.301487766154912684e-01
-2.340188287594160421e-01
-4.466600287830428395e-01
-2.259681709169047981e-01
-4.360527111296798319e-02
-1.583886269355086474e-01
-1.967504313241667524e-01
1.133062248085748569e-01
1.335514234843944714e-01
1.299428565359063703e-01
1.447933990180120256e-01
3.468788209781857867e-01
3.271780959080147211e-01
2.920019179558908662e-01
3.433388798341638903e-01
2.821995739625716704e-01
1.290566792323405154e-01
5.732163358585011526e-02
-9.638978395829449208e-02
-2.105935807410740379e-01
-2.615877620401695081e-02
5.740348623603400841e-03
