8.122464566048596957e-02
-2.062755030804802603e-03
-3.141531351127106741e-02
-6.883349638190504327e-02
-3.669430637284169100e-02
-4.306936635981176154e-02
-7.957018870157880897e-02
-4.461160428788740751e-02
-1.173177873984877218e-01
-8.300016397769297005e-02
-7.235342064494060255e-02
-5.224297164848108049e-02
-1.005777448126315421e-01
6.729013829939997637e-03
3.078038062780646955e-03
-2.618532546020978236e-03
-5.163298646565010058e-02
2.421843274392252582e-02
4.197352879808342874e-02
-3.334355768785696172e-02
7.633999868859707438e-02
3.893492096837547489e-02
-1.182279996634934133e-01
-2.396954690153017820e-01
-1.983689728785016371e-01
-3.941009468626739398e-01
-2.837954915302866588e-01
-1.713628320105073100e-01
-3.680212601941636186e-02
-1.172862158997669824e-01
4.426037754504456856e-02
9.888681428444989763e-02
1.163005807392336888e-01
3.717644805849550094e-02
-7.803569472601956658e-02
-1.036098000671332731e-01
-1.679668109877342774e-01
-2.438509930733379072e-01
-2.458084259940240546e-01
-1.852393992312573734e-01
-1.754016010921421731e-01
-1.143244519065679810e-01
-5.774356068975198403e-02
-7.229563884539502716e-02
-5.859479977790191252e-02
-9.759648143460419867e-03
-5.911424028515645246e-02
9.752571102480053766e-04
2.676261898989052562e-02
6.338198337402412008e-02
7.507578902166692908e-03
7.550468485334490762e-03
-5.847268360360471928e-02
-6.622676282715073137e-02
6.963119471397589619e-03
3.732699894744751293e-03
1.846408033557542239e-02
1.557975586754056785e-02
1.153383852204434290e-02
-2.020624008809638467e-02
-6.410908965824035910e-02
3.444045006558263400e-02
9.401825090624897630e-02
9.592922011183671605e-02
9.224369440268105624e-02
1.878511278589236888e-01
1.167318593255322057e-01
7.812825603123250973e-02
1.441639175819289798e-01
2.508088661286750898e-01
1.945222451074826164e-01
1.737702394294713959e-01
2.484553002523418042e-01
2.366034787703051312e-01
7.232267439854607460e-02
7.960302280049083579e-03
-4.514772407748498390e-02
-9.885739597667847489e-02
-1.320301058023549134e-01
-7.884761836293228965e-02
-5.302213240936284877e-02
-1.153162735173234865e-01
-2.648316978776349417e-03
-1.258873643908771378e-01
-1.358758717597347565e-01
-1.511832831300552460e-01
-7.840800013546236902e-02
-2.549022090029089416e-01
-1.063928574637997282e-01
-6.676228692809316190e-02
-4.301277593757648482e-02
1.240481073875735057e-01
1.404420548648117051e-01
9.808025184543313346e-02
1.350540509793562716e-01
1.381135079119930054e-01
3.201123173005060440e-02
8.275258706083898907e-02
-5.218117836913990781e-03
-3.448191870776912138e-02
-2.025449086916016744e-02
-3.677115020935069201e-02
-1.308619603496873340e-01
-5.556810572129617515e-02
-9.388756552710915415e-02
-6.212246799345387538e-02
-5.176939916766992722e-02
1.045941072890434753e-01
1.001389518374877496e-01
1.273410742730126943e-01
1.124196691512024948e-01
6.003123468903939081e-02
5.852712083489067935e-02
9.106601793153176749e-02
4.151306146768462407e-02
1.590440618457464664e-02
1.139041252797326070e-01
6.027725410359917324e-02
1.077101546439155066e-01
5.491784327358892326e-02
8.958275318031189149e-02
-9.751308502288915520e-03
-5.615724180119838205e-02
-1.287800285000834932e-01
4.114536322669261337e-03
-1.925979411878114278e-01
-1.791532482420149230e-01
-2.798377361057464152e-01
-1.893180794527846156e-01
-2.372269352285325816e-01
-6.857020199634714097e-02
-1.215376458312756175e-01
1.566434365656596897e-02
-4.536157630466890189e-02
-2.083707437385616534e-02
3.684584085491035554e-02
1.222324483668031092e-01
1.395866459560760608e-01
7.899736577903568313e-02
7.937979789561525057e-02
6.415637862566506144e-02
7.878589630647218900e-02
-1.075266113152610614e-02
9.060972042171874796e-02
7.525763240226514272e-02
8.036208848788900516e-02
1.746923654675792137e-01
2.203721542959115320e-01
1.672343435056220795e-01
1.970437951845565028e-01
2.156483432609019590e-01
-4.153308531828717176e-02
-2.177885813758250258e-02
-1.634200778240815083e-02
-1.453288550276498337e-01
-2.215442400054936922e-01
-5.399548767180995662e-02
-6.315360505544644065e-02
1.137836378306109064e-02
1.584497229087385439e-01
2.339764918012771366e-01
1.821360909018137630e-01
1.137135049100979345e-01
3.321035299278381203e-02
-1.079793346931435388e-02
-5.436124050604655700e-02
-3.059862436511748621e-02
5.588702871545028761e-02
6.708537974283304561e-02
3.320916161547361745e-02
8.364774876867677594e-03
2.941641194839841877e-02
-6.474945496248189769e-02
-1.531967107843215936e-01
-8.392943827966206638e-02
3.099498688443566574e-02
1.049509247934534151e-01
1.371478966020622803e-01
1.637334812795500361e-01
1.913764133198552209e-01
1.136283214324174395e-01
-2.275102202271944013e-02
-3.953991107829449986e-02
5.247134996705875298e-02
-4.035123902655214645e-02
-2.957701832160655742e-02
1.999440449054893168e-02
6.004314846214157259e-02
-4.830324522438426277e-03
7.894434948873099711e-02
5.727260052723240347e-02
6.970581413665487280e-02
7.234948038802593850e-02
1.582358706815546467e-01
1.320202086588892210e-01
1.148423349115283709e-01
4.353602014043279900e-02
1.202035328075039405e-01
4.087507891806356486e-02
5.743744794390720151e-03
-6.045092030994691362e-04
3.810929649239526429e-02
-7.016903034665809835e-02
-2.961037688629265113e-02
-9.728076644739677009e-03
-7.534616044820513503e-02
3.187049086665519337e-03
1.821557486274323623e-01
1.516225352325412390e-01
1.796621959171486316e-01
6.188918760432252086e-02
2.256777948061716721e-02
-1.052217335678566346e-01
-1.026954179815419282e-01
-3.536830342657042159e-02
1.747054706179916317e-01
6.311749761115599544e-02
3.988206592999786471e-02
2.665777778659143143e-02
-9.249544114012082929e-02
-1.597725178480632058e-01
-1.179051364124246021e-01
-1.150452351792491945e-01
-3.216707259401789532e-02
5.405826454426750083e-02
2.119747313248485088e-01
2.666809903440383600e-01
2.364760013981120068e-01
1.605840753599919457e-01
7.879781007957435690e-02
-6.853878883841649922e-03
-1.304783368557975443e-01
-5.147691603801168858e-02
-8.251765616705515616e-02
-2.389117010859691248e-02
-6.253528023144395986e-02
5.513213284863802133e-03
-7.089219637395965945e-02
6.861256711374094652e-03
-2.757907857237299962e-02
-1.072823789666666611e-02
-4.294963294013499217e-02
-3.405361856474618809e-02
-1.703823284841988195e-01
-1.807205050936050716e-01
-1.745140249960306922e-01
-1.363976950216096717e-01
-1.378636848018314487e-01
-1.087750163955781973e-01
-2.182733136002935614e-01
-2.911617774393570612e-01
-1.421371552135791139e-01
-9.642996470711176493e-02
-2.820753010351236684e-02
-3.443128517208492168e-02
1.646734779773110779e-01
-4.741566912827316349e-03
3.013123833452846512e-02
9.768813036958142598e-03
1.300961343028890493e-01
-4.097015953920978004e-02
2.858780902914264885e-02
-7.334464656704092755e-02
-8.151928198109348322e-02
-3.243572817747175652e-02
-1.292096783612065730e-02
-5.782636141281206899e-02
1.790413299977356223e-02
4.606471848136792918e-02
9.072452999136462748e-03
2.382766098617146444e-02
4.416804580350278814e-02
2.463660617980866635e-02
-4.711945352589373692e-02
-6.851659001738737154e-02
-1.848307114965773434e-03
4.578577784998721749e-03
2.703663577124039777e-02
1.257803699966287270e-01
1.570510459465440378e-01
6.145552626340358010e-02
1.189198237557453353e-01
5.712784818404106901e-02
6.065551639959299718e-02
6.885338367119475667e-02
8.774862781123310418e-02
3.613756704398647657e-02
4.486202308670406147e-02
8.435379816577039114e-02
6.876641312754896984e-02
1.176414759018827305e-01
5.967977838252545159e-02
1.778024559359001888e-01
1.157823316092893989e-01
9.625029629694016597e-02
5.614615328042243253e-02
8.943859652577565433e-02
-5.660714507659553134e-03
5.395580609558883745e-02
-4.194530186762221446e-02
3.114629180283319532e-02
1.059099835281779173e-01
8.187513767186430091e-02
5.095949216039360324e-02
1.096324419339502754e-01
4.529151460703718240e-02
3.172156870287760888e-03
1.893646143907638107e-02
-4.719153185316189020e-02
4.691714894682802450e-02
-1.450549965870900904e-02
-1.459608806907198852e-01
-1.712824140420676489e-01
-1.983850564721895138e-01
-2.021515958384398903e-01
-1.402696712798142675e-01
2.778958623129739597e-02
6.990239139284064318e-02
8.122464566048596957e-02
-2.062755030804802603e-03
-3.141531351127106741e-02
-6.883349638190504327e-02
-3.669430637284169100e-02
-4.306936635981176154e-02
-7.957018870157880897e-02
-4.461160428788740751e-02
-1.173177873984877218e-01
-8.300016397769297005e-02
-7.235342064494060255e-02
-5.224297164848108049e-02
-1.005777448126315421e-01
6.729013829939997637e-03
3.078038062780646955e-03
-2.618532546020978236e-03
-5.163298646565010058e-02
2.421843274392252582e-02
4.197352879808342874e-02
-3.334355768785696172e-02
7.633999868859707438e-02
3.893492096837547489e-02
-1.182279996634934133e-01
-2.396954690153017820e-01
-1.983689728785016371e-01
-3.941009468626739398e-01
-2.837954915302866588e-01
-1.713628320105073100e-01
