3.448128128051757812e+01
3.444932937622070312e+01
3.446570968627929688e+01
3.448816299438476562e+01
3.450124359130859375e+01
3.449863052368164062e+01
3.448349761962890625e+01
3.448892211914062500e+01
3.450008392333984375e+01
3.450035858154296875e+01
3.448023605346679688e+01
3.444497299194335938e+01
3.444116592407226562e+01
3.441727066040039062e+01
3.442696762084960938e+01
3.443045425415039062e+01
3.445056533813476562e+01
3.450147247314453125e+01
3.450951004028320312e+01
3.446241378784179688e+01
3.449414825439453125e+01
3.449277496337890625e+01
3.448897933959960938e+01
3.449546813964843750e+01
3.449625396728515625e+01
3.450770187377929688e+01
3.454714202880859375e+01
3.453090667724609375e+01
3.451589202880859375e+01
3.452030563354492188e+01
3.450623703002929688e+01
3.452591323852539062e+01
3.452737808227539062e+01
3.452684783935546875e+01
3.450992584228515625e+01
3.453445816040039062e+01
3.454183959960937500e+01
3.454608154296875000e+01
3.456149291992187500e+01
3.454014968872070312e+01
3.452712249755859375e+01
3.453369903564453125e+01
3.454087066650390625e+01
3.453855514526367188e+01
3.451963043212890625e+01
3.453383255004882812e+01
3.453070068359375000e+01
3.451986694335937500e+01
3.452168655395507812e+01
3.450708389282226562e+01
3.449959564208984375e+01
3.450079345703125000e+01
3.450934219360351562e+01
3.445883178710937500e+01
3.446542358398437500e+01
3.447459030151367188e+01
3.445772933959960938e+01
3.451315689086914062e+01
3.452217864990234375e+01
3.451232528686523438e+01
3.449636840820312500e+01
3.452804565429687500e+01
3.453549575805664062e+01
3.455931472778320312e+01
3.458290481567382812e+01
3.457070159912109375e+01
3.453659820556640625e+01
3.454328155517578125e+01
3.452022933959960938e+01
3.452156066894531250e+01
3.452397155761718750e+01
3.450601577758789062e+01
3.450717544555664062e+01
3.450270462036132812e+01
3.450793838500976562e+01
3.452239227294921875e+01
3.451652145385742188e+01
3.449274444580078125e+01
3.450132369995117188e+01
3.451927947998046875e+01
3.452465820312500000e+01
3.450904464721679688e+01
3.449035644531250000e+01
3.450147247314453125e+01
3.449830245971679688e+01
3.451301956176757812e+01
3.451872253417968750e+01
3.455059814453125000e+01
3.454652404785156250e+01
3.454803848266601562e+01
3.458175659179687500e+01
3.459391403198242188e+01
3.456255340576171875e+01
3.459084701538085938e+01
3.456304168701171875e+01
3.454439544677734375e+01
3.454590225219726562e+01
3.454721450805664062e+01
3.453476333618164062e+01
3.454513549804687500e+01
3.452754974365234375e+01
3.452863311767578125e+01
3.449554443359375000e+01
3.447131347656250000e+01
3.448784637451171875e+01
3.451119232177734375e+01
3.451003646850585938e+01
3.453335571289062500e+01
3.454239273071289062e+01
3.454637527465820312e+01
3.454181289672851562e+01
3.455280685424804688e+01
3.454970550537109375e+01
3.453673934936523438e+01
3.452742767333984375e+01
3.452569580078125000e+01
3.452536773681640625e+01
3.452941894531250000e+01
3.456066894531250000e+01
3.457118606567382812e+01
3.453846359252929688e+01
3.454428863525390625e+01
3.455464553833007812e+01
3.458655548095703125e+01
3.458356475830078125e+01
3.459016418457031250e+01
3.456456375122070312e+01
3.457809066772460938e+01
3.458010864257812500e+01
3.456612777709960938e+01
3.457552719116210938e+01
3.459222412109375000e+01
3.455772018432617188e+01
3.455638122558593750e+01
3.458060836791992188e+01
3.457627105712890625e+01
3.459205627441406250e+01
3.458467483520507812e+01
3.457426452636718750e+01
3.454872894287109375e+01
3.456598281860351562e+01
3.454204559326171875e+01
3.453368759155273438e+01
3.453353500366210938e+01
3.454400253295898438e+01
3.450347137451171875e+01
3.451887512207031250e+01
3.452971649169921875e+01
3.449940490722656250e+01
3.450549697875976562e+01
3.452440643310546875e+01
3.451768875122070312e+01
3.449032592773437500e+01
3.450981903076171875e+01
3.455504608154296875e+01
3.456690597534179688e+01
3.459859085083007812e+01
3.458461761474609375e+01
3.457246398925781250e+01
3.456010055541992188e+01
3.456261062622070312e+01
3.456693267822265625e+01
3.457398986816406250e+01
3.458972549438476562e+01
3.457388305664062500e+01
3.459067153930664062e+01
3.457877349853515625e+01
3.458594894409179688e+01
3.457693481445312500e+01
3.456607437133789062e+01
3.456959533691406250e+01
3.454671096801757812e+01
3.454831314086914062e+01
3.452820205688476562e+01
3.453567504882812500e+01
3.455200195312500000e+01
3.452877426147460938e+01
3.449062347412109375e+01
3.450344467163085938e+01
3.448146438598632812e+01
3.448102951049804688e+01
3.450339508056640625e+01
3.447765350341796875e+01
3.447567367553710938e+01
3.448811340332031250e+01
3.454647064208984375e+01
3.452199172973632812e+01
3.452531051635742188e+01
3.450931167602539062e+01
3.448132705688476562e+01
3.447308731079101562e+01
3.448546218872070312e+01
3.450963592529296875e+01
3.448848342895507812e+01
3.447134780883789062e+01
3.449887847900390625e+01
3.451399612426757812e+01
3.453603363037109375e+01
3.453232574462890625e+01
3.453152084350585938e+01
3.458714675903320312e+01
3.457994079589843750e+01
3.456575012207031250e+01
3.457207870483398438e+01
3.458477401733398438e+01
3.457567214965820312e+01
3.458878326416015625e+01
3.461473464965820312e+01
3.461852645874023438e+01
3.459619140625000000e+01
3.458354949951171875e+01
3.457272720336914062e+01
3.456452178955078125e+01
3.456119155883789062e+01
3.453884124755859375e+01
3.452462387084960938e+01
3.451390075683593750e+01
3.452025985717773438e+01
3.451361846923828125e+01
3.449147796630859375e+01
3.447118759155273438e+01
3.446064758300781250e+01
3.446818542480468750e+01
3.448935699462890625e+01
3.448885345458984375e+01
3.451865768432617188e+01
3.455324172973632812e+01
3.453773117065429688e+01
3.454240417480468750e+01
3.455050277709960938e+01
3.453758621215820312e+01
3.458052825927734375e+01
3.458428192138671875e+01
3.459538650512695312e+01
3.457945251464843750e+01
3.460086822509765625e+01
3.460694503784179688e+01
3.457988357543945312e+01
3.457212829589843750e+01
3.456414413452148438e+01
3.456177139282226562e+01
3.454900360107421875e+01
3.456726074218750000e+01
3.457762145996093750e+01
3.457673645019531250e+01
3.459238815307617188e+01
3.457246780395507812e+01
3.458927917480468750e+01
3.457659149169921875e+01
3.456672668457031250e+01
3.457474136352539062e+01
3.454675292968750000e+01
3.454488754272460938e+01
3.456477737426757812e+01
3.457460784912109375e+01
3.458486175537109375e+01
3.453234100341796875e+01
3.455352401733398438e+01
3.457590484619140625e+01
3.456820678710937500e+01
3.458742904663085938e+01
3.459189987182617188e+01
3.459856414794921875e+01
3.453854370117187500e+01
3.454539871215820312e+01
3.452753829956054688e+01
3.451136779785156250e+01
3.447994995117187500e+01
3.442060852050781250e+01
3.448380279541015625e+01
3.448074340820312500e+01
3.448693084716796875e+01
3.444182205200195312e+01
3.441125488281250000e+01
3.433651733398437500e+01
3.436886215209960938e+01
3.437696456909179688e+01
3.441510391235351562e+01
3.447391128540039062e+01
3.453780746459960938e+01
3.459875488281250000e+01
3.458636856079101562e+01
3.456823730468750000e+01
3.458143997192382812e+01
3.458026504516601562e+01
3.460864639282226562e+01
3.459877777099609375e+01
3.458411788940429688e+01
3.455625152587890625e+01
3.459134292602539062e+01
3.459983062744140625e+01
3.459573364257812500e+01
3.459379959106445312e+01
3.458182525634765625e+01
3.458256530761718750e+01
3.458325195312500000e+01
3.457822418212890625e+01
3.455965042114257812e+01
3.455031967163085938e+01
3.455637359619140625e+01
3.455084228515625000e+01
3.455742645263671875e+01
3.455512237548828125e+01
3.454456329345703125e+01
3.454959487915039062e+01
3.456326293945312500e+01
3.453694915771484375e+01
3.450353240966796875e+01
3.453680801391601562e+01
3.455561065673828125e+01
3.453203201293945312e+01
3.452458190917968750e+01
3.452790832519531250e+01
3.450595092773437500e+01
3.444918441772460938e+01
3.443388366699218750e+01
3.439666748046875000e+01
3.440445709228515625e+01
3.444974136352539062e+01
3.443339920043945312e+01
3.443298339843750000e+01
3.445747375488281250e+01
3.448154830932617188e+01
3.452367782592773438e+01
3.453487014770507812e+01
3.452092361450195312e+01
3.450769042968750000e+01
3.452194213867187500e+01
3.453929519653320312e+01
3.455799484252929688e+01
3.455386734008789062e+01
3.456216049194335938e+01
3.458201217651367188e+01
3.458993530273437500e+01
3.460551452636718750e+01
3.458423233032226562e+01
3.461106872558593750e+01
3.463314437866210938e+01
3.459696960449218750e+01
3.459313201904296875e+01
3.463248825073242188e+01
3.465452957153320312e+01
3.463297271728515625e+01
3.459873199462890625e+01
3.458136749267578125e+01
3.458918762207031250e+01
3.455762863159179688e+01
3.457112884521484375e+01
3.457683181762695312e+01
3.457917785644531250e+01
