nan
nan
9.001317323957171368e+01
8.635255360194615548e+01
nan
nan
8.868078534807477808e+01
8.617253767830985112e+01
nan
nan
8.108432245526995530e+01
7.464398336683001389e+01
nan
7.510326762063162676e+01
7.379389468056814394e+01
7.414138380868094202e+01
6.559063138553074168e+01
7.373688900538853375e+01
7.328052286693028350e+01
7.551862071446009850e+01
7.655798428399222644e+01
7.586568153381347202e+01
7.504455218451363407e+01
7.254569046565464419e+01
7.939401451383318431e+01
8.188789048876081722e+01
8.181799369812011946e+01
7.861130253928048717e+01
8.050803506306239399e+01
nan
8.704821669987269672e+01
8.215232881818498356e+01
nan
8.630198177337646825e+01
8.564760802677699303e+01
8.337239900316511410e+01
nan
nan
8.801102787017822493e+01
8.544286330086843861e+01
8.930243681771415254e+01
nan
8.978987474714006112e+01
8.798704845973423971e+01
nan
nan
9.101041562761579939e+01
8.651088363647460255e+01
nan
nan
9.076800570896693898e+01
8.955481298174177596e+01
nan
nan
9.166595601763043533e+01
8.849014966692243433e+01
nan
nan
9.038379335675921311e+01
8.947506804330008379e+01
nan
nan
8.995928548540388192e+01
8.786124707903181275e+01
nan
9.166319048200334407e+01
9.020857231140136889e+01
8.878302748543875111e+01
9.068967353820801236e+01
nan
9.034873069763183651e+01
8.821028495788574730e+01
8.567208721705846131e+01
8.565284654344830528e+01
8.663090887887136660e+01
8.306748938424246376e+01
nan
nan
8.492777059282575181e+01
8.098838281358990798e+01
8.154447733197893911e+01
nan
8.521045136043004220e+01
8.310670818328857479e+01
7.995518814904349369e+01
nan
7.749782280240739851e+01
7.649850718089511759e+01
nan
nan
8.647528559548514693e+01
8.248062334878103741e+01
nan
nan
7.685103279113769759e+01
7.548686242239816124e+01
5.734586378233773019e+01
6.560522466250827733e+01
6.502830799647739468e+01
5.992105212892804644e+01
6.638306670052664060e+01
6.822243667875017081e+01
6.232751466751098945e+01
5.840762678146361964e+01
4.069750461305891065e+01
4.966893776893616064e+01
4.752486467633928413e+01
4.821940677915300455e+01
nan
nan
6.791048916135515867e+01
6.764215382712228575e+01
nan
nan
7.297233657019478414e+01
7.145315556117466826e+01
6.332880321502685206e+01
7.103586090905325534e+01
6.862029997144426829e+01
6.296069256101336009e+01
nan
nan
7.984472252437046791e+01
7.403041891370500593e+01
8.319264045170375255e+01
nan
8.453309253692627578e+01
8.348210189819336335e+01
nan
8.593622300284249604e+01
8.386623752049037250e+01
7.619061591557094459e+01
nan
6.830991443089077109e+01
6.947985258919851503e+01
6.857721794400896442e+01
nan
nan
5.960114225115094655e+01
5.628213096891131073e+01
5.746754577432359667e+01
5.894963808059692667e+01
5.940270796639578776e+01
6.185417046410697139e+01
5.841070801871163809e+01
6.090535061836242647e+01
5.686480964388166370e+01
5.487000443594796195e+01
5.786890834263392946e+01
5.985038510050092242e+01
5.333362934316907911e+01
5.450094530923026070e+01
6.482613939285278093e+01
6.421664955547878151e+01
5.465735811778477427e+01
5.045665432929992988e+01
6.657524284907749745e+01
6.395101255689348818e+01
5.955351581028529750e+01
5.985805330821445835e+01
nan
6.592544442040579611e+01
6.549649989400590755e+01
6.600606499263219007e+01
nan
6.880296374729701370e+01
7.135197927747454116e+01
7.052149862834384919e+01
nan
7.368648494175502606e+01
7.375901271820067961e+01
7.282495668683733925e+01
6.350892859186444639e+01
6.784495232037134826e+01
6.899548581395831093e+01
6.766870428630284096e+01
nan
nan
7.271092963899884865e+01
7.551225164140973334e+01
nan
nan
7.150762804576328335e+01
6.893995305742535606e+01
nan
nan
8.468354797908237686e+01
8.049941961015973391e+01
nan
nan
8.679290174211774911e+01
8.224402124677385473e+01
nan
nan
nan
8.127511626652308507e+01
nan
nan
9.024234428405762287e+01
8.748469600132533230e+01
nan
nan
nan
8.896626137869698425e+01
nan
nan
nan
8.708805926731655234e+01
nan
nan
nan
8.826671614510672725e+01
nan
nan
nan
8.198408545357840183e+01
nan
nan
nan
8.723618299756731176e+01
nan
nan
nan
8.187107085091727754e+01
nan
nan
nan
7.980449097769600542e+01
nan
nan
7.597762494223458418e+01
7.396864456449236513e+01
nan
nan
8.194177801949636830e+01
7.639928582327706863e+01
nan
nan
7.975660565512521316e+01
7.869116499219622085e+01
nan
nan
8.875340726579938178e+01
8.616588235037667687e+01
nan
nan
7.763140101841517549e+01
7.526508082798548571e+01
6.474401046207972854e+01
6.946108664648873798e+01
6.806483267102922241e+01
6.311934508732387172e+01
5.486140888895307199e+01
4.952942668029240281e+01
5.448756727354867024e+01
5.357792090552193542e+01
4.202547889981951101e+01
4.745647539138794002e+01
4.732052904537746230e+01
4.741640860966273863e+01
4.846004001344953593e+01
6.275743410655430665e+01
6.259921625409807433e+01
5.609925859178815699e+01
6.634330145699637171e+01
7.471790300096783710e+01
7.315089580535888558e+01
7.008509846278599298e+01
6.763145948137555763e+01
6.997010096686227598e+01
6.973960163116454680e+01
6.917841348920549649e+01
nan
8.014043469565255862e+01
7.401554860796247226e+01
7.448488833836147194e+01
nan
8.293899814060756626e+01
8.080318456377301573e+01
7.955011469159806836e+01
nan
8.332101021357945569e+01
8.278732403891427793e+01
8.139201823098318300e+01
nan
nan
7.070246503557477524e+01
6.803628586087907593e+01
nan
nan
7.001586385999407014e+01
6.820199182237897162e+01
5.666185341426304234e+01
6.117175721849714165e+01
6.282849884305681343e+01
6.121932832172938532e+01
nan
7.233175094059535581e+01
7.241183150155204373e+01
6.994675120762416043e+01
nan
7.557894089562552153e+01
7.237576250348772078e+01
6.895907608577182657e+01
nan
nan
7.523020857947213358e+01
7.511918886457171141e+01
nan
nan
8.591029155731200717e+01
8.376397422790527969e+01
nan
nan
8.474002265930175781e+01
7.978525166647774824e+01
nan
nan
8.278338267735072975e+01
7.918290641784668082e+01
nan
nan
8.834882476261684303e+01
8.708267601013183423e+01
nan
nan
nan
8.590230227879115432e+01
nan
nan
8.464970548357283064e+01
8.100133257184710089e+01
nan
nan
7.106288154057094175e+01
7.164668405260358952e+01
nan
6.280454328945705100e+01
6.462921266555785849e+01
6.055331521715436338e+01
5.421448652812412661e+01
5.011602734020777916e+01
4.904871139866965279e+01
5.029700691904340459e+01
4.794473356791905161e+01
5.092746012960161295e+01
4.984440451281411555e+01
4.682537918022701007e+01
3.753265295198985285e+01
4.305075903892517175e+01
4.651879278591700739e+01
4.847834923880440527e+01
4.073982676233563893e+01
4.410112140996115215e+01
4.783788246154784929e+01
4.471945376804896455e+01
4.659405003138950718e+01
5.387867524010794540e+01
5.237323998587471863e+01
4.814689367021833277e+01
3.805232074124472774e+01
3.877742610318320260e+01
3.381071470533098733e+01
3.548640595981053281e+01
2.800562855584280797e+01
3.596317798955099931e+01
3.928215125628879889e+01
4.244494865145001938e+01
3.653219748633248543e+01
4.482976976122174761e+01
5.419661522729056458e+01
4.714058905192784010e+01
3.060847266401563260e+01
4.635018990244184067e+01
5.369904248101370570e+01
5.367094202859060914e+01
5.156094032560076101e+01
6.615866855348859588e+01
7.011380271639143302e+01
6.340322737285069365e+01
5.095600793838500664e+01
6.890432621547154213e+01
7.296727245330811229e+01
7.098010815211705449e+01
6.456582490103585315e+01
7.259839223589216317e+01
7.102431201934814453e+01
7.018801363536289273e+01
6.152011786801474358e+01
6.956411471366882893e+01
7.512024739946637908e+01
6.940559637887137967e+01
7.742890796661376385e+01
8.231648202078683596e+01
nan
8.128302663530622851e+01
nan
nan
nan
8.858511831011091431e+01
nan
nan
nan
8.765520648411342108e+01
nan
nan
9.012648757934570654e+01
8.544558493477957484e+01
nan
nan
nan
8.174182214464460117e+01
nan
nan
nan
7.823001364026751503e+01
nan
nan
nan
nan
nan
9.020494854518345562e+01
8.959828382219586729e+01
8.708930621555873586e+01
nan
nan
nan
8.808774208068847145e+01
nan
nan
8.406184151240758240e+01
7.919034470149449589e+01
nan
7.822204307556152969e+01
7.885052637372697859e+01
7.650845746176582907e+01
8.720902585710797439e+01
8.846428530011857561e+01
8.776071829659598222e+01
8.466748637608120021e+01
7.962030308859688432e+01
nan
8.720509908403668931e+01
8.574340450831822125e+01
nan
8.565808728354318191e+01
8.170978063310896289e+01
8.048355804988315754e+01
nan
7.419168074744088415e+01
7.098242849622454287e+01
6.560402468272617682e+01
7.800468691689627576e+01
8.016262075696673151e+01
8.142268852778843780e+01
7.933712152208600799e+01
nan
nan
8.262126528058733754e+01
7.924209912436349157e+01
nan
7.668019609723772589e+01
nan
6.913789618083409039e+01
nan
nan
6.057250173296247198e+01
6.134015138353620245e+01
5.459815930502755066e+01
5.576047802788870911e+01
5.619966519492012935e+01
5.035350272042411035e+01
4.607177466801234544e+01
4.486087649754115603e+01
4.531747774124145423e+01
4.690222388267517317e+01
4.411742155620029848e+01
4.939423720223562952e+01
4.594808884620666589e+01
4.454766574178422900e+01
4.410589766502380371e+01
5.157046741213117258e+01
5.710947928292410580e+01
5.754895387104579640e+01
4.971042335237775234e+01
6.151612319946288920e+01
6.101983865192958234e+01
5.891010483877999349e+01
4.893557129110608628e+01
5.338415531294686645e+01
5.429297244889395557e+01
5.386027936662946303e+01
4.564922502517700309e+01
4.356874178273336895e+01
3.968892280851091670e+01
4.266183128901890598e+01
4.501880093710762765e+01
5.139988905770437810e+01
5.513999584470476378e+01
5.248041769845145410e+01
3.326316419056483653e+01
4.620160881178719592e+01
4.743850021362304403e+01
4.252353188514709359e+01
4.841083468232836395e+01
5.395834969793047264e+01
5.927441387993948752e+01
5.602473765781947890e+01
4.822013104370662262e+01
6.052265423093523111e+01
6.042229300635201383e+01
5.498388608932495458e+01
5.226005053792680854e+01
5.928972005571637993e+01
6.040018563406808028e+01
5.551459015982491962e+01
4.706541817392621851e+01
5.287991983141218100e+01
5.109276812962123415e+01
4.699362855911255110e+01
3.991383786405835821e+01
4.432740268775395265e+01
4.001186420372554409e+01
3.500154432024274342e+01
2.524907062394278512e+01
3.458301593984876376e+01
3.853951793806893278e+01
3.649142627307347198e+01
2.331577801738466604e+01
4.220194494724273682e+01
4.859134641715458258e+01
4.788306394304547808e+01
3.161439898627144984e+01
5.606408427919659943e+01
5.778316544396536614e+01
6.077952174867902357e+01
6.166523995126996738e+01
5.894919700963156828e+01
5.921897518839154628e+01
5.938562215532575550e+01
4.668863827296665647e+01
5.058317832333700892e+01
5.070019688606262065e+01
4.919206024714878822e+01
2.944103716305324170e+01
4.403203622545515117e+01
4.645655624117170390e+01
4.448323835100446644e+01
3.032019258873803125e+01
4.746589418070657018e+01
5.245873597690037116e+01
5.519322922842842871e+01
4.601614400727408594e+01
6.689804204395839804e+01
7.116311574118478234e+01
6.853000508989606487e+01
6.399388268879481956e+01
7.855844442640031389e+01
8.438045317513602583e+01
8.457735061645507812e+01
8.545305706024170433e+01
8.929494002205984771e+01
nan
8.683727269853864073e+01
nan
nan
nan
8.882532821655273381e+01
nan
nan
8.992279653276716544e+01
8.743296070643833673e+01
nan
nan
nan
8.885388773236955728e+01
nan
nan
nan
8.851051485334123470e+01
nan
nan
nan
8.995161784580776043e+01
nan
9.135056189400809501e+01
9.144971588134765739e+01
8.912579598563057459e+01
nan
nan
9.174613510131835881e+01
8.960924091884068332e+01
nan
nan
9.022857097080775191e+01
8.882051349094935233e+01
nan
nan
8.996891434805733923e+01
8.964124167306083280e+01
nan
nan
8.778761250087192991e+01
8.350980069296700492e+01
nan
nan
8.285157038007463370e+01
8.238995398930140368e+01
nan
nan
nan
7.685194279261997963e+01
nan
nan
5.638819035666329427e+01
5.471521870204380633e+01
5.429168284961155422e+01
5.392439706802367994e+01
5.180787512234279291e+01
5.264156869615827361e+01
4.293477357864379940e+01
4.385858521597725712e+01
4.247507934025355780e+01
4.524330514362880251e+01
3.582640085833413224e+01
3.523718643529074512e+01
3.259295648847307802e+01
3.334273653643472102e+01
3.076852706023624862e+01
3.798148333821978184e+01
3.792263495581490673e+01
4.157226205008370812e+01
2.773916253158024503e+01
3.699306374686104704e+01
3.678660435676574991e+01
3.770961613791329370e+01
2.676189727306365995e+01
3.755674540928431782e+01
4.328105783326284950e+01
4.182614416939871660e+01
3.655657965387617025e+01
4.750163059643336538e+01
4.720845957074846666e+01
4.726223622185842999e+01
3.796968508039201851e+01
4.675606090818132543e+01
5.118197818211146455e+01
5.161449438095093001e+01
4.534957467896597905e+01
5.382715362412589144e+01
5.405597879818507323e+01
5.388548457281930126e+01
4.869874198641095830e+01
5.236586567606244813e+01
5.025785075868878948e+01
4.866209419522966328e+01
4.475255835056304932e+01
5.524848877634320843e+01
5.351516564505440954e+01
5.284195815222604153e+01
5.894686990465436338e+01
5.873965353012084734e+01
5.351044671739850855e+01
5.155017983027867245e+01
6.069574772426060605e+01
5.910629325866699446e+01
5.387140974862234799e+01
5.114159611565726493e+01
5.348882970401218984e+01
5.783398654801504790e+01
5.404223308563232564e+01
4.892461761270250520e+01
5.263677948815482210e+01
5.971663021905081337e+01
5.911906748226710562e+01
5.730979221888950548e+01
5.870396891048976329e+01
7.073212000165666780e+01
7.084813283102853632e+01
6.722567951747349468e+01
7.431020145961215917e+01
7.829887407847813563e+01
8.323134568895612517e+01
7.912434763772147051e+01
nan
nan
8.910720953805106603e+01
8.799336257934569971e+01
nan
nan
nan
8.718073352268764609e+01
nan
nan
9.071543048313685631e+01
8.941773025512695483e+01
nan
nan
nan
8.923952977861677027e+01
nan
nan
nan
8.841667599269321443e+01
nan
nan
nan
8.707277511596679176e+01
nan
nan
nan
8.892057827540806159e+01
nan
nan
nan
8.670493727002825324e+01
nan
nan
nan
8.438847613743372733e+01
