3.388777923583984375e+01
3.370326995849609375e+01
3.387395858764648438e+01
3.410344314575195312e+01
3.428942871093750000e+01
3.439246749877929688e+01
3.445864868164062500e+01
3.449915313720703125e+01
3.452441024780273438e+01
3.452919006347656250e+01
3.449536514282226562e+01
3.420967864990234375e+01
3.380795669555664062e+01
3.369695281982421875e+01
3.378955459594726562e+01
3.396189117431640625e+01
3.420017623901367188e+01
3.433467102050781250e+01
3.441802215576171875e+01
3.448051071166992188e+01
3.451768875122070312e+01
3.452411270141601562e+01
3.448756027221679688e+01
3.425531768798828125e+01
3.377990341186523438e+01
3.353247833251953125e+01
3.374235534667968750e+01
3.395707702636718750e+01
3.418275070190429688e+01
3.432350158691406250e+01
3.439443206787109375e+01
3.445482254028320312e+01
3.449032592773437500e+01
3.450688171386718750e+01
3.448812484741210938e+01
3.423498153686523438e+01
3.365957641601562500e+01
3.362379837036132812e+01
3.381540679931640625e+01
3.400308227539062500e+01
3.419453430175781250e+01
3.433850479125976562e+01
3.442446136474609375e+01
3.447672271728515625e+01
3.450981521606445312e+01
3.453001022338867188e+01
3.451573181152343750e+01
3.419020843505859375e+01
3.373587036132812500e+01
3.379722213745117188e+01
3.391336822509765625e+01
3.409097290039062500e+01
3.430536651611328125e+01
3.444529724121093750e+01
3.450688552856445312e+01
3.454148101806640625e+01
3.455504226684570312e+01
3.454508972167968750e+01
3.449966812133789062e+01
3.412498855590820312e+01
3.380127334594726562e+01
3.400942230224609375e+01
3.414421081542968750e+01
3.422662353515625000e+01
3.431741714477539062e+01
3.441629409790039062e+01
3.450350570678710938e+01
3.454589462280273438e+01
3.456690597534179688e+01
3.455988311767578125e+01
3.451551437377929688e+01
3.427897644042968750e+01
3.427285766601562500e+01
3.427244949340820312e+01
3.433827209472656250e+01
3.439117431640625000e+01
3.445221710205078125e+01
3.451848220825195312e+01
3.457753753662109375e+01
3.459997177124023438e+01
3.459858703613281250e+01
3.459831619262695312e+01
3.454431152343750000e+01
3.434253692626953125e+01
3.427918624877929688e+01
3.427711486816406250e+01
3.433163452148437500e+01
3.439991760253906250e+01
3.444663238525390625e+01
3.449181747436523438e+01
3.453081512451171875e+01
3.457395172119140625e+01
3.458461761474609375e+01
3.457648849487304688e+01
3.453276062011718750e+01
3.438667297363281250e+01
3.424994277954101562e+01
3.426990127563476562e+01
3.432914733886718750e+01
3.437208938598632812e+01
3.441268920898437500e+01
3.445059585571289062e+01
3.450810241699218750e+01
3.455148696899414062e+01
3.457246398925781250e+01
3.457751846313476562e+01
3.448160934448242188e+01
3.434614562988281250e+01
3.425445175170898438e+01
3.427719116210937500e+01
3.433082580566406250e+01
3.436550903320312500e+01
3.439319992065429688e+01
3.442493820190429688e+01
3.447285079956054688e+01
3.452638626098632812e+01
3.456010437011718750e+01
3.457611083984375000e+01
3.453625488281250000e+01
3.436717224121093750e+01
3.433619689941406250e+01
3.433318328857421875e+01
3.434867858886718750e+01
3.436849212646484375e+01
3.439837265014648438e+01
3.443672943115234375e+01
3.449555969238281250e+01
3.454781723022460938e+01
3.456260681152343750e+01
3.456335449218750000e+01
3.452651977539062500e+01
3.437442779541015625e+01
3.431984710693359375e+01
3.432241058349609375e+01
3.437350463867187500e+01
3.440664672851562500e+01
3.443552780151367188e+01
3.445667266845703125e+01
3.448334121704101562e+01
3.453691482543945312e+01
3.456693267822265625e+01
3.456993865966796875e+01
3.452045059204101562e+01
3.439566421508789062e+01
3.435987854003906250e+01
3.436603546142578125e+01
3.437253570556640625e+01
3.439332580566406250e+01
3.442617034912109375e+01
3.446518707275390625e+01
3.452110290527343750e+01
3.455018234252929688e+01
3.457398986816406250e+01
3.457545471191406250e+01
3.451131439208984375e+01
3.426718902587890625e+01
3.423003005981445312e+01
3.428012084960937500e+01
3.433112335205078125e+01
3.438256072998046875e+01
3.442451858520507812e+01
3.446407699584960938e+01
3.452360916137695312e+01
3.457134246826171875e+01
3.458972549438476562e+01
3.457912445068359375e+01
3.452718353271484375e+01
3.431311416625976562e+01
3.417993545532226562e+01
3.419590759277343750e+01
3.426451110839843750e+01
3.433121490478515625e+01
3.438059234619140625e+01
3.441775512695312500e+01
3.448027801513671875e+01
3.453944396972656250e+01
3.457388305664062500e+01
3.457891464233398438e+01
3.452597045898437500e+01
3.432455444335937500e+01
