3.438392395410669877e+01
3.434522093626704020e+01
3.435786109748158168e+01
3.438462531221043861e+01
3.442169977568485706e+01
3.444795690697296209e+01
3.445881142975100886e+01
3.445949958966627236e+01
3.446825536397152234e+01
3.446762263644787083e+01
3.444250038562775984e+01
3.440820413455825388e+01
3.439073272418437455e+01
3.438785058042653020e+01
3.439285104624357814e+01
3.442402348593114425e+01
3.445678425583695770e+01
3.448408214912870307e+01
3.450842682172574172e+01
3.450013816131635735e+01
3.449394133944116447e+01
3.449938404730746555e+01
3.449324696023322190e+01
3.447497671138959419e+01
3.444813739094817606e+01
3.442033576502532810e+01
3.443230198754520899e+01
3.445155603362438512e+01
3.448815632694341105e+01
3.450036511149905749e+01
3.450947824397623265e+01
3.450380504298089335e+01
3.451018370887322106e+01
3.450136008479420724e+01
3.448191979045238043e+01
3.445700326321792062e+01
3.442475946882659343e+01
3.439466887824679731e+01
3.440019404609785880e+01
3.442496088633672002e+01
3.444902358001461096e+01
3.445787166338811147e+01
3.446702831547872137e+01
3.446616263522892609e+01
3.446023106176301809e+01
3.446086733928517987e+01
3.444363185438523800e+01
3.440792089000758125e+01
3.437904855477156474e+01
3.436343753551773261e+01
3.437395585841758106e+01
3.440030147908819913e+01
3.441445502595760786e+01
3.443237032466616654e+01
3.444230068758686514e+01
3.446065326410527518e+01
3.447058225995524339e+01
3.445995436433768333e+01
3.444367852066893931e+01
3.442230534174083090e+01
3.442967134258429240e+01
3.442588548111698543e+01
3.444009271419457718e+01
3.446039148151209730e+01
3.448212543401221097e+01
3.450035047144476863e+01
3.451088875857936955e+01
3.450255468595879194e+01
3.448835782907961089e+01
3.448194043851439261e+01
3.446454227602579579e+01
3.443656815542242100e+01
3.440453881025638339e+01
3.439888616580827119e+01
3.439786890143490439e+01
3.442305056795679263e+01
3.444229258200136456e+01
3.446022635642242449e+01
3.448080177672726876e+01
3.448678808880974600e+01
3.448744685893412054e+01
3.447777699849709165e+01
3.444602820343791194e+01
3.440277983524536154e+01
3.436457138515419274e+01
3.435159913986841218e+01
3.436706890734284769e+01
3.439125850629838510e+01
3.440760070526400227e+01
3.443078422414887996e+01
3.444201723558087735e+01
3.445041972625892868e+01
3.444555365076051601e+01
3.445136941547293219e+01
3.443150843456237453e+01
3.440648722954216510e+01
3.437299908928891767e+01
3.435315181308565968e+01
3.434936782266260025e+01
3.436610281778679621e+01
3.439296039298818641e+01
3.442078380295668438e+01
3.443147840297704221e+01
3.444078985530902060e+01
3.443669633352388360e+01
3.442469232067399076e+01
3.440831437723240782e+01
3.440157589709711772e+01
3.438090237749300826e+01
3.435389127725594705e+01
3.435491882818104159e+01
3.439043947021834668e+01
3.440586120074220844e+01
3.441732453432306471e+01
3.442873811512696136e+01
3.444550424914440612e+01
3.443736333792425341e+01
3.443045869892546307e+01
3.440012579668538706e+01
3.435497311391734598e+01
3.433355283840622008e+01
3.433281740427258910e+01
3.434191089696167865e+01
3.436450385457298751e+01
3.440977301217456841e+01
3.443959493857136778e+01
3.445101202054564027e+01
3.444610303817887598e+01
3.445002421704533191e+01
3.444314658733205903e+01
3.442514161031934350e+01
3.438873364470311600e+01
3.433964436099372364e+01
3.429731704024501937e+01
3.429238962090600751e+01
3.430824117516289817e+01
3.431694155025910931e+01
3.434229057472408186e+01
3.437591478126120847e+01
3.439647288346073850e+01
3.439895851437802321e+01
3.440332662314401801e+01
3.439013799334854582e+01
3.435533719610271675e+01
3.432954776390072027e+01
3.433334257728434125e+01
3.436142241972198974e+01
3.437650694538628926e+01
3.440923784588339629e+01
3.445358268990427320e+01
3.447343273207719960e+01
3.448693110764885006e+01
3.448953070109808294e+01
3.449013676888581870e+01
3.447653284045182431e+01
3.444102950701574173e+01
3.440651154599510875e+01
3.438938364853277818e+01
3.439012736910980550e+01
3.440677316428666899e+01
3.441512731484076681e+01
3.443190329086617396e+01
3.444234464163285026e+01
3.445072086137856360e+01
3.446022267824717744e+01
3.445789703918485714e+01
3.443406608556293946e+01
3.438642365985361238e+01
3.434399474921352180e+01
3.432983686584152139e+01
3.434611534464109894e+01
3.436932728107439772e+01
3.439616116580826599e+01
3.441272636027544252e+01
3.442932655178163515e+01
3.444106449534463366e+01
3.444939531481180239e+01
3.445245085742281077e+01
3.445627045550499190e+01
3.444045891490409161e+01
3.442236402943418483e+01
3.440701990872805993e+01
3.441057674819165868e+01
3.443972569720771304e+01
3.447150031625026401e+01
3.449518333580859775e+01
3.450065726271072464e+01
3.449844382990906411e+01
3.450089744125212832e+01
3.451458989248472164e+01
3.449666835531181874e+01
3.446785928266790933e+01
3.444069968003683613e+01
3.442201013208111959e+01
3.443120703830216911e+01
3.444116333708359434e+01
3.445565083379101878e+01
3.448175765462006126e+01
3.448693446586094780e+01
3.448826958941875631e+01
3.447225401084166663e+01
3.446456227533457906e+01
3.445809741325360420e+01
3.441608132414122423e+01
3.438170197780760873e+01
3.435304712077523703e+01
3.434764967751487319e+01
3.437358586450300635e+01
3.443292644135208036e+01
3.445559509035654600e+01
3.446971858586184112e+01
3.447691581234961689e+01
3.448007630957918224e+01
3.447146644134740257e+01
3.446382548837465265e+01
3.443340376462275287e+01
3.440792372528470366e+01
3.439553418281660413e+01
3.441779829339748886e+01
3.446082463424441755e+01
3.448426906781482160e+01
3.449968143669577358e+01
3.452223513878302441e+01
3.451497896334457494e+01
3.450680517253537971e+01
3.448607162735664389e+01
3.446156792015538883e+01
3.442807619020598509e+01
3.440203772627667433e+01
3.438243611803095945e+01
3.438645654960059517e+01
3.440575794863962500e+01
3.442498920200225854e+01
3.444556199803473362e+01
3.445344827639753760e+01
3.446421783982599862e+01
3.447005231829679417e+01
3.446448206938310932e+01
3.445523437535027256e+01
3.442406779851707910e+01
3.439128986953012657e+01
3.437296624496072894e+01
3.439102274965626549e+01
3.442970199111799445e+01
3.446461328561674264e+01
3.448134198952541851e+01
3.449026193676022700e+01
3.449543534588806182e+01
3.449507613978995124e+01
3.449198633330905039e+01
3.447738709559757098e+01
3.446751173276093283e+01
3.445000727546067765e+01
3.443099232994455150e+01
3.443751875868678525e+01
3.444869055718704942e+01
3.447773630073361772e+01
3.450294704558319125e+01
3.452360525010928427e+01
3.452294172759090429e+01
3.451382425788722941e+01
3.450801809122896202e+01
3.447286293548336289e+01
3.443693360603292319e+01
3.440931241282859787e+01
3.437712935401629011e+01
3.438494522502503514e+01
3.441738770815585724e+01
3.445521718927471966e+01
3.448596068539649195e+01
3.450735815128452799e+01
3.452057905668078774e+01
3.452249970131012446e+01
3.452241778835914943e+01
3.451837465201495547e+01
3.449369917646031780e+01
3.445654707680423456e+01
3.442530825961244290e+01
3.444019317769981114e+01
3.445694052972560684e+01
3.449755171302419399e+01
3.451827714696634786e+01
3.452465540756889339e+01
3.453337616739150207e+01
3.452522265083243980e+01
3.451664689951914511e+01
3.450624603091093689e+01
3.449203436010169810e+01
3.445723803026736931e+01
3.444870665003567467e+01
3.446984696063018561e+01
3.449178510263480035e+01
3.450587354713560728e+01
3.452573380648277634e+01
3.454765950723992063e+01
3.455163412810389190e+01
3.455303520302318532e+01
3.454722223958799532e+01
3.454977967521708138e+01
3.453066652067267484e+01
3.449069175685041699e+01
3.447488345037137947e+01
3.449542503470042476e+01
3.450844408222273074e+01
3.451716792851524929e+01
3.453036270110369088e+01
3.453985595572356715e+01
3.453660548091616533e+01
3.452516090508802904e+01
3.451742163146651166e+01
3.450650731457454867e+01
3.447287194260277943e+01
3.444094905930550254e+01
3.442016077978351518e+01
3.443311995232544831e+01
3.446566727212607617e+01
3.448552103892052401e+01
3.449132956238230463e+01
3.449572851413049790e+01
3.450665362948723214e+01
3.450964261301223246e+01
3.450542743148184144e+01
3.448150507160991651e+01
3.443129563122552383e+01
3.437288573011473858e+01
3.432842587164390835e+01
3.433658588367464404e+01
3.436898725434152624e+01
3.440337350545305384e+01
3.443169442170779604e+01
3.446129863946769945e+01
3.447968944544233949e+01
3.448116890215879948e+01
3.446914760588067139e+01
3.444973449061360071e+01
3.441015086263021061e+01
3.438775422023515915e+01
3.436751475216514962e+01
3.436098589819930993e+01
3.437666281384504430e+01
3.440647841182728683e+01
3.443237690567461584e+01
3.445002962482439557e+01
3.445537899482249600e+01
3.444444219971286714e+01
3.444250312441620565e+01
3.443176761221828741e+01
3.441064179465659834e+01
3.438517138613496371e+01
3.437645858256460230e+01
3.438835936091900436e+01
3.440465480902155093e+01
3.442061549196613157e+01
3.445774501964800862e+01
3.447291878563448364e+01
3.448226371136249213e+01
3.447906903484241070e+01
3.447547543013584459e+01
3.446183115899894744e+01
3.444092053216817817e+01
3.441178346590017156e+01
3.438779933487733587e+01
3.439548002425294015e+01
3.441458239322262358e+01
3.443815969865271143e+01
3.446244387007374854e+01
3.446513482977175613e+01
3.448608647654755543e+01
3.449533929489479078e+01
3.449184545632228804e+01
3.446521567721410406e+01
3.444871070433460858e+01
3.444299403636025403e+01
3.441815616054014981e+01
3.441548521420858719e+01
3.443857193305199615e+01
3.445774700359707765e+01
3.448100078449586192e+01
3.449726083033965551e+01
3.449603824066497282e+01
3.449603774668594269e+01
3.449170641117250824e+01
3.447618504065974321e+01
3.445571062615356794e+01
3.444805376539335384e+01
3.443244601521868020e+01
3.443355416802106106e+01
3.446574504318638787e+01
3.450605455360212659e+01
3.453122444058988094e+01
3.454075743555901568e+01
3.454191892635103756e+01
3.454757311006434151e+01
3.453694085190717544e+01
3.450226335639533914e+01
3.447333578106785978e+01
3.445232844421590812e+01
3.443645545639702021e+01
3.443648911233224652e+01
3.446449743312578562e+01
3.448530780339289237e+01
3.449922548487192131e+01
3.450041139045033134e+01
3.451048517502466240e+01
3.450104340360285704e+01
3.448693860845214232e+01
3.447510987514384340e+01
3.444817423213044805e+01
3.443085633637744536e+01
3.443051623977668640e+01
3.443768062023161036e+01
3.445568536926298719e+01
3.448624397195663960e+01
3.450863049042025210e+01
3.451956438444803865e+01
3.452344482571325557e+01
3.450953405326212220e+01
3.450001749069672741e+01
3.448947621692017407e+01
3.447422178913628699e+01
3.444960833613551898e+01
3.442798905089426853e+01
3.443963669339020583e+01
3.445796740326846930e+01
3.448137358316707690e+01
3.451813729728505820e+01
3.452635049278809731e+01
3.452861340727840656e+01
3.453073795323054895e+01
3.452550280520030412e+01
3.450461449868390673e+01
3.446442430234860410e+01
3.445059346347628093e+01
3.443123146635225851e+01
3.443295155091762894e+01
3.445798528895695512e+01
3.449701749443299548e+01
3.452234362726417061e+01
3.453865457324079102e+01
3.453608902116773294e+01
3.453786645295313917e+01
3.452857407315298843e+01
3.452325526689906354e+01
3.449028847992511970e+01
3.443991308500343251e+01
3.442375648846618930e+01
3.442072097206498427e+01
3.444725620647268016e+01
3.447217597901441621e+01
3.449808401022518467e+01
3.450514382369753719e+01
3.451263189109390339e+01
3.451322650255652746e+01
3.451014065685154009e+01
3.450183348614599055e+01
3.447081640587637708e+01
3.441940770468582400e+01
3.439548951320858095e+01
3.440174023115248048e+01
3.442845280235140848e+01
3.446830369545541117e+01
3.447364452676649904e+01
3.449738749894918044e+01
3.450523516085025477e+01
3.450234725469646690e+01
3.449184452809754475e+01
3.448069026115925340e+01
3.444652653454817681e+01
3.441272824033338651e+01
3.439783075588086092e+01
3.438374471094029872e+01
3.439650311428162865e+01
3.443950903684596199e+01
3.445205089429492773e+01
3.445863064064087666e+01
3.446454923652053992e+01
3.446561446162497333e+01
3.445749968620165049e+01
3.443330723882207423e+01
3.439914476436868540e+01
3.437052920426268798e+01
3.435523136334850136e+01
3.435787853152741178e+01
3.438122272086378217e+01
3.441048990971818000e+01
3.443091087209226231e+01
3.444337950881381261e+01
3.445055094029751785e+01
3.445015255643606622e+01
3.443549873894536972e+01
3.442178423820652711e+01
3.441096985459913071e+01
3.438910204109034652e+01
3.436944713784522776e+01
3.437747152743528289e+01
3.438760839101170319e+01
3.440308841127151851e+01
3.443079221860428163e+01
3.445171648478130777e+01
3.446704915873647934e+01
3.446522162588549065e+01
3.446009762885861960e+01
3.444025589311800672e+01
3.442628989514680171e+01
3.441259803891211533e+01
3.439163189209801175e+01
3.439532259147274829e+01
3.441939002691968597e+01
3.443573056227302231e+01
3.444386593606621005e+01
3.444413843803241804e+01
3.445581598673911827e+01
3.446000267987244570e+01
3.445414613557265682e+01
3.443817911902947060e+01
3.441116049732297455e+01
3.438167056453345793e+01
3.436741188001591496e+01
3.439249922841754881e+01
3.442514705623150917e+01
3.444895386204548515e+01
3.448170383759639890e+01
3.449396058610563642e+01
3.449793959804481602e+01
3.450462953527113541e+01
3.449080603504883413e+01
3.448516343994723599e+01
3.449069003831525038e+01
3.447776777084547462e+01
3.447276944639040153e+01
3.447212038257805489e+01
3.448094102321425680e+01
3.451240378874491910e+01
3.453977315641719770e+01
3.455530077536540290e+01
3.455894756503878540e+01
3.454859060330639409e+01
3.452925913931263580e+01
3.451187855667705406e+01
3.447921291243536501e+01
3.444428029896075572e+01
3.442372431918508369e+01
3.442059321742083000e+01
3.444703902553446540e+01
3.448091277031773672e+01
3.451186412926212910e+01
3.452847059285890907e+01
3.452341397107861098e+01
3.450599129058969083e+01
3.449529316259134504e+01
3.447360234536125745e+01
3.444344302131437985e+01
3.441409833925995798e+01
3.438795409198835529e+01
3.439450947566859895e+01
3.441274882791483947e+01
3.443437247999238338e+01
3.446142200002428524e+01
3.448358027016828231e+01
3.450131800847101005e+01
3.450273522973738949e+01
3.449029175605645747e+01
3.446585816669655600e+01
3.443295180376837550e+01
3.442225719618210888e+01
3.441660396560968138e+01
3.441175541779687563e+01
3.444620960041266500e+01
3.448137098465148398e+01
3.449809262994212844e+01
3.451714427688138898e+01
3.451567842840690048e+01
3.451001567838167716e+01
3.449760022508574764e+01
3.446754094127361867e+01
3.443419935234430795e+01
3.439663433817458582e+01
3.437852854717296225e+01
3.438003305229723594e+01
3.438491579404198717e+01
3.441636750288625279e+01
3.443914211964034422e+01
3.446012598772454538e+01
3.446088236942738092e+01
3.447057206970536214e+01
3.446516292422790428e+01
3.444998071113926130e+01
3.443602634654472183e+01
3.442547542105209146e+01
3.441382667162186948e+01
3.441042096543313988e+01
3.444861835900137237e+01
3.447977216467617723e+01
3.449236986242190994e+01
3.450160894586826998e+01
3.449263284159605547e+01
3.446684528538882830e+01
3.446302507533215476e+01
3.445414755301273146e+01
3.444043804028517997e+01
3.441260956344714117e+01
3.438834249905659846e+01
3.440612975402861196e+01
3.441763650597052759e+01
3.444208164875134059e+01
3.445122592159290775e+01
3.446351869871996598e+01
3.447938702892886198e+01
3.448194751826559212e+01
3.448444565084084701e+01
3.446979230327706034e+01
3.444220048858483096e+01
3.442927364446493499e+01
3.443190418315287360e+01
3.441022165927823551e+01
3.442399747880145355e+01
3.445429864747728743e+01
3.447750800727540366e+01
3.449303824988884770e+01
3.450714384037055282e+01
3.451357326145253523e+01
3.451539332679956829e+01
3.451082981794184690e+01
3.449882546817554640e+01
3.447249077898022307e+01
3.445467407642220792e+01
3.445455392714965370e+01
3.448214826934536603e+01
3.452441707405808557e+01
3.453417526882323330e+01
3.452186062437885283e+01
3.451741118934664598e+01
3.452601124597418902e+01
3.450485865224567306e+01
3.445988073958146458e+01
3.443331254387759088e+01
3.439558201396983605e+01
3.437189545889096820e+01
3.437025487933311751e+01
3.438575390459203618e+01
3.440834079238403120e+01
3.443656406504531731e+01
3.446563454584006081e+01
3.447148333043774215e+01
3.447420457725726095e+01
3.445686047651673078e+01
3.443115503011417644e+01
3.439629811317009711e+01
3.436696258735820919e+01
3.434449653518800716e+01
3.432619417994903444e+01
3.434965725717640339e+01
3.437968891867770083e+01
3.441100090356550112e+01
3.444423835307942028e+01
3.445324421875933751e+01
3.445972025881474821e+01
3.445639220564416405e+01
3.443195913886896165e+01
3.439758147763106422e+01
3.436256585419562271e+01
3.434501871403858075e+01
3.437077975736788460e+01
3.439908380136877497e+01
3.442778375725767148e+01
3.446008698358011202e+01
3.447831737078644210e+01
3.448890789212884300e+01
3.449138156503597941e+01
3.448929233213959122e+01
3.448335658843425477e+01
3.444534681500982742e+01
3.443722671778791522e+01
3.441571814166834287e+01
3.442317581973337326e+01
3.443984101076787141e+01
3.447126751465544459e+01
3.449396578825080439e+01
3.450734779131545338e+01
3.450605557803532975e+01
3.449621191287157274e+01
3.448415602519447276e+01
3.447790420365554809e+01
3.445826383498568646e+01
3.440935603453510083e+01
3.441306395108967564e+01
3.442469430919995688e+01
3.446172799827104427e+01
3.449332456416636461e+01
3.450881985957302334e+01
3.451139400023537718e+01
3.451113517061121883e+01
3.450700024000739319e+01
3.451696161063225077e+01
3.450538056089527572e+01
3.444838125233515314e+01
3.442948320980354993e+01
3.443403146768329748e+01
3.442866128646581103e+01
3.444586481771300157e+01
3.447570827469755272e+01
3.450221417545152747e+01
3.451269613884186782e+01
3.451288811720525018e+01
3.449883970728345162e+01
3.447672422736673070e+01
3.446322991457062557e+01
3.444248169288580641e+01
3.441326611907243205e+01
3.439128726144040371e+01
3.439568769652677815e+01
3.442286772250773907e+01
3.445156755605776766e+01
3.446876936346899356e+01
3.448696397049483409e+01
3.449469216741765365e+01
3.449034325508690557e+01
3.447982468755604657e+01
3.446675607238799444e+01
3.441837517072330144e+01
3.438660059546494097e+01
3.435780581806607614e+01
3.436094822728919240e+01
3.437662913481513272e+01
3.438773353579141201e+01
3.442171352149091490e+01
3.443971229828917302e+01
3.444548982028168638e+01
3.445134057659220872e+01
3.444821969800353401e+01
3.443287305275958943e+01
3.441145173240600030e+01
3.438139956902348615e+01
3.436413303676844322e+01
3.436925469163322333e+01
3.438862052724100238e+01
3.440591136990095578e+01
3.442785451733713131e+01
3.445177924328315555e+01
3.445941903638360770e+01
3.445091641998072873e+01
3.445028094026482535e+01
3.444059404553742354e+01
3.441240054441841778e+01
3.438309186898464276e+01
3.436484693510693944e+01
3.437440221723120715e+01
3.440016209417312609e+01
3.442979981783442867e+01
3.446173462712685875e+01
3.447597498136544658e+01
3.448553177200091113e+01
3.447992721447572961e+01
3.446879847876222414e+01
3.443773461400327562e+01
3.441705217484811641e+01
3.439977205844990493e+01
3.439464479643039141e+01
3.439300278679927203e+01
3.442221618188815313e+01
3.446587566575315265e+01
3.449394985192771657e+01
3.449920980067570042e+01
3.450315666007685422e+01
3.451311379918774236e+01
3.450415491966126780e+01
3.448308655958572189e+01
3.444049616093245447e+01
3.440208900157576011e+01
3.439470434493252782e+01
3.438324322993726412e+01
3.440724686813463506e+01
3.442742293366660533e+01
3.446054512419296856e+01
3.446521637734076648e+01
3.446512173981778204e+01
3.446280563475628611e+01
3.446155526136473668e+01
3.446107650486833052e+01
3.444896710168299592e+01
3.442536869619799234e+01
3.441928869043949391e+01
3.443057183455508152e+01
3.445825546793269467e+01
3.448144846269634201e+01
3.448808232468578439e+01
3.448807150490102913e+01
3.449483526504494790e+01
3.450236226001595696e+01
3.449725945306428798e+01
3.450048671125414046e+01
3.447568855616799510e+01
3.445093016543650322e+01
3.443668684015479897e+01
3.443737913388106620e+01
3.445238407535270397e+01
3.446949963968533837e+01
3.447797907071507950e+01
3.449071130692178144e+01
3.449194368998647064e+01
3.449275109766372083e+01
3.448892024368293363e+01
3.446173838117135091e+01
3.443650081770179838e+01
3.441524261282543051e+01
3.441217214295922133e+01
3.444005205916445789e+01
3.444041385896774443e+01
3.447711271908439556e+01
3.449563907809884711e+01
3.449708035301964060e+01
3.449006393509385759e+01
3.448290369417107115e+01
3.446219858400772296e+01
3.444442124007090911e+01
3.443657965165534307e+01
3.439816381534702572e+01
3.440655056048429827e+01
3.441742678714206960e+01
3.444600347851935851e+01
3.447295612770784601e+01
3.449980715258473651e+01
3.449848742926810274e+01
3.450135287859426825e+01
3.449123568331820167e+01
3.447311701939207040e+01
3.445100960120662137e+01
3.442875463467875363e+01
3.439009056606064973e+01
3.436109846031447290e+01
3.438895121624297246e+01
3.443589170594400173e+01
3.445105196680901116e+01
3.448088909166610705e+01
3.449696327267997731e+01
3.450236270577400433e+01
3.449945268711142887e+01
3.448245899805901615e+01
3.444758558603557219e+01
3.440448905000691582e+01
3.436817670207231146e+01
3.436140044017702166e+01
3.440100713761638218e+01
3.441343070263928183e+01
3.442603656458295802e+01
3.446796358211157951e+01
3.448923188576974752e+01
3.449087539823760551e+01
3.449495993707219554e+01
3.448951092645471306e+01
3.445798163637501688e+01
3.443265991799396630e+01
3.440090617361702385e+01
3.438966214127324150e+01
3.437850168163968334e+01
3.438916905373382349e+01
3.442753175855040837e+01
3.445781491382805228e+01
3.446733497186603046e+01
3.446540791055322472e+01
3.446277938371947869e+01
3.445772638661600951e+01
3.445732619569359656e+01
3.442817060773384696e+01
3.439337487976278851e+01
3.435756547482607459e+01
3.436716957615506374e+01
3.439970270011825448e+01
3.441419983896759760e+01
3.444555934163061295e+01
3.445840728825734089e+01
3.446843866043273152e+01
3.446514038583325856e+01
3.445659877455650388e+01
3.443950709960002854e+01
3.439273208122235559e+01
3.435622101647966531e+01
3.434571568534044417e+01
3.434885746932538098e+01
3.438316327643957493e+01
3.442824172726398047e+01
3.444550518925510829e+01
3.445985108381624684e+01
3.446073328322087548e+01
3.445881390326567129e+01
3.445743730662567827e+01
3.443833489830860373e+01
3.440953670522944918e+01
3.437823352427908929e+01
3.436471210839422952e+01
3.438253333436080794e+01
3.440377501064831023e+01
3.443792768031612894e+01
3.447648381229731029e+01
3.448738596309332394e+01
3.448968279318825836e+01
3.448276169353030696e+01
3.446237627023179328e+01
3.441695230300150854e+01
3.439395357302315404e+01
3.438086275401833802e+01
3.437912242128653162e+01
3.438556121384243625e+01
3.441250295864343656e+01
3.445317822092822979e+01
3.446197392108758351e+01
3.447121342170967040e+01
3.448901892756531140e+01
3.450340743149585165e+01
3.450059216006191321e+01
3.447212438779199317e+01
3.442133915908208053e+01
3.440437582356303636e+01
3.440229512099380571e+01
3.441537074606853253e+01
3.443820232000145865e+01
3.445769148464120946e+01
3.447017986581255400e+01
3.448313060283469866e+01
3.448634953175439932e+01
3.448817345190791173e+01
3.448154534281033534e+01
3.447101734974667409e+01
3.444731935921901567e+01
3.445243160162788598e+01
3.444294997232839251e+01
3.443886645848744621e+01
3.447209186688299809e+01
3.450513595302879111e+01
3.451525441199822808e+01
3.451042518758313093e+01
3.450733243095875480e+01
3.449406231991272165e+01
3.448595716318634885e+01
3.448434190709438951e+01
3.445931642124170224e+01
3.442126735784967906e+01
3.440328034526691425e+01
3.442116516651535107e+01
3.442160701021023783e+01
3.444777480172185591e+01
3.447458089535976455e+01
3.449346254446138005e+01
3.449594181915239233e+01
3.450092341891215142e+01
3.449139795300170874e+01
3.447216468713104121e+01
3.444842908972325546e+01
3.442846990062507473e+01
3.441872315314797959e+01
3.442537734982141728e+01
3.444986809111220794e+01
3.448245750077994387e+01
3.451562909191829931e+01
3.453236003540563814e+01
3.453066179592691753e+01
3.453144408404415344e+01
3.453166818970252194e+01
3.452935916462573829e+01
3.451040378727376634e+01
3.447133222000071129e+01
3.445015170083467382e+01
3.445769546904890035e+01
3.449538234493159194e+01
3.453183032270929687e+01
3.456140576944811471e+01
3.456054821316150338e+01
3.455621435546874665e+01
3.455123147900880554e+01
3.455200419461849037e+01
3.454761230774656156e+01
3.451622995896195789e+01
3.449492941550096248e+01
3.448255800297872042e+01
3.448672872679320989e+01
3.450771823325319332e+01
3.453691097409191002e+01
3.456202946084970762e+01
3.456392255768303556e+01
3.456350671280469555e+01
3.455966890591841434e+01
3.454723117202912164e+01
3.453690183174355610e+01
3.450240600226323551e+01
3.448341050318421708e+01
3.447136637012511784e+01
3.447217701122369959e+01
3.451661349374925436e+01
3.453763570872470012e+01
3.454949633807743226e+01
3.456335916320129797e+01
3.456452560356793668e+01
3.455119149984307825e+01
3.453891192798003829e+01
3.453305461417608768e+01
3.449434665955844537e+01
3.447301066788281787e+01
3.444867166439222217e+01
3.445300712477302341e+01
3.448480691077926963e+01
3.451921522370333406e+01
3.454953241440249911e+01
3.456930669482398599e+01
3.457768678102862481e+01
3.457188115017204666e+01
3.456627673238264720e+01
3.455227378065126942e+01
3.451095776089303513e+01
3.449843445960272703e+01
3.450226847692677978e+01
3.452146430313789693e+01
3.455241941895231861e+01
3.458330654805939730e+01
3.459680486072191741e+01
3.460050263870363096e+01
3.460278355005922180e+01
3.459729943820801878e+01
3.459376103319472406e+01
3.458171954189830899e+01
3.456800213862983640e+01
3.454921863592759479e+01
3.451451100657392601e+01
3.451223500815437006e+01
3.455692611961420369e+01
3.457270105724215625e+01
3.458252722757595876e+01
3.457970492412142960e+01
3.457124722461963984e+01
3.456216834608795807e+01
3.455407386186801943e+01
3.453216480265123778e+01
3.448904291550842771e+01
3.445067667379356635e+01
3.444065861997381006e+01
3.443819875592195956e+01
3.445247249633847986e+01
3.448682566773803870e+01
3.450421289802743985e+01
3.451958463712132641e+01
3.451092159461774145e+01
3.450474088130679462e+01
3.449527860197909490e+01
3.447595245333889835e+01
3.445410808279437020e+01
3.441945599217535090e+01
3.439435448866141343e+01
3.442535244733755206e+01
3.446866201349347136e+01
3.448300200421822836e+01
3.449174275393894362e+01
3.450068079090821271e+01
3.450411397280663550e+01
3.450298077927913454e+01
3.448839857244870899e+01
3.446375428802476648e+01
3.443600790473868045e+01
3.439816202960604841e+01
3.439316448035292240e+01
3.442064358077120545e+01
3.442992970188456781e+01
3.445186009011836603e+01
3.447907397862584133e+01
3.447938490132095524e+01
3.448606844930187521e+01
3.449339450736135149e+01
3.448070660272540522e+01
3.446238987487764405e+01
3.443483799699138359e+01
3.440050489764074371e+01
3.437994170727503729e+01
3.438587790337027883e+01
3.439887505069625462e+01
3.442889616429508237e+01
3.444488696204997780e+01
3.444541923129913386e+01
3.444008663622555844e+01
3.442733420331929040e+01
3.441271336284037119e+01
3.438578951720170096e+01
3.433953105541139905e+01
3.429408798589938812e+01
3.427771064088841513e+01
3.427903041364029946e+01
3.431511338287602086e+01
3.432995069284096701e+01
3.435644472990177434e+01
3.437349798487659314e+01
3.437945932343973965e+01
3.439751831960728623e+01
3.440198512330093905e+01
3.439228070256923075e+01
3.437463076610884372e+01
3.434818064893068623e+01
3.433382973775257341e+01
3.434076902307321433e+01
3.437075434047236655e+01
3.441092002480871059e+01
3.441901954864691504e+01
3.443516465081936673e+01
3.443007895316329581e+01
3.443838706348918066e+01
3.444200770872563311e+01
3.441972655853023610e+01
3.437315934050973709e+01
3.434232588850375123e+01
3.432859657999966174e+01
3.435201168463336074e+01
3.437142131045253990e+01
3.440523206744492768e+01
3.442285408180707407e+01
3.443420940519357032e+01
3.444345194901512741e+01
3.443171263097892876e+01
3.441935918113529880e+01
3.440741012082567352e+01
3.437141973146633234e+01
3.434491193904867146e+01
3.433890811347833250e+01
3.435190402707100077e+01
3.435689897678106774e+01
3.437900641663677703e+01
3.440238917988832412e+01
3.442986077593051419e+01
3.444841153135368472e+01
3.445689557604577402e+01
3.446596149693347400e+01
3.445248793970999657e+01
3.442469013636847563e+01
3.439355456471746919e+01
3.437192786810942380e+01
3.436251472323257161e+01
3.437163551117045301e+01
3.439232311578547296e+01
3.441352644564876329e+01
3.442534207854158979e+01
3.443020289785931709e+01
3.442990225071734756e+01
3.441938804922883577e+01
3.439308912573604005e+01
3.438935955226173746e+01
3.436738688183734780e+01
3.437123576184951190e+01
3.437959358261596776e+01
3.440159325840281923e+01
3.442149866447722673e+01
3.444632556482768138e+01
3.445625925034934056e+01
3.445947468715906581e+01
3.446136300486086412e+01
3.445810510100953650e+01
3.444280812256209146e+01
3.442525739616491620e+01
3.442292524997851189e+01
3.441256004086991283e+01
3.442589342714124712e+01
3.444627358426459551e+01
3.446488534577131446e+01
3.447114229148452580e+01
3.447850967254566257e+01
3.448273630110723786e+01
3.449030701553439826e+01
3.450052387417428434e+01
3.449700635396117576e+01
3.446892820441867400e+01
3.444550647438519775e+01
3.443465695545081928e+01
3.444233900750706567e+01
3.446246573024550486e+01
3.447546494918232440e+01
3.449462870764492806e+01
3.450687936503822328e+01
3.449721894612980577e+01
3.448518847966825973e+01
3.447372304096705165e+01
3.445110741818545108e+01
3.443491655114646477e+01
3.439342978415213281e+01
3.437273361275817507e+01
3.438912149471974544e+01
3.440653216267260461e+01
3.443682131916266798e+01
3.444644754234106188e+01
3.446382268476226329e+01
3.447512451045776771e+01
3.447989303660965277e+01
3.447927691772402881e+01
3.446440338789192737e+01
3.443611122656904655e+01
3.441152800558008096e+01
3.441248483203685282e+01
3.441923499393326580e+01
3.444974005494157154e+01
3.447804164301152952e+01
3.450674444312119249e+01
3.452182256898520052e+01
3.450311043532455813e+01
3.448686212672520668e+01
3.447307159802706877e+01
3.445180526136474697e+01
3.442029623775911062e+01
3.438974172630657478e+01
3.437007040826477322e+01
3.438033418347045256e+01
3.439076908686969603e+01
3.441342496396853079e+01
3.441946296067970223e+01
3.443183641039257026e+01
3.443059791470513886e+01
3.442117486131505188e+01
3.440950708393113899e+01
3.438784892498729562e+01
3.434094311609838002e+01
3.431645067927370718e+01
3.430308300736882643e+01
3.430368696835488862e+01
3.432703779719538772e+01
3.435657517156395357e+01
3.438704780086624879e+01
3.440289694636238949e+01
3.440867988855698911e+01
3.440291675353449818e+01
3.440545208172207481e+01
3.439561541754468976e+01
3.437311062472912226e+01
3.433737842371323268e+01
3.432232260961692560e+01
3.432588293486220010e+01
3.437697867257088546e+01
3.440410472238724537e+01
3.442818123556873644e+01
3.444368555623897521e+01
3.444767794766820401e+01
3.445512701486653384e+01
3.445224071018651557e+01
3.444610521094870847e+01
3.443440530080553685e+01
3.441781518704137000e+01
3.443557735126920250e+01
3.443846426661603743e+01
3.446466544467919846e+01
3.448627003727844453e+01
3.449769382096540937e+01
3.450899115372616421e+01
3.450775887002238562e+01
3.449927723971877214e+01
3.449269715993580832e+01
3.446641196529583340e+01
3.442170911133746358e+01
3.438624914832167434e+01
3.437179872691931592e+01
3.436285071184914841e+01
3.439624916807710520e+01
3.441369716843578175e+01
3.443695776918284679e+01
3.444894808416745491e+01
3.444910487800208188e+01
3.442885008278129533e+01
3.441397744551612448e+01
3.441015826187754101e+01
3.438172586508212447e+01
3.435815651616115218e+01
3.434010223934514272e+01
3.436131839993667114e+01
3.440551686410415755e+01
3.443453218242804326e+01
3.444332768575703341e+01
3.444677636394163045e+01
3.445789907887412085e+01
3.446138098631411140e+01
3.445931263917533016e+01
3.443859534285703461e+01
3.441650709028275656e+01
3.438304728521696063e+01
3.434983541869825530e+01
3.435301083066658379e+01
3.436140322791035118e+01
3.438609387247895910e+01
3.440820201243797527e+01
3.442694438971615511e+01
3.442922386502047516e+01
3.443701380385805777e+01
3.443835311306735036e+01
3.442122055425875971e+01
3.439301944097285002e+01
3.436394415239418976e+01
3.433233944777749258e+01
3.433116542490042633e+01
3.434141493552165514e+01
3.436603102078102268e+01
3.438585948825510030e+01
3.440370477674968441e+01
3.440377852143954129e+01
3.439155123476076881e+01
3.437864634328483504e+01
3.436689693769895371e+01
3.434134559164462530e+01
3.430296938724089273e+01
3.428791177470034768e+01
3.430447313885682803e+01
3.433593943612505939e+01
3.436815931734498264e+01
3.438817506258219936e+01
3.440023721331282047e+01
3.440691746209106583e+01
3.441128429009371104e+01
3.440206297975792893e+01
3.437068738788912015e+01
3.434937888378579629e+01
3.431642407740297074e+01
3.429203062578928751e+01
3.430936665183842393e+01
3.433885084577038072e+01
3.437521955962215259e+01
3.438852997605530248e+01
3.440235162501214461e+01
3.440726428450334140e+01
3.441686252890922759e+01
3.442758326804235480e+01
3.443419985596754174e+01
3.442341743103347795e+01
3.441817554231677434e+01
3.441628555913457177e+01
3.440604808482129329e+01
3.442631086438624521e+01
3.445288754663307884e+01
3.446688673427878769e+01
3.446824434039765350e+01
3.445851664609393339e+01
3.445516017679936738e+01
3.442374550720535353e+01
3.439887317444460990e+01
3.438591700923413441e+01
3.436506443061409044e+01
3.435809661988413666e+01
3.436800117402334820e+01
3.439057483787007641e+01
3.441778248891734648e+01
3.443341918043942229e+01
3.444150060356793830e+01
3.444321763935280956e+01
3.444719109060687856e+01
3.444039501584170893e+01
3.443022909841003809e+01
3.439513410078255617e+01
3.437550887345506112e+01
3.435848298607219675e+01
3.436704517108290702e+01
3.439271712510461043e+01
3.441751418960257780e+01
3.443357533418426186e+01
3.443691081878063898e+01
3.445260075593689919e+01
3.445719673526423321e+01
3.443681520719377431e+01
3.442495156689009406e+01
3.440281691041031564e+01
3.438152264256597590e+01
3.436122944242530508e+01
3.436672645517620595e+01
3.439070257364616623e+01
3.442794775582108002e+01
3.444177805777083989e+01
3.446101114999925841e+01
3.446919793275589683e+01
3.446139146103277540e+01
3.445213866047944151e+01
3.442290307171172969e+01
3.441464885927599227e+01
3.437929514219702298e+01
3.435819390678241092e+01
3.437578757180606459e+01
3.440709041163673731e+01
3.442987064238757711e+01
3.445543799206421198e+01
3.446647142062522562e+01
3.446180418037403115e+01
3.445703592180775132e+01
3.444271307638670976e+01
3.441643690808449918e+01
3.438188768618203994e+01
3.435563071454858175e+01
3.435200127228673495e+01
3.436388250897633867e+01
3.439502783546392806e+01
3.442607886323641253e+01
3.444549979735510448e+01
3.445491184076193036e+01
3.445703497880144539e+01
3.444441813396232988e+01
3.443982066917182294e+01
3.440957170175472868e+01
3.436708081477350873e+01
3.433558477851507007e+01
3.431276439775843556e+01
3.433362928972941575e+01
3.435296041115569921e+01
3.437978098659433357e+01
3.441349901057078142e+01
3.443186481712921676e+01
3.442961560662232046e+01
3.443508025468619138e+01
3.443323310792066394e+01
3.440817602693183375e+01
3.438202227853842174e+01
3.434435663824314133e+01
3.431898045275417530e+01
3.432373766532908377e+01
3.434733576198962623e+01
3.437988938661973748e+01
3.440609208097014715e+01
3.440981048989718261e+01
3.440912323695675212e+01
3.439582090707757800e+01
3.438242903346933588e+01
3.435151904899344544e+01
3.433981433790837201e+01
3.431764999941620431e+01
3.432917985140464623e+01
3.431478432750291319e+01
3.435260354481445688e+01
3.437179704803510560e+01
3.439772217665552745e+01
3.441617612206611199e+01
3.443145946976065375e+01
3.444344602773512776e+01
3.443630534447295588e+01
3.442977579243540021e+01
3.439976912617037641e+01
3.439787495703311038e+01
3.439941622898826523e+01
3.440049567832563326e+01
3.441328097412460352e+01
3.442454538162063216e+01
3.443498681743371748e+01
3.445837682777379740e+01
3.444283766149943204e+01
3.442921551506083233e+01
3.442232176050727332e+01
3.440123039715409448e+01
3.436059127783973821e+01
3.433866178548877457e+01
3.432834881142863281e+01
3.433768478157411863e+01
3.436691131866761140e+01
3.438505888706902880e+01
3.439949951886433155e+01
3.440392710738544935e+01
3.440043347748255087e+01
3.438870972968693707e+01
3.439256281281758021e+01
3.437784341074844008e+01
3.433586228161615850e+01
3.431787133569557824e+01
3.429253046300551944e+01
3.430516359142885818e+01
3.433706024641040244e+01
3.435984253697953505e+01
3.439790804295660820e+01
3.441511467057478058e+01
3.442314661603113279e+01
3.442999904494428876e+01
3.442794413268546805e+01
3.441115280594755177e+01
3.437500644988940479e+01
3.433432167097735999e+01
3.434650717871513592e+01
3.436784305797633721e+01
3.438936046724616347e+01
3.442571386251717769e+01
3.445901670190418287e+01
3.447392196287194110e+01
3.447500945397499095e+01
3.446603034860618919e+01
3.445972258059092752e+01
3.444902793148557407e+01
3.441113514286954711e+01
3.436705239757536390e+01
3.433898237951526511e+01
3.435474346826335079e+01
3.437859257051238870e+01
3.439130494723946896e+01
3.440722137854569951e+01
3.443193176691027446e+01
3.443483534808311930e+01
3.444074967034593016e+01
3.443329568673220820e+01
3.442208434247126547e+01
3.438591189278921689e+01
3.437007179051403227e+01
3.435034605267458829e+01
3.437111457354902910e+01
3.438336793239161437e+01
3.441311654098853268e+01
3.443943205102878125e+01
3.445080524415462975e+01
3.444868912769756975e+01
3.445551215306577575e+01
3.444348389570910030e+01
3.441466787865966381e+01
3.437254281143050605e+01
3.434791460362584559e+01
3.433175635954219729e+01
3.433899174024745093e+01
3.437505334319703110e+01
3.440131055656590320e+01
3.443038788308243880e+01
3.444101781717498767e+01
3.445029059910311275e+01
3.445504582740203148e+01
3.445616799219497040e+01
3.442435218727115398e+01
3.440825139749783546e+01
3.440298065098562574e+01
3.439672580623617648e+01
3.441097987835234306e+01
3.442807696503430037e+01
3.445575608418052127e+01
3.447502660348199299e+01
3.448441179569340420e+01
3.448780625721563098e+01
3.448194243796890390e+01
3.447863555801369984e+01
3.447597459522394558e+01
3.445224493210298533e+01
3.441614276138809458e+01
3.440976278000863431e+01
3.443001487427049767e+01
3.443787484015853551e+01
3.445175438691864400e+01
3.446897003809574755e+01
3.447831697455706035e+01
3.448099657906559656e+01
3.448070345834360495e+01
3.446562963117602152e+01
3.445784611941336806e+01
3.444914844716755198e+01
3.442582424322243639e+01
3.442468928293877894e+01
3.443406920533218596e+01
3.444997769187514791e+01
3.448028087340929204e+01
3.449316156841261716e+01
3.449108058184164349e+01
3.448870677881956937e+01
3.449254405403739554e+01
3.449178468074205739e+01
3.446086802652177994e+01
3.442225022608986507e+01
3.439118038538491362e+01
3.438222864660393441e+01
3.438769080382628829e+01
3.440769409247406685e+01
3.443654849877451340e+01
3.445443553253713276e+01
3.446924280463519352e+01
3.447523253321526937e+01
3.447954987983283814e+01
3.449364503244466107e+01
3.448571154543467543e+01
3.446882755835089540e+01
3.445853054193381126e+01
3.444811371895175256e+01
3.445186463374937347e+01
3.447522502699441560e+01
3.448875914099394890e+01
3.450777535585451261e+01
3.451633845872190420e+01
3.451128212965349462e+01
3.451746282932713683e+01
3.450211568116051808e+01
3.447243893544412430e+01
3.443406779765307846e+01
3.440865173284966971e+01
3.441038109933570155e+01
3.441034607857147876e+01
3.442597594931122273e+01
3.445921645771684183e+01
3.447256810325502130e+01
3.448010452455277886e+01
3.449113207806988868e+01
3.449828395597949537e+01
3.450217539585575111e+01
3.450268351040825365e+01
3.447802364266686226e+01
3.446428574090315777e+01
3.446492202008327865e+01
3.446362968761675205e+01
3.448274113532512075e+01
3.450335152702896835e+01
3.452901999496539531e+01
3.453351219026482255e+01
3.453312776431170761e+01
3.453163088443123030e+01
3.452512728913068685e+01
3.450641952578573779e+01
3.449225475297778587e+01
3.447718936812530188e+01
3.446820884741806168e+01
3.447700001935844938e+01
3.448866367145467393e+01
3.452473805282497921e+01
3.453826236381367210e+01
3.453569566370754984e+01
3.452545031650713270e+01
3.452320778013473301e+01
3.451321040457055744e+01
3.451797165918482335e+01
3.450051899334667382e+01
3.448066452892418710e+01
3.446794438796479199e+01
3.447159577658901952e+01
3.448540817281467241e+01
3.449951059269076836e+01
3.453740854625291945e+01
3.454990362596114295e+01
3.454158732264485110e+01
3.453527071445050467e+01
3.452923259743207751e+01
3.452004374201376180e+01
3.449892537675416548e+01
3.447263072400596684e+01
3.444818343486594614e+01
3.444379786155697332e+01
3.445486074762840900e+01
3.448497516801452178e+01
3.450852492709640984e+01
3.451709159960097395e+01
3.451502833897039579e+01
3.451653595389280582e+01
3.451465106452784681e+01
3.449866698198286485e+01
3.446484057825016833e+01
3.443734181093264368e+01
3.441377680089614444e+01
3.441984741829755023e+01
3.443697895500807249e+01
3.444670036876793517e+01
3.446129905538244032e+01
3.446470875555300495e+01
3.447988356745613459e+01
3.448036031277554514e+01
3.445431970883866768e+01
3.441270639291158773e+01
3.440618497261328201e+01
3.438450819221981902e+01
3.436425853467054026e+01
3.436553565186363812e+01
3.438945139541954177e+01
3.443634032567961611e+01
3.445773153554294765e+01
3.447057355797072375e+01
3.446368813936588538e+01
3.446241478567465322e+01
3.447700227806205220e+01
3.446423904874593092e+01
3.444157296196870277e+01
3.441274744461475166e+01
3.439845526827680544e+01
3.440330665047935810e+01
3.442839199085646129e+01
3.444183834815223832e+01
3.446561815824796327e+01
3.447347670251598828e+01
3.447474190050925102e+01
3.448112663274151402e+01
3.448199753101554421e+01
3.445718723535669881e+01
3.443529345780184769e+01
3.443882634052000924e+01
3.443435080366750611e+01
3.442648244821556602e+01
3.444548149463100373e+01
3.447961088664028750e+01
3.449531487784328476e+01
3.450404339923612440e+01
3.449375029906351386e+01
3.448820035924049421e+01
3.448289511335784141e+01
3.446329286063225084e+01
3.445697664957798878e+01
3.443682775863727841e+01
3.442962755701984889e+01
3.443225140083711011e+01
3.445174790718592561e+01
3.448898877630320214e+01
3.452542514933326601e+01
3.452891862700730030e+01
3.452049084235637366e+01
3.451035753426609176e+01
3.451600720939910616e+01
3.451564545970827425e+01
3.450719844459887753e+01
3.448360368324254210e+01
3.447321921577034232e+01
3.447522056343593277e+01
3.449873551556054707e+01
3.451120318160420197e+01
3.452431972294300522e+01
3.452336123492890607e+01
3.450918330229910680e+01
3.448868913229782862e+01
3.446468026491417902e+01
3.443961875616481194e+01
3.440475345897409909e+01
3.436438644628392325e+01
3.434198905143136216e+01
3.432935473546412197e+01
3.436219889472366873e+01
3.438585586890243917e+01
3.441071126376808564e+01
3.443317924961143461e+01
3.443311244757573775e+01
3.443994846388726927e+01
3.443421185811214968e+01
3.441548445764119890e+01
3.438482308596552173e+01
3.435192609738350455e+01
3.434607803869261033e+01
3.435223475514014524e+01
3.436928728250351384e+01
3.439703942183389529e+01
3.442818309647839214e+01
3.443450416673671555e+01
3.443994662964509246e+01
3.444316757684067198e+01
3.444667392094747527e+01
3.443744159019028217e+01
3.440732246236194669e+01
3.437951797283651700e+01
3.437626780194975851e+01
3.439482796261320630e+01
3.441991368205628277e+01
3.443478688230436546e+01
3.444636006015831242e+01
3.445645470601778726e+01
3.445415491648545725e+01
3.445444172941232353e+01
3.445600254555423447e+01
3.444214376788729481e+01
3.441024470984277883e+01
3.437540193451381043e+01
3.434861637708389281e+01
3.435517187651785065e+01
3.436122344333789158e+01
3.438329108444207094e+01
3.438925684787015058e+01
3.438975104969959773e+01
3.438861893029744010e+01
3.438130557945977728e+01
3.437265266224201099e+01
3.435264854281556524e+01
3.432280707757950466e+01
3.429089983429729216e+01
3.426799837914443714e+01
3.428357351371951722e+01
3.432466536750228414e+01
3.433578054552994985e+01
3.435715222164466098e+01
3.437744799066778256e+01
3.438298280668546880e+01
3.438520069741787921e+01
3.438007080211228583e+01
3.436000265271457010e+01
3.432790645603086688e+01
3.428973509009501441e+01
3.427028201460033330e+01
3.430209644213201869e+01
3.433853284465509859e+01
3.436564165377659918e+01
3.437739612356995167e+01
3.439209016667881258e+01
3.440727136743036141e+01
3.440745926664872911e+01
3.440218826282561082e+01
3.439160697151669410e+01
3.436374171143162215e+01
3.431922810874731056e+01
3.428679971571803264e+01
3.427558699957592836e+01
3.429418984769641554e+01
3.432163393883944735e+01
3.436155500508130700e+01
3.438182614646849089e+01
3.438900462328318497e+01
3.440091546441127690e+01
3.438499159579466635e+01
3.438025522451597737e+01
3.436568981969788439e+01
3.435310787445170888e+01
3.434863322409471209e+01
3.435525666542436340e+01
3.439136529420170518e+01
3.441872154670033268e+01
3.444394776359715138e+01
3.444586788557172241e+01
3.444243384003896580e+01
3.444252145123912356e+01
3.444336637411824853e+01
3.444353084141764754e+01
3.440041032765049778e+01
3.435756565012628272e+01
3.433657007858735710e+01
3.433506255099982241e+01
3.435704247089460495e+01
3.439017571140546181e+01
3.441632262710724177e+01
3.442386050568283906e+01
3.442431886895287363e+01
3.442450619734221107e+01
3.441520163944340993e+01
3.440773049014003249e+01
3.439306025610129325e+01
3.435977546995027154e+01
3.435001717694509438e+01
3.435063697664470084e+01
3.436804560182591217e+01
3.439595618183678027e+01
3.442194665383731689e+01
3.442770542087928476e+01
3.443873843931675083e+01
3.444322425555206735e+01
3.443677730876935073e+01
3.441848903139571547e+01
3.441186791501804265e+01
3.440093270856218055e+01
3.439806633283267701e+01
3.441931625269010198e+01
3.443885545574318030e+01
3.446342693899730136e+01
3.447817062545769318e+01
3.448489873766103386e+01
3.449074587174666817e+01
3.449959940878504483e+01
3.448749872969814589e+01
3.446096370830343858e+01
3.442833050057818411e+01
3.438883131076077859e+01
3.437312377854961909e+01
3.437335070647828417e+01
3.439548111250597628e+01
3.441735980698062747e+01
3.442605567984815451e+01
3.443377689535321906e+01
3.444317797237416556e+01
3.444298644833886414e+01
3.443885245966717434e+01
3.441658459994563657e+01
3.438973405076350076e+01
3.434545097107488232e+01
3.433083879360671631e+01
3.433367757072722526e+01
3.436759134654005265e+01
3.439489840006744004e+01
3.441239283697711215e+01
3.441965330359277431e+01
3.441901543933169449e+01
3.441813710942169990e+01
3.442249955428865604e+01
3.439690320061237117e+01
3.437717274795159739e+01
3.435259229767269318e+01
3.433533413415194246e+01
3.434915918386743527e+01
3.437510608067778861e+01
3.441323288087338739e+01
3.444766729587462351e+01
3.446257595131945806e+01
3.446737770383115418e+01
3.447467076755197013e+01
3.446763331315758450e+01
3.446049065928009725e+01
3.444070110985323652e+01
3.440153625622552624e+01
3.437128272948518770e+01
3.437261424807489618e+01
3.441758192710201314e+01
3.444685883730683429e+01
3.448010808772155400e+01
3.448606201765004897e+01
3.448310928628740157e+01
3.447267314957518636e+01
3.446375364984980649e+01
3.445051316605673009e+01
3.442214674434798383e+01
3.440162268590648864e+01
3.438600207644462614e+01
3.438829532340518114e+01
3.441477042589520607e+01
3.443662422879117457e+01
3.446756235400600588e+01
3.447851094859199605e+01
3.448368264378493819e+01
3.448325523691564598e+01
3.447855916294442125e+01
3.444685721514358789e+01
3.441859770068802504e+01
3.439316389210362246e+01
3.438372356131000629e+01
3.440560811067614821e+01
3.443171483396569954e+01
3.445608596869769258e+01
3.447636759124857520e+01
3.447411723004655215e+01
3.447175946177441830e+01
3.446353732115035484e+01
3.445995933829133406e+01
3.443333179145277256e+01
3.439810960865576561e+01
3.436232861089938950e+01
3.433946982347150367e+01
3.434882932877324180e+01
3.434013263535501892e+01
3.435476717867310725e+01
3.438649269728804114e+01
3.441962710096377265e+01
3.442313904293138904e+01
3.442501088460870307e+01
3.442085288195690396e+01
3.441378170638301270e+01
3.439453082483802859e+01
3.437115053510114393e+01
3.434632239422207789e+01
3.436955411865584864e+01
3.438181799212491541e+01
3.440325523794311380e+01
3.442511429540851964e+01
3.443761515661427808e+01
3.443879496867153733e+01
3.443860037257424267e+01
3.443562636746772654e+01
3.441664961224724806e+01
3.438951751808811963e+01
3.437760426219792009e+01
3.437244638650858519e+01
3.438253696286727745e+01
3.440743122216493077e+01
3.444066151883723848e+01
3.445132133364063520e+01
3.445672733331185356e+01
3.445925473845311870e+01
3.446850989669734133e+01
3.446811932449522686e+01
3.446398446329227738e+01
3.443952016260629279e+01
3.444121108368079831e+01
3.443388538063519633e+01
3.445227792543752088e+01
3.446958699348117960e+01
3.448745266864033709e+01
3.449914496598611180e+01
3.450733291211778209e+01
3.450523078934364918e+01
3.449121496541165754e+01
3.447411936227805995e+01
3.444968059723031217e+01
3.441928227518046413e+01
3.439874161253773366e+01
3.438028626643016139e+01
3.437554402148531096e+01
3.439573735412277244e+01
3.443268922364916307e+01
3.444559332028447329e+01
3.445608195876673818e+01
3.446864125845793581e+01
3.447556389959946443e+01
3.446972902106965364e+01
3.445089776880455190e+01
3.443997300110592619e+01
3.441551204427082666e+01
3.439179735711643104e+01
3.439719854297901946e+01
3.441794404035337607e+01
3.444745021326985324e+01
3.447030753088011323e+01
3.448762763910060869e+01
3.449310823175402163e+01
3.448852351808625372e+01
3.447159703306675027e+01
3.445673203134339957e+01
3.441997072180625139e+01
3.438878259143072569e+01
3.438276185372205163e+01
3.439383754341056232e+01
3.441763846745538302e+01
3.444447916440156376e+01
3.447462632218902456e+01
3.448437369693590426e+01
3.450295550550536205e+01
3.450642803388219448e+01
3.449446786236026696e+01
3.445898085830082636e+01
3.443142178089318861e+01
3.441663293929899936e+01
3.441528097003807574e+01
3.442761643058233290e+01
3.444820472238724562e+01
3.447238479005073941e+01
3.449580733430661894e+01
3.449948485340354409e+01
3.449895381714041775e+01
3.449697784263286593e+01
3.449499661661492667e+01
3.449129593197034183e+01
3.448300768819961348e+01
3.447267022894809685e+01
3.447663847387707392e+01
3.451442229862075806e+01
3.453339350109565231e+01
3.457505155353300808e+01
3.459150675507103045e+01
3.458279080735238864e+01
3.458944994423646335e+01
3.457398316482843370e+01
3.455929921515385672e+01
3.454249571888730941e+01
3.452294877565402942e+01
3.448957542534878229e+01
3.446875992964640290e+01
3.446961819939342320e+01
3.447924356260368484e+01
3.449682813165519235e+01
3.450394935320831991e+01
3.451194356136604569e+01
3.452125862490099450e+01
3.452708275290680717e+01
3.452255567141823889e+01
3.451681215140781944e+01
3.451064958945610783e+01
3.448572682898807074e+01
3.448175600550910502e+01
3.449187310691187491e+01
3.450905865044760645e+01
3.452958411640476299e+01
3.454475767883563009e+01
3.454910257058711665e+01
3.454583588519249560e+01
3.454368506312395937e+01
3.453302907139227074e+01
3.450480348463747760e+01
3.448907583488855977e+01
3.445909426793773633e+01
3.444058100721376547e+01
3.443228251978811727e+01
3.445245699461139566e+01
3.447562333942342150e+01
3.448900990753246987e+01
3.450420727781918373e+01
3.449278702479562497e+01
3.448126458924128457e+01
3.446499808073477311e+01
3.445538323429934024e+01
3.441509985512688274e+01
3.438304433638118240e+01
3.436896011332981971e+01
3.437397376045216646e+01
3.440990553098192350e+01
3.444579279307616559e+01
3.445542332592621193e+01
3.445652160909570938e+01
3.445706736205295329e+01
3.445232290228210559e+01
3.443838488221936700e+01
3.441277592497889515e+01
3.439277709556955642e+01
3.437521222279356437e+01
3.436848024838126747e+01
3.437244285320645076e+01
3.438519361507464822e+01
3.442594103717848952e+01
3.445323892358153017e+01
3.446390610360902684e+01
3.446745420844261787e+01
3.447960839194576010e+01
3.449223684298033277e+01
3.447742252648534134e+01
3.445470047842689354e+01
3.444520751364665045e+01
3.443404758703594837e+01
3.443981453181977770e+01
3.447127399866148778e+01
3.449613560973741500e+01
3.452433995520701870e+01
3.452930743973895034e+01
3.452735222822980177e+01
3.451629887826081244e+01
3.449908311723793730e+01
3.448031707632319609e+01
3.446064880507700678e+01
3.442394883870326083e+01
3.440087032279804191e+01
3.440928425471608421e+01
3.442423024072195403e+01
3.445198487563422418e+01
3.446402785262733204e+01
3.447030193416352972e+01
3.446446717262504933e+01
3.446528052717562218e+01
3.445127601175330057e+01
3.444257117106703703e+01
3.441745529095116751e+01
3.438637764099208738e+01
3.437557286606382689e+01
3.438102355021801060e+01
3.441601531029093763e+01
3.443780366101185564e+01
3.445213577389893089e+01
3.447264497411245543e+01
3.449613097902842895e+01
3.450013263341683967e+01
3.449717752841419127e+01
3.448857191184877280e+01
3.446656383680711144e+01
3.443590400598453272e+01
3.442146924000926589e+01
3.442682377861967780e+01
3.444065884274775158e+01
3.446308268121749308e+01
3.446841549876143063e+01
3.447867508313157003e+01
3.447996243765131652e+01
3.448943041011421684e+01
3.448666044130256836e+01
3.448434374612364905e+01
3.446473471768423025e+01
3.445245609036869183e+01
3.444729434787014810e+01
3.445866204658263854e+01
3.448783612723147485e+01
3.450802249764615937e+01
3.452777890580632203e+01
3.452595508102059796e+01
3.451425267746722625e+01
3.450557927653579071e+01
3.449416620369851216e+01
3.448336328965656605e+01
3.445460117119780818e+01
3.441033614586601885e+01
3.438903137105451435e+01
3.439097458345476355e+01
3.440543593065798689e+01
3.442162944366294397e+01
3.443326003640976296e+01
3.444078005668826847e+01
3.444397116044207507e+01
3.443890745393670016e+01
3.442031993065518947e+01
3.439824633674639642e+01
3.438482644142212763e+01
3.435128815232599919e+01
3.430563896075722852e+01
3.431448803967804650e+01
3.433406946922823977e+01
3.438290607684813693e+01
3.442998727283597304e+01
3.443779742275768996e+01
3.445032849309073697e+01
3.445597298142055820e+01
3.445203029884400081e+01
3.443466238198118390e+01
3.440727044385256050e+01
