3.435761354351144092e+01
3.438376830253728400e+01
3.439053815748670218e+01
3.441698639096406964e+01
3.445538415734005611e+01
3.448413151242490216e+01
3.447942435388551274e+01
3.448374897355855495e+01
3.447943898609367608e+01
3.447154199909955707e+01
3.445494533599167397e+01
3.441793333102152985e+01
3.438520936635992342e+01
3.435651867515822033e+01
3.433673368367688283e+01
3.435510526949107657e+01
3.439142079538703456e+01
3.441945885636171454e+01
3.442595671962335047e+01
3.443286962825240494e+01
3.442286164554284511e+01
3.442115469469227662e+01
3.440685798679608354e+01
3.438537728560459783e+01
3.435835017877959530e+01
3.434382931604663725e+01
3.434910313749308841e+01
3.435224285477100636e+01
3.437201402086415669e+01
3.439938844501453730e+01
3.442786716580639705e+01
3.443587779649016767e+01
3.443376458795694361e+01
3.443253318031052146e+01
3.442385621763472869e+01
3.439747492980519183e+01
3.436649579218787665e+01
3.434020197320734269e+01
3.434228303165443918e+01
3.436210145653058845e+01
3.440797609899475873e+01
3.442278300416965919e+01
3.443016890108463457e+01
3.444230742189835581e+01
3.443421246317458184e+01
3.442309942300614978e+01
3.439169776815070634e+01
3.436444085683434935e+01
3.434344478475459539e+01
3.432759840838059517e+01
3.434290094907770907e+01
3.436375607140722366e+01
3.436712262206331303e+01
3.437305544778029542e+01
3.438962847219108454e+01
3.439240033838754584e+01
3.438225628612487128e+01
3.435472839868035067e+01
3.433300174071915478e+01
3.430898345095517499e+01
3.427280564818343578e+01
3.425696248001106170e+01
3.426814427648441352e+01
3.430703747875006826e+01
3.435073039108269199e+01
3.438490981470999230e+01
3.439770161324295827e+01
3.440320113385865142e+01
3.440508193121188896e+01
3.440258130980336659e+01
3.438240500933128629e+01
3.435002486287959300e+01
3.432711816817237604e+01
3.431155968494534392e+01
3.431535906895437193e+01
3.434439527289573846e+01
3.437563718148463465e+01
3.442296641215794040e+01
3.443063690411473488e+01
3.442568713494496535e+01
3.441785485208183815e+01
3.440624250087802238e+01
3.437490549698204489e+01
3.435902384356038652e+01
3.436125236233784364e+01
3.435117040569610225e+01
3.434090251830296125e+01
3.435965259746476619e+01
3.441842673934141317e+01
3.444516099214266092e+01
3.445248276981332936e+01
3.445423381720113554e+01
3.445704514679729158e+01
3.445092393063837477e+01
3.442276546978214213e+01
3.439133917318642375e+01
3.437958352575024179e+01
3.437078630825281778e+01
3.438119289612663465e+01
3.440852556258593609e+01
3.443367541547106470e+01
3.445963018320704663e+01
3.446665545670059316e+01
3.446705551664405931e+01
3.447175206381142232e+01
3.446601000082197430e+01
3.444836676637785189e+01
3.441715614293305947e+01
3.437541816189080635e+01
3.437676579238402752e+01
3.437861720933371856e+01
3.440303647715469282e+01
3.441065819009482141e+01
3.442421716442864721e+01
3.442545595943645509e+01
3.442115307341638442e+01
3.441388383093185865e+01
3.439828621197430891e+01
3.436593789814419608e+01
3.432985933768419784e+01
3.430439890558214699e+01
3.429012812840932867e+01
3.429688202305359823e+01
3.431309946415160539e+01
3.435376572977847331e+01
3.438136143061502281e+01
3.439418835873048863e+01
3.440348873116462869e+01
3.440427463015788589e+01
3.439246150041285688e+01
3.437826707643995405e+01
3.436195207826605014e+01
3.431320741960989551e+01
3.429838610502413587e+01
3.429136198804026492e+01
3.431715743275682939e+01
3.436248032985489687e+01
3.437646448766196983e+01
3.439579841618002831e+01
3.440665849511299257e+01
3.441665441353941901e+01
3.441679970042275016e+01
3.440319708584129188e+01
3.438007607078607464e+01
3.433592572817188682e+01
3.432017588579495992e+01
3.432697099532315121e+01
3.433907525917904024e+01
3.437813320973349818e+01
3.440484884124857246e+01
3.441365043440918470e+01
3.442153668059354032e+01
3.441587589030181960e+01
3.441603292944463988e+01
3.441397598935915170e+01
3.437924427398579752e+01
3.435372269466333250e+01
3.435912068626516458e+01
3.436798294842947854e+01
3.437677553159841182e+01
3.440043191432871339e+01
3.441278839345427798e+01
3.442615472061252291e+01
3.442548473283939359e+01
3.443189421703132069e+01
3.442656757305771009e+01
3.440104747013801756e+01
3.437289835028190055e+01
3.434890807291666448e+01
3.432715064599772603e+01
3.433702352973867988e+01
3.436957262309077521e+01
3.439471387118062040e+01
3.440508394565810590e+01
3.441070337836448800e+01
3.442251051464983647e+01
3.442656843024700208e+01
3.442587821644472967e+01
3.441041816273146026e+01
3.439425089819464176e+01
3.437451603626778507e+01
3.436033411873991383e+01
3.438352486617217352e+01
3.441441176526631551e+01
3.444219374164013914e+01
3.446503768436061677e+01
3.446424710559671212e+01
3.446847623366323887e+01
3.446337747092263726e+01
3.444704188236508458e+01
3.442258259322878899e+01
3.440521671402364490e+01
3.437903539069971970e+01
3.436938871848472843e+01
3.436649149813841575e+01
3.441091344034422406e+01
3.443699010510073322e+01
3.445630158258235554e+01
3.445612092073825039e+01
3.445641791041779101e+01
3.445406848113005793e+01
3.444682445387692127e+01
3.442875839911469882e+01
3.440000299105541615e+01
3.436449373337369195e+01
3.434980237901086042e+01
3.437707079730185455e+01
3.440895723662702466e+01
3.443239529153029110e+01
3.444686584961871034e+01
3.445290742703569720e+01
3.445312985042387766e+01
3.445434615852724392e+01
3.445221795013880239e+01
3.443330718777554011e+01
3.439661118719830313e+01
3.437260372891820737e+01
3.435742011800481066e+01
3.437335268622406659e+01
3.441616801482264520e+01
3.444526748278055805e+01
3.446110075016905938e+01
3.446871483828574156e+01
3.447544093158271750e+01
3.446625145428883741e+01
3.447685853382988341e+01
3.448572138949758425e+01
3.445048004734763225e+01
3.443919184224709085e+01
3.443974499545578993e+01
3.444941245460455548e+01
3.447517167742240218e+01
3.451066485666341777e+01
3.450697487093589189e+01
3.451268702811155009e+01
3.450610972620755490e+01
3.450824556056369374e+01
3.448629920926925507e+01
3.446373510071997259e+01
3.442522608302229514e+01
3.441029344059175088e+01
3.439183777636579009e+01
3.440071924895291744e+01
3.441989709973547917e+01
3.443396681786806113e+01
3.444831735516424942e+01
3.445042951483851112e+01
3.444675203107252059e+01
3.445497027109767885e+01
3.444150814518976489e+01
3.441953729994713029e+01
3.440560061753216559e+01
3.439749166998258545e+01
3.440044232139787539e+01
3.440324248471873858e+01
3.442099933742266415e+01
3.444734526124332064e+01
3.447426591019268471e+01
3.448838719528541219e+01
3.449530417448944064e+01
3.449340407748703541e+01
3.448024069393382263e+01
3.445360992432225089e+01
3.442793847831386955e+01
3.440633254591851653e+01
3.438802620118121212e+01
3.439841855209547816e+01
3.443307326007479929e+01
3.446055250583322049e+01
3.448539521454017631e+01
3.450288873835690850e+01
3.450725047324284134e+01
3.449977885996720062e+01
3.448928041422409052e+01
3.446202861876886203e+01
3.443849498072094661e+01
3.439137836117775038e+01
3.437196180445025107e+01
3.437591295388440216e+01
3.440645821459061438e+01
3.444058315011694305e+01
3.444776362384082091e+01
3.445356873897806338e+01
3.445889445213489211e+01
3.446948563287881484e+01
3.448437009444307222e+01
3.447923439020186720e+01
3.444575981573746049e+01
3.442450836976177442e+01
3.439564988468996631e+01
3.439679673724911169e+01
3.442369758285602188e+01
3.446238288897638569e+01
3.447844881528163796e+01
3.446776681693400235e+01
3.445555509395735783e+01
3.443579626947053640e+01
3.443851666809110412e+01
3.440439096985593181e+01
3.436157466924841231e+01
3.434092083279624319e+01
3.432509090356083448e+01
3.431513416357491053e+01
3.434153935107865152e+01
3.437556167218698278e+01
3.440644616884863893e+01
3.441633254731961955e+01
3.443191297284586483e+01
3.442840411555008728e+01
3.443146738122458572e+01
3.442532308222927639e+01
3.440194419844348062e+01
3.437524276659549116e+01
3.437511869881337390e+01
3.437220652879435079e+01
3.438185641465189235e+01
3.441150360667275265e+01
3.444677127551859286e+01
3.446113069897309344e+01
3.446208302170668247e+01
3.445431843083078860e+01
3.444742918709928858e+01
3.442548408814936067e+01
3.439959089043724560e+01
3.436206374557254151e+01
3.436396716171987009e+01
3.435512016199914598e+01
3.438994209105803179e+01
3.442165337065847552e+01
3.443896280195910720e+01
3.445232078567278222e+01
3.446098035094134815e+01
3.446052240508055320e+01
3.444456437116100034e+01
3.445261651448451801e+01
3.445164576552038227e+01
3.442602995268038768e+01
3.441276592219539054e+01
3.442572541140789610e+01
3.446100283217135996e+01
3.447724645441493863e+01
3.448716495590757347e+01
3.449139568684896062e+01
3.448073804607638237e+01
3.448192006674811694e+01
3.448777867173022571e+01
3.448441905417750064e+01
3.443563888005422058e+01
3.441358824440122532e+01
3.441598231434102928e+01
3.444515535857730981e+01
3.447754555717771296e+01
3.450685036339707068e+01
3.452552132539754126e+01
3.451764562361291411e+01
3.451420930048514890e+01
3.452168951194759927e+01
3.451193826506736428e+01
3.447784601577912866e+01
3.443732602065026072e+01
3.440389645483526948e+01
3.439580388488331408e+01
3.440792996785889812e+01
3.444180073300566391e+01
3.447931423063128165e+01
3.450014178585306013e+01
3.450546839823199718e+01
3.450755977512908856e+01
3.451270310227893390e+01
3.451302758768046886e+01
3.448488874094893930e+01
3.445203313080519791e+01
3.441501479380100648e+01
3.442643732969703052e+01
3.445231960401348204e+01
3.447526996047513848e+01
3.449646805013020412e+01
3.451295966785198743e+01
3.451483018986224494e+01
3.451464143744769331e+01
3.450566251081177427e+01
3.449195268916636792e+01
3.448057611452355076e+01
3.443755133958594428e+01
3.440250938118816748e+01
3.438966917866470396e+01
3.439964808187899337e+01
3.440312615335721347e+01
3.443235786165504209e+01
3.446129282242908687e+01
3.447494479701417447e+01
3.448012495817734901e+01
3.447823493679198492e+01
3.447762604446886314e+01
3.446970412612834167e+01
3.445755164397360915e+01
3.443806682132409236e+01
3.442480091236904371e+01
3.442843632235715745e+01
3.444812327060635226e+01
3.446493727379337457e+01
3.447233577873270605e+01
3.446926185568359102e+01
3.446926383237031644e+01
3.446202269118393957e+01
3.445837321750489224e+01
3.443802253619959686e+01
3.441147468111101659e+01
3.437466610552853297e+01
3.435668962856532005e+01
3.435894965593802652e+01
3.436533506620636302e+01
3.437553623238358114e+01
3.440366296756840825e+01
3.441520764957611789e+01
3.441765555358624340e+01
3.441345110625709935e+01
3.439800166263152192e+01
3.436938292458752642e+01
3.433701355278201106e+01
3.429954057400018996e+01
3.431267003706827978e+01
3.430510248619454927e+01
3.433688397940111514e+01
3.437626143820428126e+01
3.440294426462181576e+01
3.441039557478479338e+01
3.442162563462552072e+01
3.442122150576503259e+01
3.441500437169341353e+01
3.441580869297080625e+01
3.439796489302180760e+01
3.436696766228403987e+01
3.436356089656470658e+01
3.438002464662074686e+01
3.440117937169341644e+01
3.440812736182410703e+01
3.442275040470599379e+01
3.443216653979761332e+01
3.443023324307952748e+01
3.443958361308509808e+01
3.443516656884695237e+01
3.441990058227131044e+01
3.438878653877947755e+01
3.436449563893155101e+01
3.434141560774320112e+01
3.434352243562440066e+01
3.437171778560367130e+01
3.441425887595367072e+01
3.442066525760981222e+01
3.441972339943694692e+01
3.441636657547880418e+01
3.441652891442304707e+01
3.441200079385985333e+01
3.438989462750515713e+01
3.437066614104627149e+01
3.435420428169648233e+01
3.432987526842625670e+01
3.434179558884243733e+01
3.436021518603725156e+01
3.439651159982047091e+01
3.442402108602063038e+01
3.443757417809492694e+01
3.443066876779389673e+01
3.443350588681308722e+01
3.442086882596264985e+01
3.440639452599589987e+01
3.438282578559338987e+01
3.435397686882584622e+01
3.433503164823761011e+01
3.434041244570761364e+01
3.436499773772361266e+01
3.440128950529239660e+01
3.441810252294992267e+01
3.442804618720297327e+01
3.441573639860002487e+01
3.440625081158368204e+01
3.439872275458344575e+01
3.438202171380414285e+01
3.435412243954746714e+01
3.434352396321381207e+01
3.434373858425991699e+01
3.436528322166614657e+01
3.439820192125011289e+01
3.442080107087947738e+01
3.443061943887120435e+01
3.444004788121898741e+01
3.443493416345816627e+01
3.443216378678806677e+01
3.442869445430659425e+01
3.441154424437601023e+01
3.438430014977694071e+01
3.437686205389167782e+01
3.437088487185127406e+01
3.438576139238851681e+01
3.441108381988657072e+01
3.444743784093286365e+01
3.445764909536032405e+01
3.447464394477541560e+01
3.447058042634355957e+01
3.446237698773202141e+01
3.445626627669550857e+01
3.443573709625141532e+01
3.441735036290668859e+01
3.438792411822150541e+01
3.438764902628639675e+01
3.440438676556988185e+01
3.441958476590522054e+01
3.443187134195379429e+01
3.444362011550618519e+01
3.445964578891865671e+01
3.445809928390087151e+01
3.447228843053655822e+01
3.446921571569748721e+01
3.445224750894831800e+01
3.441827356123995685e+01
3.439809911943579124e+01
3.439658429247556626e+01
3.439778621781220380e+01
3.442161705838919517e+01
3.444798590894102830e+01
3.448443289560822222e+01
3.449961837868674763e+01
3.449992462751917088e+01
3.450198705501256313e+01
3.449158399880626291e+01
3.448540328799393251e+01
3.445255817255780073e+01
3.440281311351570537e+01
3.438229015467610594e+01
3.439623097762733295e+01
3.440739946468870158e+01
3.442436307265045770e+01
3.444697203465465662e+01
3.445098028898964060e+01
3.445405388999731144e+01
3.445904722319519919e+01
3.444763121912922088e+01
3.441310749512886247e+01
3.438693179068216921e+01
3.436214551878773449e+01
3.434368529689648142e+01
3.433849429460522629e+01
3.436757373042204478e+01
3.440399365864867320e+01
3.443013942571025865e+01
3.443932184380230410e+01
3.444475699552209846e+01
3.444650435856984672e+01
3.443006859424504995e+01
3.440817917901964051e+01
3.440943518170320914e+01
3.437537995473532959e+01
3.435309062770878796e+01
3.435445048307385463e+01
3.438230062220248584e+01
3.441738687256676599e+01
3.444249864841134467e+01
3.446137421592445804e+01
3.446482307910016374e+01
3.446684966235969938e+01
3.446302698198753944e+01
3.443103744949055312e+01
3.439631371960560813e+01
3.438296937166540346e+01
3.436523726085661679e+01
3.437749140655357394e+01
3.441254693559731948e+01
3.445220969818567625e+01
3.446901601373351554e+01
3.448183928469015314e+01
3.449438421658297216e+01
3.449423148248818904e+01
3.449388634096835915e+01
3.449429671705000544e+01
3.446434180999857944e+01
3.443133531240192013e+01
3.441246752004965259e+01
3.441677815507681260e+01
3.443483864310587705e+01
3.445773028576712704e+01
3.447768327432392255e+01
3.448893347201828874e+01
3.449878486781145170e+01
3.450546947522958874e+01
3.450686753214576186e+01
3.449282944753930735e+01
3.447696447724716506e+01
3.443277999903324371e+01
3.442468299237711449e+01
3.444463442828827482e+01
3.447458893649495337e+01
3.449428138644320541e+01
3.449772494437657144e+01
3.449712700386795206e+01
3.449276373382670613e+01
3.447563182475209942e+01
3.447368728159280238e+01
3.446522499217722668e+01
3.444143133497635745e+01
3.442550650994963490e+01
3.440961822561722983e+01
3.442294318727395108e+01
3.443641226865602789e+01
3.444974173749196922e+01
3.447733074350453109e+01
3.448120534017628103e+01
3.448386942733552729e+01
3.448233074511578877e+01
3.446560449036607565e+01
3.443813102150492256e+01
3.442160236460294698e+01
3.440037344557963905e+01
3.436844996476249037e+01
3.437454843997525700e+01
3.438680603304059957e+01
3.439708100578932459e+01
3.442614180131179324e+01
3.444973819846870100e+01
3.445730282070573480e+01
3.445361208527619112e+01
3.443646277856083060e+01
3.442348825904265652e+01
3.440279455014142229e+01
3.436960122516327942e+01
3.437118352262112353e+01
3.438986810918631676e+01
3.440677691377760539e+01
3.443286314793591174e+01
3.446594435340446694e+01
3.447361657716010797e+01
3.447774808916468459e+01
3.447818972094410839e+01
3.447435178107065923e+01
3.444228020562454873e+01
3.441626244337244600e+01
3.438911555821451316e+01
3.438594349801324768e+01
3.438149025296284833e+01
3.441078435958796433e+01
3.444711709430389845e+01
3.446773487430318994e+01
3.447075411524651400e+01
3.446788957415617460e+01
3.446268913991043803e+01
3.445980326569318208e+01
3.443786816144712049e+01
3.440752001703263829e+01
3.437030749760412363e+01
3.435600792925782798e+01
3.436919362476555051e+01
3.437675553406432982e+01
3.440887248629730522e+01
3.443207478082219808e+01
3.443809365808824197e+01
3.445443487269192673e+01
3.446343149474776624e+01
3.447127696587496359e+01
3.446429495482405514e+01
3.445380641983594217e+01
3.443178547343432427e+01
3.442343827508518217e+01
3.442867989843469445e+01
3.444968075062675439e+01
3.446848655517227655e+01
3.448171988241085018e+01
3.448795655996868703e+01
3.448632790465462250e+01
3.447632596813258488e+01
3.447313886711744146e+01
3.447315939237356019e+01
3.444482767174609705e+01
3.442098927004872877e+01
3.439946087645900974e+01
3.441712960163629020e+01
3.443820047683897911e+01
3.445817101496181323e+01
3.446259968842004895e+01
3.446347752465458569e+01
3.446052290573813082e+01
3.446346176146001028e+01
3.444200891179833235e+01
3.441325912789373120e+01
3.437007059832317424e+01
3.435588393909630867e+01
3.436588693141271023e+01
3.437888303583438443e+01
3.438556539617800212e+01
3.440388647035939584e+01
3.442394529725142860e+01
3.443465844465025327e+01
3.444192965389709826e+01
3.444928549424056996e+01
3.443962843338078272e+01
3.442682240146105954e+01
3.441641152306387141e+01
3.439784935708467373e+01
3.439408694922995835e+01
3.439064480988088945e+01
3.440970894449053219e+01
3.443279528772399090e+01
3.445818480623337621e+01
3.446652897639810220e+01
3.446929089662541656e+01
3.447020077092861357e+01
3.445978034505675680e+01
3.443727398717251731e+01
3.440581577447337480e+01
3.437340106908140314e+01
3.434649454645186495e+01
3.434555496757869264e+01
3.435948489739787703e+01
3.437683099651874841e+01
3.439929242496207706e+01
3.440151115228769640e+01
3.439698390607719602e+01
3.440032904871790720e+01
3.440265482774950812e+01
3.439701424777132388e+01
3.437260511950397301e+01
3.436221694247201697e+01
3.434933619600183619e+01
3.436339049028481440e+01
3.438543604841994039e+01
3.442110456121472595e+01
3.443704694839397717e+01
3.444829135779550455e+01
3.445388191577650616e+01
3.444865046754505755e+01
3.444514791017493138e+01
3.443276693539648647e+01
3.440767929491347132e+01
3.436761386982622923e+01
3.436582579234199386e+01
3.436731344522469556e+01
3.437635527773419142e+01
3.441786031847333760e+01
3.444574550302542804e+01
3.446661848208748324e+01
3.445728609836894663e+01
3.446089230876468434e+01
3.444957628144054951e+01
3.443663190048123113e+01
3.440150148130661023e+01
3.437107846892187268e+01
3.434982313124420727e+01
3.434782108116350230e+01
3.435147968275963137e+01
3.440655827628545183e+01
3.443955644204327626e+01
3.445290363927154687e+01
3.445991617731124279e+01
3.445909476857197262e+01
3.444611815974246127e+01
3.443695833716298438e+01
3.442204370495482380e+01
3.442064617751206868e+01
3.443013255757094981e+01
3.444236299829906756e+01
3.445063465605945652e+01
3.448819001972739784e+01
3.452985525970677827e+01
3.453159558038917254e+01
3.451395955102410795e+01
3.450551509300462527e+01
3.450210274334200022e+01
3.449134960066486144e+01
3.447431289216620343e+01
3.442908617853486675e+01
3.440904236436476538e+01
3.440937150011395573e+01
3.444523384641394159e+01
3.446118199617594513e+01
3.447047598485230679e+01
3.447862208614486690e+01
3.448832011419850119e+01
3.449595975528026059e+01
3.449935979742983250e+01
3.448285782398896515e+01
3.445161950680090968e+01
3.442535922830546014e+01
3.440467640312555631e+01
3.440772969585985663e+01
3.444934686671020074e+01
3.449129955459223140e+01
3.451754749022036606e+01
3.452403811472997575e+01
3.451505345217879039e+01
3.450669879085589997e+01
3.450192156255604203e+01
3.447237303540937603e+01
3.441959230874132203e+01
3.438633106764762459e+01
3.437211702168052341e+01
3.438237971753011379e+01
3.440681435838769886e+01
3.441860482123441756e+01
3.443706629430258914e+01
3.446405132805028160e+01
3.446196008540135836e+01
3.446583026400346483e+01
3.445568937977773061e+01
3.444123224900335600e+01
3.439502975339811996e+01
3.437452967456323449e+01
3.435172770712372170e+01
3.437400690052793095e+01
3.437830677732506501e+01
3.441372650580239423e+01
3.443689776810400360e+01
3.445171808394327684e+01
3.445999217878986087e+01
3.446122136876139308e+01
3.446193283958780995e+01
3.445872252639193789e+01
3.443923784177352587e+01
3.440705930679007452e+01
3.439194699059024884e+01
3.440557097369958939e+01
3.441529377549991153e+01
3.443045745835014770e+01
3.444284043839763143e+01
3.444984500087333856e+01
3.445247193379924511e+01
3.444902315613697397e+01
3.444642685649622393e+01
3.442690560771517738e+01
3.439822501788729170e+01
3.437069356064214531e+01
3.435746589141801621e+01
3.437359057925427663e+01
3.441108870979794432e+01
3.443893801814790834e+01
3.446300334653631126e+01
3.447083219872742177e+01
3.447745130925225965e+01
3.447996057363589273e+01
3.447143002098371767e+01
3.445685088528122719e+01
3.443605744912628097e+01
3.438783713683644550e+01
3.438454165419692998e+01
3.438269931953536229e+01
3.440135836518487622e+01
3.442718646998576304e+01
3.444576122829705156e+01
3.444839563416783079e+01
3.445098335299535108e+01
3.444599698274413413e+01
3.443762650346724286e+01
3.441913414711206087e+01
3.440284224090502363e+01
3.438117873008578584e+01
3.436229298280764510e+01
3.437549095199198490e+01
3.440793450544185106e+01
3.442275726172995576e+01
3.443682322504745486e+01
3.444816014714288599e+01
3.444316033911611186e+01
3.444311696215738294e+01
3.444234863573144168e+01
3.443934940637982578e+01
3.441290377681226431e+01
3.439994217528712994e+01
3.438403602707660411e+01
3.440572327058300317e+01
3.443446193372451347e+01
3.444631902335343199e+01
3.445323387966657691e+01
3.444990180428212057e+01
3.444555951702422192e+01
3.444833664021867747e+01
3.444951908049471712e+01
3.444858865032149708e+01
3.441292352973869129e+01
3.439090579300984984e+01
3.437179060615527959e+01
3.437075132132503086e+01
3.438236477617056863e+01
3.441339747090862033e+01
3.443853559572647782e+01
3.445035129657236439e+01
3.444747807042738685e+01
3.444394863862704170e+01
3.444399274859144100e+01
3.443195762951712879e+01
3.440787025064170024e+01
3.437885620981195700e+01
3.434932096003893776e+01
3.435267522517915495e+01
3.436603563005328255e+01
3.438897256041516926e+01
3.442625754890751466e+01
3.443589530105773377e+01
3.444403576815444268e+01
3.444867870558999101e+01
3.443615782681450810e+01
3.441436017420735283e+01
3.440513956621663283e+01
3.438306883560684213e+01
3.436100701170474281e+01
3.434947540409885391e+01
3.435470061209125703e+01
3.438726379120150511e+01
3.441190840478912349e+01
3.441230519745150218e+01
3.441707299856060587e+01
3.441315992577004579e+01
3.441985017046643947e+01
3.440287053405966589e+01
3.437750442481824109e+01
3.435846098649158620e+01
3.433885322875100599e+01
3.434056258098322445e+01
3.434900331617926383e+01
3.435254473634680039e+01
3.436019997713881935e+01
3.437634488093971186e+01
3.438325958212838884e+01
3.439185892842463943e+01
3.438646532432522918e+01
3.438414549062574110e+01
3.436014908865842443e+01
3.434097370158286111e+01
3.432619368323786802e+01
3.432939888792835603e+01
3.435751137050808524e+01
3.436708333676601512e+01
3.440145772806073410e+01
3.440954316147048075e+01
3.441440992696097112e+01
3.441780601347198854e+01
3.441446252430898056e+01
3.440298687380440157e+01
3.438019991126405017e+01
3.435109388782094442e+01
3.433877277298447694e+01
3.435020070094397227e+01
3.438003373402285945e+01
3.439545873472340531e+01
3.440911961106565542e+01
3.442047100536431969e+01
3.441113386885479741e+01
3.440732019452789103e+01
3.440517100499069869e+01
3.438982658559470451e+01
3.435977306541614240e+01
3.431915278416054349e+01
3.431473804831812657e+01
3.433387230240371935e+01
3.436461122437399496e+01
3.440801384117386164e+01
3.443195817029269534e+01
3.445051144523311137e+01
3.445819328899337819e+01
3.446042017087275156e+01
3.445249164784530649e+01
3.444234854456693284e+01
3.442173106064215204e+01
3.439109618122497380e+01
3.439863316331057774e+01
3.438969980945121563e+01
3.440651378914657244e+01
3.442865891016371904e+01
3.444023249330744108e+01
3.444694631551981701e+01
3.444564184754789693e+01
3.444712124422749611e+01
3.444441195233571307e+01
3.443289132883955261e+01
3.439583453612581110e+01
3.436788347395646070e+01
3.434986707172293308e+01
3.434553831665098045e+01
3.436684711033708339e+01
3.440111153901300156e+01
3.442267152832265253e+01
3.443285748403686597e+01
3.443043264565305606e+01
3.442315988586221920e+01
3.442231658792518800e+01
3.440172688956203473e+01
3.436741093906455546e+01
3.432082184356878685e+01
3.429730675156829278e+01
3.431468184985503456e+01
3.431670651398945182e+01
3.434952066207294763e+01
3.439512082632786871e+01
3.440958106935227789e+01
3.441605949801605391e+01
3.441590165380462452e+01
3.439685886850453045e+01
3.438933850874095555e+01
3.437204156676866518e+01
3.434774468625769828e+01
3.433540587499719976e+01
3.432531613469463849e+01
3.435791905380387590e+01
3.437490935185859087e+01
3.437768588752765453e+01
3.440228466845913147e+01
3.440538068503220615e+01
3.440762863511496050e+01
3.441181843344617164e+01
3.439227876546340923e+01
3.436667568408412876e+01
3.431619496617291531e+01
3.428461919547783054e+01
3.429260300156362007e+01
3.431845724720528068e+01
3.435265141823402502e+01
3.438307377929687192e+01
3.441484985384254713e+01
3.441066895498005351e+01
3.440674847418531357e+01
3.440347838558013649e+01
3.439303296442529501e+01
3.435081872372948908e+01
3.431790115480500702e+01
3.429283714818530626e+01
3.429847803007588425e+01
3.428396640982278853e+01
3.431325848925175137e+01
3.433464991376266795e+01
3.434010329852548438e+01
3.434698320447938613e+01
3.434730190107435988e+01
3.434609535268804592e+01
3.433007227083240309e+01
3.430875860661671339e+01
3.428385190864026555e+01
3.425978670462231435e+01
3.426168319740386181e+01
3.428239772490360338e+01
3.431199627224937387e+01
3.433507956343311918e+01
3.434861044141932496e+01
3.436948031481647803e+01
3.438841619006119288e+01
3.437418617173956648e+01
3.434465138407067997e+01
3.432783852018322790e+01
3.429850897157834311e+01
3.428955140008985580e+01
3.428203139442943126e+01
3.429348308298119008e+01
3.430793362095457866e+01
3.433215155388327133e+01
3.435324515121073574e+01
3.436815695015000927e+01
3.437209604148919340e+01
3.437470414707470923e+01
3.435941015692719702e+01
3.433257259135600492e+01
3.429962649646177653e+01
3.427911810759841416e+01
3.427639044474926067e+01
3.429742334325307240e+01
3.431501564589964914e+01
3.433048795920854701e+01
3.434021379278940600e+01
3.434997525184664369e+01
3.435767360656534208e+01
3.435776563128156624e+01
3.434134389618080263e+01
3.432694675952649987e+01
3.431280333399651994e+01
3.430957853799580448e+01
3.433105640675906045e+01
3.435309902778088542e+01
3.437984618472770393e+01
3.439224101497114816e+01
3.439730602862714903e+01
3.439295542267736039e+01
3.438792685058827914e+01
3.437954429873845186e+01
3.436475403003665008e+01
3.433323882510797631e+01
3.431282559878086857e+01
3.428641987482158981e+01
3.427397004851054163e+01
3.429038253179081863e+01
3.433033494615595771e+01
3.434387040011507963e+01
3.435775353993398085e+01
3.437646693782505736e+01
3.439025107405529269e+01
3.436976070428791274e+01
3.434406691956412061e+01
3.431843088784055595e+01
3.432087117064670423e+01
3.429714338973203525e+01
3.430082137796190977e+01
3.432510545504263177e+01
3.436294279622863002e+01
3.437887683597019617e+01
3.438657771716489719e+01
3.438840326536626435e+01
3.437274638207178157e+01
3.436499410169794544e+01
3.434760675831689269e+01
3.429658123412093573e+01
3.425577390007117629e+01
3.423840852976670845e+01
3.424113738548391694e+01
3.426664277486194976e+01
3.429465102490024719e+01
3.433159593143325594e+01
3.433936508590574022e+01
3.435787019833419009e+01
3.436249655386926349e+01
3.435869747081521552e+01
3.434943683809985515e+01
3.432673220928234770e+01
3.430285570581509802e+01
3.430034786200064900e+01
3.431372801926410432e+01
3.431688440822927788e+01
3.435538605799408174e+01
3.438957969247388036e+01
3.440877425966193925e+01
3.441406696007909005e+01
3.442739572068538223e+01
3.444386111588261201e+01
3.442645031606345185e+01
3.438898078208131182e+01
3.435748819309783642e+01
3.432143650590047912e+01
3.432590969636424916e+01
3.434599770883772862e+01
3.436966178009456740e+01
3.440738767009280963e+01
3.442218217516569467e+01
3.442228255560942074e+01
3.442332981170697792e+01
3.440609540875514938e+01
3.440184574693253694e+01
3.437412301476659593e+01
3.435782825168224974e+01
3.434603636565096707e+01
3.435185582392732329e+01
3.437298230530397802e+01
3.440056326406323706e+01
3.442879582756549439e+01
3.445478030671348080e+01
3.446516800291334448e+01
3.446387289326840175e+01
3.444902133107196107e+01
3.442172799486171897e+01
3.439849283298399030e+01
3.437857809093006267e+01
3.436099933536772255e+01
3.434707788431541076e+01
3.436243832139133758e+01
3.439625177408854029e+01
3.442352116915220961e+01
3.442973243161260655e+01
3.442795522134015584e+01
3.442316458861078843e+01
3.441548271559100414e+01
3.439928345023127321e+01
3.438623866890934977e+01
3.436538584348659953e+01
3.435455151402214824e+01
3.438138520211247595e+01
3.440219445400302334e+01
3.442385686580415438e+01
3.444185521526874538e+01
3.444720312936674134e+01
3.445424622832507566e+01
3.445160840523281109e+01
3.445443509191643727e+01
3.443879896129898555e+01
3.442615176519159093e+01
3.441250812354286381e+01
3.440526603991062871e+01
3.442135310267590143e+01
3.443922014425196210e+01
3.446213310705665833e+01
3.446549161765172897e+01
3.446564714020373543e+01
3.445132674938258077e+01
3.443796285400974710e+01
3.443316451141051004e+01
3.441196883455601352e+01
3.438439037829070344e+01
3.434853783187246279e+01
3.432250723146632509e+01
3.432701052952478449e+01
3.434175408530980889e+01
3.435390981604103899e+01
3.437444592891129957e+01
3.440322103105103935e+01
3.440174960064151577e+01
3.440163959554620021e+01
3.439540772883133712e+01
3.438454980083448476e+01
3.438387942507509365e+01
3.435832567182455222e+01
3.434007241290332502e+01
3.435199950172427918e+01
3.435945488804325265e+01
3.439574106319214053e+01
3.442170279915224995e+01
3.442771083554706024e+01
3.441579657229365097e+01
3.440315927918852168e+01
3.439774736409855649e+01
3.437559945541812567e+01
3.433987842807998447e+01
3.431347381803711727e+01
3.429771453564942618e+01
3.429592525315432994e+01
3.431703398551922390e+01
3.435965809685202288e+01
3.438615862536801870e+01
3.440270708649980236e+01
3.440253241816211016e+01
3.440525156957552610e+01
3.440760349682699371e+01
3.439134231371521366e+01
3.436784426933883196e+01
3.434761081312955611e+01
3.432816109192390286e+01
3.432591338079772925e+01
3.435215748244896616e+01
3.440048607116436585e+01
3.443354762089572318e+01
3.444678811330553714e+01
3.444949917711416276e+01
3.444410161338306153e+01
3.443134787346626524e+01
3.440870771694539343e+01
3.438303675695316741e+01
3.433884029536929461e+01
3.432139494644084721e+01
3.434396541238398726e+01
3.436832280987994892e+01
3.439492486220240153e+01
3.441733395091220160e+01
3.444531902347019070e+01
3.446309807921691259e+01
3.445999681267466741e+01
3.445353073962817092e+01
3.445220375836452575e+01
3.444163146551159826e+01
3.441714078168901381e+01
3.438963516311536495e+01
3.439631587640296573e+01
3.440196528967150869e+01
3.441316169350696441e+01
3.443635270135587945e+01
3.444010198740510020e+01
3.444612630213003968e+01
3.445666998527450886e+01
3.444082367442499049e+01
3.442156131918134321e+01
3.438604181789141023e+01
3.435299192827426396e+01
3.434774649712495886e+01
3.435302181921311160e+01
3.436711487583504976e+01
3.439467344653705538e+01
3.440719210100579772e+01
3.443116814388674385e+01
3.444310686251158415e+01
3.444344677258003173e+01
3.444658990112479557e+01
3.442962030799314732e+01
3.439723685159705724e+01
3.437732447890980580e+01
3.436213648490741690e+01
3.436935633450931249e+01
3.438833416576996171e+01
3.440164823158588803e+01
3.443276959173055474e+01
3.446069257578984235e+01
3.445914132629423676e+01
3.446517012244160583e+01
3.446345791839935657e+01
3.445938593077475076e+01
3.443621945365274684e+01
3.443214827336183959e+01
3.442354761884079295e+01
3.441921034876031626e+01
3.445441691475370760e+01
3.446763005512370626e+01
3.448244406874888313e+01
3.449085868888427342e+01
3.449301971937021705e+01
3.448485675100785386e+01
3.448112279820417569e+01
3.448196610912467719e+01
3.447299167152379340e+01
3.447743037324209325e+01
3.446806770833333644e+01
3.447105969181069440e+01
3.449340833461766920e+01
3.451652893532269673e+01
3.454012377661144484e+01
3.454518275715678755e+01
3.454018467098109824e+01
3.452874291571859544e+01
3.451190613473666247e+01
3.449453484457664842e+01
3.447677052693743605e+01
3.446196480428584863e+01
3.446311388605556658e+01
3.448484250954145836e+01
3.451320843334809751e+01
3.454959758339311549e+01
3.456725335526979137e+01
3.456738014733904407e+01
3.457099884977190385e+01
3.456422063059503813e+01
3.457358185193332645e+01
3.454743413604342805e+01
3.452949493754390176e+01
3.450355969914308929e+01
3.448902216320502845e+01
3.450826054404946319e+01
3.452874537111243569e+01
3.454181201638906629e+01
3.455313234726674665e+01
3.455800329285105477e+01
3.455264632203491004e+01
3.455104115041023505e+01
3.453869862844575778e+01
3.452438283092438098e+01
3.450155505610447193e+01
3.447228866132009983e+01
3.445819738343365657e+01
3.447446299500650468e+01
3.450502618798758192e+01
3.453601736534552913e+01
3.454231625943870654e+01
3.454223398278708856e+01
3.454761266005163378e+01
3.455417914289476755e+01
3.454491936851293588e+01
3.453022368607742720e+01
3.451366154646214568e+01
3.447614176219792625e+01
3.446247402813116878e+01
3.447654118898702791e+01
3.450530474326353669e+01
3.452279456571691441e+01
3.453515001018128316e+01
3.453974388520556715e+01
3.453798599739676689e+01
3.454269647680909117e+01
3.453957866561210466e+01
3.451612086728651008e+01
3.449552817887205691e+01
3.447173746513610837e+01
3.445802714393065003e+01
3.447932785897895513e+01
3.449984923911256374e+01
3.453964634459251926e+01
3.457174954520489507e+01
3.458369237094991178e+01
3.458046166653589637e+01
3.457470013842808498e+01
3.456636210699313949e+01
3.456507369653892425e+01
3.454144748653081365e+01
3.451776932489220684e+01
3.451602698124028734e+01
3.451117792856662447e+01
3.453434845510708584e+01
3.456768358611404324e+01
3.457167093432884997e+01
3.458104211732854338e+01
3.457754809493253134e+01
3.456456467295664936e+01
3.455123840487318887e+01
3.453535408939633555e+01
3.450981595059088392e+01
3.447613360421149764e+01
3.444697495339027427e+01
3.444759652306854036e+01
3.449144321123266366e+01
3.453462281326593342e+01
3.454416498129072721e+01
3.455268136899958620e+01
3.454658742464449261e+01
3.454532008533596610e+01
3.453800415013375869e+01
3.451494610530902207e+01
3.448953976309369551e+01
3.446876324657292656e+01
3.444119569126240776e+01
3.443788712422659160e+01
3.448146848972344003e+01
3.451691011178861856e+01
3.454326326163468508e+01
3.456559529108661621e+01
3.455670673370433832e+01
3.454646779001711820e+01
3.452096136013999228e+01
3.449299069271953755e+01
3.446346726780603831e+01
3.444563670062918703e+01
3.443432711079478281e+01
3.442375480535536525e+01
3.444492084129621645e+01
3.446542334951129760e+01
3.448040515544203544e+01
3.450355086814117556e+01
3.451061222891166125e+01
3.451410933945891202e+01
3.451228173853812109e+01
3.449825342233548753e+01
3.447668953249696955e+01
3.445043796581703788e+01
3.443495469095603312e+01
3.445294636159246693e+01
3.447730837935926473e+01
3.449878459216957083e+01
3.450366254955202550e+01
3.450318796871263771e+01
3.450812760082739317e+01
3.451333831043945821e+01
3.451179656085137992e+01
3.449555511221829107e+01
3.448238840835257690e+01
3.446964905472859186e+01
3.446195809900036977e+01
3.446213013540639025e+01
3.448712320767388206e+01
3.452696196611314150e+01
3.454830953628926693e+01
3.454487317122209333e+01
3.453780307890400536e+01
3.453279669376849625e+01
3.451778203837222492e+01
3.449340827061102033e+01
3.448501202946594191e+01
3.446582773045193449e+01
3.443463105204877195e+01
3.442043801989927232e+01
3.444249346156145464e+01
3.447959852572221706e+01
3.450517938322909117e+01
3.450728311754150468e+01
3.450472193300529256e+01
3.450471608992968697e+01
3.450076436511294986e+01
3.448141563093129491e+01
3.446081746914323674e+01
3.443690755051878227e+01
3.442370831044879509e+01
3.442445094912441306e+01
3.445696665991806640e+01
3.447876852766973599e+01
3.449891049435733237e+01
3.450124325781903423e+01
3.449313604321253734e+01
3.448281206246169717e+01
3.448098730613529739e+01
3.447077895930475933e+01
3.445071533443646672e+01
3.442226391919143680e+01
3.439970556007796887e+01
3.439209667305565432e+01
3.440798179733735651e+01
3.443377392272219595e+01
3.445459884374719906e+01
3.445974966404101991e+01
3.445680758115603481e+01
3.445746108648298645e+01
3.444880068102508375e+01
3.442025454272028639e+01
3.437784993580654458e+01
3.435882676173555694e+01
3.433860312745191834e+01
3.433876563529803860e+01
3.436058737322434808e+01
3.439258235240409078e+01
3.441777863415754979e+01
3.443412540893262985e+01
3.443737291113234988e+01
3.443798949429380940e+01
3.443700161880062893e+01
3.442463910453282239e+01
3.439319438056234191e+01
3.435966502619578478e+01
3.431942041102025343e+01
3.432130015629203967e+01
3.435284460945439378e+01
3.440109379301358672e+01
3.442454726132831411e+01
3.444901453436509797e+01
3.445474196715462512e+01
3.445641026366720183e+01
3.444791603797244761e+01
3.442871065233067185e+01
3.440623612043616930e+01
3.438279372302893933e+01
3.437554204218321274e+01
3.437287546908626013e+01
3.438003097382102879e+01
3.441321704472852616e+01
3.443553269824078455e+01
3.444866351401840632e+01
3.446303963017657424e+01
3.446313455492381905e+01
3.446135366152558532e+01
3.443761740459951426e+01
3.441223789548212864e+01
3.436160951672064812e+01
3.432630651289193935e+01
3.433929421000249960e+01
3.436401017051780826e+01
3.438486096921142376e+01
3.440163437780218203e+01
3.441977554483874968e+01
3.442311243375160501e+01
3.443013776167765627e+01
3.442103611177273592e+01
3.438210863368117742e+01
3.435954544324542326e+01
3.433854513231931094e+01
3.434892863147211983e+01
3.435775896585720801e+01
3.438827012463664801e+01
3.440978411411629878e+01
3.442399947246477154e+01
3.443161536089378671e+01
3.443409430644447156e+01
3.443612381397394984e+01
3.442462099929291242e+01
3.442782729310044942e+01
3.441203558227597625e+01
3.439785134887987539e+01
3.438603727323294379e+01
3.440389450044928310e+01
3.442356575665612439e+01
3.444362017367493678e+01
3.445420892784085254e+01
3.446414026664686503e+01
3.446384206296609420e+01
3.446213551194105662e+01
3.445991604871417024e+01
3.445142040179638343e+01
3.443735248467670829e+01
3.441454731316878934e+01
3.441167274764803352e+01
3.441125190116776622e+01
3.445386757303435132e+01
3.448583762829350263e+01
3.450958198676526933e+01
3.451384103243812262e+01
3.451019409786828618e+01
3.449630944951484679e+01
3.447394984167637944e+01
3.445477556043758938e+01
3.443406425071362520e+01
3.440839420720030972e+01
3.438906366087641686e+01
3.439230558095427881e+01
3.440921585632061408e+01
3.444138907149035589e+01
3.447064120834547651e+01
3.448570631725250735e+01
3.448213821747687291e+01
3.446596497461217012e+01
3.445493252611638724e+01
3.442882505555337502e+01
3.440118054984998963e+01
3.437203178194867803e+01
3.434464449729681945e+01
3.434218416591007639e+01
3.435980775575568913e+01
3.438695785478969214e+01
3.439365100138521569e+01
3.439353291127711998e+01
3.439634151245292770e+01
3.441060953897468977e+01
3.442388281824448626e+01
3.439995846288782388e+01
3.437680703279119854e+01
3.435930532378348090e+01
3.434750137949377802e+01
3.435419193401874338e+01
3.438625321882658881e+01
3.441403075879980378e+01
3.443699473424516100e+01
3.446026423899113666e+01
3.446456289237637094e+01
3.446253501319830548e+01
3.447285538825715179e+01
3.444850922127664461e+01
3.438519158587023838e+01
3.433386453445849185e+01
3.431315113845891318e+01
3.429146521947669868e+01
3.429885189808535984e+01
3.433113192049352591e+01
3.435226537231270072e+01
3.436550901239688471e+01
3.437259751873262559e+01
3.437088855847979829e+01
3.436236573430868191e+01
3.433773298780020866e+01
3.432679595557878116e+01
3.429428811363245444e+01
3.428341305364228475e+01
3.429351917303696951e+01
3.432208797354640950e+01
3.435577210886593491e+01
3.436927384498482496e+01
3.439128458950748524e+01
3.439873807054881638e+01
3.440418663260606991e+01
3.438870153029819221e+01
3.437638422646068648e+01
3.434926421883874070e+01
3.433825239853277367e+01
3.432558819487255874e+01
3.433856007713490044e+01
3.436502913075194954e+01
3.439755523600494058e+01
3.442558550192322286e+01
3.443739976529340652e+01
3.443420418144820871e+01
3.442890706053285754e+01
3.442646563172525020e+01
3.440423093447364522e+01
3.437451888401463407e+01
3.435213629921575773e+01
3.435698466327508527e+01
3.435215907925240941e+01
3.436630423541368629e+01
3.439651442750833610e+01
3.441326445319505467e+01
3.442276692171246566e+01
3.443371203194120511e+01
3.443050664408103501e+01
3.442710342074759211e+01
3.442236515002914388e+01
3.440186166272959412e+01
3.437280523845685565e+01
3.434751441053174403e+01
3.433153585805796837e+01
3.434378144774106545e+01
3.436550699484490679e+01
3.438491115067644444e+01
3.439801046318299171e+01
3.439616257337062422e+01
3.439219102564282338e+01
3.438084491687776278e+01
3.435429784222187521e+01
3.429623017729910828e+01
3.426655125703815941e+01
3.422852688601259530e+01
3.420512338105926631e+01
3.422849333410860595e+01
3.426068332063007915e+01
3.428854362861856231e+01
3.431921655315471043e+01
3.432798835303272256e+01
3.431751138386518818e+01
3.430360195851920935e+01
3.427750837938261697e+01
3.424084005503497963e+01
3.418747049879879540e+01
3.416018038914451438e+01
3.416726487791333966e+01
3.418167623852036741e+01
3.421908786036137684e+01
3.425663213119470640e+01
3.428114304571676030e+01
3.429414541980045072e+01
3.429396709827366152e+01
3.430142241421101801e+01
3.428446116288931478e+01
3.426177561167092733e+01
3.425125468399726714e+01
3.424421674905099167e+01
3.426035472558641004e+01
3.429995248612450354e+01
3.433344541137052630e+01
3.435370479225512952e+01
3.436855260113096477e+01
3.436468609197061852e+01
3.437203284614960808e+01
3.438256659219852196e+01
3.437174701475912286e+01
3.433101826699620318e+01
3.430705428561954307e+01
3.431114091824897372e+01
3.431673079824060579e+01
3.433393889931925713e+01
3.438028424642627812e+01
3.441838315726251807e+01
3.441399145204242416e+01
3.440918748734345201e+01
3.440266404739153927e+01
3.439026846116447445e+01
3.438287151540923503e+01
3.434687063409776897e+01
3.431718171275798568e+01
3.429578143996499762e+01
3.430279455364415497e+01
3.432210883471481822e+01
3.435819280589618074e+01
3.438768746270754662e+01
3.440378013454238015e+01
3.441558454067936168e+01
3.441179806380488060e+01
3.441565584438328784e+01
3.439332687015689061e+01
3.435097510309716995e+01
3.431987822478123462e+01
3.430552735701369471e+01
3.431307312402856979e+01
3.432908424418452853e+01
3.435475916983313738e+01
3.436927002698039502e+01
3.437743138602287019e+01
3.439081848449269785e+01
3.439978121315123616e+01
3.437939323556499005e+01
3.436824833923661515e+01
3.435914298147660162e+01
3.434161735068074250e+01
3.434673731960914722e+01
3.434902402502540752e+01
3.436895067808278270e+01
3.438783003966496921e+01
3.441272364413800489e+01
3.443322148785438230e+01
3.444115653692069401e+01
3.444247478341422664e+01
3.443999864950886547e+01
3.442351863793583533e+01
3.439709665101177194e+01
3.435645687635906853e+01
3.434893288341870488e+01
3.434661575728662086e+01
3.435431085595632794e+01
3.438167742461646981e+01
3.441518349501957630e+01
3.442913746177348600e+01
3.443223266825737738e+01
3.442622260235457787e+01
3.441935851697004267e+01
3.440150396698742696e+01
3.438496638063332966e+01
3.436001673847272997e+01
3.434379730539271236e+01
3.435536624197172983e+01
3.438388444108493047e+01
3.440512926257154902e+01
3.442274179400275358e+01
3.442286793477347118e+01
3.442893058072076684e+01
3.442797001827026548e+01
3.441896585958983934e+01
3.439886241383272392e+01
3.437702905004893950e+01
3.434475776726802110e+01
3.432390438874006122e+01
3.432468427332727856e+01
3.434966460729204130e+01
3.438276078200192387e+01
3.441164482818851411e+01
3.441960402966302013e+01
3.443436885723039609e+01
3.443650959882476315e+01
3.443710810962533486e+01
3.442877301009627899e+01
3.440267888705501065e+01
3.436176364941079697e+01
3.434146674405376132e+01
3.433720290077825155e+01
3.435471645040781397e+01
3.439878121020893076e+01
3.441795856061413161e+01
3.443985232630637938e+01
3.445503468004151415e+01
3.445898219777001970e+01
3.446419079859554557e+01
3.446018211003818266e+01
3.444957548594609165e+01
3.441346764843656558e+01
3.441733468296045828e+01
3.443431015326100209e+01
3.443705176439763704e+01
3.445601661130010029e+01
3.448244320997167733e+01
3.448515507793818813e+01
3.448074144678832198e+01
3.447542918091112085e+01
3.445642611681199696e+01
3.443832605686853299e+01
3.440733302871215216e+01
3.437919706129879671e+01
3.436362318574676777e+01
3.435745189206065930e+01
3.437931078015714803e+01
3.439865644124932942e+01
3.441719870718723939e+01
3.441590934417592962e+01
3.441950507571979045e+01
3.442504564185048821e+01
3.442810096089360172e+01
3.441448222095812071e+01
3.436272554689367809e+01
3.433399698916581144e+01
3.430837291799770838e+01
3.431764281556372254e+01
3.433833849057344167e+01
3.434407009280846523e+01
3.437779278976024955e+01
3.439535515632939422e+01
3.440496561323081437e+01
3.440419821171370529e+01
3.440068813189338925e+01
3.439027253734382583e+01
3.437976404996021529e+01
3.435934598978882093e+01
3.434241112087985215e+01
3.435676203511702198e+01
3.437262055026565122e+01
3.441364846500813712e+01
3.443638137829350399e+01
3.444218408588426428e+01
3.443266263469183741e+01
3.442264710314480425e+01
3.442352252403343016e+01
3.439904569044509941e+01
3.437862985514089331e+01
3.436409556817630317e+01
3.435814017265681741e+01
3.436695778707014881e+01
3.439721920355746931e+01
3.441719119276997674e+01
3.442389351814230025e+01
3.443732734919092309e+01
3.444846820765987161e+01
3.444574187430879419e+01
3.443691204588208876e+01
3.441942661392015168e+01
3.438735026707185938e+01
3.433909116911484460e+01
3.433561477065959622e+01
3.434718912307396721e+01
3.436099710115991002e+01
3.439436609502031672e+01
3.440002401874383509e+01
3.440768519111388457e+01
3.441418618864609869e+01
3.441358780856759125e+01
3.439554325756217423e+01
3.438822943544319344e+01
3.436530962722027027e+01
3.433968883566288355e+01
3.432790832583748397e+01
3.430976764472366369e+01
3.430497524409391730e+01
3.433554971931417299e+01
3.436947157215353599e+01
3.439032374569396922e+01
3.439070888748935317e+01
3.439000164203543619e+01
3.436978611910513592e+01
3.434870725297312077e+01
3.431518628139851756e+01
3.428561159288506133e+01
3.428378628305647879e+01
3.429609567160038353e+01
3.433746871452897409e+01
3.435913034447296610e+01
3.437317991450058230e+01
3.438557734884064132e+01
3.439350734785053731e+01
3.439783079842741387e+01
3.440640008376207248e+01
3.439720312609752284e+01
3.437717492156208721e+01
3.435652172832881490e+01
3.435112585688572295e+01
3.436726168998087161e+01
3.438073483469893432e+01
3.440277220147824977e+01
3.443038329865625258e+01
3.443484284188093625e+01
3.444110416647985318e+01
3.445101775454609339e+01
3.444877297850161568e+01
3.443207355734023167e+01
3.439967331509108561e+01
3.437156589569135434e+01
3.436198752017575231e+01
3.437408744731886401e+01
3.441933154156765795e+01
3.444526005025724658e+01
3.446317880460063066e+01
3.448372392080736404e+01
3.450282837794416935e+01
3.449061177098744935e+01
3.447988857440555677e+01
3.444888569658188970e+01
3.442681982298111620e+01
3.440254583363690699e+01
3.438598855404299570e+01
3.439919584258055352e+01
3.443368784450565556e+01
3.447128456078505820e+01
3.450395785612072785e+01
3.451164214028313637e+01
3.451463683214520017e+01
3.450763844489777910e+01
3.450379303604921688e+01
3.449802521235914554e+01
3.447579500304504307e+01
3.444738686528107507e+01
3.443347179497417443e+01
3.443276240393165466e+01
3.444531919865364245e+01
3.446378822254416008e+01
3.449703938365409073e+01
3.451065372812424670e+01
3.451675975264153351e+01
3.451627802496188480e+01
3.451357460218272166e+01
3.450611009850157984e+01
3.445968233047697282e+01
3.442373507743846517e+01
3.442295861044636496e+01
3.443229957500149396e+01
3.446262731726932316e+01
3.448993830756721479e+01
3.451213108119153361e+01
3.451800446267111511e+01
3.450520088787325079e+01
3.451087565078480424e+01
3.450212469192278775e+01
3.449925314828151102e+01
3.446597529901680446e+01
