3.443982427004367253e+01
3.444104482312391724e+01
3.446248540427859552e+01
3.450934073587191619e+01
3.451060657225355044e+01
3.450545426363325419e+01
3.447245674891929923e+01
3.446288349466269807e+01
3.447792628194518016e+01
3.446113713289249603e+01
3.444283330070366134e+01
3.440195870269085532e+01
3.438768257416978003e+01
3.439995591326352553e+01
3.441821844697941657e+01
3.443418882760085609e+01
3.444722645758504598e+01
3.447950667003049574e+01
3.450915877399337006e+01
3.448494112525551714e+01
3.449519408847787361e+01
3.450925567157120355e+01
3.450745034052961557e+01
3.451440897890942949e+01
3.453661702473958428e+01
3.455366660955396441e+01
3.456859483376196351e+01
3.455094585720428313e+01
3.451713490739381029e+01
3.454198442107809797e+01
3.451474694216452832e+01
3.452014279907571392e+01
3.452857263442217572e+01
3.455886491889737755e+01
3.454348833900925797e+01
3.454966660239871601e+01
3.456440165667345354e+01
3.456649958883167528e+01
3.455206004260218577e+01
3.456561731603590459e+01
3.454869351717846371e+01
3.453632028353415961e+01
3.451832932152181854e+01
3.453757220083979718e+01
3.451763434971523736e+01
3.453427480984272790e+01
3.450059113971257574e+01
3.448781481170654217e+01
3.450944990026614079e+01
3.446143446319924664e+01
3.447360882072663202e+01
3.447089944738183220e+01
3.447543645774712218e+01
3.445223090134097532e+01
3.446274757014559498e+01
3.447072183658578126e+01
3.447879245460639908e+01
3.452859993661999027e+01
3.449838677750064875e+01
3.450048870254774869e+01
3.447376919775494031e+01
3.452355326998435459e+01
3.453718445125946346e+01
3.455670466381008055e+01
3.455138955753132279e+01
3.453795492101119891e+01
3.451547481105826876e+01
3.454430118737516864e+01
3.453212019628320206e+01
3.452387281316551793e+01
3.452270211753198481e+01
3.452862430003537497e+01
3.453031733207917853e+01
3.451902950752386801e+01
3.449689585010076343e+01
3.450273566397974179e+01
3.449088811061880477e+01
3.446690658754682346e+01
3.447537099469718669e+01
3.450967144258143549e+01
3.450270815432273253e+01
3.449662782257425420e+01
3.448808646573858283e+01
3.451214629626947783e+01
3.453617950077380527e+01
3.452530904254805932e+01
3.456380247501868297e+01
3.458342010623047713e+01
3.457471786218847853e+01
3.456206925783319406e+01
3.457214711826131293e+01
3.455390532580877050e+01
3.451903770748505451e+01
3.450671231902386182e+01
3.448453958944547537e+01
3.449722284021754604e+01
3.453776918788413752e+01
3.451260702294818117e+01
3.449552708111779253e+01
3.449236898027839970e+01
3.450058495770470302e+01
3.448664842991371415e+01
3.448426054921122841e+01
3.448209434681693608e+01
3.446572694578009077e+01
3.447094415852174620e+01
3.448522221003818089e+01
3.451378289006120070e+01
3.449923292860472657e+01
3.451117272281108228e+01
3.451415648974402473e+01
3.455098089897026625e+01
3.455442636328228190e+01
3.452312310687565855e+01
3.453053374416545296e+01
3.454698290636310531e+01
3.456258893830897705e+01
3.456243064005361276e+01
3.457329863023488059e+01
3.457788623822745677e+01
3.451916935471356851e+01
3.453801216862564871e+01
3.457485192793507167e+01
3.459923670131877316e+01
3.456707319735942008e+01
3.459299040502343559e+01
3.457899241702839532e+01
3.457259574566857196e+01
3.457176186564817755e+01
3.458809767767265697e+01
3.458029631908868851e+01
3.459117252039505530e+01
3.453373402663408598e+01
3.452199821782516409e+01
3.458167600051966417e+01
3.454967906305346048e+01
3.456721813124317322e+01
3.454614506190240775e+01
3.451393801884193380e+01
3.449161608494472375e+01
3.450228402360819047e+01
3.451319425636765459e+01
3.449034788353698389e+01
3.448466901759778125e+01
3.449909571846999512e+01
3.447154337159927451e+01
3.448714659592795329e+01
3.448344669380833949e+01
3.447712581845730284e+01
3.449643917540641525e+01
3.450849020446087678e+01
3.452946663941636984e+01
3.450429634818384272e+01
3.455797561675680640e+01
3.460622586619921748e+01
3.460569905461025542e+01
3.459760070451639535e+01
3.461158192538676559e+01
3.458704537563000514e+01
3.454889098909885092e+01
3.454687505741442521e+01
3.457252388784979757e+01
3.457630566578665565e+01
3.458966604390117539e+01
3.457282377279680219e+01
3.457962509116480021e+01
3.454832152078919449e+01
3.455537197690629370e+01
3.457736260762188607e+01
3.454001804601809766e+01
3.451875936411195056e+01
3.450835018334685600e+01
3.451621196647687384e+01
3.448426872201693527e+01
3.448896636725819320e+01
3.448620727720098955e+01
3.446339349998861934e+01
3.442561039104568721e+01
3.446053816227454547e+01
3.446084812237583606e+01
3.446736830966755605e+01
3.449103360644841132e+01
3.445819272057484994e+01
3.445958097981598200e+01
3.445938613835566144e+01
3.451880241984567022e+01
3.450364612583656054e+01
3.449060751187599294e+01
3.451604965503067035e+01
3.448868720538467869e+01
3.446694234401896750e+01
3.448852480135125376e+01
3.449445830277265657e+01
3.451505137056684447e+01
3.450176940754173671e+01
3.452952344875012614e+01
3.454275430659924950e+01
3.456143034474862930e+01
3.456381960132836184e+01
3.458482141837427548e+01
3.460971519918495432e+01
3.459012937737588800e+01
3.457872458997823628e+01
3.458777819069900517e+01
3.457757053957146809e+01
3.456927384733211284e+01
3.457607604665810186e+01
3.461080958863166757e+01
3.460793736133467746e+01
3.458457627019505054e+01
3.459370131670418402e+01
3.457082289476986858e+01
3.456262368270098051e+01
3.454752664809577567e+01
3.451964438767083010e+01
3.450828076719295012e+01
3.448894009050272302e+01
3.447993410483322663e+01
3.444736233524817948e+01
3.445334621610479786e+01
3.447026991319386724e+01
3.444622575305140799e+01
3.445972027937033033e+01
3.447988548377947637e+01
3.449605496142543615e+01
3.451968631343518012e+01
3.453893819345592675e+01
3.452869741230765044e+01
3.455879748341188673e+01
3.458934123906711733e+01
3.456956885653566047e+01
3.460096898491638484e+01
3.463533896856793604e+01
3.462936016293972585e+01
3.462941872099968066e+01
3.460363696125267552e+01
3.457909140303444673e+01
3.456922629697982785e+01
3.456425321106991078e+01
3.459205116983186912e+01
3.460957691916772916e+01
3.459365359854832889e+01
3.456733265742069960e+01
3.457885731928765694e+01
3.460615923861055876e+01
3.459475538958533747e+01
3.457482912328687519e+01
3.456434340555654217e+01
3.455343560575495587e+01
3.455836175571592150e+01
3.457181975029551779e+01
3.454446301360049176e+01
3.453474178969388220e+01
3.455896974953689238e+01
3.458156612831589882e+01
3.457800122703940104e+01
3.455148138319974294e+01
3.457572965024958478e+01
3.457106365643517165e+01
3.458554742116982084e+01
3.457649231051860284e+01
3.454529638357215759e+01
3.449404969227246909e+01
3.449901154961019500e+01
3.449108501395532755e+01
3.446756056644418464e+01
3.444143157058112337e+01
3.442622736996580812e+01
3.434792480826512673e+01
3.441694270018668789e+01
3.442918719672079675e+01
3.441994330247781875e+01
3.437550954182943030e+01
3.437790243961312342e+01
3.433513991956117906e+01
3.436804023604742753e+01
3.439586241943014500e+01
3.446754638249456804e+01
3.456578646238509833e+01
3.461163019372110483e+01
3.465027696292683856e+01
3.463683917857024142e+01
3.462724185193595616e+01
3.463732662545758956e+01
3.462882077310852935e+01
3.464492537409033446e+01
3.465553067727815773e+01
3.463440402187195843e+01
3.460585261682197711e+01
3.461187429094044887e+01
3.462058183103227549e+01
3.462360972547800486e+01
3.463045442488503056e+01
3.460327090768760172e+01
3.460218211071639161e+01
3.461047337358549925e+01
3.460938829773294145e+01
3.458664424922102398e+01
3.456273433551680796e+01
3.456206626676569726e+01
3.456337725157656848e+01
3.456322856614280425e+01
3.456250400353555108e+01
3.454371728532866115e+01
3.452918128980216039e+01
3.453039466819115688e+01
3.453370448958401795e+01
3.452807300653834943e+01
3.450809570446121910e+01
3.449028961479057642e+01
3.449490559184619087e+01
3.445950041491836657e+01
3.440502485273113109e+01
3.440140830842788233e+01
3.437921844374662328e+01
3.438259365448170257e+01
3.436951711829233602e+01
3.435246319187832142e+01
3.440001921275510455e+01
3.438246789550780846e+01
3.442131213038384629e+01
3.445596092892232321e+01
3.447943870152187884e+01
3.448497207197630843e+01
3.451386082587807635e+01
3.452976059516001328e+01
3.450144645048668934e+01
3.452412582987984990e+01
3.455889528940491573e+01
3.456949015321031027e+01
3.457934698089771786e+01
3.459320921334304444e+01
3.460204677150748154e+01
3.462922329073975902e+01
3.464587713916153433e+01
3.464463582934362762e+01
3.464988935727048869e+01
3.467937132297666381e+01
3.464719123241187049e+01
3.464979371837033995e+01
3.466538843782069534e+01
3.468623625191726489e+01
3.465339829254149606e+01
3.462224758734406294e+01
3.461241925626421079e+01
3.460877274576823481e+01
3.457829866195937285e+01
3.459833436903441850e+01
3.460027356607900373e+01
3.457765825579799213e+01
