3.447266036111433607e+01
3.448578635983224672e+01
3.449206874499132169e+01
3.449214836306813936e+01
3.448586547228279642e+01
3.447597158441058696e+01
3.446344739182467265e+01
3.444934778257898245e+01
3.443430759848040168e+01
3.441871352474406365e+01
3.441012978756145202e+01
3.440840089294088955e+01
3.441745444391972342e+01
3.443581926309187224e+01
3.445765983523783405e+01
3.447100437089305558e+01
3.448320542306846193e+01
3.449561126586569770e+01
3.450119999996552167e+01
3.450225004094873071e+01
3.451258522084554414e+01
3.452427972506076514e+01
3.453614755749891430e+01
3.454484666083384781e+01
3.454539184653071970e+01
3.454646532579842244e+01
3.453868139232054091e+01
3.452899098538328815e+01
3.452451634082686382e+01
3.453286234312757585e+01
3.453316312671380928e+01
3.454014705876065250e+01
3.454899883028019758e+01
3.455658422116209749e+01
3.455522324590305772e+01
3.455964904130838988e+01
3.455945442426433800e+01
3.455383814963647637e+01
3.454420409617451071e+01
3.454130652782203015e+01
3.453170993455790239e+01
3.452882619309075096e+01
3.452168036432642850e+01
3.451557746236338176e+01
3.450995300224864337e+01
3.449871302494545233e+01
3.448657982712222747e+01
3.448064148865608303e+01
3.447816581786419476e+01
3.446672201807916736e+01
3.446698463946842850e+01
3.446640724264026545e+01
3.446798584408517740e+01
3.447861853985975245e+01
3.448784971509168429e+01
3.449539794157211503e+01
3.449600741380594826e+01
3.450495957688153936e+01
3.450667647980943542e+01
3.451834005707132036e+01
3.452852022806803234e+01
3.454135737271928974e+01
3.453974168093407116e+01
3.454116502815720935e+01
3.453624813465183507e+01
3.453074478577867978e+01
3.452769422508282560e+01
3.453032412287824826e+01
3.452752735181905308e+01
3.452490921406718627e+01
3.451951382145423963e+01
3.451552053074378534e+01
3.450797329286046988e+01
3.449529114395399887e+01
3.448655944138867113e+01
3.448911455988479702e+01
3.448910905795339943e+01
3.449025700034449216e+01
3.449449297598283692e+01
3.450184803629730368e+01
3.450714964793577622e+01
3.451166982558083873e+01
3.452510475606972307e+01
3.454417148416810335e+01
3.455668579735190349e+01
3.456186374876377698e+01
3.457123136390643481e+01
3.456925193406444663e+01
3.455637545431536495e+01
3.454277434568243876e+01
3.452726841200490071e+01
3.451228355639614165e+01
3.450905632881121221e+01
3.450777019190384465e+01
3.450553314432262653e+01
3.450709902248921424e+01
3.450777144598664847e+01
3.449754729439256096e+01
3.449187799964516898e+01
3.448919145278499343e+01
3.448386304588533591e+01
3.447793488604874312e+01
3.447764964207364358e+01
3.448355411024363093e+01
3.448698182660119471e+01
3.449607098200738875e+01
3.450471344825184161e+01
3.451786518603826437e+01
3.452599388068247777e+01
3.453077191633666843e+01
3.453464412060753830e+01
3.454120940393135442e+01
3.454353101179909658e+01
3.454513186715335848e+01
3.455516697182520858e+01
3.456463747063761360e+01
3.455907476030770198e+01
3.455415940637103489e+01
3.455664366394732667e+01
3.456183127816410661e+01
3.455966866999050069e+01
3.457443288005246984e+01
3.458262892973301916e+01
3.458217769327972491e+01
3.457668272614560578e+01
3.458088762220825174e+01
3.457834880502129948e+01
3.458078482569462864e+01
3.457301248188773712e+01
3.456305975232313443e+01
3.456177541689253019e+01
3.455565196568548458e+01
3.455086108785511101e+01
3.455334329490877110e+01
3.455173125511213073e+01
3.453371927199714264e+01
3.452424026410808722e+01
3.451343548913298775e+01
3.450227605345990156e+01
3.449642225321106537e+01
3.449791817991612675e+01
3.449177004951434355e+01
3.448656051742639761e+01
3.448518027948067299e+01
3.448367163965257731e+01
3.448314033103985565e+01
3.449052969761218179e+01
3.449899370630986084e+01
3.450316363718496149e+01
3.451933359684485936e+01
3.454129093500342407e+01
3.456073270503329553e+01
3.457435951805330632e+01
3.459581663349388947e+01
3.460163058526853064e+01
3.459016360984845306e+01
3.457839881040928987e+01
3.457338344707596889e+01
3.456632819515594690e+01
3.456685232881017811e+01
3.457163888554977405e+01
3.457818889229984904e+01
3.457334841888773269e+01
3.456916168111165177e+01
3.456670099385579675e+01
3.456013984850005727e+01
3.454796670308948592e+01
3.453997243560102248e+01
3.453214043351513851e+01
3.451352165639414693e+01
3.450331132064216177e+01
3.449680090325997384e+01
3.448780956658832508e+01
3.446968925150208918e+01
3.446494313955361122e+01
3.445931949057713695e+01
3.445555169707044740e+01
3.446107971836241290e+01
3.446759618426823835e+01
3.446740474777652707e+01
3.446711235097249215e+01
3.447739917300811641e+01
3.447992167688574483e+01
3.448640463514597343e+01
3.449769837018891394e+01
3.450355858359471739e+01
3.449318656842937258e+01
3.449016230353231549e+01
3.449093246171164395e+01
3.449073280481888304e+01
3.449334924525030033e+01
3.450586546619652495e+01
3.451671136724612410e+01
3.453010577564131722e+01
3.453985942179362212e+01
3.455646982396012845e+01
3.457250817404709409e+01
3.458198318820242179e+01
3.458544203724834176e+01
3.459023375512247611e+01
3.458878357936191605e+01
3.458069530899134492e+01
3.457788464284778485e+01
3.458430164257847395e+01
3.458833347670560698e+01
3.458973462283032063e+01
3.459462011670473913e+01
3.459356948632709106e+01
3.458393230514095507e+01
3.457185016249317044e+01
3.455886378598832920e+01
3.454177967608607958e+01
3.452540311523265615e+01
3.450886519965910537e+01
3.448883233708958329e+01
3.447557270277637542e+01
3.446797053197656169e+01
3.445942766448629868e+01
3.445538489939372084e+01
3.446188952909997738e+01
3.447043127816410646e+01
3.448031455821237046e+01
3.449885704629327421e+01
3.451265247288073823e+01
3.452843487280721746e+01
3.454709212833555654e+01
3.455706863695564834e+01
3.456947479524774280e+01
3.459080310649979850e+01
3.460491564240536633e+01
3.461293113879187899e+01
3.461974475973528342e+01
3.461536924335889864e+01
3.460214670904127132e+01
3.458912531866731399e+01
3.458165180843374742e+01
3.458283980001675673e+01
3.458575223911953600e+01
3.458537351120770609e+01
3.458829433285125532e+01
3.459111594660699751e+01
3.458815164069051207e+01
3.458438674563822701e+01
3.458378889526539979e+01
3.457870455255885389e+01
3.456914505597993070e+01
3.456455792812196393e+01
3.455848470618469293e+01
3.455256438301215383e+01
3.455367121176854539e+01
3.455831208628853801e+01
3.455954838163731324e+01
3.456095205555716632e+01
3.456914962766830257e+01
3.457156840904796269e+01
3.457236466761874283e+01
3.457206288431459029e+01
3.457082588438906612e+01
3.455448989279364014e+01
3.454007947142865476e+01
3.452118698998575042e+01
3.449940064117086536e+01
3.447862767857266419e+01
3.446506321411133200e+01
3.443484586584231977e+01
3.442001740308858615e+01
3.441234272914390857e+01
3.440804507552324765e+01
3.439790150989597350e+01
3.440389703616557426e+01
3.438753648004047392e+01
3.437530708790579581e+01
3.437049091129626532e+01
3.438889827942929145e+01
3.442647508398368927e+01
3.448177313881566874e+01
3.453822048419155522e+01
3.458641583601957592e+01
3.461835492990784502e+01
3.463266296252234611e+01
3.463610107839983243e+01
3.463503076063253161e+01
3.463876906037411629e+01
3.464020149436132101e+01
3.463390669263419142e+01
3.463051739620058100e+01
3.462564868758896353e+01
3.461926449722893295e+01
3.461847457783154880e+01
3.461795823600467514e+01
3.461601979995986511e+01
3.461399810847051128e+01
3.461115382292149434e+01
3.460239178778869729e+01
3.459428447335453427e+01
3.458626130456439540e+01
3.457684208016261351e+01
3.456761013384458181e+01
3.456278208470748581e+01
3.455897867466985929e+01
3.455240167927715333e+01
3.454580516260006817e+01
3.453990034728830949e+01
3.453301414788887058e+01
3.452588983171538217e+01
3.451811149671306822e+01
3.451101368144406933e+01
3.449617286651093906e+01
3.447156323574949965e+01
3.445022575654283514e+01
3.442801152233403883e+01
3.440554913486113975e+01
3.438755247553593364e+01
3.437704014336537739e+01
3.437676232423081757e+01
3.437741221458306029e+01
3.438515590976348335e+01
3.440244467188948363e+01
3.442783977381819227e+01
3.444483034566243873e+01
3.447110893173648805e+01
3.449279862469172286e+01
3.450189572900459467e+01
3.451083315467618462e+01
3.452561779816191034e+01
3.453674366362835713e+01
3.454666094077590088e+01
3.456501349334716622e+01
3.458059768167269965e+01
3.459466328193966689e+01
3.460994067912991312e+01
3.462299844881909650e+01
3.463433447760457540e+01
3.464979938789841896e+01
3.465339297623284409e+01
3.465417629207460237e+01
3.465832681377001734e+01
3.466559619269936832e+01
3.466040158661233761e+01
3.465541285759877610e+01
3.464793796517754743e+01
3.463661482676705816e+01
3.461502730877547407e+01
3.460401452407405998e+01
3.459961971982104956e+01
3.459266751972780440e+01
