-9.264243841171264648e-01
1.586562842130661011e-01
-5.331400036811828613e-01
-1.449346899986267090e+00
-1.777565598487854004e+00
-1.783114910125732422e+00
-1.774329543113708496e+00
-1.768736004829406738e+00
-1.758828401565551758e+00
-1.742223501205444336e+00
-1.706317424774169922e+00
-1.469165802001953125e+00
-6.838310360908508301e-01
4.347580373287200928e-01
6.852807849645614624e-02
-9.917311072349548340e-01
-1.738320827484130859e+00
-1.789803147315979004e+00
-1.782134413719177246e+00
-1.777690768241882324e+00
-1.767278790473937988e+00
-1.745259761810302734e+00
-1.690633058547973633e+00
-1.463609933853149414e+00
-8.141235113143920898e-01
1.567857116460800171e-01
-3.315520584583282471e-01
-1.186776161193847656e+00
-1.716062664985656738e+00
-1.786571979522705078e+00
-1.776397347450256348e+00
-1.780245304107666016e+00
-1.764427900314331055e+00
-1.761712193489074707e+00
-1.704846978187561035e+00
-1.445559024810791016e+00
-5.810381770133972168e-01
4.025577604770660400e-01
-7.157221436500549316e-02
-1.060229301452636719e+00
-1.706891655921936035e+00
-1.784874439239501953e+00
-1.777746438980102539e+00
-1.764150381088256836e+00
-1.761771798133850098e+00
-1.748339533805847168e+00
-1.710829019546508789e+00
-1.362269282341003418e+00
1.939251273870468140e-01
1.419218182563781738e+00
1.114053606986999512e+00
-4.237729012966156006e-01
-1.639749050140380859e+00
-1.757604837417602539e+00
-1.747047781944274902e+00
-1.720652103424072266e+00
-1.667584538459777832e+00
-1.652232408523559570e+00
-1.589797019958496094e+00
-6.939713954925537109e-01
1.417988300323486328e+00
1.811196327209472656e+00
1.107489585876464844e+00
1.032134518027305603e-02
-9.908652305603027344e-01
-1.606081366539001465e+00
-1.656060934066772461e+00
-1.574980139732360840e+00
-1.524484515190124512e+00
-1.506902456283569336e+00
-1.321144223213195801e+00
1.684966981410980225e-01
1.989081859588623047e+00
3.250684261322021484e+00
1.922838926315307617e+00
6.059391498565673828e-01
-7.514411211013793945e-01
-1.382010817527770996e+00
-1.415241360664367676e+00
-1.333566546440124512e+00
-1.326218247413635254e+00
-1.297919869422912598e+00
-1.067828059196472168e+00
6.971353292465209961e-01
3.725854396820068359e+00
5.049768447875976562e+00
3.367767333984375000e+00
1.065196514129638672e+00
-2.952803373336791992e-01
-1.119770765304565430e+00
-1.378316640853881836e+00
-1.377273678779602051e+00
-1.361249804496765137e+00
-1.387375354766845703e+00
-1.196691751480102539e+00
1.017485037446022034e-01
2.521351099014282227e+00
3.273104906082153320e+00
2.145458936691284180e+00
7.394973635673522949e-01
-5.037922859191894531e-01
-1.276692032814025879e+00
-1.476728081703186035e+00
-1.455822467803955078e+00
-1.436384081840515137e+00
-1.395668029785156250e+00
-8.478381633758544922e-01
9.562398791313171387e-01
3.935909509658813477e+00
4.414611339569091797e+00
3.134595870971679688e+00
1.543487191200256348e+00
1.923667490482330322e-01
-9.332891106605529785e-01
-1.517254590988159180e+00
-1.631712675094604492e+00
-1.582221388816833496e+00
-1.457664012908935547e+00
-1.275165438652038574e+00
4.398843348026275635e-01
2.978947162628173828e+00
3.667448759078979492e+00
2.819992065429687500e+00
1.301260709762573242e+00
-1.774596720933914185e-01
-1.282452583312988281e+00
-1.630204796791076660e+00
-1.579593539237976074e+00
-1.565357685089111328e+00
-1.529450058937072754e+00
-1.350384473800659180e+00
7.368926405906677246e-01
4.018696784973144531e+00
4.987439155578613281e+00
2.736945152282714844e+00
8.899058699607849121e-01
-4.623839855194091797e-01
-1.187413930892944336e+00
-1.521782636642456055e+00
-1.596905231475830078e+00
-1.547003149986267090e+00
-1.501063227653503418e+00
-1.264687776565551758e+00
2.414885759353637695e-01
2.111692428588867188e+00
2.609935283660888672e+00
2.191725254058837891e+00
8.035500049591064453e-01
-5.661727786064147949e-01
-1.495772957801818848e+00
-1.687902212142944336e+00
-1.681803941726684570e+00
-1.636752963066101074e+00
-1.596061348915100098e+00
-1.364601135253906250e+00
5.950281023979187012e-01
2.973306179046630859e+00
3.700148105621337891e+00
2.370325565338134766e+00
6.083275079727172852e-01
-7.679957747459411621e-01
-1.569222211837768555e+00
-1.672415256500244141e+00
-1.603109002113342285e+00
-1.541807651519775391e+00
-1.550801992416381836e+00
-1.415780544281005859e+00
3.923650979995727539e-01
3.481398820877075195e+00
4.150607585906982422e+00
2.860286235809326172e+00
9.610987901687622070e-01
-5.162524580955505371e-01
-1.397217512130737305e+00
-1.743355989456176758e+00
-1.712880849838256836e+00
-1.618339419364929199e+00
-1.534464001655578613e+00
-1.341714739799499512e+00
1.688986271619796753e-01
