-1.019252389669418335e-01
-1.137088611721992493e-01
-1.548177748918533325e-01
-1.432280391454696655e-01
-1.201516315340995789e-01
-6.872056424617767334e-02
-1.589431017637252808e-01
-1.037721410393714905e-01
-9.910940378904342651e-02
-1.542262285947799683e-01
-7.644201070070266724e-02
-8.165110647678375244e-02
-7.096987962722778320e-02
-1.168999746441841125e-01
-1.340518742799758911e-01
-1.274028271436691284e-01
-1.197498813271522522e-01
-4.791584983468055725e-02
-1.472746133804321289e-01
-1.499367654323577881e-01
-1.510177105665206909e-01
-1.414448022842407227e-01
-1.189389675855636597e-01
-7.686715573072433472e-02
-9.718859940767288208e-02
-1.039764732122421265e-01
-7.146266847848892212e-02
-1.049640253186225891e-01
-1.157164573669433594e-01
-1.376660764217376709e-01
-1.550950556993484497e-01
-1.262433379888534546e-01
-1.499251127243041992e-01
-1.691058278083801270e-01
-1.322849243879318237e-01
-9.708867222070693970e-02
-7.872821390628814697e-02
-1.195494085550308228e-01
-9.495638310909271240e-02
-1.828791201114654541e-01
-9.533651173114776611e-02
-1.341607719659805298e-01
-1.562893837690353394e-01
-1.456011533737182617e-01
-1.270457059144973755e-01
-1.043251976370811462e-01
-1.373551934957504272e-01
-8.633081614971160889e-02
-9.094579517841339111e-02
-1.106901764869689941e-01
-1.131517440080642700e-01
-1.143562272191047668e-01
-9.163584560155868530e-02
-1.171527728438377380e-01
-1.219984963536262512e-01
-1.644904166460037231e-01
-1.424573957920074463e-01
-1.313285678625106812e-01
-8.434032648801803589e-02
-7.207065075635910034e-02
-7.361982762813568115e-02
-1.043846234679222107e-01
-1.143496409058570862e-01
-1.444902718067169189e-01
-9.132706373929977417e-02
-9.073136001825332642e-02
-1.717198789119720459e-01
-1.285207867622375488e-01
-9.337022900581359863e-02
-1.431879699230194092e-01
-8.663041144609451294e-02
-1.035349741578102112e-01
-9.024655818939208984e-02
-1.042202860116958618e-01
-9.914637356996536255e-02
-1.272702664136886597e-01
-1.034819334745407104e-01
-1.208346486091613770e-01
-1.393028944730758667e-01
-1.287804394960403442e-01
-2.120192945003509521e-01
-1.530146002769470215e-01
-1.211107596755027771e-01
-9.902574867010116577e-02
-7.154303789138793945e-02
-9.016548097133636475e-02
-1.449309736490249634e-01
-8.860830962657928467e-02
-9.280066937208175659e-02
-1.098852008581161499e-01
-1.509066671133041382e-01
-1.256250739097595215e-01
-1.898635178804397583e-01
-1.927726268768310547e-01
-7.530544698238372803e-02
-9.920326620340347290e-02
-1.016979366540908813e-01
-1.126728877425193787e-01
-1.257388591766357422e-01
-1.375086605548858643e-01
-8.234620094299316406e-02
-1.703762859106063843e-01
-1.373988538980484009e-01
-1.363022774457931519e-01
-1.627738177776336670e-01
-1.398119330406188965e-01
-1.476155072450637817e-01
-1.318228840827941895e-01
-1.099845543503761292e-01
-9.623425453901290894e-02
-7.878752797842025757e-02
-1.276558190584182739e-01
-1.177047267556190491e-01
-1.021429598331451416e-01
-1.349191963672637939e-01
-1.218270063400268555e-01
-1.612923592329025269e-01
-1.696416586637496948e-01
-8.690228313207626343e-02
-6.920090317726135254e-02
-8.035135269165039062e-02
-9.623851627111434937e-02
-1.031181663274765015e-01
-1.401489526033401489e-01
-1.202720627188682556e-01
-1.342509686946868896e-01
-1.915376782417297363e-01
-1.296354383230209351e-01
-1.781865805387496948e-01
-1.230391934514045715e-01
-1.255189180374145508e-01
-5.834685266017913818e-02
-9.235557913780212402e-02
-8.426330983638763428e-02
-1.141893342137336731e-01
-1.041432768106460571e-01
-1.019491851329803467e-01
-1.190138086676597595e-01
-1.373544186353683472e-01
-1.199765279889106750e-01
-1.195160523056983948e-01
-1.617008596658706665e-01
-1.218366548418998718e-01
-1.040915250778198242e-01
-9.406422823667526245e-02
-8.432834595441818237e-02
-1.192280948162078857e-01
-1.286982893943786621e-01
-9.106661379337310791e-02
-1.305531263351440430e-01
-1.875161379575729370e-01
-1.818441152572631836e-01
-1.687463670969009399e-01
-1.545164287090301514e-01
-1.422745734453201294e-01
-1.099711656570434570e-01
-1.032805740833282471e-01
-9.342718124389648438e-02
-1.354091316461563110e-01
-1.060254722833633423e-01
-1.181876882910728455e-01
-1.063126623630523682e-01
-1.405337750911712646e-01
-1.538637727499008179e-01
-1.267323344945907593e-01
-1.492052078247070312e-01
-1.491243988275527954e-01
-1.001326665282249451e-01
-9.112782031297683716e-02
-1.107537522912025452e-01
-1.344925612211227417e-01
-1.273219585418701172e-01
-1.343233734369277954e-01
-8.258765935897827148e-02
-1.743534654378890991e-01
-2.071817666292190552e-01
-1.617237627506256104e-01
-1.371883600950241089e-01
-1.658710092306137085e-01
-9.249243140220642090e-02
-8.682344853878021240e-02
-1.343124657869338989e-01
-1.474280357360839844e-01
-1.435117274522781372e-01
-9.946586936712265015e-02
-1.253249347209930420e-01
-1.382092833518981934e-01
-1.540040820837020874e-01
-7.570146024227142334e-02
-1.520275920629501343e-01
-9.339259564876556396e-02
-1.181538552045822144e-01
-5.789223685860633850e-02
-1.030009016394615173e-01
-8.551227301359176636e-02
-1.192227825522422791e-01
-1.432345956563949585e-01
-1.373118162155151367e-01
-1.218787729740142822e-01
-1.129853576421737671e-01
-1.407344639301300049e-01
-1.245628297328948975e-01
-9.832962602376937866e-02
-1.185300424695014954e-01
-9.999129176139831543e-02
-1.111484244465827942e-01
-9.683702141046524048e-02
-1.301059275865554810e-01
-7.922393083572387695e-02
-1.375599652528762817e-01
-1.423485130071640015e-01
-9.885344654321670532e-02
-1.394041031599044800e-01
-1.380307674407958984e-01
-1.200188174843788147e-01
-9.537859261035919189e-02
-8.794730156660079956e-02
-1.273551285266876221e-01
-1.308253556489944458e-01
-8.049213886260986328e-02
-1.649105995893478394e-01
-1.874502748250961304e-01
-1.718132346868515015e-01
-1.686047613620758057e-01
-1.740437150001525879e-01
-1.404002755880355835e-01
-1.290192604064941406e-01
-1.106089502573013306e-01
-8.790557086467742920e-02
-1.090420559048652649e-01
-1.401807963848114014e-01
-1.398338377475738525e-01
-1.427406817674636841e-01
-1.777365803718566895e-01
-1.544137448072433472e-01
-1.417347937822341919e-01
-1.345417946577072144e-01
-1.314408481121063232e-01
-1.256369203329086304e-01
-8.705985546112060547e-02
-6.185355782508850098e-02
-1.177117899060249329e-01
-1.420325636863708496e-01
-1.133760362863540649e-01
-1.355775594711303711e-01
-1.050048619508743286e-01
-1.030102446675300598e-01
-1.055153459310531616e-01
-1.662314087152481079e-01
-1.532222479581832886e-01
-1.572515666484832764e-01
-9.868729859590530396e-02
-1.089199632406234741e-01
-6.866998970508575439e-02
-1.109970137476921082e-01
-1.066712439060211182e-01
-7.080727815628051758e-02
-1.378101408481597900e-01
-1.307426989078521729e-01
-1.193894371390342712e-01
-1.588535308837890625e-01
-1.283942759037017822e-01
-9.182801097631454468e-02
-9.866636991500854492e-02
-6.755842268466949463e-02
-1.112868487834930420e-01
-1.093450337648391724e-01
-1.617246866226196289e-01
-1.240087747573852539e-01
-1.446005553007125854e-01
-7.981317490339279175e-02
-1.279809772968292236e-01
-1.459136605262756348e-01
-1.142268627882003784e-01
-7.840628176927566528e-02
-1.079685688018798828e-01
-5.154647678136825562e-02
-8.306846022605895996e-02
-1.040732637047767639e-01
-1.365724205970764160e-01
-1.126630827784538269e-01
-1.419868767261505127e-01
-1.401999592781066895e-01
-1.437352001667022705e-01
-1.555692404508590698e-01
-1.412735879421234131e-01
-1.037314534187316895e-01
-1.146821305155754089e-01
-1.014807522296905518e-01
-1.020047515630722046e-01
-1.263725012540817261e-01
-1.496180444955825806e-01
-1.482854485511779785e-01
-5.935595557093620300e-02
-1.662132441997528076e-01
-1.488501578569412231e-01
-6.676875799894332886e-02
-1.426856368780136108e-01
-9.189193695783615112e-02
-3.919031843543052673e-02
-9.909168630838394165e-02
-9.669241309165954590e-02
-1.106968000531196594e-01
-9.347233921289443970e-02
-1.316926032304763794e-01
-1.350226402282714844e-01
-1.610621511936187744e-01
-1.323715895414352417e-01
-1.689727604389190674e-01
-1.540047377347946167e-01
-1.393867731094360352e-01
-8.558064699172973633e-02
-7.533087581396102905e-02
-8.689205348491668701e-02
-1.198856309056282043e-01
-1.487498879432678223e-01
-7.009349763393402100e-02
-1.575132310390472412e-01
-1.522010117769241333e-01
-1.516482681035995483e-01
-1.265313476324081421e-01
-1.720211654901504517e-01
-1.471608430147171021e-01
-8.163199573755264282e-02
-6.563000380992889404e-02
-5.870573967695236206e-02
-1.104208081960678101e-01
-1.116816848516464233e-01
-1.384937912225723267e-01
-1.300212591886520386e-01
-1.407278478145599365e-01
-1.289520710706710815e-01
-1.169837191700935364e-01
-1.744085550308227539e-01
-1.283004432916641235e-01
-7.069163024425506592e-02
-4.768594354391098022e-02
-1.181828528642654419e-01
-1.258664280176162720e-01
-1.482982039451599121e-01
-1.334626823663711548e-01
-1.127813830971717834e-01
-1.714377850294113159e-01
-1.555529534816741943e-01
-1.470872312784194946e-01
-1.139128580689430237e-01
-1.157946586608886719e-01
-1.516498029232025146e-01
-7.923950999975204468e-02
-1.014515087008476257e-01
-1.264373958110809326e-01
-8.211906254291534424e-02
-1.087275892496109009e-01
-1.487809121608734131e-01
-1.351410448551177979e-01
-1.649610996246337891e-01
-2.328020781278610229e-01
-1.742960959672927856e-01
-1.171983927488327026e-01
-9.222041815519332886e-02
-7.206968218088150024e-02
-6.849555671215057373e-02
-9.978552907705307007e-02
-9.648462384939193726e-02
-7.587039470672607422e-02
-1.359530091285705566e-01
-1.595482230186462402e-01
-1.482301503419876099e-01
-1.382336467504501343e-01
-1.282989084720611572e-01
-1.566331088542938232e-01
-8.729802817106246948e-02
-1.143088340759277344e-01
-1.012033075094223022e-01
-1.342536807060241699e-01
-1.147141009569168091e-01
-1.083909645676612854e-01
-1.327160596847534180e-01
-1.453927904367446899e-01
-1.266009956598281860e-01
-1.480913609266281128e-01
-1.545664519071578979e-01
-9.859344363212585449e-02
-9.903538227081298828e-02
-1.093441024422645569e-01
-7.110982388257980347e-02
-1.435828804969787598e-01
-1.221362501382827759e-01
-1.377111971378326416e-01
-9.876525402069091797e-02
-1.424535661935806274e-01
-1.925863474607467651e-01
-1.551513075828552246e-01
-1.453591287136077881e-01
-1.481414437294006348e-01
-1.131819039583206177e-01
-8.052505552768707275e-02
-9.977612644433975220e-02
-8.861882984638214111e-02
-1.468020230531692505e-01
-1.483400613069534302e-01
-1.243118420243263245e-01
-9.208133071660995483e-02
-1.010749563574790955e-01
-1.456014811992645264e-01
-1.295116841793060303e-01
-1.338155567646026611e-01
-5.753775313496589661e-02
-8.575142174959182739e-02
-9.560695290565490723e-02
-1.005865633487701416e-01
-1.162927448749542236e-01
-1.090483888983726501e-01
-1.109698638319969177e-01
-1.456700265407562256e-01
-1.589889824390411377e-01
-1.507405042648315430e-01
-1.233206167817115784e-01
-1.334173530340194702e-01
-9.456794708967208862e-02
-8.544159680604934692e-02
-1.075264886021614075e-01
-1.157938390970230103e-01
-1.341063678264617920e-01
-1.213252469897270203e-01
-1.303878873586654663e-01
-5.956593900918960571e-02
-1.538791656494140625e-01
-1.823796629905700684e-01
-1.627805233001708984e-01
-1.464809924364089966e-01
-1.297846436500549316e-01
-8.006179332733154297e-02
-1.042181998491287231e-01
-1.261234730482101440e-01
-1.287429481744766235e-01
-8.156595379114151001e-02
-1.026759445667266846e-01
-1.335582137107849121e-01
-1.301288157701492310e-01
-1.210385635495185852e-01
-1.852304041385650635e-01
-1.132535710930824280e-01
-6.995631009340286255e-02
-8.472997695207595825e-02
-1.100422143936157227e-01
-1.284955441951751709e-01
-1.319276392459869385e-01
-1.523022055625915527e-01
-8.588908612728118896e-02
-1.807301640510559082e-01
-1.278967857360839844e-01
-1.102254614233970642e-01
-1.275049895048141479e-01
-1.399955004453659058e-01
-1.002990975975990295e-01
-8.917150646448135376e-02
-1.092077344655990601e-01
-1.408012509346008301e-01
-1.191570237278938293e-01
-7.413867861032485962e-02
-1.451486498117446899e-01
-1.598587930202484131e-01
-1.672355532646179199e-01
-1.528732776641845703e-01
-1.641549170017242432e-01
-1.068692132830619812e-01
-1.239592730998992920e-01
-9.213881939649581909e-02
-1.196141168475151062e-01
-1.126351431012153625e-01
-1.295674294233322144e-01
-6.698405742645263672e-02
-1.543335765600204468e-01
-1.527867168188095093e-01
-1.484661102294921875e-01
-2.041425257921218872e-01
-1.711997389793395996e-01
-1.181114315986633301e-01
-1.045876145362854004e-01
-8.447065204381942749e-02
-1.147105768322944641e-01
-1.371489912271499634e-01
-1.276022195816040039e-01
-1.103972345590591431e-01
-1.160426065325737000e-01
-9.027703106403350830e-02
-1.051815226674079895e-01
-1.550947725772857666e-01
-1.283159106969833374e-01
-1.317689269781112671e-01
-7.904352247714996338e-02
-5.612213909626007080e-02
-1.188986003398895264e-01
-1.133502647280693054e-01
-1.387588977813720703e-01
-1.413046717643737793e-01
-1.450337618589401245e-01
-1.207472458481788635e-01
-1.532800197601318359e-01
-1.656677275896072388e-01
-1.334406435489654541e-01
-1.416592746973037720e-01
-9.707509726285934448e-02
-7.163449376821517944e-02
-1.086547747254371643e-01
-1.228506863117218018e-01
-1.614639461040496826e-01
-1.569433212280273438e-01
-1.609157621860504150e-01
-1.730400621891021729e-01
-1.168229132890701294e-01
-1.864774078130722046e-01
-1.783356815576553345e-01
-1.322058141231536865e-01
-7.799090445041656494e-02
-2.543337643146514893e-02
-7.655870914459228516e-02
-1.042919456958770752e-01
-1.048313975334167480e-01
-9.641154110431671143e-02
-1.347960829734802246e-01
-1.715775579214096069e-01
-1.831349879503250122e-01
-1.471908390522003174e-01
-1.406459361314773560e-01
-1.161559447646141052e-01
-6.607668101787567139e-02
-8.184439688920974731e-02
-1.056294292211532593e-01
-1.328827589750289917e-01
-1.128847971558570862e-01
-1.557734310626983643e-01
-1.472610533237457275e-01
-1.729751080274581909e-01
-1.557579487562179565e-01
-1.729982495307922363e-01
-1.465215981006622314e-01
-1.739851236343383789e-01
-7.754813879728317261e-02
-8.729830384254455566e-02
-1.032479554414749146e-01
-1.404090821743011475e-01
-1.704912483692169189e-01
-1.336739957332611084e-01
-1.112636551260948181e-01
-1.639462113380432129e-01
-1.126472577452659607e-01
-1.532916128635406494e-01
-1.714829653501510620e-01
-1.518488824367523193e-01
-1.007538735866546631e-01
-8.107712119817733765e-02
-9.499745815992355347e-02
-1.123504191637039185e-01
-1.131018921732902527e-01
-1.275114566087722778e-01
-1.287786513566970825e-01
-1.159108802676200867e-01
-1.390389204025268555e-01
-1.093834713101387024e-01
-1.547865122556686401e-01
-1.551039069890975952e-01
-1.082964316010475159e-01
-1.091466248035430908e-01
-1.155839040875434875e-01
-1.192583441734313965e-01
-1.780664920806884766e-01
-1.056862771511077881e-01
-1.246489584445953369e-01
-1.481679677963256836e-01
-1.497932672500610352e-01
-1.344925314188003540e-01
-1.418269723653793335e-01
-1.074018031358718872e-01
-1.100605800747871399e-01
-1.094223633408546448e-01
-1.015063524246215820e-01
-1.263654828071594238e-01
-1.099833920598030090e-01
-9.997692704200744629e-02
-1.318285018205642700e-01
-1.193956211209297180e-01
-1.498281359672546387e-01
-1.838548779487609863e-01
-1.178585514426231384e-01
-9.071088582277297974e-02
-8.358865231275558472e-02
-8.518554270267486572e-02
-1.147004887461662292e-01
-1.307488381862640381e-01
-1.144140511751174927e-01
-1.247157230973243713e-01
-1.386498063802719116e-01
-1.596266180276870728e-01
-1.166064292192459106e-01
-1.998298317193984985e-01
-1.686882972717285156e-01
-1.070604175329208374e-01
-9.268323332071304321e-02
-7.567809522151947021e-02
-9.045160561800003052e-02
-1.120961979031562805e-01
-1.674538105726242065e-01
-1.078322306275367737e-01
-1.041512414813041687e-01
-1.219721734523773193e-01
-2.052589505910873413e-01
-1.260157823562622070e-01
-1.376384049654006958e-01
-1.181783452630043030e-01
-1.188630089163780212e-01
-8.740729093551635742e-02
-1.099890917539596558e-01
-1.028454154729843140e-01
-1.581759005784988403e-01
-1.379329711198806763e-01
-1.318900585174560547e-01
-1.148045659065246582e-01
-1.610412448644638062e-01
-1.772085726261138916e-01
-1.303849220275878906e-01
-1.027426645159721375e-01
-8.240018784999847412e-02
-1.051011085510253906e-01
-1.080418229103088379e-01
-1.257442981004714966e-01
-1.240851506590843201e-01
-9.555961191654205322e-02
-1.412588357925415039e-01
-1.548427939414978027e-01
-1.082580909132957458e-01
-1.601379215717315674e-01
-1.385995745658874512e-01
-1.222267448902130127e-01
-1.203355416655540466e-01
-9.249874949455261230e-02
-1.063686162233352661e-01
-1.175039112567901611e-01
-1.320133209228515625e-01
-1.057699695229530334e-01
-1.231401190161705017e-01
-1.318660974502563477e-01
-1.998299658298492432e-01
-1.282079219818115234e-01
-1.668043881654739380e-01
-1.494027227163314819e-01
-7.944699376821517944e-02
-9.309630095958709717e-02
-1.174170821905136108e-01
-9.798206388950347900e-02
-1.623084545135498047e-01
-1.275967657566070557e-01
-1.168356984853744507e-01
-1.577048897743225098e-01
-1.517615765333175659e-01
-1.895873099565505981e-01
-1.827243715524673462e-01
-1.290980130434036255e-01
-8.346518874168395996e-02
-9.753045439720153809e-02
-1.012097969651222229e-01
-1.254813224077224731e-01
-1.311900913715362549e-01
-1.220384016633033752e-01
-1.678225547075271606e-01
-1.874094307422637939e-01
-1.520405411720275879e-01
-1.824327409267425537e-01
-1.582310497760772705e-01
-1.506479531526565552e-01
-9.875094145536422729e-02
-1.123962104320526123e-01
-1.263530403375625610e-01
-1.193392127752304077e-01
-1.196658611297607422e-01
-1.217203512787818909e-01
-6.871975213289260864e-02
-1.325083673000335693e-01
-1.776120513677597046e-01
-1.553181111812591553e-01
-1.456630080938339233e-01
-1.355630457401275635e-01
-1.125198826193809509e-01
-9.702968597412109375e-02
-1.109434887766838074e-01
-1.225094497203826904e-01
-9.258829802274703979e-02
-9.823124110698699951e-02
-7.803467661142349243e-02
-1.683243513107299805e-01
-1.708276122808456421e-01
-1.913315057754516602e-01
-1.072226539254188538e-01
-1.252938210964202881e-01
-1.161026135087013245e-01
-7.448830455541610718e-02
-1.022962555289268494e-01
-1.247367709875106812e-01
-1.511350870132446289e-01
-1.321553885936737061e-01
-1.268672645092010498e-01
-1.016934961080551147e-01
-1.582073718309402466e-01
-1.651172488927841187e-01
-1.045962795615196228e-01
-1.124338358640670776e-01
-7.285464555025100708e-02
-9.724793583154678345e-02
-1.156206801533699036e-01
-1.187239065766334534e-01
-1.326031982898712158e-01
-1.240237951278686523e-01
-1.148504689335823059e-01
-1.015891432762145996e-01
-1.438981890678405762e-01
-1.342771649360656738e-01
-1.364944279193878174e-01
-1.123812124133110046e-01
-1.349241733551025391e-01
-1.223710626363754272e-01
-9.342116862535476685e-02
-1.210399866104125977e-01
-1.173349320888519287e-01
-1.414068937301635742e-01
-1.604505777359008789e-01
-1.550815552473068237e-01
-9.896992146968841553e-02
-1.727669537067413330e-01
-1.639661192893981934e-01
-1.490226536989212036e-01
-1.141293421387672424e-01
-1.029566228389739990e-01
-1.102143898606300354e-01
-1.093375980854034424e-01
-1.386637687683105469e-01
-1.425926387310028076e-01
-1.171496585011482239e-01
-1.084427386522293091e-01
-1.082372888922691345e-01
-1.022986844182014465e-01
-1.097238957881927490e-01
-9.830097109079360962e-02
-8.836320787668228149e-02
-8.713641762733459473e-02
-1.117634996771812439e-01
-1.230721920728683472e-01
-1.448768377304077148e-01
-1.482595354318618774e-01
-9.204465150833129883e-02
-6.756899505853652954e-02
-9.817190468311309814e-02
-1.395771801471710205e-01
-1.722867786884307861e-01
-1.588152199983596802e-01
-1.255564689636230469e-01
-1.016605496406555176e-01
-1.232409626245498657e-01
-9.814882278442382812e-02
-1.185624971985816956e-01
-1.095381602644920349e-01
-1.119079515337944031e-01
-9.928849339485168457e-02
-9.812026470899581909e-02
-9.207620471715927124e-02
-1.233830228447914124e-01
-1.275402754545211792e-01
-6.865354627370834351e-02
-7.537201792001724243e-02
-6.509219855070114136e-02
-1.015059798955917358e-01
-1.038769632577896118e-01
-1.207094490528106689e-01
-1.572027504444122314e-01
-1.291064769029617310e-01
-1.271785497665405273e-01
-1.750389635562896729e-01
-1.638263314962387085e-01
-1.351289600133895874e-01
-9.572052210569381714e-02
-8.698453754186630249e-02
-1.081863343715667725e-01
-1.437543928623199463e-01
-9.748664498329162598e-02
-1.248991414904594421e-01
-1.365852057933807373e-01
-1.326197087764739990e-01
-1.387216001749038696e-01
-1.357054561376571655e-01
-1.146223247051239014e-01
-1.078217327594757080e-01
-9.956040978431701660e-02
-9.948999434709548950e-02
-1.200457364320755005e-01
-1.756046861410140991e-01
-1.459399610757827759e-01
-1.299825757741928101e-01
-1.103059947490692139e-01
-1.081947535276412964e-01
-1.233563348650932312e-01
-1.275458633899688721e-01
-1.240752935409545898e-01
-1.106199100613594055e-01
-9.050933271646499634e-02
-7.921694219112396240e-02
-6.329458951950073242e-02
-7.889708876609802246e-02
-1.364024132490158081e-01
-9.407212585210800171e-02
-1.307775378227233887e-01
-1.394127160310745239e-01
-1.601817309856414795e-01
-1.510177850723266602e-01
-1.481277495622634888e-01
-1.401323229074478149e-01
-8.235984295606613159e-02
-9.647707641124725342e-02
-1.128282770514488220e-01
-1.361977159976959229e-01
-1.194675564765930176e-01
-9.021533280611038208e-02
-1.270784437656402588e-01
-1.501522213220596313e-01
-1.961973458528518677e-01
-1.705100834369659424e-01
-1.545325070619583130e-01
-1.283158361911773682e-01
-1.029344052076339722e-01
-8.858599513769149780e-02
-1.258680522441864014e-01
-1.222713440656661987e-01
-1.472009420394897461e-01
-1.794669181108474731e-01
-1.202175021171569824e-01
-1.729622483253479004e-01
-1.400998383760452271e-01
-2.006400078535079956e-01
-1.289584487676620483e-01
-1.047046035528182983e-01
-9.759468585252761841e-02
-1.074769645929336548e-01
-1.356976479291915894e-01
-1.114544644951820374e-01
-1.439592242240905762e-01
-9.063504636287689209e-02
-1.223628669977188110e-01
-1.334328800439834595e-01
-1.738227158784866333e-01
-1.197325214743614197e-01
-8.669076859951019287e-02
-1.152066886425018311e-01
-9.645842015743255615e-02
-1.028601527214050293e-01
-1.305922865867614746e-01
-1.094383224844932556e-01
-1.320810168981552124e-01
-1.124712899327278137e-01
-1.366638541221618652e-01
-9.484735876321792603e-02
-1.491810679435729980e-01
-1.770731210708618164e-01
-1.731171309947967529e-01
-1.291972100734710693e-01
-9.968727827072143555e-02
-8.825936913490295410e-02
-9.785127639770507812e-02
-1.334317624568939209e-01
-1.242391169071197510e-01
-1.006446406245231628e-01
-9.197659790515899658e-02
-1.339218318462371826e-01
-1.314588636159896851e-01
-1.603941321372985840e-01
-1.306651383638381958e-01
-1.098005101084709167e-01
-7.342139631509780884e-02
-9.050109982490539551e-02
-7.007639855146408081e-02
-1.190345287322998047e-01
-1.245223432779312134e-01
-1.056322902441024780e-01
-1.636143475770950317e-01
-9.840711951255798340e-02
-1.217202618718147278e-01
-1.831804662942886353e-01
-1.198422834277153015e-01
-1.151155382394790649e-01
-7.632678002119064331e-02
-8.489655703306198120e-02
-1.230662986636161804e-01
-1.305846273899078369e-01
-1.187426894903182983e-01
-1.006314083933830261e-01
-1.107940748333930969e-01
-1.600489020347595215e-01
-1.447712332010269165e-01
-1.518791168928146362e-01
-1.005734354257583618e-01
-1.172199025750160217e-01
-9.121073782444000244e-02
-6.334866583347320557e-02
-1.083538308739662170e-01
-1.310655176639556885e-01
-1.192031726241111755e-01
-9.811533242464065552e-02
-9.995466470718383789e-02
-1.606351733207702637e-01
-1.209920942783355713e-01
-1.694873571395874023e-01
-1.527379006147384644e-01
-1.506571918725967407e-01
-1.019411832094192505e-01
-9.944062680006027222e-02
-1.111382618546485901e-01
-1.171352937817573547e-01
-1.232937425374984741e-01
-1.261296123266220093e-01
-1.214345544576644897e-01
-1.227348223328590393e-01
-1.564050912857055664e-01
-1.381427347660064697e-01
-1.265457421541213989e-01
-1.171228736639022827e-01
-1.088627353310585022e-01
-7.645369321107864380e-02
-1.029081121087074280e-01
-9.737513214349746704e-02
-1.463838368654251099e-01
-1.165351048111915588e-01
-8.113183826208114624e-02
-9.314808994531631470e-02
-1.445610374212265015e-01
-1.818498522043228149e-01
-8.306054025888442993e-02
-1.222013682126998901e-01
-9.843948483467102051e-02
-7.672265917062759399e-02
-6.161168217658996582e-02
-1.330928951501846313e-01
-1.033786013722419739e-01
-8.090320974588394165e-02
-8.564925193786621094e-02
-1.462380141019821167e-01
-7.104949653148651123e-02
-1.342127472162246704e-01
-1.623100787401199341e-01
-1.487002074718475342e-01
-1.037235930562019348e-01
-9.335797280073165894e-02
-1.213324666023254395e-01
-9.001414477825164795e-02
-1.100742593407630920e-01
-1.257335841655731201e-01
-1.075334250926971436e-01
-1.221009790897369385e-01
-1.445012986660003662e-01
-1.830790936946868896e-01
-1.796331107616424561e-01
-8.005148172378540039e-02
-5.475747212767601013e-02
-5.748956277966499329e-02
-1.159040555357933044e-01
-9.302892535924911499e-02
-1.180142536759376526e-01
-1.455508917570114136e-01
-1.602859050035476685e-01
-1.702227443456649780e-01
-1.926207393407821655e-01
-2.205131649971008301e-01
-1.427833139896392822e-01
-1.067841947078704834e-01
-1.108361482620239258e-01
-1.039749830961227417e-01
-1.079947203397750854e-01
-9.641424566507339478e-02
-1.095060780644416809e-01
-5.191031470894813538e-02
-1.333503425121307373e-01
-8.742609620094299316e-02
-1.154105663299560547e-01
-1.139135435223579407e-01
-1.301267892122268677e-01
-1.047868058085441589e-01
-7.961548119783401489e-02
-9.502714872360229492e-02
-9.099570661783218384e-02
-1.211237534880638123e-01
-1.343528628349304199e-01
-1.326269507408142090e-01
-1.124304160475730896e-01
-1.103029176592826843e-01
-1.309993565082550049e-01
-1.005279496312141418e-01
-1.111283674836158752e-01
-1.558984816074371338e-01
-9.061159938573837280e-02
-8.039081841707229614e-02
-9.928599745035171509e-02
-1.115128323435783386e-01
-1.450520604848861694e-01
-9.159346669912338257e-02
-7.477014511823654175e-02
-1.662047058343887329e-01
-1.409728676080703735e-01
-1.517403125762939453e-01
-1.314450949430465698e-01
-1.022288352251052856e-01
-6.749826669692993164e-02
-1.081755757331848145e-01
-1.071049049496650696e-01
-1.148715242743492126e-01
-1.268326491117477417e-01
-1.409746855497360229e-01
-1.023794636130332947e-01
-7.110758125782012939e-02
-1.068097874522209167e-01
-1.695384383201599121e-01
-1.032954454421997070e-01
-1.024323403835296631e-01
-1.060059964656829834e-01
-8.669990301132202148e-02
-9.678170084953308105e-02
-1.004126220941543579e-01
-1.108213067054748535e-01
-1.143152043223381042e-01
-1.046670824289321899e-01
-1.407302916049957275e-01
-1.096876114606857300e-01
-1.508816331624984741e-01
-1.236730366945266724e-01
-7.631800323724746704e-02
-4.949985817074775696e-02
-7.018124312162399292e-02
-7.057060301303863525e-02
-1.465724706649780273e-01
-1.293783932924270630e-01
-1.154103726148605347e-01
-1.222182884812355042e-01
-1.733816117048263550e-01
-1.117315217852592468e-01
-1.828905642032623291e-01
-1.212505400180816650e-01
-1.025645360350608826e-01
-7.812197506427764893e-02
-9.706608951091766357e-02
-1.324621587991714478e-01
-8.886051923036575317e-02
-1.238789334893226624e-01
-1.319503933191299438e-01
-9.020471572875976562e-02
-1.471533328294754028e-01
-1.823263913393020630e-01
-1.198142990469932556e-01
-1.619878858327865601e-01
-1.138497889041900635e-01
-1.113782823085784912e-01
-1.123875528573989868e-01
-1.131940633058547974e-01
-1.205711513757705688e-01
-1.332914978265762329e-01
-1.340504586696624756e-01
-1.516577601432800293e-01
-1.634943485260009766e-01
-1.237285062670707703e-01
-1.715711653232574463e-01
-1.597841680049896240e-01
-1.161967888474464417e-01
-7.867803424596786499e-02
-1.039998456835746765e-01
-1.032795533537864685e-01
-1.200778186321258545e-01
-1.190126612782478333e-01
-1.246515884995460510e-01
-8.666756004095077515e-02
-1.056736782193183899e-01
-1.320697963237762451e-01
-1.702528595924377441e-01
-1.304867267608642578e-01
-1.137141808867454529e-01
-8.090101927518844604e-02
-7.322575151920318604e-02
-1.223543435335159302e-01
-1.131322979927062988e-01
-1.051876023411750793e-01
-1.415065973997116089e-01
-1.205948814749717712e-01
-1.496105194091796875e-01
-1.799201518297195435e-01
-1.533830463886260986e-01
-1.732559353113174438e-01
-1.431473046541213989e-01
-1.054199263453483582e-01
-8.665484935045242310e-02
-9.795529395341873169e-02
-1.294142752885818481e-01
-1.429782360792160034e-01
-1.108388379216194153e-01
-1.361727714538574219e-01
-1.575991660356521606e-01
-1.530746370553970337e-01
-1.560588926076889038e-01
-1.908459812402725220e-01
-1.523617953062057495e-01
-9.336402267217636108e-02
-9.682957828044891357e-02
-9.751121699810028076e-02
-1.242430657148361206e-01
-1.503438353538513184e-01
-1.194685474038124084e-01
-1.277860999107360840e-01
-1.274454146623611450e-01
-1.837981790304183960e-01
-2.238227874040603638e-01
-1.696275025606155396e-01
-1.280158460140228271e-01
-5.858765169978141785e-02
-7.438572496175765991e-02
-1.288605481386184692e-01
-9.895382821559906006e-02
-1.245481073856353760e-01
-1.545706093311309814e-01
-1.630056351423263550e-01
-2.056813538074493408e-01
-1.783654242753982544e-01
-1.755599379539489746e-01
-1.192217171192169189e-01
-1.124449968338012695e-01
-9.797886013984680176e-02
-6.608516722917556763e-02
-9.137093275785446167e-02
-7.786867022514343262e-02
-1.362136751413345337e-01
-1.038631573319435120e-01
-1.340281963348388672e-01
-1.493358910083770752e-01
-1.693977415561676025e-01
-1.959277093410491943e-01
-9.898537397384643555e-02
-1.385902017354965210e-01
-1.067686006426811218e-01
-6.936717778444290161e-02
-8.294461667537689209e-02
-9.931235760450363159e-02
-1.202266663312911987e-01
-1.581087708473205566e-01
-1.144894957542419434e-01
-1.250881999731063843e-01
-1.652103811502456665e-01
-1.591770648956298828e-01
-1.141833066940307617e-01
-1.163615360856056213e-01
-7.898765057325363159e-02
-5.682757496833801270e-02
-6.916207075119018555e-02
-1.167398914694786072e-01
-1.030240356922149658e-01
-1.221695318818092346e-01
-1.294741928577423096e-01
-1.500976532697677612e-01
-1.208999752998352051e-01
-1.663128435611724854e-01
-1.674623936414718628e-01
-1.337819546461105347e-01
-1.221962273120880127e-01
-9.715772420167922974e-02
-9.429584443569183350e-02
-1.061272248625755310e-01
-1.096658483147621155e-01
-1.326586306095123291e-01
-9.468681365251541138e-02
-1.276626586914062500e-01
-1.364183872938156128e-01
-2.020827233791351318e-01
-2.018025517463684082e-01
-1.129964441061019897e-01
-1.225472390651702881e-01
-1.262872219085693359e-01
-1.228556707501411438e-01
-1.142379641532897949e-01
-1.183396503329277039e-01
-1.107737869024276733e-01
-1.248764768242835999e-01
-1.596250832080841064e-01
-1.087510883808135986e-01
-1.677137613296508789e-01
-1.551572680473327637e-01
-1.408038884401321411e-01
-1.010635867714881897e-01
-7.641532272100448608e-02
-9.886279702186584473e-02
-1.251422613859176636e-01
-1.377703845500946045e-01
-1.360492408275604248e-01
-1.129802912473678589e-01
-1.492165476083755493e-01
-1.286404877901077271e-01
-1.118314415216445923e-01
-1.261117905378341675e-01
-1.238007545471191406e-01
-9.316885471343994141e-02
-8.944439888000488281e-02
-9.704057127237319946e-02
-1.115458607673645020e-01
-1.231414303183555603e-01
-1.123957559466362000e-01
-1.160110086202621460e-01
-7.790787518024444580e-02
-9.931156784296035767e-02
-1.765118092298507690e-01
-1.539487987756729126e-01
-1.035047098994255066e-01
-5.757902562618255615e-02
-7.238893210887908936e-02
-8.412592113018035889e-02
-1.430411189794540405e-01
-1.058660745620727539e-01
-1.264665871858596802e-01
-1.488225907087326050e-01
-1.633932441473007202e-01
-1.366939246654510498e-01
-1.242740303277969360e-01
-1.542126238346099854e-01
-1.493598073720932007e-01
-1.057692840695381165e-01
-7.696484029293060303e-02
-8.752260357141494751e-02
-1.021242961287498474e-01
-1.337278038263320923e-01
-1.304728984832763672e-01
-1.393036395311355591e-01
-1.662014424800872803e-01
-1.099475473165512085e-01
-1.421486586332321167e-01
-1.583504825830459595e-01
-1.416091173887252808e-01
-8.307188749313354492e-02
-6.330028176307678223e-02
-1.044310033321380615e-01
-9.539421647787094116e-02
-1.372815668582916260e-01
-1.166712939739227295e-01
-7.539041340351104736e-02
-1.939658820629119873e-01
-1.517930626869201660e-01
-1.259653568267822266e-01
-1.419660001993179321e-01
-8.097963780164718628e-02
-1.105771586298942566e-01
-1.007822453975677490e-01
-9.275206923484802246e-02
-1.064081937074661255e-01
-1.239915043115615845e-01
-1.187401562929153442e-01
-1.382954120635986328e-01
-1.312247812747955322e-01
-1.571532487869262695e-01
-1.659383326768875122e-01
-1.720346510410308838e-01
-1.610969007015228271e-01
-1.049898862838745117e-01
-5.253600329160690308e-02
-1.137737035751342773e-01
-1.155590787529945374e-01
-1.184933856129646301e-01
-1.083093881607055664e-01
-1.899185180664062500e-01
-1.168313398957252502e-01
-1.851968169212341309e-01
-1.780266612768173218e-01
-1.434514969587326050e-01
-1.404186189174652100e-01
-1.041185557842254639e-01
-1.159771531820297241e-01
-9.574947506189346313e-02
-8.765261620283126831e-02
-1.306284517049789429e-01
-1.204917728900909424e-01
-9.846416860818862915e-02
-1.627200990915298462e-01
-1.583906263113021851e-01
-1.112401112914085388e-01
-1.410638093948364258e-01
-1.177472919225692749e-01
-9.106943756341934204e-02
-1.115042120218276978e-01
-1.030027419328689575e-01
-9.967423230409622192e-02
-1.396090686321258545e-01
-9.634673595428466797e-02
-1.126448810100555420e-01
-1.008287072181701660e-01
-2.025276124477386475e-01
-1.167758181691169739e-01
-1.492232084274291992e-01
-1.282836049795150757e-01
-9.020335972309112549e-02
-9.090802073478698730e-02
-1.151267290115356445e-01
-1.223478391766548157e-01
-1.315742582082748413e-01
-1.632720082998275757e-01
-1.828958392143249512e-01
-1.358098685741424561e-01
-1.078671365976333618e-01
-1.537406146526336670e-01
-1.229678392410278320e-01
-1.065387055277824402e-01
-8.875022083520889282e-02
-7.274724543094635010e-02
-1.002567932009696960e-01
-1.092113703489303589e-01
-1.062614619731903076e-01
-9.693101048469543457e-02
-9.984469413757324219e-02
-8.817455917596817017e-02
-1.212980151176452637e-01
-1.650523245334625244e-01
-1.717500090599060059e-01
-1.465398669242858887e-01
-6.235625222325325012e-02
-8.185595273971557617e-02
-9.407998621463775635e-02
-1.299100667238235474e-01
-1.282662451267242432e-01
-1.037220433354377747e-01
-8.941173553466796875e-02
-1.014170497655868530e-01
-9.678577631711959839e-02
-2.102777957916259766e-01
-1.646512299776077271e-01
-1.067122668027877808e-01
-7.646758109331130981e-02
-8.453428745269775391e-02
-1.077804118394851685e-01
-1.181189492344856262e-01
-1.362990140914916992e-01
-9.903762489557266235e-02
-1.162288784980773926e-01
-1.099888086318969727e-01
-1.292504668235778809e-01
-1.288684159517288208e-01
-1.901123523712158203e-01
-1.257399320602416992e-01
-7.542149722576141357e-02
-8.358886092901229858e-02
-1.129412800073623657e-01
-1.174188554286956787e-01
-9.280270338058471680e-02
-1.129481345415115356e-01
-1.652825325727462769e-01
-1.196209341287612915e-01
-1.656809896230697632e-01
-1.177021563053131104e-01
-9.758131951093673706e-02
-1.691799461841583252e-01
-9.373746067285537720e-02
-7.715663313865661621e-02
-1.201956346631050110e-01
-1.226935535669326782e-01
-1.149092242121696472e-01
-9.075170755386352539e-02
-9.630682319402694702e-02
-1.134524196386337280e-01
-1.920782476663589478e-01
-1.724590957164764404e-01
-1.026933938264846802e-01
-8.126888424158096313e-02
-1.096527203917503357e-01
-7.696227729320526123e-02
-1.273498833179473877e-01
-1.147578582167625427e-01
-1.381581276655197144e-01
-9.136799722909927368e-02
-1.560271233320236206e-01
-9.940168261528015137e-02
-1.588186621665954590e-01
-1.182534545660018921e-01
-1.399929821491241455e-01
-1.193403080105781555e-01
-6.991121172904968262e-02
-8.476500213146209717e-02
-9.956996887922286987e-02
-1.346221864223480225e-01
-1.174699366092681885e-01
-9.645029902458190918e-02
-1.156361773610115051e-01
-1.258148401975631714e-01
-1.481199115514755249e-01
-1.699199080467224121e-01
-1.187045499682426453e-01
-1.034297272562980652e-01
-7.904759049415588379e-02
-1.187234520912170410e-01
-1.273621618747711182e-01
-1.165143102407455444e-01
-1.633905917406082153e-01
-1.028444692492485046e-01
-1.099614351987838745e-01
-8.047133684158325195e-02
-1.166456937789916992e-01
-1.790849864482879639e-01
-1.286303400993347168e-01
-1.104062795639038086e-01
-7.151650637388229370e-02
-8.880686759948730469e-02
-1.042645424604415894e-01
-1.303894221782684326e-01
-1.348814815282821655e-01
-1.365249305963516235e-01
-8.421462774276733398e-02
-1.537092477083206177e-01
-1.610110253095626831e-01
-1.280929893255233765e-01
-1.231885552406311035e-01
-9.506828337907791138e-02
-1.049616262316703796e-01
-9.894020855426788330e-02
-1.020986288785934448e-01
-9.735582023859024048e-02
-1.138029545545578003e-01
-1.135568171739578247e-01
-1.321306526660919189e-01
-1.466220319271087646e-01
-1.504584550857543945e-01
-1.745126545429229736e-01
-1.723388582468032837e-01
-1.038613244891166687e-01
-1.072693094611167908e-01
-1.187402531504631042e-01
-8.201180398464202881e-02
-1.147807091474533081e-01
-1.236435472965240479e-01
-1.517111063003540039e-01
-1.197640672326087952e-01
-1.863969862461090088e-01
-1.077418774366378784e-01
-1.379684358835220337e-01
-1.449827402830123901e-01
-1.294923722743988037e-01
-9.125940501689910889e-02
-8.470457047224044800e-02
-1.332558840513229370e-01
-1.003976240754127502e-01
-1.365143060684204102e-01
-1.342823803424835205e-01
-6.978752464056015015e-02
-1.268384158611297607e-01
-2.075648605823516846e-01
-1.740327924489974976e-01
-1.670305281877517700e-01
-1.035041585564613342e-01
-1.010326892137527466e-01
-9.668522328138351440e-02
-1.496795415878295898e-01
-1.427011042833328247e-01
-1.262611597776412964e-01
-9.950677305459976196e-02
-1.817627698183059692e-01
-1.502634882926940918e-01
-1.168776825070381165e-01
-1.749991625547409058e-01
-1.359810978174209595e-01
-1.540040969848632812e-01
-9.062813222408294678e-02
-9.213285148143768311e-02
-9.170623868703842163e-02
-1.090622097253799438e-01
-1.185259670019149780e-01
-1.026798337697982788e-01
-1.121138259768486023e-01
-1.041203066706657410e-01
-1.783272176980972290e-01
-1.664692014455795288e-01
-1.389076411724090576e-01
-1.517816632986068726e-01
-9.199444949626922607e-02
-7.462787628173828125e-02
-1.021202877163887024e-01
-1.209523752331733704e-01
-1.288178116083145142e-01
-1.434548795223236084e-01
-9.163773804903030396e-02
-7.080436497926712036e-02
-1.488703340291976929e-01
-1.402607858180999756e-01
-1.660684198141098022e-01
-8.659896999597549438e-02
-1.048799529671669006e-01
-9.537496417760848999e-02
-1.030253097414970398e-01
-1.052351519465446472e-01
-1.356099396944046021e-01
-8.602853864431381226e-02
-1.661300957202911377e-01
-1.565433889627456665e-01
-8.764965087175369263e-02
-1.184851750731468201e-01
-1.167721524834632874e-01
-1.257426738739013672e-01
-1.025331169366836548e-01
-9.558028727769851685e-02
-1.110615208745002747e-01
-1.088284552097320557e-01
-1.012792214751243591e-01
-1.595796197652816772e-01
-1.464685499668121338e-01
-1.476659923791885376e-01
-1.607141345739364624e-01
-1.433672010898590088e-01
-1.657433807849884033e-01
-1.501466929912567139e-01
-1.012112870812416077e-01
-9.752649068832397461e-02
-7.880632579326629639e-02
-1.021969020366668701e-01
-1.431224048137664795e-01
-1.339496225118637085e-01
-1.293748170137405396e-01
-1.123614907264709473e-01
-1.331280320882797241e-01
-1.855090707540512085e-01
-1.476021707057952881e-01
-1.466498821973800659e-01
-8.443841338157653809e-02
-7.849631458520889282e-02
-9.477792680263519287e-02
-1.120825558900833130e-01
-1.133384853601455688e-01
-1.225674301385879517e-01
-9.545458853244781494e-02
-1.092870756983757019e-01
-1.263380348682403564e-01
-1.530784666538238525e-01
-1.311157792806625366e-01
-1.491548866033554077e-01
-9.916983544826507568e-02
-8.479727059602737427e-02
-7.864774018526077271e-02
-1.229221373796463013e-01
-1.093590855598449707e-01
-1.221995949745178223e-01
-1.258607208728790283e-01
-1.676772683858871460e-01
-1.693595498800277710e-01
-1.831858307123184204e-01
-1.257824748754501343e-01
-1.255022138357162476e-01
-1.022314876317977905e-01
-9.236939996480941772e-02
-1.037009432911872864e-01
-7.763314992189407349e-02
-1.369170099496841431e-01
-1.275990307331085205e-01
-1.207379177212715149e-01
-1.176308915019035339e-01
-7.972720265388488770e-02
-1.708357334136962891e-01
-1.643099635839462280e-01
-1.356057524681091309e-01
-1.034092456102371216e-01
-1.119174882769584656e-01
-9.975226968526840210e-02
-8.643056452274322510e-02
-1.487741768360137939e-01
-1.139250844717025757e-01
-1.135287508368492126e-01
-1.610087156295776367e-01
-1.624133288860321045e-01
-1.633937209844589233e-01
-1.531945019960403442e-01
-9.463049471378326416e-02
-1.070257946848869324e-01
-8.140282332897186279e-02
-7.044967263936996460e-02
-1.143519431352615356e-01
-1.030196771025657654e-01
-1.216638982295989990e-01
-8.598735183477401733e-02
-1.167724654078483582e-01
-1.646613925695419312e-01
-1.784642338752746582e-01
-1.378693580627441406e-01
-1.099125891923904419e-01
-8.765405416488647461e-02
-9.488995373249053955e-02
-8.084569126367568970e-02
-1.237898468971252441e-01
-1.371953189373016357e-01
-1.059237942099571228e-01
-1.827084571123123169e-01
-1.589400768280029297e-01
-1.815545111894607544e-01
-1.539965420961380005e-01
-1.509363651275634766e-01
-9.737638384103775024e-02
-9.327417612075805664e-02
-5.702099949121475220e-02
-6.206679344177246094e-02
-9.811336547136306763e-02
-1.504897922277450562e-01
-1.192039847373962402e-01
-1.443439126014709473e-01
-6.717791408300399780e-02
-1.471573412418365479e-01
-1.011479720473289490e-01
-1.421905755996704102e-01
-1.140642091631889343e-01
-8.695103228092193604e-02
-7.799851149320602417e-02
-9.480683505535125732e-02
-1.194239705801010132e-01
-1.407344788312911987e-01
-9.113520383834838867e-02
-7.671412080526351929e-02
-1.354464888572692871e-01
-1.612343341112136841e-01
-1.725845932960510254e-01
-1.428511291742324829e-01
-1.191208064556121826e-01
-1.158858165144920349e-01
-9.700185060501098633e-02
-9.379821270704269409e-02
-1.306134909391403198e-01
-1.389540731906890869e-01
-9.495614469051361084e-02
-1.183536872267723083e-01
-1.429855674505233765e-01
-1.657522767782211304e-01
-1.154387593269348145e-01
-1.781529784202575684e-01
-1.203817129135131836e-01
-9.707378596067428589e-02
-1.149458959698677063e-01
-1.090359613299369812e-01
-1.476673036813735962e-01
-1.124745905399322510e-01
-1.079998388886451721e-01
-1.045184209942817688e-01
-1.319763958454132080e-01
-1.092630773782730103e-01
-1.478889435529708862e-01
-1.622267961502075195e-01
-1.435956656932830811e-01
-1.197807118296623230e-01
-8.393915742635726929e-02
-8.423124998807907104e-02
-1.331502646207809448e-01
-1.277580410242080688e-01
-1.355585306882858276e-01
-1.182411909103393555e-01
-1.332169622182846069e-01
-1.382160186767578125e-01
-1.135874465107917786e-01
-1.273333877325057983e-01
-9.786748886108398438e-02
-7.883975654840469360e-02
-6.216179952025413513e-02
-4.533790051937103271e-02
-1.263185888528823853e-01
-7.843384891748428345e-02
-1.077947691082954407e-01
-1.418166607618331909e-01
-1.260826587677001953e-01
-1.474931389093399048e-01
-1.830088943243026733e-01
-1.258237212896347046e-01
-8.299218863248825073e-02
-8.579523116350173950e-02
-1.094328686594963074e-01
-1.005716174840927124e-01
-1.075424104928970337e-01
-1.116498783230781555e-01
-5.672697350382804871e-02
-6.154554709792137146e-02
-1.444686651229858398e-01
-1.137903109192848206e-01
-1.440016031265258789e-01
-1.534464806318283081e-01
-1.441437005996704102e-01
-8.255197852849960327e-02
-1.268853545188903809e-01
-1.158404648303985596e-01
-1.354094892740249634e-01
-1.832003593444824219e-01
-1.265540271997451782e-01
-1.121882796287536621e-01
-1.004858091473579407e-01
-1.400811970233917236e-01
-1.319274455308914185e-01
-1.065817400813102722e-01
-1.184531822800636292e-01
-1.199838817119598389e-01
-1.056777983903884888e-01
-1.117421239614486694e-01
-8.272758871316909790e-02
-1.256376802921295166e-01
-7.585787028074264526e-02
-1.072306334972381592e-01
-1.298918277025222778e-01
-1.295419782400131226e-01
-1.426859796047210693e-01
-1.358261853456497192e-01
-1.106994003057479858e-01
-8.372651785612106323e-02
-8.888832479715347290e-02
-9.840156883001327515e-02
-1.135847792029380798e-01
-1.427049636840820312e-01
-1.006888076663017273e-01
-9.389885514974594116e-02
-1.368275433778762817e-01
-1.817331016063690186e-01
-9.839544445276260376e-02
-1.309214085340499878e-01
-1.057383343577384949e-01
-5.486004427075386047e-02
-8.626033365726470947e-02
-1.221333593130111694e-01
-1.108538135886192322e-01
-1.350095421075820923e-01
-1.510358005762100220e-01
-1.374543011188507080e-01
-1.448754817247390747e-01
-1.866504400968551636e-01
-1.499626040458679199e-01
-1.736413240432739258e-01
-1.590833812952041626e-01
-1.258968412876129150e-01
-6.313946843147277832e-02
-9.486608207225799561e-02
-1.048792004585266113e-01
-1.113034635782241821e-01
-1.910861879587173462e-01
-1.192863211035728455e-01
-1.080585941672325134e-01
-1.584455668926239014e-01
-1.624165177345275879e-01
-1.507145017385482788e-01
-1.451820135116577148e-01
-9.686019271612167358e-02
-1.109424531459808350e-01
-1.159135177731513977e-01
-1.268021017313003540e-01
-1.003071367740631104e-01
-8.641667664051055908e-02
-1.088985055685043335e-01
-1.259980648756027222e-01
-9.824745357036590576e-02
-1.494319140911102295e-01
-1.267186403274536133e-01
-1.211328804492950439e-01
-9.152899682521820068e-02
-8.507099747657775879e-02
-7.984817773103713989e-02
-1.530457288026809692e-01
-1.287752389907836914e-01
-8.140277117490768433e-02
-1.067209243774414062e-01
-1.310961842536926270e-01
-1.458660215139389038e-01
-1.512889713048934937e-01
-1.425686031579971313e-01
-7.824523001909255981e-02
-7.649087160825729370e-02
-8.016020804643630981e-02
-5.107548460364341736e-02
-1.056068465113639832e-01
-1.304637789726257324e-01
-1.332094222307205200e-01
-1.402978003025054932e-01
-1.242070049047470093e-01
-1.411589831113815308e-01
-1.324236541986465454e-01
-1.739554703235626221e-01
-1.683233976364135742e-01
-9.187657386064529419e-02
-7.878193259239196777e-02
-1.191494539380073547e-01
-1.301094442605972290e-01
-1.525914967060089111e-01
-1.452831625938415527e-01
-1.091636419296264648e-01
-1.752684265375137329e-01
-1.146242842078208923e-01
-1.622155308723449707e-01
-1.619819253683090210e-01
-1.612770706415176392e-01
-1.327234506607055664e-01
-8.710258454084396362e-02
-8.938503265380859375e-02
-1.254302859306335449e-01
-1.564041525125503540e-01
-1.267827302217483521e-01
-7.948073744773864746e-02
-1.826505810022354126e-01
-1.312827914953231812e-01
-1.476438194513320923e-01
-1.759327203035354614e-01
-1.279965639114379883e-01
-1.260551959276199341e-01
-7.279136776924133301e-02
-1.135854795575141907e-01
-1.188477575778961182e-01
-1.200925782322883606e-01
-1.402262300252914429e-01
-9.208788722753524780e-02
-1.264457553625106812e-01
-1.580057591199874878e-01
-1.536802053451538086e-01
-1.380136311054229736e-01
-1.365509927272796631e-01
-1.054662615060806274e-01
-1.072714254260063171e-01
-9.647651016712188721e-02
-8.419611304998397827e-02
-1.119853183627128601e-01
-1.267078369855880737e-01
-1.274044662714004517e-01
-1.155827492475509644e-01
-1.280691474676132202e-01
-1.389571875333786011e-01
-1.401514261960983276e-01
-1.282886117696762085e-01
-1.052898243069648743e-01
-7.610770314931869507e-02
-1.088659837841987610e-01
-1.307111084461212158e-01
-1.607458144426345825e-01
-1.844711899757385254e-01
-1.719198524951934814e-01
-1.069628000259399414e-01
-1.688856184482574463e-01
-2.003232240676879883e-01
-7.753365486860275269e-02
-9.334029257297515869e-02
-8.931822329759597778e-02
-1.173681765794754028e-01
-1.236052066087722778e-01
-1.148692145943641663e-01
-1.301538646221160889e-01
-1.282982975244522095e-01
-1.499752104282379150e-01
-1.316605508327484131e-01
-1.442060172557830811e-01
-2.007871866226196289e-01
-1.644235849380493164e-01
-1.397743970155715942e-01
-1.074713990092277527e-01
-6.238573417067527771e-02
-1.129609718918800354e-01
-1.118256226181983948e-01
-1.049118638038635254e-01
-9.316837787628173828e-02
-1.118036657571792603e-01
-1.739838868379592896e-01
-1.633677482604980469e-01
-1.885025501251220703e-01
-1.623453944921493530e-01
-1.288781166076660156e-01
-8.028189837932586670e-02
-1.030111834406852722e-01
-9.077622741460800171e-02
-1.155534312129020691e-01
-1.014028415083885193e-01
-9.751484543085098267e-02
-1.105808913707733154e-01
-1.749408990144729614e-01
-1.436728537082672119e-01
-9.637549519538879395e-02
-1.598988622426986694e-01
-1.209198534488677979e-01
-1.060741245746612549e-01
-1.040100827813148499e-01
-1.229449212551116943e-01
-1.063473597168922424e-01
-1.207369789481163025e-01
-1.705657094717025757e-01
-1.401320993900299072e-01
-1.456901878118515015e-01
-1.396292895078659058e-01
-1.298050433397293091e-01
-1.658446639776229858e-01
-1.955740749835968018e-01
-8.298455923795700073e-02
-8.784939348697662354e-02
-1.228514760732650757e-01
-1.493834853172302246e-01
-1.543621569871902466e-01
-1.111909002065658569e-01
-1.376228183507919312e-01
-1.320093870162963867e-01
-1.583690345287322998e-01
-1.736015081405639648e-01
-1.290003061294555664e-01
-1.023518666625022888e-01
-7.445592433214187622e-02
-3.566218540072441101e-02
-9.177479892969131470e-02
-1.088968291878700256e-01
-1.190424710512161255e-01
-1.388419270515441895e-01
-1.368636190891265869e-01
-1.257410943508148193e-01
-1.053984984755516052e-01
-1.670934110879898071e-01
-1.464803218841552734e-01
-1.318730562925338745e-01
-1.051983013749122620e-01
-9.601095318794250488e-02
-1.048160195350646973e-01
-1.089600697159767151e-01
-1.279788613319396973e-01
-1.571611315011978149e-01
-1.481163501739501953e-01
-1.675470322370529175e-01
-2.076517194509506226e-01
-1.617377698421478271e-01
-1.344779580831527710e-01
-1.711475551128387451e-01
-1.211292818188667297e-01
-1.274832040071487427e-01
-1.315066367387771606e-01
-1.106688231229782104e-01
-1.356612890958786011e-01
-1.086128726601600647e-01
-1.316210925579071045e-01
-1.240881010890007019e-01
-1.659042239189147949e-01
-1.647846102714538574e-01
-1.518707126379013062e-01
-1.169289201498031616e-01
-1.014530360698699951e-01
-8.563978224992752075e-02
-1.013126969337463379e-01
-1.418909430503845215e-01
-1.312280893325805664e-01
-1.285565495491027832e-01
-1.288791745901107788e-01
-1.496007591485977173e-01
-1.392962634563446045e-01
-1.386439949274063110e-01
-1.398949027061462402e-01
-1.268136948347091675e-01
-5.673655867576599121e-02
-6.057651340961456299e-02
-1.289178729057312012e-01
-1.487634330987930298e-01
-1.367821991443634033e-01
-1.217713132500648499e-01
-1.010786816477775574e-01
-1.227333918213844299e-01
-1.558717489242553711e-01
-1.645959913730621338e-01
-1.521878242492675781e-01
-1.332080215215682983e-01
