-8.876574784517288208e-02
-1.000240519642829895e-01
-1.287672370672225952e-01
-8.959554135799407959e-02
-1.218095272779464722e-01
-1.145807802677154541e-01
-1.047074794769287109e-01
-1.431936472654342651e-01
-1.626836657524108887e-01
-1.686537712812423706e-01
-9.854184091091156006e-02
-1.332647502422332764e-01
-8.683823794126510620e-02
-9.264142811298370361e-02
-1.229716092348098755e-01
-1.042920574545860291e-01
-1.690604388713836670e-01
-1.045760214328765869e-01
-1.260125935077667236e-01
-1.296076029539108276e-01
-1.694786250591278076e-01
-1.869667768478393555e-01
-1.166913360357284546e-01
-6.825993955135345459e-02
-8.904417604207992554e-02
-1.145613640546798706e-01
-1.492611765861511230e-01
-1.350803822278976440e-01
-1.172956153750419617e-01
-1.062506437301635742e-01
-1.649664044380187988e-01
-1.329556554555892944e-01
-1.163581311702728271e-01
-1.319274157285690308e-01
-1.099559441208839417e-01
-8.437047898769378662e-02
-9.063827991485595703e-02
-9.135134518146514893e-02
-8.515973389148712158e-02
-7.429331541061401367e-02
-1.165648922324180603e-01
-1.186674013733863831e-01
-1.443157792091369629e-01
-1.651052087545394897e-01
-1.357946991920471191e-01
-1.511345803737640381e-01
-1.408303380012512207e-01
-8.859832584857940674e-02
-6.119053065776824951e-02
-7.335144281387329102e-02
-9.549468755722045898e-02
-1.723582744598388672e-01
-1.354336291551589966e-01
-1.491172164678573608e-01
-1.108822897076606750e-01
-1.560831367969512939e-01
-1.498239040374755859e-01
-1.306902170181274414e-01
-1.511625945568084717e-01
-1.030752062797546387e-01
-1.045256406068801880e-01
-1.194255650043487549e-01
-1.050007119774818420e-01
-1.068915426731109619e-01
-1.203680336475372314e-01
-1.247985661029815674e-01
-1.478037238121032715e-01
-1.514247059822082520e-01
-2.000829428434371948e-01
-1.341326534748077393e-01
-9.571959823369979858e-02
-6.801716238260269165e-02
-1.131802052259445190e-01
-1.284684836864471436e-01
-1.447719782590866089e-01
-1.436749100685119629e-01
-8.592767268419265747e-02
-1.093418523669242859e-01
-8.852900564670562744e-02
-1.406475454568862915e-01
-1.411859095096588135e-01
-1.698586791753768921e-01
-1.441286653280258179e-01
-9.035602957010269165e-02
-7.052408158779144287e-02
-9.297652542591094971e-02
-1.144010350108146667e-01
-1.707536280155181885e-01
-1.174002662301063538e-01
-9.626550972461700439e-02
-2.185037583112716675e-01
-1.716548204421997070e-01
-1.912406384944915771e-01
-1.701311916112899780e-01
-1.213330999016761780e-01
-9.298606216907501221e-02
-1.045469790697097778e-01
-1.172042638063430786e-01
-8.731652051210403442e-02
-1.029174253344535828e-01
-1.660155504941940308e-01
-1.685320585966110229e-01
-1.302447021007537842e-01
-1.129336357116699219e-01
-1.252272874116897583e-01
-1.488813012838363647e-01
-1.104830279946327209e-01
-8.155743032693862915e-02
-1.031409502029418945e-01
-1.248404830694198608e-01
-9.189176559448242188e-02
-1.278858631849288940e-01
-1.547182202339172363e-01
-1.449518799781799316e-01
-1.354492008686065674e-01
-1.742311567068099976e-01
-1.622368842363357544e-01
-2.107731699943542480e-01
-1.625203341245651245e-01
-1.176396384835243225e-01
-1.106579452753067017e-01
-1.045276373624801636e-01
-1.254291832447052002e-01
-1.236518993973731995e-01
-1.013756468892097473e-01
-1.615934073925018311e-01
-1.401862949132919312e-01
-1.247381046414375305e-01
-1.608341783285140991e-01
-1.473592966794967651e-01
-1.149689778685569763e-01
-9.593686461448669434e-02
-1.178173348307609558e-01
-8.736690878868103027e-02
-1.160162985324859619e-01
-1.656374782323837280e-01
-1.075458750128746033e-01
-1.530170589685440063e-01
-9.819041937589645386e-02
-1.527089327573776245e-01
-1.309591084718704224e-01
-1.701268851757049561e-01
-1.191738322377204895e-01
-8.018354326486587524e-02
-8.256234228610992432e-02
-1.097662448883056641e-01
-1.076980009675025940e-01
-1.394338756799697876e-01
-1.111367940902709961e-01
-1.003989651799201965e-01
-1.483970433473587036e-01
-9.015105664730072021e-02
-1.249182298779487610e-01
-1.547322422266006470e-01
-8.992242813110351562e-02
-5.824354663491249084e-02
-6.659422814846038818e-02
-8.513230830430984497e-02
-1.285960823297500610e-01
-1.399579942226409912e-01
-1.410495191812515259e-01
-1.109333559870719910e-01
-1.526115983724594116e-01
-1.897898018360137939e-01
-1.466188132762908936e-01
-1.739320009946823120e-01
-1.341107487678527832e-01
-9.648295491933822632e-02
-1.037869006395339966e-01
-8.381322026252746582e-02
-7.961343228816986084e-02
-1.646635681390762329e-01
-1.380164772272109985e-01
-1.324625164270401001e-01
-1.623364686965942383e-01
-1.245900914072990417e-01
-1.024971827864646912e-01
-1.350862085819244385e-01
-1.030563265085220337e-01
-8.407312631607055664e-02
-9.782215952873229980e-02
-1.069863960146903992e-01
-1.016700863838195801e-01
-1.548298150300979614e-01
-1.369633823633193970e-01
-1.128966435790061951e-01
-1.082579866051673889e-01
-1.433291286230087280e-01
-1.886468678712844849e-01
-1.484487950801849365e-01
-1.535251438617706299e-01
-9.529922157526016235e-02
-8.568674325942993164e-02
-1.103596389293670654e-01
-1.140658557415008545e-01
-1.129431650042533875e-01
-1.101613566279411316e-01
-1.664852201938629150e-01
-1.108432486653327942e-01
-1.392855793237686157e-01
-1.800688952207565308e-01
-1.238875389099121094e-01
-1.418688595294952393e-01
-6.922419369220733643e-02
-5.852042511105537415e-02
-1.198090761899948120e-01
-8.929008990526199341e-02
-9.529510140419006348e-02
-1.362818479537963867e-01
-1.239064633846282959e-01
-1.624296903610229492e-01
-1.117602884769439697e-01
-1.168744266033172607e-01
-1.589199453592300415e-01
-1.145432516932487488e-01
-9.227429330348968506e-02
-8.622277528047561646e-02
-1.081891730427742004e-01
-1.296467930078506470e-01
-1.395184695720672607e-01
-1.236766353249549866e-01
-1.415985524654388428e-01
-1.479867547750473022e-01
-1.543282866477966309e-01
-1.607779413461685181e-01
-7.427491247653961182e-02
-1.176848411560058594e-01
-6.891993433237075806e-02
-9.376835078001022339e-02
-9.653318673372268677e-02
-1.110656708478927612e-01
-1.390664428472518921e-01
-8.960426598787307739e-02
-1.668322086334228516e-01
-8.977056294679641724e-02
-1.596186608076095581e-01
-1.441321820020675659e-01
-1.328641176223754883e-01
-9.367710351943969727e-02
-8.080092817544937134e-02
-7.573267072439193726e-02
-1.433331966400146484e-01
-1.219104081392288208e-01
-1.455698311328887939e-01
-1.053625121712684631e-01
-1.600985229015350342e-01
-1.497206836938858032e-01
-1.543082594871520996e-01
-1.643185913562774658e-01
-2.091012597084045410e-01
-1.683395653963088989e-01
-9.583032876253128052e-02
-8.958001434803009033e-02
-1.114548966288566589e-01
-1.309481561183929443e-01
-1.383596360683441162e-01
-1.134322136640548706e-01
-7.769320905208587646e-02
-9.006366133689880371e-02
-1.601766943931579590e-01
-2.206210345029830933e-01
-1.073221713304519653e-01
-5.559957399964332581e-02
-6.675086915493011475e-02
-5.063964426517486572e-02
-1.021204590797424316e-01
-1.187857910990715027e-01
-1.300754845142364502e-01
-1.252804249525070190e-01
-1.363069415092468262e-01
-1.739687025547027588e-01
-1.506706923246383667e-01
-2.018737047910690308e-01
-2.120391428470611572e-01
-1.432759463787078857e-01
-9.593710303306579590e-02
-8.062288910150527954e-02
-1.513346284627914429e-01
-9.720540791749954224e-02
-1.214671581983566284e-01
-1.346943527460098267e-01
-1.543899476528167725e-01
-1.580305695533752441e-01
-1.728432774543762207e-01
-2.122788131237030029e-01
-1.565216779708862305e-01
-1.320711076259613037e-01
-7.569374889135360718e-02
-5.709754675626754761e-02
-1.155298948287963867e-01
-1.048629805445671082e-01
-9.389634430408477783e-02
-8.090002089738845825e-02
-1.302593499422073364e-01
-1.108669042587280273e-01
-1.517917513847351074e-01
-1.159847006201744080e-01
-1.450895518064498901e-01
-1.504957526922225952e-01
-9.480618685483932495e-02
-8.392664790153503418e-02
-8.942683786153793335e-02
-1.311645507812500000e-01
-1.393813490867614746e-01
-1.251963973045349121e-01
-1.647755056619644165e-01
-1.425044834613800049e-01
-1.803123652935028076e-01
-1.644475758075714111e-01
-1.296430081129074097e-01
-1.008664816617965698e-01
-9.727433323860168457e-02
-7.170483469963073730e-02
-8.844560384750366211e-02
-1.195734515786170959e-01
-1.233042404055595398e-01
-1.196369230747222900e-01
-9.091842174530029297e-02
-9.631536155939102173e-02
-8.523201197385787964e-02
-1.524499356746673584e-01
-9.439791738986968994e-02
-9.585059434175491333e-02
-4.917993023991584778e-02
-4.716458916664123535e-02
-7.284709066152572632e-02
-1.317406296730041504e-01
-1.585063040256500244e-01
-1.107277497649192810e-01
-1.142765358090400696e-01
-1.306731402873992920e-01
-1.586691439151763916e-01
-1.932254284620285034e-01
-1.839875578880310059e-01
-1.271170526742935181e-01
-1.032573133707046509e-01
-8.137320727109909058e-02
-9.967195987701416016e-02
-1.316110193729400635e-01
-8.324126899242401123e-02
-1.505729258060455322e-01
-1.723237186670303345e-01
-1.609157323837280273e-01
-9.348351508378982544e-02
-1.346117854118347168e-01
-1.379355192184448242e-01
-1.117585450410842896e-01
-9.403289854526519775e-02
-1.200393363833427429e-01
-1.244970113039016724e-01
-1.176679804921150208e-01
-1.082409024238586426e-01
-1.373326480388641357e-01
-1.017365977168083191e-01
-1.344966441392898560e-01
-9.468873590230941772e-02
-1.667277812957763672e-01
-1.003768220543861389e-01
-1.474984586238861084e-01
-9.324357658624649048e-02
-7.158934324979782104e-02
-8.205330371856689453e-02
-1.185922697186470032e-01
-1.099770292639732361e-01
-1.230996847152709961e-01
-1.477558314800262451e-01
-1.449938267469406128e-01
-1.750904619693756104e-01
-1.598601043224334717e-01
-1.707256287336349487e-01
-1.307115554809570312e-01
-1.006250753998756409e-01
-4.610873386263847351e-02
-1.001280844211578369e-01
-1.388083398342132568e-01
-1.084380447864532471e-01
-1.711504161357879639e-01
-1.444030106067657471e-01
-1.194039657711982727e-01
-1.229353398084640503e-01
-1.288834363222122192e-01
-1.774961203336715698e-01
-1.165768727660179138e-01
-9.034883975982666016e-02
-9.831490367650985718e-02
-1.196762397885322571e-01
-1.346031576395034790e-01
-1.645886600017547607e-01
-1.061178967356681824e-01
-8.918323367834091187e-02
-1.052101776003837585e-01
-1.132405102252960205e-01
-1.421177834272384644e-01
-1.314708590507507324e-01
-1.239048317074775696e-01
-9.275312721729278564e-02
-8.221538364887237549e-02
-1.050528362393379211e-01
-1.264937818050384521e-01
-1.139571666717529297e-01
-8.331026136875152588e-02
-1.281877607107162476e-01
-1.530803889036178589e-01
-1.393572092056274414e-01
-1.408089995384216309e-01
-1.544314622879028320e-01
-1.194237247109413147e-01
-1.100352257490158081e-01
-9.778013080358505249e-02
-1.214835494756698608e-01
-1.293533742427825928e-01
-1.609883904457092285e-01
-1.671271473169326782e-01
-8.423432707786560059e-02
-7.501961290836334229e-02
-1.465902179479598999e-01
-1.396017074584960938e-01
-1.772767454385757446e-01
-1.445976793766021729e-01
-1.260639429092407227e-01
-9.898693859577178955e-02
-1.262949705123901367e-01
-8.986564725637435913e-02
-1.184940710663795471e-01
-1.312170922756195068e-01
-9.837999939918518066e-02
-1.123345121741294861e-01
-1.350402086973190308e-01
-1.718165129423141479e-01
-1.454535722732543945e-01
-1.562341749668121338e-01
-1.289680004119873047e-01
-9.724029898643493652e-02
-9.868844598531723022e-02
-1.366492509841918945e-01
-1.163095384836196899e-01
-8.086471259593963623e-02
-1.051052734255790710e-01
-1.389275342226028442e-01
-1.089767143130302429e-01
-1.405475586652755737e-01
-1.452941447496414185e-01
-7.931117713451385498e-02
-4.572831466794013977e-02
-8.485196530818939209e-02
-1.146070361137390137e-01
-1.093810424208641052e-01
-1.134912073612213135e-01
-1.022982820868492126e-01
-1.077451929450035095e-01
-1.348351836204528809e-01
-1.178960204124450684e-01
-1.370905786752700806e-01
-1.297755688428878784e-01
-1.025796383619308472e-01
-8.374428004026412964e-02
-9.410168230533599854e-02
-9.709064662456512451e-02
-1.110375896096229553e-01
-1.372922807931900024e-01
-1.610357761383056641e-01
-1.023844927549362183e-01
-1.792101562023162842e-01
-8.939577639102935791e-02
-9.933073818683624268e-02
-9.211316704750061035e-02
-1.479189544916152954e-01
-1.053224205970764160e-01
-1.137708351016044617e-01
-8.032983541488647461e-02
-8.403965830802917480e-02
-1.454142481088638306e-01
-1.216889917850494385e-01
-8.892367780208587646e-02
-1.429179161787033081e-01
-1.901875585317611694e-01
-2.008069902658462524e-01
-1.661704480648040771e-01
-1.163461059331893921e-01
-1.151580512523651123e-01
-7.164181768894195557e-02
-8.439829945564270020e-02
-1.469287723302841187e-01
-1.630373001098632812e-01
-1.257700622081756592e-01
-1.374570876359939575e-01
-1.166151389479637146e-01
-1.408506184816360474e-01
-1.880733966827392578e-01
-1.193201914429664612e-01
-1.078039407730102539e-01
-1.018184199929237366e-01
-8.219123631715774536e-02
-1.141765415668487549e-01
-1.335359662771224976e-01
-1.281083971261978149e-01
-1.182181611657142639e-01
-1.310755461454391479e-01
-1.247587800025939941e-01
-1.464763283729553223e-01
-1.499562859535217285e-01
-1.276366114616394043e-01
-1.142971739172935486e-01
-1.099778562784194946e-01
-9.684843569993972778e-02
-1.227159425616264343e-01
-1.097043305635452271e-01
-9.660024195909500122e-02
-9.405557066202163696e-02
-1.240006312727928162e-01
-1.577158868312835693e-01
-1.490062028169631958e-01
-1.614825576543807983e-01
-1.506668031215667725e-01
-1.309815347194671631e-01
-1.009657010436058044e-01
-1.168826147913932800e-01
-1.223788261413574219e-01
-9.034533798694610596e-02
-1.177679523825645447e-01
-1.382796317338943481e-01
-1.339734643697738647e-01
-1.127563416957855225e-01
-1.209613680839538574e-01
-1.992900967597961426e-01
-1.620712429285049438e-01
-1.149427667260169983e-01
-9.572508931159973145e-02
-1.117524951696395874e-01
-8.011455833911895752e-02
-1.044412851333618164e-01
-1.056466624140739441e-01
-1.114422529935836792e-01
-1.334058791399002075e-01
-1.750532686710357666e-01
-1.142563521862030029e-01
-1.577675491571426392e-01
-1.450795233249664307e-01
-1.695009618997573853e-01
-6.667730957269668579e-02
-7.409832626581192017e-02
-1.127291396260261536e-01
-1.466731578111648560e-01
-1.244867220520973206e-01
-1.188598573207855225e-01
-1.283740103244781494e-01
-8.850631117820739746e-02
-1.437707245349884033e-01
-1.465182006359100342e-01
-1.563448905944824219e-01
-1.406399905681610107e-01
-7.230057567358016968e-02
-1.029758825898170471e-01
-1.068154126405715942e-01
-1.165653690695762634e-01
-1.256598681211471558e-01
-1.424213647842407227e-01
-1.005126759409904480e-01
-1.856015026569366455e-01
-1.475643515586853027e-01
-1.446836143732070923e-01
-1.410426944494247437e-01
-1.401847302913665771e-01
-7.388453185558319092e-02
-8.748012036085128784e-02
-1.074979975819587708e-01
-1.405815482139587402e-01
-1.499867886304855347e-01
-1.353348344564437866e-01
-1.314959675073623657e-01
-1.048780605196952820e-01
-2.008287310600280762e-01
-1.622621119022369385e-01
-9.996016323566436768e-02
-1.340541988611221313e-01
-8.350914716720581055e-02
-8.620163798332214355e-02
-9.832427650690078735e-02
-1.318680644035339355e-01
-1.376827508211135864e-01
-1.312921941280364990e-01
-1.918990314006805420e-01
-1.728560179471969604e-01
-1.412605494260787964e-01
-1.289973109960556030e-01
-1.248516514897346497e-01
-9.632116556167602539e-02
-1.065724715590476990e-01
-1.116364896297454834e-01
-1.265093684196472168e-01
-1.302621066570281982e-01
-1.301952898502349854e-01
-9.935624897480010986e-02
-1.047048866748809814e-01
-1.219982951879501343e-01
-1.374426186084747314e-01
-1.176208928227424622e-01
-1.525188833475112915e-01
-9.582592546939849854e-02
-7.901770621538162231e-02
-5.487186089158058167e-02
-1.404340565204620361e-01
-1.492958366870880127e-01
-1.231405958533287048e-01
-1.520039886236190796e-01
-1.425531506538391113e-01
-1.607450246810913086e-01
-1.543270647525787354e-01
-2.121422141790390015e-01
-1.908134073019027710e-01
-1.006312966346740723e-01
-8.445238322019577026e-02
-9.474097937345504761e-02
-1.037015318870544434e-01
-1.006917059421539307e-01
-9.133565425872802734e-02
-8.797082304954528809e-02
-1.500824242830276489e-01
-1.267035156488418579e-01
-1.844747960567474365e-01
-1.928928494453430176e-01
-1.398219466209411621e-01
-1.367563158273696899e-01
-9.233437478542327881e-02
-6.420969963073730469e-02
-8.943962305784225464e-02
-1.176219433546066284e-01
-1.271437704563140869e-01
-6.459049880504608154e-02
-1.561156958341598511e-01
-1.802374869585037231e-01
-1.177639365196228027e-01
-8.928754925727844238e-02
-1.868268549442291260e-01
-1.762478649616241455e-01
-6.516895443201065063e-02
-9.126781672239303589e-02
-8.864951878786087036e-02
-1.152245327830314636e-01
-9.652921557426452637e-02
-1.145647615194320679e-01
-1.137235984206199646e-01
-1.199778541922569275e-01
-1.478644907474517822e-01
-1.389514058828353882e-01
-1.455664783716201782e-01
-1.303030997514724731e-01
-5.929557979106903076e-02
-8.438327163457870483e-02
-9.648919850587844849e-02
-1.147785410284996033e-01
-1.414915770292282104e-01
-1.396287977695465088e-01
-1.305300444364547729e-01
-1.208737269043922424e-01
-1.141333132982254028e-01
-1.397157460451126099e-01
-9.497974812984466553e-02
-1.216504052281379700e-01
-1.221396699547767639e-01
-9.549229592084884644e-02
-1.234298646450042725e-01
-9.169142693281173706e-02
-1.429938226938247681e-01
-1.205209195613861084e-01
-1.742882877588272095e-01
-1.261715292930603027e-01
-1.549684703350067139e-01
-1.616781204938888550e-01
-1.627919822931289673e-01
-7.904328405857086182e-02
-1.108519509434700012e-01
-9.439888596534729004e-02
-8.554900437593460083e-02
-1.185492575168609619e-01
-1.097604483366012573e-01
-1.577160358428955078e-01
-1.640968173742294312e-01
-1.599247306585311890e-01
-1.108495593070983887e-01
-1.802172809839248657e-01
-1.231331080198287964e-01
-1.235240548849105835e-01
-1.222370564937591553e-01
-9.921592473983764648e-02
-9.817426651716232300e-02
-1.227358430624008179e-01
-1.744136810302734375e-01
-1.202446296811103821e-01
-8.977562934160232544e-02
-1.029764041304588318e-01
-1.053375378251075745e-01
-1.577701419591903687e-01
-1.022779494524002075e-01
-9.180457890033721924e-02
-6.325535476207733154e-02
-8.710866421461105347e-02
-1.165499463677406311e-01
-1.354993134737014771e-01
-1.613978594541549683e-01
-1.298204362392425537e-01
-7.086545974016189575e-02
-1.486945897340774536e-01
-1.337655037641525269e-01
-1.801077872514724731e-01
-1.423127055168151855e-01
-1.554922759532928467e-01
-1.169883310794830322e-01
-8.471638709306716919e-02
-1.093189343810081482e-01
-1.236092597246170044e-01
-1.323665678501129150e-01
-1.266878992319107056e-01
-9.977295249700546265e-02
-1.373876482248306274e-01
-1.697670817375183105e-01
-1.417160630226135254e-01
-1.485525667667388916e-01
-1.171154230833053589e-01
-1.153998821973800659e-01
-6.112796068191528320e-02
-7.668041437864303589e-02
-1.093430891633033752e-01
-1.055658161640167236e-01
-9.293266385793685913e-02
-1.455999761819839478e-01
-1.489394307136535645e-01
-1.866132616996765137e-01
-1.396040767431259155e-01
-1.567013114690780640e-01
-1.369221806526184082e-01
-7.127560675144195557e-02
-8.042001724243164062e-02
-1.291295737028121948e-01
-1.246888116002082825e-01
-1.020665839314460754e-01
-1.195207089185714722e-01
-1.010825708508491516e-01
-1.531707942485809326e-01
-1.100615710020065308e-01
-1.826911717653274536e-01
-1.330900490283966064e-01
-1.023446768522262573e-01
-7.031842321157455444e-02
-6.818173825740814209e-02
-1.382462829351425171e-01
-1.500153988599777222e-01
-1.194481775164604187e-01
-1.298025846481323242e-01
-1.616169214248657227e-01
-1.637054681777954102e-01
-1.467539221048355103e-01
-1.492884904146194458e-01
-1.599253565073013306e-01
-1.189594268798828125e-01
-7.264329493045806885e-02
-5.442780628800392151e-02
-7.527821511030197144e-02
-1.135621666908264160e-01
-1.439215540885925293e-01
-1.393265128135681152e-01
-9.676865488290786743e-02
-1.319637000560760498e-01
-1.203655079007148743e-01
-1.127883493900299072e-01
-1.464303284883499146e-01
-1.658362150192260742e-01
-9.417869895696640015e-02
-1.147415414452552795e-01
-1.136767491698265076e-01
-1.604481190443038940e-01
-9.329260140657424927e-02
-8.831243216991424561e-02
-8.265803009271621704e-02
-1.377375423908233643e-01
-1.410112529993057251e-01
-1.242035999894142151e-01
-1.352811604738235474e-01
-1.193422377109527588e-01
-1.191257387399673462e-01
-8.997416496276855469e-02
-9.339802712202072144e-02
-1.260957866907119751e-01
-1.028148531913757324e-01
-1.343893110752105713e-01
-9.659686684608459473e-02
-1.241138055920600891e-01
-1.136845722794532776e-01
-9.758809208869934082e-02
-1.253367811441421509e-01
-9.460513293743133545e-02
-1.010469272732734680e-01
-5.431070551276206970e-02
-1.303353756666183472e-01
-1.145581156015396118e-01
-1.455557048320770264e-01
-1.034988909959793091e-01
-1.413041502237319946e-01
-1.772166043519973755e-01
-1.233200728893280029e-01
-1.602694392204284668e-01
-1.580244153738021851e-01
-1.357581913471221924e-01
-1.075642555952072144e-01
-1.047718226909637451e-01
-8.528880029916763306e-02
-1.109956502914428711e-01
-8.889047801494598389e-02
-1.239032596349716187e-01
-1.517067849636077881e-01
-1.821428388357162476e-01
-9.739193320274353027e-02
-1.686932891607284546e-01
-1.406252980232238770e-01
-1.216662973165512085e-01
-9.880813211202621460e-02
-1.107634082436561584e-01
-1.195658594369888306e-01
-1.229817122220993042e-01
-1.526203453540802002e-01
-1.331112384796142578e-01
-9.934442490339279175e-02
-8.347758650779724121e-02
-1.173960939049720764e-01
-1.576657891273498535e-01
-1.546002030372619629e-01
-1.138391047716140747e-01
-9.651265293359756470e-02
-9.177947044372558594e-02
-1.005276590585708618e-01
-1.405263394117355347e-01
-1.673527657985687256e-01
-1.121577769517898560e-01
-1.403357386589050293e-01
-1.393926590681076050e-01
-1.766253262758255005e-01
-1.518995016813278198e-01
-1.323969215154647827e-01
-9.687170386314392090e-02
-8.934776484966278076e-02
-1.058461070060729980e-01
-1.081299930810928345e-01
-9.721057862043380737e-02
-1.261917948722839355e-01
-1.034968942403793335e-01
-1.127531453967094421e-01
-5.586861446499824524e-02
-9.317551553249359131e-02
-1.660441607236862183e-01
-1.455977559089660645e-01
-1.133739203214645386e-01
-1.139440312981605530e-01
-1.036482676863670349e-01
-1.007241606712341309e-01
-1.450413465499877930e-01
-1.580026894807815552e-01
-1.017529740929603577e-01
-1.271667033433914185e-01
-1.718314886093139648e-01
-1.522793322801589966e-01
-1.558070778846740723e-01
-1.541631668806076050e-01
-1.738607883453369141e-01
-1.139957010746002197e-01
-8.253984153270721436e-02
-1.303012818098068237e-01
-9.852361679077148438e-02
-1.240544989705085754e-01
-1.062823534011840820e-01
-1.332774311304092407e-01
-1.234483718872070312e-01
-7.306176424026489258e-02
-1.487525552511215210e-01
-1.375807523727416992e-01
-1.163658425211906433e-01
-7.179169356822967529e-02
-7.271399348974227905e-02
-1.058186665177345276e-01
-1.276799291372299194e-01
-1.128796637058258057e-01
-1.317068040370941162e-01
-1.084684580564498901e-01
-1.797491014003753662e-01
-1.676026135683059692e-01
-1.269199699163436890e-01
-1.500577479600906372e-01
-9.492351114749908447e-02
-7.964366674423217773e-02
-7.116673141717910767e-02
-7.187852263450622559e-02
-1.433392018079757690e-01
-1.412386596202850342e-01
-9.700235724449157715e-02
-1.116485372185707092e-01
-1.043231412768363953e-01
-1.037008166313171387e-01
-1.591251343488693237e-01
-1.221031323075294495e-01
-1.185526400804519653e-01
-6.408695131540298462e-02
-7.945605367422103882e-02
-1.016066968441009521e-01
-1.151989176869392395e-01
-1.465727984905242920e-01
-1.364037394523620605e-01
-1.155408024787902832e-01
-8.532875776290893555e-02
-1.476665884256362915e-01
-2.019357681274414062e-01
-1.486751884222030640e-01
-1.782262474298477173e-01
-1.059218272566795349e-01
-7.336028665304183960e-02
-1.041014268994331360e-01
-1.224597170948982239e-01
-1.239556148648262024e-01
-1.567036658525466919e-01
-1.197774484753608704e-01
-1.580275446176528931e-01
-9.491887688636779785e-02
-1.729363054037094116e-01
-1.591871529817581177e-01
-1.009251549839973450e-01
-7.830925285816192627e-02
-1.142695844173431396e-01
-9.897387772798538208e-02
-1.229812651872634888e-01
-1.353962272405624390e-01
-1.113797798752784729e-01
-1.284635066986083984e-01
-2.231865078210830688e-01
-1.455075293779373169e-01
-1.697722077369689941e-01
-1.723200380802154541e-01
-1.156895682215690613e-01
-8.153177052736282349e-02
-1.045861914753913879e-01
-9.588853269815444946e-02
-1.310228705406188965e-01
-1.125397980213165283e-01
-1.033608466386795044e-01
-1.665179282426834106e-01
-1.050031855702400208e-01
-7.223930209875106812e-02
-1.140382215380668640e-01
-1.305896341800689697e-01
-1.063519716262817383e-01
-7.462335377931594849e-02
-7.039938122034072876e-02
-7.330866903066635132e-02
-9.475268423557281494e-02
-9.688213467597961426e-02
-1.189854741096496582e-01
-1.495817154645919800e-01
-1.831751316785812378e-01
-1.428208202123641968e-01
-1.431341022253036499e-01
-1.094579324126243591e-01
-1.143347918987274170e-01
-1.012011542916297913e-01
-9.390427917242050171e-02
-8.797407895326614380e-02
-1.182667762041091919e-01
-7.281325012445449829e-02
-1.348798274993896484e-01
-1.167937591671943665e-01
-1.573855578899383545e-01
-1.408576369285583496e-01
-1.770004183053970337e-01
-1.996216028928756714e-01
-1.412411928176879883e-01
-9.205422550439834595e-02
-8.120726794004440308e-02
-7.964001595973968506e-02
-9.269098937511444092e-02
-1.270637512207031250e-01
-1.022096946835517883e-01
-1.284399181604385376e-01
-1.548037528991699219e-01
-1.073508486151695251e-01
-1.614358276128768921e-01
-1.802197843790054321e-01
-1.389503777027130127e-01
-5.950756743550300598e-02
-4.431825503706932068e-02
-1.402946114540100098e-01
-1.143785342574119568e-01
-1.130812689661979675e-01
-5.638722330331802368e-02
-7.166428118944168091e-02
-1.523543596267700195e-01
-1.202938109636306763e-01
-1.618740856647491455e-01
-1.579731404781341553e-01
-1.040413230657577515e-01
-9.534680843353271484e-02
-9.744681417942047119e-02
-1.170817688107490540e-01
-1.391748040914535522e-01
-1.336218118667602539e-01
-8.135850727558135986e-02
-1.187102422118186951e-01
-1.156980469822883606e-01
-1.272066384553909302e-01
-1.605555266141891479e-01
-2.009974718093872070e-01
-1.357504576444625854e-01
-1.245765313506126404e-01
-7.645563781261444092e-02
-7.509293407201766968e-02
-1.414699405431747437e-01
-1.936707496643066406e-01
-1.450953632593154907e-01
-1.384392082691192627e-01
-1.427963227033615112e-01
-1.312622427940368652e-01
-1.756805628538131714e-01
-1.430695503950119019e-01
-9.707230329513549805e-02
-8.730561286211013794e-02
-1.049478501081466675e-01
-1.245658770203590393e-01
-1.092525795102119446e-01
-1.187864840030670166e-01
-1.282159835100173950e-01
-1.305272281169891357e-01
-1.671214103698730469e-01
-1.562745720148086548e-01
-1.488761752843856812e-01
-1.287555098533630371e-01
-1.172337532043457031e-01
-9.134475886821746826e-02
-1.084215119481086731e-01
-9.836378693580627441e-02
-1.269045919179916382e-01
-1.266858130693435669e-01
-1.214266568422317505e-01
-8.391894400119781494e-02
-1.713934689760208130e-01
-1.006627008318901062e-01
-1.122978404164314270e-01
-1.166492924094200134e-01
-1.636007726192474365e-01
-9.926307946443557739e-02
-1.148207634687423706e-01
-1.031500101089477539e-01
-1.050490289926528931e-01
-1.219697743654251099e-01
-1.355943083763122559e-01
-1.433308273553848267e-01
-1.322871297597885132e-01
-1.415205895900726318e-01
-1.561055630445480347e-01
-1.084589138627052307e-01
-1.040574312210083008e-01
-4.997455701231956482e-02
-6.408254057168960571e-02
-6.248521804809570312e-02
-8.902534842491149902e-02
-1.403911113739013672e-01
-1.358301937580108643e-01
-1.689105331897735596e-01
-1.623725742101669312e-01
-1.676138341426849365e-01
-1.511017680168151855e-01
-1.319828182458877563e-01
-1.182310059666633606e-01
-9.340101480484008789e-02
-8.721658587455749512e-02
-8.054749667644500732e-02
-1.066079214215278625e-01
-1.095102354884147644e-01
-1.189614534378051758e-01
-1.390198618173599243e-01
-1.288903951644897461e-01
-1.034449860453605652e-01
-1.190982535481452942e-01
-1.370240747928619385e-01
-1.114143207669258118e-01
-6.783823668956756592e-02
-8.777426183223724365e-02
-7.636257261037826538e-02
-1.573054641485214233e-01
-1.423962563276290894e-01
-1.273349821567535400e-01
-1.786562949419021606e-01
-1.378987431526184082e-01
-7.588571310043334961e-02
-1.598859429359436035e-01
-1.348676383495330811e-01
-1.302647143602371216e-01
-7.209374755620956421e-02
-7.019215077161788940e-02
-9.172699600458145142e-02
-8.510403335094451904e-02
-1.086938232183456421e-01
-1.220513805747032166e-01
-1.228008195757865906e-01
-1.393203437328338623e-01
-1.781092435121536255e-01
-1.931845247745513916e-01
-1.491408199071884155e-01
-1.594354361295700073e-01
-8.296883851289749146e-02
-8.561715483665466309e-02
-9.114679694175720215e-02
-1.183091476559638977e-01
-1.907943338155746460e-01
-7.974541932344436646e-02
-1.189258769154548645e-01
-1.593988090753555298e-01
-1.275860518217086792e-01
-1.043379306793212891e-01
-1.350977569818496704e-01
-1.215334609150886536e-01
-6.728911399841308594e-02
-1.066501960158348083e-01
-1.243610680103302002e-01
-1.393100917339324951e-01
-1.595733314752578735e-01
-1.261497735977172852e-01
-1.328366696834564209e-01
-1.282733976840972900e-01
-1.189670860767364502e-01
-1.601435393095016479e-01
-1.329039335250854492e-01
-1.355189532041549683e-01
-9.679713845252990723e-02
-8.486719429492950439e-02
-8.693869411945343018e-02
-1.183868870139122009e-01
-1.584888547658920288e-01
-1.101674139499664307e-01
-1.354640722274780273e-01
-1.220952346920967102e-01
-1.204402968287467957e-01
-1.268683969974517822e-01
-1.402846276760101318e-01
-1.447128653526306152e-01
-1.151181161403656006e-01
-9.590534120798110962e-02
-8.623833209276199341e-02
-1.249414309859275818e-01
-1.988611370325088501e-01
-1.296184360980987549e-01
-9.633289277553558350e-02
-1.675485223531723022e-01
-1.919364482164382935e-01
-1.737108528614044189e-01
-1.598604917526245117e-01
-1.148685067892074585e-01
-8.793621510267257690e-02
-9.316054731607437134e-02
-1.121090874075889587e-01
-1.076665371656417847e-01
-1.676335334777832031e-01
-6.068940833210945129e-02
-8.593773841857910156e-02
-1.746111959218978882e-01
-9.245863556861877441e-02
-1.364060938358306885e-01
-1.547559946775436401e-01
-1.373847424983978271e-01
-5.424830690026283264e-02
-8.697743713855743408e-02
-1.115188673138618469e-01
-1.206503212451934814e-01
-1.209477633237838745e-01
-8.837999403476715088e-02
-1.189262419939041138e-01
-1.601248681545257568e-01
-1.309291273355484009e-01
-1.267495155334472656e-01
-1.728905141353607178e-01
-1.351371556520462036e-01
-8.527774363756179810e-02
-8.482656627893447876e-02
-1.142658293247222900e-01
-1.181495264172554016e-01
-1.146678477525711060e-01
-1.087027192115783691e-01
-1.624896824359893799e-01
-1.410218626260757446e-01
-9.402018040418624878e-02
-1.565058529376983643e-01
-1.254120320081710815e-01
-1.353558450937271118e-01
-9.569405019283294678e-02
-9.535107016563415527e-02
-1.031385511159896851e-01
-1.188053190708160400e-01
-1.513507068157196045e-01
-9.033083170652389526e-02
-1.246075257658958435e-01
-1.165497675538063049e-01
-1.626781970262527466e-01
-2.041395008563995361e-01
-1.529234051704406738e-01
-1.249047592282295227e-01
-1.293202042579650879e-01
-1.067785918712615967e-01
-1.166617274284362793e-01
-1.342895030975341797e-01
-8.490289747714996338e-02
-1.399664431810379028e-01
-9.437839686870574951e-02
-1.670571714639663696e-01
-1.522407680749893188e-01
-1.612867265939712524e-01
-1.651977896690368652e-01
-1.522156596183776855e-01
-1.051279157400131226e-01
-7.929024845361709595e-02
-1.159180030226707458e-01
-1.112781837582588196e-01
-1.441697627305984497e-01
-1.180232092738151550e-01
-1.438482701778411865e-01
-1.372322291135787964e-01
-1.330671161413192749e-01
-1.388119906187057495e-01
-1.443897187709808350e-01
-1.285193115472793579e-01
-9.732624888420104980e-02
-1.031028851866722107e-01
-1.066972389817237854e-01
-1.135064810514450073e-01
-1.285637021064758301e-01
-8.650279790163040161e-02
-1.726723909378051758e-01
-1.412395685911178589e-01
-2.171198725700378418e-01
-1.284492909908294678e-01
-1.506911665201187134e-01
-1.242426559329032898e-01
-1.017116680741310120e-01
-1.025415137410163879e-01
-1.258513778448104858e-01
-1.654795110225677490e-01
-1.232877597212791443e-01
-9.271136671304702759e-02
-9.004317969083786011e-02
-1.252348273992538452e-01
-9.456649422645568848e-02
-1.838693767786026001e-01
-1.732374727725982666e-01
-1.267764270305633545e-01
-1.201742962002754211e-01
-1.173090189695358276e-01
-1.031565070152282715e-01
-9.171277284622192383e-02
-1.010125949978828430e-01
-1.681149452924728394e-01
-1.425258219242095947e-01
-1.631911844015121460e-01
-1.463241279125213623e-01
-1.567688137292861938e-01
-1.828650832176208496e-01
-1.443460434675216675e-01
-1.272399872541427612e-01
-1.016305908560752869e-01
-1.007355377078056335e-01
-1.339399069547653198e-01
-1.374765932559967041e-01
-1.333189606666564941e-01
-1.529562026262283325e-01
-1.102415323257446289e-01
-1.361921280622482300e-01
-1.997907757759094238e-01
-1.139665320515632629e-01
-1.300028860569000244e-01
-9.834096580743789673e-02
-7.800330966711044312e-02
-9.254971146583557129e-02
-1.145628914237022400e-01
-1.603305637836456299e-01
-1.223860085010528564e-01
-1.277840882539749146e-01
-1.193493679165840149e-01
-1.136204227805137634e-01
-1.563443392515182495e-01
-1.604235023260116577e-01
-1.402695626020431519e-01
-1.190410256385803223e-01
-9.836284071207046509e-02
-1.151418685913085938e-01
-1.336448043584823608e-01
-7.982549816370010376e-02
-9.232359379529953003e-02
-1.396368443965911865e-01
-1.095622628927230835e-01
-1.363861411809921265e-01
-1.371868252754211426e-01
-1.424607336521148682e-01
-1.236775815486907959e-01
-7.956679165363311768e-02
-1.038233190774917603e-01
-1.246935427188873291e-01
-9.846580028533935547e-02
-1.334579139947891235e-01
-1.636446565389633179e-01
-5.650656297802925110e-02
-1.439121067523956299e-01
-1.465521305799484253e-01
-1.566921621561050415e-01
-1.557658165693283081e-01
-1.149363666772842407e-01
-8.741503953933715820e-02
-9.996876865625381470e-02
-9.881497919559478760e-02
-1.532494425773620605e-01
-1.417395174503326416e-01
-1.329823136329650879e-01
-1.093184351921081543e-01
-1.077387481927871704e-01
-1.089526563882827759e-01
-1.799748539924621582e-01
-1.749546080827713013e-01
-1.127895563840866089e-01
-9.479771554470062256e-02
-9.424727410078048706e-02
-1.101992949843406677e-01
-9.822995960712432861e-02
-1.092757806181907654e-01
-1.479443907737731934e-01
-1.229211688041687012e-01
-1.387378722429275513e-01
-1.179599463939666748e-01
-1.316561549901962280e-01
-1.393516957759857178e-01
-1.165669187903404236e-01
-9.744067490100860596e-02
-6.426361203193664551e-02
-7.644931972026824951e-02
-1.075457483530044556e-01
-1.532680094242095947e-01
-1.518206894397735596e-01
-1.623755395412445068e-01
-1.332473009824752808e-01
-1.722987741231918335e-01
-2.015967667102813721e-01
-1.199815198779106140e-01
-7.546276599168777466e-02
-8.915081620216369629e-02
-9.053416550159454346e-02
-8.327498286962509155e-02
-1.439069807529449463e-01
-1.320186555385589600e-01
-1.367359161376953125e-01
-1.003017500042915344e-01
-7.486893236637115479e-02
-1.210211440920829773e-01
-1.440443396568298340e-01
-1.815329790115356445e-01
-1.373045444488525391e-01
-1.085240244865417480e-01
-1.160582900047302246e-01
-1.124416589736938477e-01
-1.196391135454177856e-01
-1.138020306825637817e-01
-1.318476498126983643e-01
-1.571141779422760010e-01
-1.070179715752601624e-01
-1.175335794687271118e-01
-1.557341665029525757e-01
-1.309541612863540649e-01
-1.290180236101150513e-01
-7.609811425209045410e-02
-1.061515808105468750e-01
-9.812840819358825684e-02
-9.120421856641769409e-02
-1.562397629022598267e-01
-1.368057280778884888e-01
-1.099491715431213379e-01
-1.477645337581634521e-01
-1.543592959642410278e-01
-1.350805610418319702e-01
-1.154702752828598022e-01
-1.368257850408554077e-01
-9.365224838256835938e-02
-4.729973897337913513e-02
-7.240612804889678955e-02
-1.110778898000717163e-01
-1.132487207651138306e-01
-1.394478529691696167e-01
-1.667700856924057007e-01
-1.717597544193267822e-01
-1.012528389692306519e-01
-1.686540693044662476e-01
-8.609127253293991089e-02
-1.193239465355873108e-01
-9.046646207571029663e-02
-4.976537078619003296e-02
-1.181158870458602905e-01
-1.355111002922058105e-01
-1.123002320528030396e-01
-1.171670407056808472e-01
-1.524738818407058716e-01
-1.619813889265060425e-01
-1.898301690816879272e-01
-2.059553265571594238e-01
-1.686337590217590332e-01
-1.157055869698524475e-01
-1.322100609540939331e-01
-7.929540425539016724e-02
-8.091931045055389404e-02
-1.326111406087875366e-01
-1.418964713811874390e-01
-1.551848202943801880e-01
-1.510628610849380493e-01
-1.730222105979919434e-01
-2.029335647821426392e-01
-1.255501955747604370e-01
-1.239035725593566895e-01
-1.047459095716476440e-01
-1.056307777762413025e-01
-1.051068082451820374e-01
-1.116094440221786499e-01
-8.958145976066589355e-02
-1.258826702833175659e-01
-1.260406672954559326e-01
-1.103778257966041565e-01
-1.706324666738510132e-01
-1.556416153907775879e-01
-1.488850563764572144e-01
-1.906065940856933594e-01
-1.358919590711593628e-01
-9.483114629983901978e-02
-7.768145203590393066e-02
-1.100402921438217163e-01
-9.936688095331192017e-02
-1.709937900304794312e-01
-1.370556205511093140e-01
-1.263632327318191528e-01
-1.017473265528678894e-01
-1.090312078595161438e-01
-1.425899714231491089e-01
-1.583305895328521729e-01
-1.036417037248611450e-01
-1.109615787863731384e-01
-1.082212626934051514e-01
-1.025775149464607239e-01
-1.247163489460945129e-01
-1.000767499208450317e-01
-1.612392961978912354e-01
-9.536432474851608276e-02
-1.430089920759201050e-01
-1.476172208786010742e-01
-1.730449348688125610e-01
-1.733840405941009521e-01
-1.431710869073867798e-01
-5.756804719567298889e-02
-9.653482586145401001e-02
-1.189446598291397095e-01
-1.112817004323005676e-01
-1.315433979034423828e-01
-1.154853403568267822e-01
-1.668218821287155151e-01
-1.183861643075942993e-01
-9.378352016210556030e-02
-1.401574015617370605e-01
-1.058400198817253113e-01
-1.261572241783142090e-01
-1.178371235728263855e-01
-1.158545091748237610e-01
-1.251787096261978149e-01
-1.254882961511611938e-01
-1.022683903574943542e-01
-1.302619576454162598e-01
-1.361045241355895996e-01
-1.213974356651306152e-01
-1.405163854360580444e-01
-1.549047380685806274e-01
-1.657971888780593872e-01
-1.263370811939239502e-01
-1.035517379641532898e-01
-8.799619972705841064e-02
-9.406024962663650513e-02
-9.739907085895538330e-02
-1.244607791304588318e-01
-1.130087003111839294e-01
-1.181469410657882690e-01
-1.270083487033843994e-01
-1.419804096221923828e-01
-1.607462763786315918e-01
-1.438086777925491333e-01
-1.363510340452194214e-01
-9.936010092496871948e-02
-6.953478604555130005e-02
-7.128248363733291626e-02
-1.297399848699569702e-01
-1.013052910566329956e-01
-1.101870089769363403e-01
-1.654046624898910522e-01
-1.627027541399002075e-01
-1.374289989471435547e-01
-1.837068498134613037e-01
-9.654074907302856445e-02
-9.514223784208297729e-02
-5.773957818746566772e-02
-1.051617488265037537e-01
-1.006845608353614807e-01
-1.092210710048675537e-01
-9.947269409894943237e-02
-1.208769381046295166e-01
-1.834865063428878784e-01
-1.305870115756988525e-01
-9.548558294773101807e-02
-1.852792650461196899e-01
-1.546668559312820435e-01
-1.244693920016288757e-01
-7.462877035140991211e-02
-5.631927773356437683e-02
-1.258412599563598633e-01
-1.053862646222114563e-01
-7.085223495960235596e-02
-1.235409379005432129e-01
-8.435542881488800049e-02
-1.026837527751922607e-01
-1.603895127773284912e-01
-1.154650598764419556e-01
-1.324378401041030884e-01
-1.534050703048706055e-01
-1.310618519783020020e-01
-9.325347840785980225e-02
-8.659194409847259521e-02
-1.046905070543289185e-01
-1.073909401893615723e-01
-9.477721154689788818e-02
-1.476417928934097290e-01
-1.402193903923034668e-01
-1.136998757719993591e-01
-1.416925042867660522e-01
-1.458136886358261108e-01
-1.025347784161567688e-01
-6.132999062538146973e-02
-5.843867734074592590e-02
-9.823027253150939941e-02
-5.608471855521202087e-02
-1.382680237293243408e-01
-1.599970459938049316e-01
-1.341363489627838135e-01
-1.435563415288925171e-01
-1.105080246925354004e-01
-1.223009154200553894e-01
-1.780967414379119873e-01
-1.585983633995056152e-01
-1.159162223339080811e-01
-8.999890834093093872e-02
-9.154709428548812866e-02
-1.058264523744583130e-01
-1.491689383983612061e-01
-1.737667471170425415e-01
-8.858227729797363281e-02
-1.325148344039916992e-01
-1.242077797651290894e-01
-2.066811025142669678e-01
-1.676393002271652222e-01
-1.128912866115570068e-01
-9.518759697675704956e-02
-8.390361815690994263e-02
-1.025616750121116638e-01
-1.097878813743591309e-01
-1.396111249923706055e-01
-1.497801393270492554e-01
-1.186060383915901184e-01
-1.177150085568428040e-01
-1.394238024950027466e-01
-1.697329580783843994e-01
-1.212499886751174927e-01
-1.390363574028015137e-01
-1.082351133227348328e-01
-1.163703277707099915e-01
-1.070519909262657166e-01
-1.057157367467880249e-01
-1.018515750765800476e-01
-8.865496516227722168e-02
-1.268324106931686401e-01
-1.762495934963226318e-01
-1.831983476877212524e-01
-1.617950946092605591e-01
-1.377160847187042236e-01
-1.071258261799812317e-01
-1.085111126303672791e-01
-8.540827035903930664e-02
-7.682263851165771484e-02
-1.589097827672958374e-01
-1.700836420059204102e-01
-1.256452947854995728e-01
-1.323958486318588257e-01
-1.151243150234222412e-01
-1.410815268754959106e-01
-1.562243103981018066e-01
-1.587150841951370239e-01
-1.244561672210693359e-01
-1.475232988595962524e-01
-1.327446103096008301e-01
-1.342730373144149780e-01
-1.242088973522186279e-01
-1.419521272182464600e-01
-1.104831621050834656e-01
-1.494303941726684570e-01
-6.637296825647354126e-02
-1.350236088037490845e-01
-1.194904074072837830e-01
-1.179853007197380066e-01
-1.604010462760925293e-01
-1.113133877515792847e-01
-1.016489341855049133e-01
-1.235919520258903503e-01
-1.071672588586807251e-01
-1.085576340556144714e-01
-1.181807890534400940e-01
-6.461481750011444092e-02
-1.683450639247894287e-01
-8.676062524318695068e-02
-1.392408907413482666e-01
-1.353965103626251221e-01
-1.317370533943176270e-01
-6.756171584129333496e-02
-1.217050775885581970e-01
-1.000188365578651428e-01
-1.209564879536628723e-01
-1.028907522559165955e-01
-7.089629024267196655e-02
-8.133046329021453857e-02
-1.082851886749267578e-01
-1.267624497413635254e-01
-1.460884362459182739e-01
-1.219251230359077454e-01
-1.288635283708572388e-01
-9.208666533231735229e-02
-1.011380553245544434e-01
-8.828675746917724609e-02
-1.350546926259994507e-01
-7.996872812509536743e-02
-1.685481369495391846e-01
-1.707932800054550171e-01
-1.641708612442016602e-01
-1.057458817958831787e-01
-1.592029929161071777e-01
-1.596837341785430908e-01
-6.969895213842391968e-02
-9.120470285415649414e-02
-1.110758483409881592e-01
-9.905502945184707642e-02
-7.836644351482391357e-02
-1.102030426263809204e-01
-1.469234675168991089e-01
-1.392538100481033325e-01
-1.404674053192138672e-01
-1.060380637645721436e-01
-1.574310958385467529e-01
-1.391599029302597046e-01
-1.206714212894439697e-01
-1.036871001124382019e-01
-6.100568547844886780e-02
-1.185738146305084229e-01
-1.283079087734222412e-01
-1.347324550151824951e-01
-8.225275576114654541e-02
-1.292784214019775391e-01
-1.055755019187927246e-01
-1.540859937667846680e-01
-1.366733163595199585e-01
-1.703635901212692261e-01
-1.092469319701194763e-01
-1.003129407763481140e-01
-1.036011800169944763e-01
-1.076746582984924316e-01
-1.456830799579620361e-01
-1.011615842580795288e-01
-1.539649516344070435e-01
-9.628076851367950439e-02
-1.217671483755111694e-01
-1.398387998342514038e-01
-1.491912007331848145e-01
-1.523779034614562988e-01
-1.102190688252449036e-01
-7.428660988807678223e-02
-9.295674413442611694e-02
-9.737008810043334961e-02
-9.792640060186386108e-02
-1.200129017233848572e-01
-1.044191271066665649e-01
-1.110163629055023193e-01
-1.509922295808792114e-01
-1.595669537782669067e-01
-1.357184648513793945e-01
-1.603610962629318237e-01
-1.222951486706733704e-01
-5.530073121190071106e-02
-5.862349644303321838e-02
-1.113192513585090637e-01
-1.068817153573036194e-01
-1.519630551338195801e-01
-6.406031548976898193e-02
-5.116691440343856812e-02
-1.385269761085510254e-01
-8.456890285015106201e-02
-1.230785846710205078e-01
-1.541744768619537354e-01
-1.485252976417541504e-01
-7.969717681407928467e-02
-6.287213414907455444e-02
-6.646256893873214722e-02
-1.106911674141883850e-01
-1.399111896753311157e-01
-1.073622107505798340e-01
-1.425738483667373657e-01
-1.364434212446212769e-01
-1.243579983711242676e-01
-1.409817188978195190e-01
-1.335020810365676880e-01
-9.460097551345825195e-02
-1.146792024374008179e-01
-9.786581248044967651e-02
-1.434923708438873291e-01
-1.017734706401824951e-01
-1.426749974489212036e-01
-1.468507945537567139e-01
-1.556068062782287598e-01
-1.057506501674652100e-01
-1.338471770286560059e-01
-1.819932460784912109e-01
-1.341599375009536743e-01
-1.154928654432296753e-01
-8.280721306800842285e-02
-1.001245081424713135e-01
-8.834363520145416260e-02
-9.567467123270034790e-02
-1.549322307109832764e-01
-1.345827728509902954e-01
-1.229486018419265747e-01
-1.080484837293624878e-01
-2.011617273092269897e-01
-1.201097965240478516e-01
-1.376574039459228516e-01
-6.357707828283309937e-02
-9.625985473394393921e-02
-1.148092895746231079e-01
-1.175033599138259888e-01
-1.359796375036239624e-01
-1.455724686384201050e-01
-1.517893970012664795e-01
-1.038964986801147461e-01
-1.625648140907287598e-01
-1.470778584480285645e-01
-1.801693290472030640e-01
-1.319949328899383545e-01
-1.188963726162910461e-01
-8.127629756927490234e-02
-5.489303916692733765e-02
-1.353225708007812500e-01
-1.155755296349525452e-01
-1.382584720849990845e-01
-1.332112252712249756e-01
-1.368744820356369019e-01
-1.687031239271163940e-01
-1.175852045416831970e-01
-1.519068181514739990e-01
-1.404417753219604492e-01
-8.650822937488555908e-02
-7.445834577083587646e-02
-1.079017296433448792e-01
-1.329779177904129028e-01
-1.272927671670913696e-01
-1.263287067413330078e-01
-1.269451528787612915e-01
-1.790784597396850586e-01
-1.591834127902984619e-01
-1.371606290340423584e-01
-1.399497091770172119e-01
-1.860509514808654785e-01
-1.296129375696182251e-01
-6.793889403343200684e-02
-1.023962125182151794e-01
-1.018564552068710327e-01
-1.301479488611221313e-01
-1.346897929906845093e-01
-1.081222966313362122e-01
-1.533559411764144897e-01
-1.225752681493759155e-01
-1.445712149143218994e-01
-1.563182622194290161e-01
-2.034398168325424194e-01
-1.039348021149635315e-01
-1.063529178500175476e-01
-9.101890027523040771e-02
-7.979334890842437744e-02
-1.228426471352577209e-01
-1.752702295780181885e-01
-1.244934871792793274e-01
-1.282074451446533203e-01
-8.788394927978515625e-02
-1.287721097469329834e-01
-1.026443168520927429e-01
-1.484182178974151611e-01
-1.351959854364395142e-01
-1.162866875529289246e-01
-8.931837230920791626e-02
-1.015733480453491211e-01
-1.374298632144927979e-01
-1.480089575052261353e-01
-1.178982183337211609e-01
-1.463144719600677490e-01
-1.140619218349456787e-01
-1.248735412955284119e-01
-1.612583547830581665e-01
-1.263071447610855103e-01
-7.232251763343811035e-02
-5.535997077822685242e-02
-7.822401076555252075e-02
-1.121914088726043701e-01
-1.186439543962478638e-01
-8.894185721874237061e-02
-1.284577101469039917e-01
-1.388749927282333374e-01
-1.281632781028747559e-01
-9.489126503467559814e-02
-1.410379707813262939e-01
-1.669473201036453247e-01
-1.255154907703399658e-01
-5.775136873126029968e-02
-9.824494272470474243e-02
-9.211256355047225952e-02
-1.255221366882324219e-01
-1.643698513507843018e-01
-1.788126081228256226e-01
-1.093386188149452209e-01
-1.389374881982803345e-01
-1.196686401963233948e-01
-1.738638430833816528e-01
-1.563035994768142700e-01
-1.253744810819625854e-01
-1.002651527523994446e-01
-9.892806410789489746e-02
-9.188570082187652588e-02
-1.231313571333885193e-01
-1.010542958974838257e-01
-1.013317331671714783e-01
-1.668901741504669189e-01
-1.393541842699050903e-01
-1.530607193708419800e-01
-1.895211488008499146e-01
-1.471496522426605225e-01
-1.487016975879669189e-01
-9.516558051109313965e-02
-9.906527400016784668e-02
-9.479599446058273315e-02
-1.387935131788253784e-01
-1.521214544773101807e-01
-1.258594542741775513e-01
-1.406705975532531738e-01
-1.171501576900482178e-01
-8.209093660116195679e-02
-1.166899651288986206e-01
-1.430298984050750732e-01
-1.155696362257003784e-01
-1.080057397484779358e-01
-8.579938858747482300e-02
-9.298072755336761475e-02
-8.700054138898849487e-02
-1.321732997894287109e-01
-1.322610974311828613e-01
-1.113878414034843445e-01
-8.474698662757873535e-02
-1.197652295231819153e-01
-1.584116965532302856e-01
-1.225668042898178101e-01
-7.190880924463272095e-02
-6.687943637371063232e-02
-7.540825754404067993e-02
-7.469497621059417725e-02
-8.405964821577072144e-02
-1.255178898572921753e-01
-1.121851280331611633e-01
-9.110049158334732056e-02
-6.859471648931503296e-02
-7.275192439556121826e-02
-1.146819740533828735e-01
-9.900626540184020996e-02
-1.038421690464019775e-01
-1.006667688488960266e-01
-9.647462517023086548e-02
-9.681154787540435791e-02
-9.904329478740692139e-02
-1.480606496334075928e-01
-1.327755153179168701e-01
-1.500810831785202026e-01
-1.413379311561584473e-01
-1.264441758394241333e-01
-1.315532624721527100e-01
-1.385097503662109375e-01
-9.865956753492355347e-02
-8.112062513828277588e-02
-9.648733586072921753e-02
-1.071389839053153992e-01
-1.397091448307037354e-01
-1.587404012680053711e-01
-1.657198965549468994e-01
-1.149138957262039185e-01
-2.110187411308288574e-01
-1.338008046150207520e-01
-1.685657054185867310e-01
-8.971919119358062744e-02
-1.157760769128799438e-01
-1.037825793027877808e-01
-9.428407251834869385e-02
-8.703891187906265259e-02
-9.800171852111816406e-02
-1.340217441320419312e-01
-7.022090256214141846e-02
-1.686322689056396484e-01
-9.311605244874954224e-02
-1.133072301745414734e-01
-1.340827196836471558e-01
-1.578383296728134155e-01
-1.264838725328445435e-01
-4.714007303118705750e-02
-5.695338547229766846e-02
-9.911752492189407349e-02
-1.535601317882537842e-01
-1.345154792070388794e-01
-1.181986331939697266e-01
-1.120035573840141296e-01
-1.819442361593246460e-01
-1.326459944248199463e-01
-1.762349754571914673e-01
-1.038514673709869385e-01
-7.103746384382247925e-02
-4.645270109176635742e-02
-6.615354865789413452e-02
-1.387565881013870239e-01
-9.084174036979675293e-02
-1.447890698909759521e-01
-1.582055836915969849e-01
-1.172822043299674988e-01
-1.077530607581138611e-01
-1.830732971429824829e-01
-1.602163761854171753e-01
-1.519624292850494385e-01
-1.399822682142257690e-01
-1.007819250226020813e-01
-1.249083355069160461e-01
-1.154724583029747009e-01
-1.300794333219528198e-01
-1.389374583959579468e-01
-1.582558751106262207e-01
-1.138464733958244324e-01
-9.210499376058578491e-02
-1.597147583961486816e-01
-1.346224248409271240e-01
-1.428862959146499634e-01
-1.493271589279174805e-01
-1.085304990410804749e-01
-7.643545418977737427e-02
-1.371837854385375977e-01
-1.005636230111122131e-01
-1.083422154188156128e-01
-1.333004534244537354e-01
-1.650528609752655029e-01
-1.149963513016700745e-01
-7.279866933822631836e-02
-1.609338521957397461e-01
-1.805653572082519531e-01
-1.204390451312065125e-01
-1.095926240086555481e-01
-9.836071729660034180e-02
-1.256234496831893921e-01
-1.149524748325347900e-01
-9.737390279769897461e-02
-1.366728395223617554e-01
-1.336323320865631104e-01
-1.307698488235473633e-01
-1.246393248438835144e-01
-1.365264356136322021e-01
-1.602117121219635010e-01
-1.222383603453636169e-01
-9.820298850536346436e-02
-7.940974086523056030e-02
-1.065686494112014771e-01
-1.605986505746841431e-01
-1.408611387014389038e-01
-1.157726198434829712e-01
-1.562419533729553223e-01
-1.693757027387619019e-01
-9.213127195835113525e-02
-1.785032451152801514e-01
-1.195482462644577026e-01
-1.367164403200149536e-01
-7.555931806564331055e-02
-8.754497021436691284e-02
-9.523482620716094971e-02
-1.217298656702041626e-01
-1.207932308316230774e-01
-1.105915307998657227e-01
-1.395563334226608276e-01
-1.137060746550559998e-01
-1.427404433488845825e-01
-1.348139196634292603e-01
-1.459674686193466187e-01
-1.256490349769592285e-01
-8.743412047624588013e-02
-7.086683064699172974e-02
-7.710139453411102295e-02
-8.508923649787902832e-02
-1.085647866129875183e-01
-1.704397201538085938e-01
-1.181168481707572937e-01
-1.343374699354171753e-01
-1.552382856607437134e-01
-1.243568509817123413e-01
-1.509629487991333008e-01
-9.012540429830551147e-02
-6.716342270374298096e-02
-1.003200262784957886e-01
-7.904889434576034546e-02
-8.689144253730773926e-02
-1.226933673024177551e-01
-9.766892343759536743e-02
-1.014211028814315796e-01
-9.694839268922805786e-02
-1.648250222206115723e-01
-1.281291991472244263e-01
-1.383954435586929321e-01
-1.278132796287536621e-01
-8.022330701351165771e-02
-1.229750066995620728e-01
-1.143465191125869751e-01
-1.030008867383003235e-01
-1.201940625905990601e-01
-9.632565081119537354e-02
-1.216936260461807251e-01
-9.431374818086624146e-02
-1.362676322460174561e-01
-1.633157283067703247e-01
-1.924990415573120117e-01
-1.811296343803405762e-01
-1.164919808506965637e-01
-6.186732277274131775e-02
-1.244371756911277771e-01
-9.024895727634429932e-02
-1.250602304935455322e-01
-1.590653061866760254e-01
-1.401852518320083618e-01
-9.936481714248657227e-02
-1.532583236694335938e-01
-1.714261621236801147e-01
-1.551935672760009766e-01
-1.715028136968612671e-01
-1.190924197435379028e-01
-9.043915569782257080e-02
-8.442647010087966919e-02
-8.030085265636444092e-02
-1.106668710708618164e-01
-1.531341522932052612e-01
-9.790867567062377930e-02
-1.254838109016418457e-01
-1.788619160652160645e-01
-1.513129621744155884e-01
-1.044914945960044861e-01
-9.950240701436996460e-02
-8.012437075376510620e-02
-8.972276002168655396e-02
-7.775996625423431396e-02
-1.147417500615119934e-01
-1.328715234994888306e-01
-1.070916131138801575e-01
-1.233722642064094543e-01
-1.176519989967346191e-01
-1.166141852736473083e-01
-1.724275797605514526e-01
-1.713984459638595581e-01
-1.358566284179687500e-01
-5.472462251782417297e-02
-8.153156936168670654e-02
-1.167044714093208313e-01
-1.358527392148971558e-01
-1.309832483530044556e-01
-1.454202383756637573e-01
-8.118800073862075806e-02
-1.200972124934196472e-01
-1.342649906873703003e-01
-1.112515330314636230e-01
-1.104158461093902588e-01
-1.302786022424697876e-01
-1.125625148415565491e-01
-8.992214500904083252e-02
-9.230481833219528198e-02
-1.213738024234771729e-01
-1.367759704589843750e-01
-9.880456328392028809e-02
-9.493397176265716553e-02
-1.191875785589218140e-01
-1.426725685596466064e-01
-2.011705785989761353e-01
-1.436143219470977783e-01
-1.220722645521163940e-01
-9.615888446569442749e-02
-6.704965233802795410e-02
-1.338771581649780273e-01
-6.392756104469299316e-02
-1.099204570055007935e-01
-1.295742988586425781e-01
-1.369092762470245361e-01
-7.627694308757781982e-02
-1.676026582717895508e-01
-1.801996976137161255e-01
-1.581627279520034790e-01
-1.489067971706390381e-01
-8.844320476055145264e-02
-8.299195021390914917e-02
-1.189730688929557800e-01
-1.072403565049171448e-01
-9.914546459913253784e-02
-1.307135820388793945e-01
-1.142696067690849304e-01
-1.314692646265029907e-01
-1.521228104829788208e-01
-1.543248146772384644e-01
-1.422410309314727783e-01
-9.649139642715454102e-02
-9.198451787233352661e-02
-1.035266667604446411e-01
-1.229563429951667786e-01
-1.434514820575714111e-01
-1.087625399231910706e-01
-1.057351902127265930e-01
-1.254098415374755859e-01
-1.509079039096832275e-01
-1.485908776521682739e-01
-1.251873224973678589e-01
-1.274669468402862549e-01
-1.099774539470672607e-01
-1.036038026213645935e-01
-8.388927578926086426e-02
-1.087545230984687805e-01
-1.284162104129791260e-01
-1.338057219982147217e-01
-1.291585564613342285e-01
-1.162840947508811951e-01
-7.624257355928421021e-02
-1.382060497999191284e-01
-1.268092393875122070e-01
-1.866734474897384644e-01
-1.186696365475654602e-01
-8.049290627241134644e-02
-6.751189380884170532e-02
-7.634721696376800537e-02
-1.245041862130165100e-01
-1.652466207742691040e-01
-1.277467161417007446e-01
-9.334946423768997192e-02
-1.352739781141281128e-01
-9.590897709131240845e-02
-1.510785222053527832e-01
-1.362330466508865356e-01
-1.646475344896316528e-01
-1.162506192922592163e-01
-9.440717846155166626e-02
-1.003733798861503601e-01
-8.925998955965042114e-02
-1.274448037147521973e-01
-1.452436745166778564e-01
-7.556607574224472046e-02
-1.042594984173774719e-01
-1.237785965204238892e-01
-1.528312414884567261e-01
-1.831205487251281738e-01
-1.562833636999130249e-01
-1.148897781968116760e-01
-8.885838836431503296e-02
-1.020094603300094604e-01
-1.340179741382598877e-01
-1.272696703672409058e-01
-1.040638163685798645e-01
-1.737632006406784058e-01
-1.194477751851081848e-01
-1.768277734518051147e-01
-1.404094547033309937e-01
-1.347737163305282593e-01
-1.429889202117919922e-01
-9.981349855661392212e-02
-6.549608707427978516e-02
-9.608963876962661743e-02
-1.359231621026992798e-01
-1.360799223184585571e-01
-1.258138567209243774e-01
-1.076361238956451416e-01
-1.542317271232604980e-01
-1.515100747346878052e-01
-1.802775859832763672e-01
-1.501139700412750244e-01
-1.001374199986457825e-01
-6.793022900819778442e-02
-5.718116089701652527e-02
-9.061305969953536987e-02
-1.117775738239288330e-01
-8.920816332101821899e-02
-8.780003339052200317e-02
-1.513961106538772583e-01
-1.433510184288024902e-01
-1.403305381536483765e-01
-1.450390368700027466e-01
-1.731461435556411743e-01
-1.433023959398269653e-01
-7.093910872936248779e-02
-9.002706408500671387e-02
-6.912668049335479736e-02
-1.337520480155944824e-01
-1.572941243648529053e-01
-1.449201405048370361e-01
-1.175611689686775208e-01
-1.542558819055557251e-01
-1.226237118244171143e-01
-1.159243509173393250e-01
-1.641423106193542480e-01
-1.527738422155380249e-01
-8.318635076284408569e-02
-5.140583962202072144e-02
-1.158067211508750916e-01
-1.275679916143417358e-01
-1.904152631759643555e-01
-1.473192572593688965e-01
-9.988747537136077881e-02
-8.037842065095901489e-02
-1.134267747402191162e-01
-9.399645775556564331e-02
-1.866414248943328857e-01
-1.302338689565658569e-01
-1.004552468657493591e-01
-1.341924816370010376e-01
-1.058968752622604370e-01
-1.205099076032638550e-01
-1.274817138910293579e-01
-1.158251911401748657e-01
-7.967177033424377441e-02
-1.121684536337852478e-01
-1.394307762384414673e-01
-1.440427452325820923e-01
-1.170081123709678650e-01
-1.107849925756454468e-01
-1.104748472571372986e-01
-9.708610922098159790e-02
-1.010675281286239624e-01
-1.017621904611587524e-01
-1.135677918791770935e-01
-1.447012424468994141e-01
-9.659539163112640381e-02
-1.141928061842918396e-01
-2.098251879215240479e-01
-1.776892840862274170e-01
-1.636057943105697632e-01
-9.801720082759857178e-02
-7.710187882184982300e-02
-7.281564921140670776e-02
-1.104895770549774170e-01
-1.394165456295013428e-01
-1.155275851488113403e-01
-1.139285638928413391e-01
-1.375614404678344727e-01
-1.100645959377288818e-01
-1.456272900104522705e-01
-1.160436943173408508e-01
-1.454305201768875122e-01
-1.378630399703979492e-01
-4.697533324360847473e-02
-6.772657483816146851e-02
-8.503383398056030273e-02
-9.758120030164718628e-02
-1.000845208764076233e-01
-1.204511970281600952e-01
-1.246930435299873352e-01
-1.609582155942916870e-01
-1.239317432045936584e-01
-9.794459491968154907e-02
-1.375981718301773071e-01
-1.209665164351463318e-01
-1.012164503335952759e-01
-8.551278710365295410e-02
-1.069849058985710144e-01
-9.435364603996276855e-02
-1.242025420069694519e-01
-1.464480459690093994e-01
-8.114414662122726440e-02
-1.159563511610031128e-01
-1.672971099615097046e-01
-1.547859013080596924e-01
-1.905652880668640137e-01
-1.113974899053573608e-01
-1.062808856368064880e-01
-1.207181289792060852e-01
-6.266897171735763550e-02
-1.085160970687866211e-01
-1.250192523002624512e-01
-1.672089248895645142e-01
-1.638306677341461182e-01
-1.599936783313751221e-01
-1.447408795356750488e-01
-1.446083933115005493e-01
-1.513247042894363403e-01
-1.122586056590080261e-01
-1.470308154821395874e-01
-1.001646891236305237e-01
-1.054213047027587891e-01
-1.182955056428909302e-01
-1.415623873472213745e-01
-1.396420896053314209e-01
-1.750034242868423462e-01
-8.294893056154251099e-02
-1.517739593982696533e-01
-1.295422464609146118e-01
-9.581200778484344482e-02
-9.587059915065765381e-02
-9.314411133527755737e-02
-8.563552051782608032e-02
-7.397443056106567383e-02
-1.244266107678413391e-01
-1.113257780671119690e-01
-1.239647939801216125e-01
-1.431203037500381470e-01
-1.489425599575042725e-01
-2.164675444364547729e-01
-1.527683138847351074e-01
-1.641818881034851074e-01
-1.522421985864639282e-01
-7.500874996185302734e-02
-8.909255266189575195e-02
-1.444657891988754272e-01
-9.785144776105880737e-02
-1.395405828952789307e-01
-6.483117491006851196e-02
-1.409314572811126709e-01
-1.313543915748596191e-01
-1.230710819363594055e-01
-1.769267916679382324e-01
-1.824257671833038330e-01
-1.152802631258964539e-01
-9.947639703750610352e-02
-6.586407124996185303e-02
-8.888253569602966309e-02
-1.038864180445671082e-01
-1.352636516094207764e-01
-1.101296916604042053e-01
-1.278556883335113525e-01
-1.437132656574249268e-01
-1.458081305027008057e-01
-1.496186405420303345e-01
-1.499615311622619629e-01
-1.644460707902908325e-01
-9.863618016242980957e-02
-1.198109686374664307e-01
-6.822974979877471924e-02
-1.104603409767150879e-01
-1.200600713491439819e-01
-1.293346285820007324e-01
-1.444139033555984497e-01
-1.315796524286270142e-01
-1.511909961700439453e-01
-1.608263105154037476e-01
-1.718441694974899292e-01
-1.696069240570068359e-01
-1.250029951333999634e-01
-9.417217969894409180e-02
-9.005790203809738159e-02
-1.085529401898384094e-01
-1.438869237899780273e-01
-1.242293938994407654e-01
-8.768704533576965332e-02
-1.211028844118118286e-01
-1.087567061185836792e-01
-1.556812971830368042e-01
-1.537575870752334595e-01
-1.243132799863815308e-01
-1.124813407659530640e-01
-9.132761508226394653e-02
-9.957626461982727051e-02
-1.278800517320632935e-01
-1.528277248144149780e-01
-1.031901016831398010e-01
-1.130816116929054260e-01
-1.075077801942825317e-01
-1.465401351451873779e-01
-1.205303966999053955e-01
-1.026433557271957397e-01
-1.382689476013183594e-01
-1.041323095560073853e-01
-1.053583398461341858e-01
-1.114014461636543274e-01
-1.152079403400421143e-01
-1.674357503652572632e-01
-1.008064374327659607e-01
-1.078490093350410461e-01
-1.569235473871231079e-01
-1.705846786499023438e-01
-1.016225218772888184e-01
-1.499221175909042358e-01
-1.462381780147552490e-01
-8.437848091125488281e-02
-7.264295965433120728e-02
-1.226157546043395996e-01
-1.333133876323699951e-01
-1.354929953813552856e-01
-1.008491516113281250e-01
-1.363459676504135132e-01
-1.725294888019561768e-01
-1.256850212812423706e-01
-1.858645826578140259e-01
-1.672592163085937500e-01
-1.796885877847671509e-01
-8.412908762693405151e-02
-6.739464402198791504e-02
-1.306618601083755493e-01
-1.144778952002525330e-01
-1.343550980091094971e-01
-1.552437096834182739e-01
-5.908527970314025879e-02
-1.323391199111938477e-01
-1.500096768140792847e-01
-1.635803431272506714e-01
-1.708988249301910400e-01
-1.330962330102920532e-01
-8.394509553909301758e-02
-6.975710391998291016e-02
-1.221939250826835632e-01
-1.408452242612838745e-01
-1.206189393997192383e-01
-9.882447123527526855e-02
-1.468290686607360840e-01
-1.466903984546661377e-01
-1.180765181779861450e-01
-1.338072866201400757e-01
-1.806151717901229858e-01
-1.727782338857650757e-01
-7.630565017461776733e-02
-7.075127959251403809e-02
-9.799896925687789917e-02
-1.600912809371948242e-01
-1.273108124732971191e-01
-1.109559610486030579e-01
-1.380178928375244141e-01
-1.445054560899734497e-01
-1.960764378309249878e-01
-1.954603642225265503e-01
-1.546902209520339966e-01
-9.878313541412353516e-02
-1.076052039861679077e-01
-1.031766533851623535e-01
-1.080024689435958862e-01
-1.144683882594108582e-01
-1.252727061510086060e-01
-1.324628293514251709e-01
-1.341648697853088379e-01
-1.847733408212661743e-01
-1.608435809612274170e-01
-1.613929569721221924e-01
-1.526886522769927979e-01
-7.357595115900039673e-02
-9.519132226705551147e-02
-1.050045564770698547e-01
-7.535152137279510498e-02
-1.284418106079101562e-01
-9.299718588590621948e-02
-1.012259051203727722e-01
-1.066673547029495239e-01
-1.746007502079010010e-01
-1.727358400821685791e-01
-1.451039612293243408e-01
-1.262398660182952881e-01
-1.033257693052291870e-01
-7.592768222093582153e-02
-7.159343361854553223e-02
-9.663419425487518311e-02
-1.069097444415092468e-01
-1.614178717136383057e-01
-1.328140944242477417e-01
-1.395755857229232788e-01
-1.760619878768920898e-01
-1.558224558830261230e-01
-1.500890851020812988e-01
-1.275063604116439819e-01
-1.526631414890289307e-01
-8.972214907407760620e-02
-7.830894738435745239e-02
-8.271279186010360718e-02
-9.568182379007339478e-02
-1.201769039034843445e-01
-1.053691506385803223e-01
-1.714521795511245728e-01
-1.053546741604804993e-01
-1.507927626371383667e-01
-2.094397097826004028e-01
-1.400736719369888306e-01
-1.024747714400291443e-01
-8.937937766313552856e-02
-8.598782867193222046e-02
-9.701810032129287720e-02
-1.585274785757064819e-01
-1.492734402418136597e-01
-7.289434224367141724e-02
-1.522382497787475586e-01
-1.163147315382957458e-01
-1.608376353979110718e-01
-1.464789956808090210e-01
-1.499386876821517944e-01
-7.606607675552368164e-02
-7.789162546396255493e-02
-5.181310698390007019e-02
-8.490713685750961304e-02
-1.406991630792617798e-01
-1.247878521680831909e-01
-1.037044823169708252e-01
-8.515835553407669067e-02
-1.137245371937751770e-01
-1.013248413801193237e-01
-1.156751289963722229e-01
-9.462361782789230347e-02
-8.812326192855834961e-02
-9.087897837162017822e-02
-9.976545721292495728e-02
-9.824164956808090210e-02
-1.171264648437500000e-01
-1.493640691041946411e-01
-7.492499798536300659e-02
-1.216970831155776978e-01
-1.311129480600357056e-01
-1.560159772634506226e-01
-1.430686861276626587e-01
-1.082696765661239624e-01
-1.337444782257080078e-01
-8.889797329902648926e-02
-8.328523486852645874e-02
-1.292808055877685547e-01
-1.289446353912353516e-01
-1.131845265626907349e-01
-8.231505006551742554e-02
-1.393285095691680908e-01
-1.025403216481208801e-01
-1.465517431497573853e-01
-1.326541155576705933e-01
-1.704591661691665649e-01
-1.513332277536392212e-01
-8.888296782970428467e-02
-6.491827964782714844e-02
-8.890581876039505005e-02
-1.120582520961761475e-01
-1.269994080066680908e-01
-1.393346488475799561e-01
-1.418706029653549194e-01
-1.560398787260055542e-01
-1.588090062141418457e-01
-1.633199602365493774e-01
-1.554889231920242310e-01
-1.276858001947402954e-01
-5.366006493568420410e-02
-8.444902300834655762e-02
-9.988883137702941895e-02
-1.236109882593154907e-01
-1.138004437088966370e-01
-1.526010781526565552e-01
-1.214978992938995361e-01
-1.728925704956054688e-01
-1.548186987638473511e-01
-1.742761433124542236e-01
-1.463661640882492065e-01
-1.342353075742721558e-01
-8.339744061231613159e-02
-1.035762429237365723e-01
-8.590818941593170166e-02
-1.214814186096191406e-01
-6.990107893943786621e-02
-1.082305610179901123e-01
-1.223888844251632690e-01
-1.294005960226058960e-01
-1.916248798370361328e-01
-1.637731045484542847e-01
-1.543072611093521118e-01
-1.532866954803466797e-01
-1.000389009714126587e-01
-8.410318195819854736e-02
-6.523754447698593140e-02
-8.900474756956100464e-02
-1.073494404554367065e-01
-1.564382910728454590e-01
-8.861450850963592529e-02
-1.017174720764160156e-01
-1.068042740225791931e-01
-1.872865408658981323e-01
-1.122531145811080933e-01
-1.301641464233398438e-01
-1.027586162090301514e-01
-8.145567029714584351e-02
-1.191958039999008179e-01
-1.065291240811347961e-01
-1.292707920074462891e-01
-1.941557824611663818e-01
-1.543817967176437378e-01
-1.218222901225090027e-01
-1.468423455953598022e-01
-1.157819628715515137e-01
-1.529739648103713989e-01
-1.349960863590240479e-01
-9.526938199996948242e-02
-1.219572201371192932e-01
-1.233278214931488037e-01
-1.062482893466949463e-01
-1.267063915729522705e-01
-8.913232386112213135e-02
-6.636833399534225464e-02
-1.603561043739318848e-01
-1.257287859916687012e-01
-1.700397729873657227e-01
-1.300034672021865845e-01
-9.851048141717910767e-02
-7.578279078006744385e-02
-1.013817414641380310e-01
-1.094134971499443054e-01
-1.246236488223075867e-01
-1.272618323564529419e-01
-1.109141260385513306e-01
-1.219957843422889709e-01
-1.219225898385047913e-01
-9.713810682296752930e-02
-1.650914698839187622e-01
-1.449151188135147095e-01
-1.171024963259696960e-01
-1.172794178128242493e-01
-9.367984533309936523e-02
-1.248478591442108154e-01
-1.484820097684860229e-01
-1.466994732618331909e-01
-1.044548228383064270e-01
-1.612545400857925415e-01
-1.382848173379898071e-01
-1.648595333099365234e-01
-1.686736494302749634e-01
-1.646101176738739014e-01
-1.342173665761947632e-01
-8.728901296854019165e-02
-1.092503070831298828e-01
-1.109263822436332703e-01
-1.337362378835678101e-01
-1.459476053714752197e-01
-9.598406404256820679e-02
-1.342009305953979492e-01
-1.152057424187660217e-01
-1.320047676563262939e-01
-1.602009981870651245e-01
-1.232123374938964844e-01
-1.427342146635055542e-01
-8.654534816741943359e-02
-9.455907344818115234e-02
-9.431387484073638916e-02
-1.112847924232482910e-01
-1.084898859262466431e-01
-1.090858504176139832e-01
-1.034773141145706177e-01
-1.425621062517166138e-01
-1.598682999610900879e-01
-1.778025180101394653e-01
-1.482657492160797119e-01
-1.127125546336174011e-01
-1.108864098787307739e-01
-9.087549149990081787e-02
-1.305182427167892456e-01
-1.588377952575683594e-01
-1.374575793743133545e-01
-1.421244591474533081e-01
-1.664527654647827148e-01
-1.230705231428146362e-01
-1.550498157739639282e-01
-1.660083383321762085e-01
-1.366467922925949097e-01
-1.106804236769676208e-01
-9.038345515727996826e-02
-1.084451302886009216e-01
-8.471594005823135376e-02
-1.025024950504302979e-01
-1.162525117397308350e-01
-1.047191694378852844e-01
-1.473402082920074463e-01
-1.456275582313537598e-01
-1.825671046972274780e-01
-1.554304957389831543e-01
-1.699533462524414062e-01
-1.121104583144187927e-01
-1.163049414753913879e-01
-5.575853958725929260e-02
-1.135479882359504700e-01
-1.052181720733642578e-01
-1.298365741968154907e-01
-1.126450002193450928e-01
-1.480366289615631104e-01
-2.369409948587417603e-01
-1.745886653661727905e-01
-1.823205500841140747e-01
-1.036443188786506653e-01
-1.332395523786544800e-01
-9.839496016502380371e-02
-1.127478778362274170e-01
-8.203775435686111450e-02
-1.366666853427886963e-01
-1.666111201047897339e-01
-1.875684708356857300e-01
-1.411668658256530762e-01
-1.763488352298736572e-01
-1.771428734064102173e-01
-1.657419949769973755e-01
-1.394862383604049683e-01
-1.290282756090164185e-01
-7.856690883636474609e-02
-6.536328047513961792e-02
-9.404598176479339600e-02
-1.174034997820854187e-01
-1.604698747396469116e-01
-1.588235050439834595e-01
-1.348676532506942749e-01
-1.046669483184814453e-01
-1.566578894853591919e-01
-1.569268107414245605e-01
-1.652920544147491455e-01
-1.108371913433074951e-01
-9.644383937120437622e-02
-3.917650505900382996e-02
-8.760071545839309692e-02
-6.432962417602539062e-02
-1.169221699237823486e-01
-1.051058620214462280e-01
-1.039297729730606079e-01
-1.600868999958038330e-01
-1.466891020536422729e-01
-1.606868058443069458e-01
-1.363889425992965698e-01
-1.239077299833297729e-01
-1.192918047308921814e-01
-1.217241957783699036e-01
-9.243239462375640869e-02
-1.399924606084823608e-01
-1.295909583568572998e-01
-1.289098262786865234e-01
-1.291020959615707397e-01
-1.173393353819847107e-01
-1.253998726606369019e-01
-1.314718276262283325e-01
-1.548206061124801636e-01
-1.450347453355789185e-01
-1.286780238151550293e-01
-9.231052547693252563e-02
-1.248250678181648254e-01
-1.459731757640838623e-01
-1.318366229534149170e-01
-1.501183658838272095e-01
-9.938317537307739258e-02
-1.636622101068496704e-01
-1.525054574012756348e-01
-1.468602269887924194e-01
-8.588784933090209961e-02
-1.236400902271270752e-01
-7.077554613351821899e-02
-1.184825152158737183e-01
-1.098836734890937805e-01
-1.238310039043426514e-01
-8.737859129905700684e-02
-9.932474792003631592e-02
-1.353279054164886475e-01
-1.222089752554893494e-01
-1.474730670452117920e-01
-1.913426965475082397e-01
-1.485028266906738281e-01
-1.230468302965164185e-01
-9.955025464296340942e-02
-9.074522554874420166e-02
-8.940378576517105103e-02
-1.254686117172241211e-01
-1.133254095911979675e-01
-9.399464726448059082e-02
-1.318624466657638550e-01
-1.952541172504425049e-01
-1.315932720899581909e-01
-1.290411800146102905e-01
-1.812802255153656006e-01
-1.525871604681015015e-01
-1.045596823096275330e-01
-7.962789386510848999e-02
-7.734167575836181641e-02
-1.288235336542129517e-01
-1.404497027397155762e-01
-1.282969564199447632e-01
-1.060141101479530334e-01
-1.395127624273300171e-01
-1.231464594602584839e-01
-1.085312366485595703e-01
-1.421595513820648193e-01
-9.486059099435806274e-02
-7.689701765775680542e-02
-6.473132222890853882e-02
-1.183991879224777222e-01
-9.484374523162841797e-02
-1.279705762863159180e-01
-1.836677342653274536e-01
-1.037330776453018188e-01
-1.777164489030838013e-01
-1.309519112110137939e-01
-1.131130754947662354e-01
-1.127305775880813599e-01
-9.963930398225784302e-02
-1.082876101136207581e-01
-9.142675995826721191e-02
-1.119889989495277405e-01
-1.025731563568115234e-01
-1.035423055291175842e-01
-1.155965775251388550e-01
-1.317197084426879883e-01
-1.127656474709510803e-01
-1.608508974313735962e-01
-1.912104785442352295e-01
-1.169504672288894653e-01
-9.957870095968246460e-02
-1.158989742398262024e-01
-8.714949339628219604e-02
-1.032513901591300964e-01
-9.524778276681900024e-02
-1.418823301792144775e-01
-1.480283141136169434e-01
-1.639560312032699585e-01
-1.451824307441711426e-01
-1.338664889335632324e-01
-1.277788579463958740e-01
-1.386298090219497681e-01
-9.412805736064910889e-02
-7.009326666593551636e-02
-6.799731403589248657e-02
-7.687012851238250732e-02
-1.144903451204299927e-01
-1.370174437761306763e-01
-1.190304607152938843e-01
-1.021424978971481323e-01
-1.188522055745124817e-01
-1.167845726013183594e-01
-1.322544068098068237e-01
-1.566962897777557373e-01
-8.964856714010238647e-02
-9.181741625070571899e-02
-7.964524626731872559e-02
-1.278107911348342896e-01
-1.203133836388587952e-01
-1.159565225243568420e-01
-1.342771649360656738e-01
-9.557056427001953125e-02
-1.621894985437393188e-01
-1.745655983686447144e-01
-1.379756033420562744e-01
-1.261378228664398193e-01
-1.304924339056015015e-01
-1.007935106754302979e-01
-8.215101063251495361e-02
-1.050150915980339050e-01
-1.142213344573974609e-01
-1.484947502613067627e-01
-1.102082654833793640e-01
-1.614389568567276001e-01
-1.282666772603988647e-01
-1.424806416034698486e-01
-1.579487174749374390e-01
-1.691287010908126831e-01
-1.434367746114730835e-01
-9.999243915081024170e-02
-1.023878604173660278e-01
-1.153406053781509399e-01
-1.331042945384979248e-01
-1.273144632577896118e-01
-1.279215216636657715e-01
-1.440388113260269165e-01
-1.158929839730262756e-01
-1.571598947048187256e-01
-1.243755221366882324e-01
-1.067631617188453674e-01
-1.468207240104675293e-01
-1.024933382868766785e-01
-1.045146659016609192e-01
-1.162041947245597839e-01
-1.096760928630828857e-01
-1.145610213279724121e-01
-1.248665302991867065e-01
-1.473144441843032837e-01
-1.501261889934539795e-01
-1.621557623147964478e-01
-1.371606439352035522e-01
-1.294809430837631226e-01
-1.494480520486831665e-01
-9.761651605367660522e-02
-1.162554696202278137e-01
-1.069072708487510681e-01
-1.248058974742889404e-01
-1.012928113341331482e-01
-1.034712046384811401e-01
-1.603732556104660034e-01
-1.370048224925994873e-01
-1.963171958923339844e-01
-1.578768640756607056e-01
-1.529868990182876587e-01
-1.453097313642501831e-01
-6.616356223821640015e-02
-7.146582752466201782e-02
-1.152199581265449524e-01
-1.166678592562675476e-01
-1.367672532796859741e-01
-9.610234200954437256e-02
-1.578802019357681274e-01
-1.546341180801391602e-01
-1.129982322454452515e-01
-1.262111663818359375e-01
-1.486514359712600708e-01
-1.105745881795883179e-01
-8.003047108650207520e-02
-6.319998204708099365e-02
-9.385687112808227539e-02
-1.299580484628677368e-01
-1.192656457424163818e-01
-1.995234936475753784e-01
-1.017057970166206360e-01
-1.609227955341339111e-01
-1.154292672872543335e-01
-2.079348266124725342e-01
-1.657028794288635254e-01
-1.508185416460037231e-01
-8.846059441566467285e-02
-9.980665892362594604e-02
-1.166058555245399475e-01
-1.188278198242187500e-01
-1.142046675086021423e-01
-1.190080121159553528e-01
-1.379146277904510498e-01
-1.568573117256164551e-01
-1.668896675109863281e-01
-1.583615094423294067e-01
-1.331290304660797119e-01
-1.233326643705368042e-01
-1.091772615909576416e-01
-8.112050592899322510e-02
-8.841020613908767700e-02
-1.248457953333854675e-01
-1.371147185564041138e-01
-8.474467694759368896e-02
-1.481602042913436890e-01
-1.799598038196563721e-01
-1.392626464366912842e-01
-1.868914961814880371e-01
-1.201762035489082336e-01
-1.256199479103088379e-01
-6.143003329634666443e-02
-1.084261983633041382e-01
-9.511200338602066040e-02
-8.810398727655410767e-02
-1.276154518127441406e-01
-1.190581768751144409e-01
-1.649813652038574219e-01
-1.222522184252738953e-01
-1.345125436782836914e-01
-1.954968422651290894e-01
-1.654159575700759888e-01
-1.247052401304244995e-01
-7.195370644330978394e-02
-8.320774137973785400e-02
-1.008163094520568848e-01
-1.088163554668426514e-01
-1.164423599839210510e-01
-1.026857942342758179e-01
-1.655456274747848511e-01
-1.608993262052536011e-01
-1.231775581836700439e-01
-1.212738752365112305e-01
-1.307654827833175659e-01
-1.438657641410827637e-01
-1.188256219029426575e-01
-9.914898872375488281e-02
-1.279041767120361328e-01
-1.078462898731231689e-01
-1.025919839739799500e-01
-1.507598012685775757e-01
-5.860862508416175842e-02
-1.162555143237113953e-01
-1.405321508646011353e-01
-1.190812885761260986e-01
-1.601186096668243408e-01
-1.001533344388008118e-01
-6.780154258012771606e-02
-8.829553425312042236e-02
-4.668965563178062439e-02
-1.169127970933914185e-01
-1.210441291332244873e-01
-1.037928164005279541e-01
-1.103653609752655029e-01
-1.935855448246002197e-01
-1.472522467374801636e-01
-1.036486774682998657e-01
-1.224272623658180237e-01
-1.371149718761444092e-01
-1.071973890066146851e-01
-1.113410592079162598e-01
-1.213007345795631409e-01
-1.106189265847206116e-01
-1.073278933763504028e-01
-1.517206281423568726e-01
-1.356303393840789795e-01
-1.379171460866928101e-01
-1.189901903271675110e-01
-1.676743030548095703e-01
-1.158466711640357971e-01
-6.309244036674499512e-02
-1.124506816267967224e-01
-9.224963933229446411e-02
-7.830487936735153198e-02
-1.317451447248458862e-01
-1.357935965061187744e-01
-1.543236076831817627e-01
-1.558125317096710205e-01
-1.377195715904235840e-01
-1.500777453184127808e-01
-1.854427307844161987e-01
-1.372705847024917603e-01
-1.262349486351013184e-01
-6.824470311403274536e-02
-8.883064240217208862e-02
-1.290481388568878174e-01
-1.411267071962356567e-01
-1.021390184760093689e-01
-1.539301276206970215e-01
-1.063375100493431091e-01
-1.567432880401611328e-01
-1.444521695375442505e-01
-1.884957402944564819e-01
-1.453863084316253662e-01
-1.063964292407035828e-01
-7.615969330072402954e-02
-1.065162271261215210e-01
-7.867679744958877563e-02
-1.152823790907859802e-01
-1.254299432039260864e-01
-1.332996040582656860e-01
-1.091512441635131836e-01
-6.318538635969161987e-02
-1.584867388010025024e-01
-1.728441864252090454e-01
-1.727146059274673462e-01
-1.306849718093872070e-01
-1.179848015308380127e-01
-5.021035671234130859e-02
-9.236393868923187256e-02
-1.449855118989944458e-01
-1.516482979059219360e-01
-1.805793941020965576e-01
-1.132067218422889709e-01
-9.929017722606658936e-02
-9.276989847421646118e-02
-1.724322438240051270e-01
-1.520811021327972412e-01
-1.721260249614715576e-01
-1.427988708019256592e-01
-1.021225228905677795e-01
-1.220891252160072327e-01
-1.155239269137382507e-01
-1.491685062646865845e-01
-1.306402236223220825e-01
-1.324901431798934937e-01
-1.343012452125549316e-01
-1.741552799940109253e-01
-1.191496476531028748e-01
-1.648830473423004150e-01
-1.032497659325599670e-01
-7.191652059555053711e-02
-1.119331493973731995e-01
-9.316629171371459961e-02
-1.063484326004981995e-01
-1.240051910281181335e-01
-1.141442582011222839e-01
-1.385009884834289551e-01
-2.003779560327529907e-01
-1.809505522251129150e-01
-1.792880743741989136e-01
-1.536044031381607056e-01
-1.480294466018676758e-01
-1.357429772615432739e-01
-7.449895143508911133e-02
-9.527763724327087402e-02
-1.317060887813568115e-01
-1.559397131204605103e-01
-1.378248184919357300e-01
-8.293569833040237427e-02
-1.630254089832305908e-01
-1.861482709646224976e-01
-1.447025984525680542e-01
-1.448541283607482910e-01
-1.554268598556518555e-01
-8.239226043224334717e-02
-7.518988847732543945e-02
-1.006315425038337708e-01
-1.364233344793319702e-01
-9.969391673803329468e-02
-1.261353939771652222e-01
-1.185145825147628784e-01
-1.370070278644561768e-01
-1.880735307931900024e-01
-1.653897613286972046e-01
-1.366526931524276733e-01
-1.343333572149276733e-01
-8.110921084880828857e-02
-9.157012403011322021e-02
-1.014639139175415039e-01
-9.504548460245132446e-02
-1.111294552683830261e-01
-1.244989410042762756e-01
-1.216423138976097107e-01
-1.116413027048110962e-01
-1.796485483646392822e-01
-1.215528473258018494e-01
-1.183196902275085449e-01
-5.595157295465469360e-02
-5.220393091440200806e-02
-5.759203806519508362e-02
-9.402297437191009521e-02
-1.053815633058547974e-01
-7.829746603965759277e-02
-9.762597829103469849e-02
-1.442503929138183594e-01
-1.330303400754928589e-01
-1.709545254707336426e-01
-1.455458998680114746e-01
-1.706382185220718384e-01
-1.412840038537979126e-01
-1.282059699296951294e-01
-3.936439007520675659e-02
-9.237594157457351685e-02
-7.556378096342086792e-02
-1.190423592925071716e-01
-1.207015588879585266e-01
-1.213041990995407104e-01
-9.861523658037185669e-02
-1.224905475974082947e-01
-1.273163706064224243e-01
-1.182101666927337646e-01
-1.258504986763000488e-01
-8.383474498987197876e-02
-1.119449809193611145e-01
-9.851125627756118774e-02
-1.186608076095581055e-01
-1.160188987851142883e-01
-1.353503465652465820e-01
-8.659480512142181396e-02
-1.810618191957473755e-01
-1.568623036146163940e-01
-1.327896267175674438e-01
-1.546748578548431396e-01
-1.504027545452117920e-01
-1.069530174136161804e-01
-9.321672469377517700e-02
-1.320398002862930298e-01
-1.338035166263580322e-01
-1.248586848378181458e-01
-1.951688975095748901e-01
-9.661810100078582764e-02
-2.035924792289733887e-01
-2.098685801029205322e-01
-1.467143893241882324e-01
-1.500444561243057251e-01
-1.105350852012634277e-01
-1.124154180288314819e-01
-8.790357410907745361e-02
-7.566181570291519165e-02
-1.164917573332786560e-01
-1.452488750219345093e-01
-1.144498661160469055e-01
-1.415724009275436401e-01
-1.307466179132461548e-01
-1.402716040611267090e-01
-1.769759953022003174e-01
-1.518608331680297852e-01
-1.076281666755676270e-01
-9.730234742164611816e-02
-9.183552116155624390e-02
-9.661132097244262695e-02
-7.226017862558364868e-02
-7.929793745279312134e-02
-1.220165193080902100e-01
-1.023778468370437622e-01
-1.875786185264587402e-01
-1.609191447496414185e-01
-1.940300762653350830e-01
-1.831458806991577148e-01
-1.078530326485633850e-01
-7.684233039617538452e-02
-6.868095695972442627e-02
-1.283371448516845703e-01
-1.356484740972518921e-01
-1.377869993448257446e-01
-1.087951064109802246e-01
-1.448989808559417725e-01
-1.972060352563858032e-01
-1.777745634317398071e-01
-1.401861011981964111e-01
-9.504839032888412476e-02
-1.293694823980331421e-01
-1.074135228991508484e-01
-7.569561153650283813e-02
-8.774566650390625000e-02
-1.016751900315284729e-01
-8.713543415069580078e-02
-7.388830929994583130e-02
-1.399498432874679565e-01
-1.399560272693634033e-01
-1.755982637405395508e-01
-1.732373982667922974e-01
-1.772114783525466919e-01
-1.127946302294731140e-01
-8.637544512748718262e-02
-9.640265256166458130e-02
-1.036644503474235535e-01
-1.137733757495880127e-01
-1.327952295541763306e-01
-1.122386977076530457e-01
-1.339576840400695801e-01
-1.370043009519577026e-01
-1.063029170036315918e-01
-1.138694658875465393e-01
-1.405475735664367676e-01
-1.674592792987823486e-01
-8.698396384716033936e-02
-1.273990124464035034e-01
-1.016005948185920715e-01
-1.239807605743408203e-01
-1.553275585174560547e-01
-1.595100313425064087e-01
-1.034373119473457336e-01
-1.497178822755813599e-01
-1.601138263940811157e-01
-1.315426826477050781e-01
-1.809030771255493164e-01
-1.784304976463317871e-01
-9.985164552927017212e-02
-8.772724866867065430e-02
-9.396500885486602783e-02
-1.065880432724952698e-01
-1.117778196930885315e-01
-1.614908874034881592e-01
-9.733197838068008423e-02
-1.366609483957290649e-01
-1.598729640245437622e-01
-1.450863927602767944e-01
-1.476480662822723389e-01
-1.225705370306968689e-01
-9.845981001853942871e-02
-8.220240473747253418e-02
-7.940194010734558105e-02
-1.097802370786666870e-01
-1.334999650716781616e-01
-1.483539044857025146e-01
-1.179234087467193604e-01
-1.222100853919982910e-01
-1.709402799606323242e-01
-1.665572077035903931e-01
-1.333748102188110352e-01
-1.196086406707763672e-01
-8.895237743854522705e-02
-7.490471750497817993e-02
-1.093140989542007446e-01
-1.002947688102722168e-01
-1.235513910651206970e-01
-1.133244484663009644e-01
-1.332537233829498291e-01
-1.430703997611999512e-01
-1.334617882966995239e-01
-1.343569010496139526e-01
-1.451375335454940796e-01
-1.381180584430694580e-01
-1.038871556520462036e-01
-1.008175686001777649e-01
-8.572468906641006470e-02
-1.182476431131362915e-01
-1.204906925559043884e-01
-1.124928593635559082e-01
-1.892180591821670532e-01
-9.689448028802871704e-02
-1.443980634212493896e-01
-1.601901501417160034e-01
-1.759152263402938843e-01
-1.435099393129348755e-01
-9.696885198354721069e-02
-9.050674736499786377e-02
-1.125194057822227478e-01
-1.006783843040466309e-01
-9.104093909263610840e-02
-1.423808932304382324e-01
-8.727651834487915039e-02
-9.701476246118545532e-02
-1.351874917745590210e-01
-1.359692811965942383e-01
-1.271431297063827515e-01
-9.010146558284759521e-02
-1.136492192745208740e-01
-1.072148010134696960e-01
-1.064062193036079407e-01
-1.140871271491050720e-01
-1.345907747745513916e-01
-1.252057701349258423e-01
-1.575662195682525635e-01
-2.265166342258453369e-01
-1.514019668102264404e-01
-1.530884951353073120e-01
-1.248527243733406067e-01
-9.462788701057434082e-02
-8.865015208721160889e-02
-8.582856506109237671e-02
-1.477087736129760742e-01
-1.074322089552879333e-01
-1.423811465501785278e-01
-1.199780479073524475e-01
-1.338859796524047852e-01
-1.732059419155120850e-01
-1.458192020654678345e-01
-1.494596600532531738e-01
-1.410008817911148071e-01
-9.850101917982101440e-02
-7.510989159345626831e-02
-9.069740772247314453e-02
-9.928102046251296997e-02
-9.582816064357757568e-02
-1.100430190563201904e-01
-1.592160165309906006e-01
-1.153170466423034668e-01
-1.705892086029052734e-01
-1.401409357786178589e-01
-2.014240026473999023e-01
-1.403650939464569092e-01
-1.550916582345962524e-01
-7.955289632081985474e-02
-1.076662465929985046e-01
-1.214278489351272583e-01
-9.439022839069366455e-02
-1.565814763307571411e-01
-9.749609977006912231e-02
-1.157350838184356689e-01
-1.421821266412734985e-01
-1.642712801694869995e-01
-8.075141906738281250e-02
-1.068842485547065735e-01
-1.028428077697753906e-01
-9.534696489572525024e-02
-1.100175306200981140e-01
-9.115792810916900635e-02
-1.081447601318359375e-01
-1.441245824098587036e-01
-1.273254454135894775e-01
-1.481272727251052856e-01
-1.032447591423988342e-01
-1.567328572273254395e-01
-1.687116026878356934e-01
-1.888347119092941284e-01
-8.781109750270843506e-02
-8.618110418319702148e-02
-9.875793755054473877e-02
-1.224120855331420898e-01
-8.857086300849914551e-02
-1.333428621292114258e-01
-1.220901608467102051e-01
-1.306342184543609619e-01
-1.663054376840591431e-01
-1.258703768253326416e-01
-1.513368636369705200e-01
-1.575036495923995972e-01
-1.546476930379867554e-01
-1.118529513478279114e-01
-9.305330365896224976e-02
-1.024054735898971558e-01
-1.259779781103134155e-01
-6.139013171195983887e-02
-9.046854823827743530e-02
-1.620047092437744141e-01
-1.750846207141876221e-01
-1.412062644958496094e-01
-1.772787868976593018e-01
-1.487508863210678101e-01
-1.431976556777954102e-01
-1.111318543553352356e-01
-6.555377691984176636e-02
-9.343116730451583862e-02
-1.105753853917121887e-01
-1.281689554452896118e-01
-1.341261863708496094e-01
-1.407386064529418945e-01
-1.112601011991500854e-01
-1.678990572690963745e-01
-1.918758004903793335e-01
-1.107289195060729980e-01
-1.632130593061447144e-01
-6.604817509651184082e-02
-1.068003326654434204e-01
-1.233437284827232361e-01
-1.141147315502166748e-01
-1.469630002975463867e-01
-9.021136164665222168e-02
-1.337873786687850952e-01
-2.065053284168243408e-01
-1.365087032318115234e-01
-1.694161444902420044e-01
-1.615512371063232422e-01
-1.226330921053886414e-01
-1.081750765442848206e-01
-1.155504137277603149e-01
-1.027104407548904419e-01
-1.082981899380683899e-01
-1.115159988403320312e-01
-1.485698670148849487e-01
-1.286706179380416870e-01
-1.847614496946334839e-01
-1.567248702049255371e-01
-1.411195099353790283e-01
-1.181186214089393616e-01
-1.198406368494033813e-01
-9.301315248012542725e-02
-1.050101518630981445e-01
-1.355422437191009521e-01
-1.238439828157424927e-01
-1.314636915922164917e-01
-1.046730428934097290e-01
-1.393418461084365845e-01
-1.263019293546676636e-01
-1.201386824250221252e-01
-1.222802251577377319e-01
-1.442839056253433228e-01
-1.152739599347114563e-01
-8.824290335178375244e-02
-7.881866395473480225e-02
-8.356785774230957031e-02
-1.420910209417343140e-01
-1.370203197002410889e-01
-1.660851836204528809e-01
-1.242847293615341187e-01
-1.240849494934082031e-01
-1.496632397174835205e-01
-1.460963338613510132e-01
-1.551527529954910278e-01
-1.746677160263061523e-01
-1.215430572628974915e-01
-9.737472981214523315e-02
-1.173141896724700928e-01
-1.149190068244934082e-01
-1.450687348842620850e-01
-9.248328953981399536e-02
-1.145065203309059143e-01
-1.198592856526374817e-01
-1.425383388996124268e-01
-1.987543553113937378e-01
-1.313817948102951050e-01
-5.437313392758369446e-02
-4.052892327308654785e-02
-4.616789892315864563e-02
-1.089360862970352173e-01
-1.013601571321487427e-01
-1.158265471458435059e-01
-7.195869833230972290e-02
-6.088917702436447144e-02
-1.175442859530448914e-01
-1.570934355258941650e-01
-1.688656061887741089e-01
-1.635657250881195068e-01
-1.183490082621574402e-01
-8.288063853979110718e-02
-9.552375227212905884e-02
-1.051747947931289673e-01
-1.371381580829620361e-01
-9.657061845064163208e-02
-6.482797861099243164e-02
-1.261133104562759399e-01
-1.424716860055923462e-01
-1.481746584177017212e-01
-1.546760946512222290e-01
-1.654845178127288818e-01
-1.076213642954826355e-01
-9.711422026157379150e-02
-8.922093361616134644e-02
-1.173777878284454346e-01
-1.173007413744926453e-01
-1.125986576080322266e-01
-1.285338848829269409e-01
-1.141473352909088135e-01
-1.534733325242996216e-01
-1.757977008819580078e-01
-1.480761617422103882e-01
-1.685997396707534790e-01
-1.743671745061874390e-01
-1.214130297303199768e-01
-1.246278434991836548e-01
-1.002539470791816711e-01
-1.146940067410469055e-01
-1.169002875685691833e-01
-1.109056100249290466e-01
-1.050348877906799316e-01
-8.877832442522048950e-02
-1.587122380733489990e-01
-1.847277879714965820e-01
-1.423289030790328979e-01
-1.040770262479782104e-01
-8.359892666339874268e-02
-9.203501045703887939e-02
-1.064808890223503113e-01
-1.526822596788406372e-01
-1.122810170054435730e-01
-1.289888024330139160e-01
-1.248265951871871948e-01
-1.638878285884857178e-01
-1.527826488018035889e-01
-1.139041185379028320e-01
-1.613515615463256836e-01
-1.445295661687850952e-01
-9.411199390888214111e-02
-6.765932589769363403e-02
-1.079462245106697083e-01
-1.180310174822807312e-01
-1.454703509807586670e-01
-1.207939609885215759e-01
-1.136364936828613281e-01
-1.299436986446380615e-01
-1.956660598516464233e-01
-1.248993799090385437e-01
-1.232718974351882935e-01
-1.277573555707931519e-01
-9.712085127830505371e-02
-9.360759705305099487e-02
-1.036440432071685791e-01
-1.357454657554626465e-01
-1.596371233463287354e-01
-1.064303591847419739e-01
-1.180967167019844055e-01
-8.726260811090469360e-02
-1.449329257011413574e-01
-2.101646065711975098e-01
-1.114463359117507935e-01
-1.068959161639213562e-01
-1.092170178890228271e-01
-1.054306998848915100e-01
-1.078995466232299805e-01
-1.199648082256317139e-01
-1.094051897525787354e-01
-8.239947259426116943e-02
-1.251852810382843018e-01
-1.431445330381393433e-01
-1.473337113857269287e-01
-1.611224412918090820e-01
-1.635392755270004272e-01
-1.240883618593215942e-01
-7.197587192058563232e-02
-9.552584588527679443e-02
-1.200915575027465820e-01
-8.141496032476425171e-02
-1.289664506912231445e-01
-1.169920489192008972e-01
-1.353519856929779053e-01
-1.072491407394409180e-01
-1.137681677937507629e-01
-1.687660813331604004e-01
-1.297171413898468018e-01
-9.664198011159896851e-02
-6.690965592861175537e-02
-1.172405853867530823e-01
-8.724146336317062378e-02
-1.136132553219795227e-01
-1.474142521619796753e-01
-1.241109818220138550e-01
-1.383243948221206665e-01
-1.098365783691406250e-01
-1.396825313568115234e-01
-1.596744060516357422e-01
-1.371542662382125854e-01
-1.212020367383956909e-01
-8.719848841428756714e-02
-9.994721412658691406e-02
-1.169747263193130493e-01
-1.456671208143234253e-01
-1.377303600311279297e-01
-1.160695627331733704e-01
-1.229247972369194031e-01
-1.167974695563316345e-01
-1.267433315515518188e-01
-1.523661017417907715e-01
-1.751033812761306763e-01
-1.243401244282722473e-01
-1.212721765041351318e-01
-6.611265987157821655e-02
-8.658142387866973877e-02
-1.395536810159683228e-01
-1.658942997455596924e-01
-1.387079358100891113e-01
-1.108577102422714233e-01
-1.178853958845138550e-01
-8.899362385272979736e-02
-1.862802058458328247e-01
-1.777721792459487915e-01
-1.411853432655334473e-01
-1.032150983810424805e-01
-1.021095365285873413e-01
-8.889540284872055054e-02
-8.672760426998138428e-02
-1.159478425979614258e-01
-1.073100715875625610e-01
-1.464098840951919556e-01
-1.130511611700057983e-01
-1.329849064350128174e-01
-1.737396419048309326e-01
-1.528477072715759277e-01
-1.041899994015693665e-01
-9.704881161451339722e-02
-7.445296645164489746e-02
-1.003823876380920410e-01
-1.188503950834274292e-01
-1.122919321060180664e-01
-1.330814659595489502e-01
-1.123595908284187317e-01
-1.624863296747207642e-01
-1.593581438064575195e-01
-1.706556826829910278e-01
-1.243269816040992737e-01
-1.081715226173400879e-01
-8.268021047115325928e-02
-9.593365341424942017e-02
-8.627206832170486450e-02
-1.103395298123359680e-01
-1.103918477892875671e-01
-1.255997270345687866e-01
-1.005755662918090820e-01
-1.762706637382507324e-01
-1.767335087060928345e-01
-1.877927184104919434e-01
-1.160973161458969116e-01
-1.796349883079528809e-01
-1.100909039378166199e-01
-1.123580187559127808e-01
-9.708198904991149902e-02
-1.653565764427185059e-01
-9.923005849123001099e-02
-1.086032763123512268e-01
-1.270134001970291138e-01
-8.511809259653091431e-02
-1.058102920651435852e-01
-1.290371865034103394e-01
-1.299527585506439209e-01
-8.127830177545547485e-02
-1.004198193550109863e-01
-8.182211220264434814e-02
-8.785989135503768921e-02
-1.173750236630439758e-01
-6.750368326902389526e-02
-1.081377416849136353e-01
-1.142889782786369324e-01
-1.421550363302230835e-01
-1.564394533634185791e-01
-1.392483711242675781e-01
-1.591220498085021973e-01
-1.315816342830657959e-01
-1.120114177465438843e-01
-1.079686805605888367e-01
-1.124555543065071106e-01
-1.178481578826904297e-01
-9.188920259475708008e-02
-1.409386545419692993e-01
-1.189718171954154968e-01
-1.274294853210449219e-01
-1.309124231338500977e-01
-1.827056109905242920e-01
-1.391812711954116821e-01
-1.064789518713951111e-01
-6.335910409688949585e-02
-1.183977946639060974e-01
-1.121437475085258484e-01
-8.725003898143768311e-02
-1.029713079333305359e-01
-7.828835397958755493e-02
-1.330314427614212036e-01
-1.227680742740631104e-01
-1.826232373714447021e-01
-1.396870613098144531e-01
-1.159499362111091614e-01
-9.209232777357101440e-02
-6.180305033922195435e-02
-8.511169999837875366e-02
-9.342211484909057617e-02
-1.077049821615219116e-01
-1.290823668241500854e-01
-1.028113514184951782e-01
-9.290654212236404419e-02
-1.788383275270462036e-01
-1.750283837318420410e-01
-1.401654183864593506e-01
-1.115715429186820984e-01
-9.165927767753601074e-02
-4.943069815635681152e-02
-7.714048773050308228e-02
-1.041925996541976929e-01
-9.607156366109848022e-02
-1.239539906382560730e-01
-1.447122544050216675e-01
-1.476843506097793579e-01
-9.472302347421646118e-02
-1.323937028646469116e-01
-1.567727029323577881e-01
-1.351879835128784180e-01
-9.203428030014038086e-02
-9.532885253429412842e-02
-8.514118194580078125e-02
-1.327032297849655151e-01
-1.152462214231491089e-01
-1.308136731386184692e-01
-1.292016506195068359e-01
-1.226875707507133484e-01
-1.440605819225311279e-01
-1.263803988695144653e-01
-1.362683475017547607e-01
-1.738762408494949341e-01
-1.305043995380401611e-01
