-5.247457073828364571e+01
-5.194368437759598578e+01
-5.092066184631002557e+01
-5.028993666251762562e+01
-4.990972519139158692e+01
-4.872067732620993752e+01
-4.972990266833569706e+01
-5.037708048621051660e+01
-4.975632001326765419e+01
-4.914854593879321243e+01
-5.011637326987152363e+01
-4.973825725707028766e+01
-5.013861408647998985e+01
-5.102443491346022597e+01
-5.174426989122287779e+01
-5.186784740599004095e+01
-5.162803139039226608e+01
-5.086295163833339927e+01
-5.028568707454286368e+01
-5.062555660699418780e+01
-5.040189253487677945e+01
-5.051625912125353324e+01
-5.020650358193269369e+01
-4.988432312920442513e+01
-4.887782879454414342e+01
-4.934358018164942195e+01
-4.882460906580318039e+01
-4.905444521509554079e+01
-5.008973226212241059e+01
-5.142300115631940827e+01
-5.096982028350597460e+01
-5.106263464568084487e+01
-5.189538618751053889e+01
-5.114255403570933112e+01
-4.995418365301763686e+01
-4.937149939922921504e+01
-4.996040809858101284e+01
-4.982456606807294008e+01
-4.973126602350620118e+01
-4.959962669683633862e+01
-5.018231095062476044e+01
-5.054696383057869724e+01
-5.092455671067342848e+01
-5.233967790908421591e+01
-5.307925087604999703e+01
-5.249656662226156811e+01
-5.162188472041284371e+01
-5.157407211201964969e+01
-5.086924107946872908e+01
-5.105118429771430755e+01
-5.086275989651819884e+01
-5.144693528484100398e+01
-5.150665922650662765e+01
-5.070221787503923849e+01
-5.076202550638031141e+01
-5.109611054003368480e+01
-5.031356661709050115e+01
-5.001074478604537887e+01
-5.116890618936869117e+01
-5.061544470899768555e+01
-5.060228945188271155e+01
-5.169911244595174793e+01
-5.144923457594956773e+01
-5.148501873746079838e+01
-5.163596794935617140e+01
-5.160960550492211496e+01
-5.134441836472075948e+01
-5.193275186896708107e+01
-5.195652442656702164e+01
-5.231122408664946022e+01
-5.321703998855135609e+01
-5.339873062948715443e+01
-5.289863001215196903e+01
-5.287485745455202846e+01
-5.194134624639279707e+01
-5.151207166737108167e+01
-5.101909590798940286e+01
-5.113131000980310148e+01
-5.001811760545437124e+01
-5.054688594114305289e+01
-5.102390619756860701e+01
-5.156469456534348694e+01
-5.080375487331722439e+01
-5.188116311615473109e+01
-5.180558622268768687e+01
-5.158861613153443670e+01
-5.076505196336528059e+01
-5.088500921788914866e+01
-5.070382328824712204e+01
-5.122002761223821210e+01
-5.120781381489402406e+01
-5.201944993272348228e+01
-5.332801190173210415e+01
-5.347326302827187305e+01
-5.234361166736591997e+01
-5.254895617225125193e+01
-5.256088422259094273e+01
-5.197963070480718528e+01
-5.188306599015685805e+01
-5.209618503438986892e+01
-5.151652947599405508e+01
-5.100103598363211432e+01
-5.035291880447539370e+01
-4.946149797352523336e+01
-5.018489958265703876e+01
-5.072867058299934229e+01
-5.118435644402022433e+01
-5.170889610840978179e+01
-5.236664522221039419e+01
-5.210659505693810445e+01
-5.168929874217817400e+01
-5.149509100819167884e+01
-5.148263982514546910e+01
-5.186075583794671218e+01
-5.189836498131721498e+01
-5.132900929626215714e+01
-5.120543178149499397e+01
-5.121788296454119660e+01
-5.022195148978664747e+01
-5.019689578870552538e+01
-5.081636289235450477e+01
-5.090304527467653628e+01
-5.103888730518460903e+01
-5.202287400204004797e+01
-5.222141411757623786e+01
-5.237011481631886056e+01
-5.161323213715000691e+01
-5.136471595495886788e+01
-5.040726496664524348e+01
-5.027123626883187058e+01
-5.086477122710464016e+01
-5.167081355445954216e+01
-5.188248540598384295e+01
-5.277996122826937153e+01
-5.266713357729182832e+01
-5.137181345912837571e+01
-5.132265381094232737e+01
-5.131033849342313147e+01
-5.134637387929683428e+01
-5.155833509564261163e+01
-5.228466621176322349e+01
-5.155442331707046577e+01
-5.182146098660435740e+01
-5.189307955502500391e+01
-5.214815570866628747e+01
-5.218484780037211124e+01
-5.287804299365866001e+01
-5.268464326667243824e+01
-5.219572838349185417e+01
-5.162723745439024015e+01
-5.161502365704605211e+01
-5.147787293307182210e+01
-5.169514548829684486e+01
-5.221964411899570990e+01
-5.238395028976162848e+01
-5.152672045357030584e+01
-5.166387117754452873e+01
-5.171141631401597039e+01
-5.119947112560649316e+01
-5.133624746063083677e+01
-5.208279165286829482e+01
-5.215673448671962831e+01
-5.144089826465514648e+01
-5.105683805383540630e+01
-5.060151535948698864e+01
-5.090560073042708211e+01
-5.089331928993806287e+01
-5.125836760808833503e+01
-5.160471626799402856e+01
-5.213377848045621477e+01
-5.116306830730715660e+01
-5.118761426353708544e+01
-5.041635463956349383e+01
-4.993853970563402811e+01
-4.897248899234838149e+01
-4.895921246864200072e+01
-4.922476927825611170e+01
-4.944958717978989426e+01
-4.947601889946384546e+01
-5.064770003383968344e+01
-5.137696437868042665e+01
-5.098799970784536839e+01
-5.125882510436901640e+01
-5.197097210107333609e+01
-5.205423463685787056e+01
-5.236851370798373040e+01
-5.268585981039814925e+01
-5.264763480959977926e+01
-5.180263566751241910e+01
-5.126556652252172341e+01
-5.126556652252172341e+01
-5.072179552217941989e+01
-5.138642475280813215e+01
-5.202090804175738015e+01
-5.231790566362580108e+01
-5.190462889265871382e+01
-5.230335065355568958e+01
-5.177812607963926439e+01
-5.218231083797496694e+01
-5.138166883699908283e+01
-5.068475932567746156e+01
-5.064811792418699099e+01
-5.108996301750055835e+01
-5.108996301750055835e+01
-5.165628932949378083e+01
-5.178914147487681419e+01
-5.161613245573017394e+01
-5.119941131899783926e+01
-5.021409227066380510e+01
-5.067663491169444967e+01
-5.157047254933456770e+01
-5.093852020960201799e+01
-5.139107569046576884e+01
-5.240030103259152128e+01
-5.145062335163579803e+01
-5.104588047916524829e+01
-5.186307253214840784e+01
-5.154748053388222218e+01
-5.119424987341431432e+01
-5.208445436755889801e+01
-5.251313702018384788e+01
-5.243949907763617091e+01
-5.234009357134314655e+01
-5.230274001367511971e+01
-5.183698862656983408e+01
-5.163135820547965693e+01
-5.185044928001950382e+01
-5.158431098899045963e+01
-5.202250714833845535e+01
-5.228291403055840192e+01
-5.207239817742028976e+01
-5.180387622160309036e+01
-5.191886029746881803e+01
-5.162916104126889394e+01
-5.151847539731502224e+01
-5.192266015565071768e+01
-5.222716719056935375e+01
-5.261263709471531769e+01
-5.266159370216205104e+01
-5.303709703781238716e+01
-5.309673734197125583e+01
-5.282932891865990399e+01
-5.188188148455489568e+01
-5.153347876206472478e+01
-5.141411420236043028e+01
-5.038244871723873786e+01
-5.041939467886491855e+01
-5.158320781941883837e+01
-5.115534548323742570e+01
-5.069903253213948346e+01
-5.124178313408059893e+01
-5.046028676295562576e+01
-5.041267482174357184e+01
-5.144154377476744600e+01
-5.098835233254580857e+01
-5.146537258897136269e+01
-5.157151551987958982e+01
-5.060211975366685522e+01
-5.018941590638780070e+01
-5.004261047325866940e+01
-4.978894829039958836e+01
-5.035300565633817627e+01
-5.033974647150274251e+01
-5.065709257391715425e+01
-5.177329377325902016e+01
-5.094054223142931903e+01
-5.112527326368552849e+01
-5.112527326368552849e+01
-5.068281884030093210e+01
-4.968688736554638297e+01
-5.030883427609899172e+01
-5.001142909215971599e+01
-5.098213926530877416e+01
-5.121839093175900359e+01
-5.184865757675851938e+01
-5.212053124204571475e+01
-5.200647300059048206e+01
-5.207789096530073181e+01
-5.182903461650982280e+01
-5.157676741786584529e+01
-5.136740517030146691e+01
-5.146885872941602003e+01
-5.139744076470576317e+01
-5.149780021034860056e+01
-5.182441752164454840e+01
-5.179946408022627224e+01
-5.136068554831143018e+01
-5.053487388666766833e+01
-5.092545810480361013e+01
-5.092545810480361013e+01
-5.087534668620968858e+01
-5.133931749479802420e+01
-5.195949873535160179e+01
-5.096356726059705267e+01
-5.044324585987066456e+01
-5.067885153369479667e+01
-5.097584915556321761e+01
-5.023727043918495383e+01
-5.010355055303354987e+01
-5.056195601039508603e+01
-4.994177476984151554e+01
-4.920716878381880832e+01
-4.918066774813820530e+01
-5.008049630979720490e+01
-4.964814209906027287e+01
-4.955617634290952367e+01
-4.938358109855418121e+01
-4.950229016644995284e+01
-4.942844901777043276e+01
-5.017814933092176943e+01
-5.017814933092177654e+01
-5.013790312719481790e+01
-5.037112382655481468e+01
-5.013325434444998052e+01
-5.019297828611560419e+01
-5.095394671657236785e+01
-5.191355731474383362e+01
-5.187507475328767725e+01
-5.196342731050555841e+01
-5.174645721935229403e+01
-5.174645721935230114e+01
-5.134882415113987975e+01
-5.143837633799262932e+01
-5.127362518240705214e+01
-5.144284959615647068e+01
-5.115842248857989460e+01
-5.125946528514928247e+01
-5.188673278475714312e+01
-5.202632583171805436e+01
-5.158448073840449410e+01
-5.149612818118661295e+01
-5.150868162347599366e+01
-5.112025618592212339e+01
-5.138101996837092145e+01
-5.138101996837092145e+01
-5.099283120270861502e+01
-5.101788690378973712e+01
-5.135870040013155347e+01
-5.130960846920704910e+01
-5.157001535142699566e+01
-5.210915332898468222e+01
-5.251278028052850289e+01
-5.158305808483488164e+01
-5.220033915789751688e+01
-5.222474986528401075e+01
-5.240998957853462059e+01
