3.479060837000271042e-06
8.104572048811932447e-06
2.824489158079861309e-06
1.465282143710476640e-05
8.424800634614771190e-06
-1.067266529274640649e-06
4.519604183800244043e-06
9.875117599887328534e-06
-4.223347564471283554e-07
-1.633382767238076355e-06
4.317906140882026867e-06
1.929077707411561034e-06
3.086860969623738349e-06
1.086033640588456651e-05
7.159078329763651282e-06
1.283393723535888757e-05
5.042961996138447147e-06
9.622203115193559244e-06
1.636152835419380210e-06
4.436480518109049198e-06
8.695055645128391472e-06
-8.054570818633779436e-07
-1.321148408064108314e-06
2.341843471507818330e-07
4.647963030980334066e-06
1.174255129389023528e-05
7.336918559956706869e-06
1.473548961660242446e-05
5.917410673217850467e-06
3.290757682802820286e-06
-1.222076112414411160e-06
6.837994424610027731e-06
1.081515135386613550e-05
-5.690888065912384314e-06
-4.673270984863259763e-07
4.569584788100281638e-06
7.882791020539332745e-07
1.920953966655066475e-06
6.893489921534426452e-06
1.612372994310356352e-06
8.836031980293272605e-06
1.499839608723865168e-05
9.422645232487037137e-06
5.789395309040874240e-06
-1.047804414569145484e-05
2.932050641470737974e-06
5.735621633775514354e-06
-4.077014845489296685e-06
8.608761286575948544e-06
7.509199673822187789e-06
-2.633305380915309715e-07
1.542198105042649843e-06
4.833786231284102389e-06
1.308071096894139236e-05
1.011575619055748860e-05
2.292325464274680182e-06
-2.576627203662462062e-06
6.581278839209229835e-06
3.887793181921726859e-06
5.441185762709424305e-06
1.025584605329293301e-05
7.990650413043366403e-06
1.194468661355444723e-05
1.024023098262602655e-05
5.970034997331603464e-06
3.774313621023628599e-06
-1.471960683068329350e-06
1.181402543933022209e-05
9.511091104923913684e-07
1.276230680514627009e-06
-3.511191132155178938e-06
7.046135154264222200e-06
1.439034046586127690e-06
8.128825824627269902e-06
7.929240965727006349e-06
-2.573481587962518927e-06
4.148083970866198145e-06
4.749084679157896251e-06
7.008591781506408655e-06
-2.951940491122955391e-06
4.091806264268526601e-06
6.482242228252131041e-06
9.830637324430057926e-06
8.505084738817055191e-06
4.775006929700080418e-06
-2.283988747641018296e-07
8.454849536948754027e-06
1.866957264938781714e-06
7.754390303214561819e-06
2.104037918526562483e-06
-1.057264741425411417e-06
5.342824866970964988e-06
2.298292977568239168e-06
1.260634816404261065e-07
5.618821072246149986e-06
1.454438539173969913e-06
