5.046770613100148650e-06
-5.351376026586585334e-07
1.592730354990750858e-05
1.082742781804694065e-05
9.737084554031069167e-06
-1.035796170882425304e-05
-9.393054287694604067e-06
2.203752740677158435e-06
8.213748337080346928e-07
-8.157949790390303090e-07
7.222929323030084207e-08
5.003133412061764878e-06
1.057153861141283614e-05
2.152631808755768238e-06
7.965820857799349851e-06
4.902703133296715553e-06
8.751843357175468220e-06
1.229482277065098867e-05
2.268278169803843942e-05
6.433225546636375646e-06
6.066113400187455743e-06
2.172827963996039679e-06
3.034249856247228280e-06
-3.734140825633312697e-06
6.259497004447525297e-06
1.218369569857253983e-06
1.246186645353464405e-05
2.092403778537108605e-05
1.675681627754517527e-06
1.722503491708399662e-05
1.813896804541524638e-05
3.266716185376624885e-06
1.680107340391147070e-06
1.404497284546121691e-06
-4.571252225986948800e-06
2.586154362087207284e-06
1.029169885167357948e-05
1.996368942039417792e-05
8.055024007784279146e-06
1.260875407920154414e-05
3.014953486920312707e-06
2.272393132157057223e-05
6.603084738583467475e-06
1.894371626216241593e-06
6.013321631965555617e-06
-5.252501665703664688e-06
8.228158365171441910e-06
5.009663247364561981e-06
2.994363139020668754e-06
2.722145333221618300e-06
9.328357784693456221e-06
7.139282343878757286e-06
1.881871303118142288e-05
4.261330095777091613e-07
6.912820998162538268e-06
8.802798442310268682e-07
1.774398904715230970e-06
2.222982085026501819e-06
3.528265737096662840e-06
1.128039635308175248e-05
5.236115676370455203e-06
1.178438679142263750e-05
8.973582256592086141e-06
2.125438999121360219e-05
1.201726876634170210e-05
1.574066066639007662e-05
1.091820067723805410e-05
2.303433485207557446e-06
3.644378781972833750e-07
-6.852114562024450767e-07
4.175735173385047733e-06
2.672777319738104984e-06
6.772076580066960592e-06
7.530691602329124377e-06
1.476653079878520558e-05
1.446272878650537337e-05
1.149404603609219033e-05
-1.415682199987226182e-06
3.328243722539768098e-06
2.833662072598086287e-06
-5.159502999306018476e-06
1.151126913120880268e-06
5.828068324840116099e-06
5.584723938981954590e-06
5.823665289001243880e-06
1.143699221015338099e-05
3.527430259427026223e-06
1.066335523522007078e-05
2.604568532835776519e-06
2.340171027832200649e-06
1.535559679679298527e-05
-7.954257670774151045e-06
9.827577561355868994e-06
-6.199904407644097540e-06
5.084196724806700560e-06
4.273657547190235662e-06
1.170542755192185462e-06
9.285471743374151354e-06
7.925221704764724966e-06
4.572660779622481540e-06
1.125654218795169442e-05
8.192421027407481134e-06
1.176123330200748527e-05
-9.722758558138393876e-07
-5.436509126054657157e-06
1.053790839412785719e-05
1.384768226363206247e-06
1.039674138992054866e-05
9.858909701832620784e-06
6.944190578692954119e-06
-3.185146130166834628e-06
8.208717100451515627e-06
1.305273042286571512e-05
-1.059067477750495358e-06
1.133446015527379414e-05
-7.145392884758016813e-06
2.249982427103851689e-06
2.977260306899282669e-06
7.411549698966124476e-07
1.048476948168501642e-05
5.490045288357113236e-06
1.624349809087594816e-05
1.121796835448487827e-05
7.889503313248483963e-06
7.524354706356560987e-07
2.034065410433074633e-05
5.726143171260494094e-06
7.544121808132351253e-06
-1.021766843979836412e-05
-9.404280572691831250e-06
-1.361455687871064213e-06
4.427170706063657892e-06
6.993046558418096643e-06
7.523962281303519174e-06
2.764049289104276208e-06
1.698236696032556794e-05
2.587109591404884219e-06
-3.655004398256266659e-07
5.299918985481581017e-06
1.160876164347884087e-05
5.565873456319393889e-06
7.936532231976511757e-07
-8.580392727013757111e-06
6.256704693894313201e-06
5.775329911932844348e-06
1.386546005045064460e-05
2.768030496018800840e-06
1.387744086875957247e-05
-2.344616205300180626e-06
6.200452354643677840e-07
1.183355535558366883e-05
2.724280132507274733e-06
2.414135416844476216e-06
3.858969143627782922e-06
-4.462732198048617757e-06
-1.952675822904948108e-06
3.316463031347185010e-06
1.401108370164562254e-05
1.090270183392835913e-05
9.278273269739388697e-06
9.021969254009705132e-06
-7.782405002691083758e-07
1.066831153120473845e-05
1.560373370798811960e-05
8.836252283832793707e-07
4.393120657156292184e-06
6.271040220397828897e-06
-1.718965229808980572e-06
5.214762073406055300e-06
3.939017118357127247e-06
3.181943232791211882e-06
7.791235945942334628e-06
1.169466106601044310e-05
-9.980998888236625022e-07
-6.656894538008427175e-06
1.970540762591244365e-05
4.238001024459398722e-06
-1.822330130678593598e-06
8.894185328479410739e-07
1.104940174380162574e-05
1.085682299168276196e-05
1.834618149728275220e-05
4.065832272270459594e-06
1.488993390808899788e-05
4.335794406566984681e-06
1.965202265832146666e-06
-2.361869805609454440e-06
-1.206464026774102310e-06
6.488829513871130443e-06
3.443094984723392954e-06
7.477603461852151512e-06
5.238249696906358235e-06
4.050358807078583032e-06
7.446994402428083505e-06
4.291339591613529723e-06
6.185863609880551689e-06
2.008851276274825826e-05
4.471194336414524646e-06
9.447822346569764281e-06
-8.679241877660593400e-06
-4.786137505041093595e-06
4.810568092077650081e-06
3.451513818143762509e-06
1.347801924411891611e-05
3.945593270008645995e-06
1.108021278245132394e-05
-4.724517146292526620e-06
1.471395728913411627e-05
1.060543894412755549e-05
3.632057166668999932e-06
4.400717538017208266e-06
-2.002954679878946348e-06
-3.536856613931253456e-06
6.456886520990389230e-06
3.495566578866082011e-06
4.826285817957037507e-06
7.826023427912620904e-06
1.418393243490012283e-05
8.620343588311587431e-06
5.403961979958248892e-06
1.586563374567447041e-05
2.683316419832211302e-06
7.155852384786312996e-06
4.671218808764702079e-06
5.353324314778286014e-06
1.425474719297437774e-06
1.317863020743866683e-05
3.058996250952383952e-06
4.978760799908962360e-06
5.233722560104970529e-07
8.575373759006657979e-06
1.331120246059253994e-05
-1.203315063538153584e-06
7.461840880965500168e-06
-2.033866033320711287e-06
-1.823197828622200257e-06
-3.232867425665801453e-07
7.885035103477263958e-06
2.057891296929092231e-06
1.882596412750153015e-06
9.238792072425465918e-06
8.486451375839481104e-06
6.062979683863544485e-06
1.260308714378017593e-05
1.325754520650866318e-05
8.245911829497078462e-06
1.916460568321654804e-05
6.639983967908159002e-06
1.007644221673878428e-05
6.451051269463923859e-07
1.404424827108489855e-05
3.532601979903627818e-06
7.948519868652282998e-06
3.222410009758567179e-06
1.574080178603115858e-05
1.341878875513012981e-05
9.763471682002138093e-06
1.601098377237146302e-06
4.687968251817764543e-06
8.623153181940702269e-06
2.008143577152817584e-05
6.707604983193762095e-06
-1.131830363372589892e-08
-3.677019402233844179e-06
8.698002602595714355e-06
9.774353176151640436e-06
1.128467944319244568e-05
1.040686929271856456e-05
1.320261104489317619e-05
6.338526447149256811e-06
1.107445460231728656e-05
6.087924068966948926e-07
7.833026501132390088e-06
-3.957464786844132460e-06
-6.096180231167419598e-06
-7.019523504438568261e-06
-1.631544006762051968e-06
1.428080574435717961e-05
9.039361016965760125e-06
8.453252303652988191e-06
1.349511412545049116e-05
1.043477581811195465e-05
2.030213952169569324e-05
1.139346253981258921e-05
2.654357402753849376e-06
1.040803186898387038e-06
1.781198022700799286e-06
1.395908266116527349e-06
1.053844133398984406e-05
7.049729772352290774e-06
8.421727789713019723e-06
-1.276299992882602333e-06
1.983522536410094891e-05
1.178143875970143398e-05
-1.121818696028260252e-06
3.275169458274416186e-06
4.957158419459443154e-06
8.109741469469675553e-07
7.898143442362071500e-06
1.319009287513155335e-05
5.396868559236238262e-06
-1.571150077193889599e-06
9.751159956767648093e-06
5.904983830681411963e-06
1.083961089957712271e-05
1.966823891121884728e-05
6.297919883319248944e-06
-1.359363774438022915e-06
1.060488381984108313e-05
-3.552998462657543463e-06
5.916276335705160674e-06
5.268501620560255531e-06
7.722125423646520492e-06
3.369530200118929310e-06
1.684374481607674217e-05
1.535574601778321130e-05
1.389434123127177249e-05
9.172321268796359103e-06
8.463028976096680537e-06
1.252912340348955827e-05
-2.294227612334847996e-06
-9.931504607871629086e-07
3.654632198466721330e-06
-1.852618264347129379e-06
6.244415267823545879e-06
5.756368358555429415e-06
1.225016298583241731e-05
7.407457453087016062e-06
-3.546477198936906456e-06
1.992566942076260844e-06
-2.016176969755809678e-06
1.098674586467212966e-05
3.618048948411301012e-06
-1.547088099788918339e-06
1.713731648772009363e-06
-4.528450395586114908e-07
1.428282658390221232e-05
3.994281926848955608e-06
1.226278990324217608e-05
1.208807449152644225e-06
1.618353367826457553e-05
1.164645058258578585e-05
1.987825327183415753e-05
9.513649385537165166e-06
3.578080815351739815e-06
-1.289767404722817307e-06
-7.202364881531415599e-06
3.464857198603940862e-06
1.130787934055775997e-05
6.221227939029939714e-06
-8.348952892056070857e-07
9.785419184530464199e-06
-2.847446123753377641e-07
1.082723878544055608e-05
1.190500893293167711e-05
6.586881952302377373e-06
2.047019763150376151e-06
3.810716249131031092e-06
2.020679084711223839e-06
-7.652149108306869893e-07
-3.155148800829542426e-07
7.810717407846992039e-06
6.629123887563567147e-06
2.278776726950361818e-06
8.245017760235791833e-06
8.923888460739453282e-06
1.406583253401428239e-05
-3.643817997401361176e-06
9.447299349830566017e-06
-4.577764179159492284e-06
-4.880509242761945492e-06
5.161826305309224084e-06
1.421710886690991665e-06
2.253295132281036860e-06
2.279585122617690339e-07
1.072194511522151189e-05
1.816834266558876482e-06
7.830088577095866518e-06
9.528142752762911098e-06
1.490536811012429339e-06
5.970477195505589963e-06
2.320391324479402992e-06
-1.749321137523431678e-06
7.234168871947882775e-06
9.873952089378590678e-06
8.511212271960537980e-06
6.070718010071974151e-06
8.569086035883872205e-06
3.695323452676327810e-06
-5.488539676223930504e-06
3.310976076874814118e-06
-1.685925821062647183e-06
5.546864679652926539e-06
-1.260534730298550769e-06
5.955896184328220757e-06
3.857392164777421730e-06
5.834235571958568920e-06
4.699972590663110532e-06
3.314127443598004711e-06
1.534546437309940791e-05
1.369742717237741864e-06
8.716484806442332086e-06
-4.778540411657864465e-06
1.715942506304153040e-05
-1.354440851671703568e-05
-3.546375570112209995e-06
-1.378080543050409287e-05
-1.200432519647295897e-06
1.180444701015647247e-06
1.397982221200641211e-05
-9.903533176893768613e-07
-9.513114616859924894e-06
1.474300278642964546e-05
6.677569549802739685e-06
1.042239974382904320e-06
1.403650488687915448e-06
4.598726780591008622e-06
-2.757107832397528094e-06
1.023184310440915047e-05
3.689484671927792434e-06
6.613239177268898844e-06
6.981561233325492396e-06
5.440474547989541941e-06
1.381573346090848642e-05
1.562344862802131812e-05
5.370879826278310449e-06
3.274147697650030273e-06
6.031232908393392914e-06
-1.853439795413340593e-06
-3.698358013607369716e-06
5.435408508958956948e-06
1.757090724316515522e-05
1.153744989995584674e-05
7.490895372805076311e-06
8.396702480286718221e-06
8.233079144696947755e-06
7.571599903801518296e-06
-1.037017877518302987e-06
4.181353586669138329e-07
2.982861231853932383e-06
8.633335253316143056e-06
8.892371660444271201e-06
1.297161764535085585e-06
-1.976061338377353771e-06
3.091916506240005455e-06
1.057227720396430463e-05
-1.617114760950947493e-06
1.029127058337681929e-05
4.255709433607226475e-06
7.566121859537778741e-06
-2.755084242240815603e-06
2.658537485431298977e-06
-8.316766894980746536e-06
-9.420809635231804102e-06
6.705094955591035864e-06
-7.126544217919229872e-07
9.306685726793831098e-06
1.646572706502461985e-05
1.242903756059667268e-05
6.670179636625210615e-06
9.070685240756614788e-06
2.792555091421457330e-06
5.115681227118252341e-06
-7.355709836267257465e-08
3.508308283443390426e-06
-4.699019385817178151e-06
1.760970745380673786e-06
7.976440698965909381e-06
7.546128987863827771e-06
4.656759267854188448e-06
1.883906805552302635e-05
3.170492682586499481e-06
-2.331882229252012928e-06
4.018914133360801403e-06
7.278213342273709752e-06
6.604110795269781151e-06
-5.230583736743366096e-06
-8.111129504757470621e-08
-2.773230842125666915e-06
9.477827561314668129e-06
7.643973100079500221e-06
2.531166265014302499e-06
2.007967908358341664e-06
1.176840223660625951e-05
1.470374219364799417e-05
1.294087550522367729e-05
-8.650033168686803342e-06
2.610842672069500591e-06
6.392656033170458471e-06
-4.269035828850074606e-07
4.534991780347762113e-06
6.302699602493026389e-06
1.842770043132123402e-06
1.128379308686460701e-07
6.961318488702508688e-07
3.506871663365583290e-06
1.299575046068610560e-05
7.598208711089908198e-07
5.857896546686601759e-06
-1.542237610185240605e-05
2.783200258899983806e-07
-4.386517845170477760e-06
5.204702122046787751e-06
3.299626304013936498e-06
8.133859380227705953e-06
3.972416448975319287e-06
6.875779161612114704e-06
3.152413662200911443e-06
-2.565676764340557058e-06
-1.595803732979123733e-06
2.677693227533024342e-05
1.372960075005187927e-05
-6.964442955341866565e-06
3.661515015016583161e-06
3.833858484509166334e-06
5.958664550735900699e-07
5.483990585866265225e-07
9.479318730658326707e-06
3.428250017715114043e-06
8.323578359729265908e-06
6.181528282422234826e-06
4.004295871785881285e-06
-2.566536618902085819e-06
-1.223198349134385079e-05
1.262363868245782138e-05
1.010979416699091714e-05
9.086053078426854172e-06
2.744706466705707733e-06
1.079471597842634589e-05
2.510574030430920145e-06
6.428006586919874475e-06
1.020697455299697882e-05
-3.847389545522928793e-06
-1.199022035379184581e-05
1.006305855611983257e-05
8.304254707509182393e-06
4.638902526244457751e-06
-9.907783300329075916e-06
2.815522367944555992e-06
-2.951534824796485557e-06
2.177543106646334201e-07
8.794041381693662462e-06
2.368150511266826166e-06
8.903337683801606950e-06
5.095205807753327743e-06
6.598047905849214694e-06
4.074900144832216051e-06
1.273597556494997074e-05
1.405793288571437602e-06
-5.245887197595745452e-06
6.726829726423907124e-06
5.947260416297090227e-06
7.654497240899002110e-06
1.248043195769773213e-05
3.274403540257009776e-06
9.325672377949585331e-06
2.167603908030361977e-05
9.015219839846231827e-06
-2.537754508031290897e-06
-8.952986242808201934e-06
-6.054007352553338210e-06
7.557556775766520639e-06
5.792656447352142744e-08
-3.156960736152986317e-06
7.156072523711799414e-06
9.666145602713259886e-06
1.254695895740795943e-05
4.556161677063555739e-06
9.577951481741704505e-06
1.248168904408529445e-05
9.403915600350094516e-06
9.796346953235007685e-06
9.889196750649826287e-06
6.739423905132236253e-06
2.177164146171633280e-06
3.407421027502863047e-06
1.247188256876395114e-05
3.240487903713887406e-06
4.526471052635580712e-06
1.344901556497944159e-05
1.016738295409940530e-05
4.169932980614159001e-07
6.966949122107996116e-06
4.232790869719181968e-07
-9.628186256328174130e-06
-4.707274195991701418e-06
-3.110558793854775931e-06
1.029558261905575160e-05
4.567562523943534358e-06
1.138417520740213286e-05
3.977885152129651088e-06
6.199193256102288517e-06
9.716058304506655695e-06
1.040304914852217310e-05
6.547548720749764036e-06
3.339650229063459451e-06
-2.242270080468317740e-06
-5.667858736249816915e-06
-2.461032664980638562e-06
-1.028485798169799319e-06
4.382750286017678496e-06
6.820534734434185028e-06
-6.619761543404200381e-06
7.278946804826753120e-06
2.054753308678542671e-05
1.938330102578343623e-05
1.224199907913482351e-05
-9.765057408628041453e-06
6.253525722461741648e-06
1.660426456326479381e-06
-6.242687801017929644e-06
6.696635800699931939e-06
6.744179761686749231e-06
2.177977852673006920e-06
8.808191728758829993e-06
3.499384497141401873e-06
1.172999512802455044e-06
6.409664665094668483e-06
3.481888109045041429e-06
8.365798313332816752e-06
-3.003849357155728005e-06
-3.937064284029749068e-06
3.928011397029864759e-06
4.886381265692587118e-06
3.110261605324541155e-06
1.029196759589016405e-05
1.009570999072240877e-05
2.834490902385997105e-06
8.039445618042148089e-06
-2.608909218447733889e-06
8.186501247063459141e-06
-4.270902146918423429e-06
-9.080032887917613519e-06
-4.332263859099589355e-06
2.872577270910501292e-06
6.252419257756291503e-06
3.356451073086871107e-06
9.610483359704683154e-06
4.823477924442068008e-07
5.697681688637104677e-07
2.296710242268718722e-06
-3.315887730344996572e-06
6.906992512234527380e-06
1.243926970610752032e-05
-1.129782360220963083e-05
5.554749676431874719e-06
-3.660740281572647062e-06
2.226152970775534724e-06
3.211548290544990024e-06
-1.115527098466661148e-06
-3.193319632059855635e-06
1.992337226621073046e-07
-5.961995685037492604e-07
1.060192743478264010e-05
6.522692715610127333e-06
-1.036384544863285590e-05
8.138326030337009266e-06
-7.766630333734172710e-06
-4.135223812376907537e-07
6.570374981222549014e-06
7.741298891159814155e-06
8.225219601126461058e-06
6.456176934359466848e-08
6.440166879384293347e-06
1.076651531240012208e-05
1.203967990221682037e-05
5.325627462275807667e-06
1.330903075757094811e-05
6.347432181367466767e-06
5.691704175066141067e-06
3.315827153940622367e-07
7.675843727177700064e-06
1.594376828788419522e-05
8.683165549977096132e-06
1.332616705237394039e-05
-2.608415286233552454e-06
1.186427663670381959e-05
1.096062314976682035e-05
1.111294152406948826e-05
1.316829422100539294e-05
-3.617789456317605787e-06
2.895959501625255412e-06
6.617252258639902452e-06
7.557389409043350158e-06
1.246490754690640988e-05
1.246949607042362758e-05
1.135836684882818094e-05
2.783718222587061969e-06
7.769114869659192926e-07
6.091781307587619699e-06
3.996363838948171942e-06
-2.768218201430353175e-06
3.765511857545525124e-06
-1.224051255955707693e-05
5.443077855474525070e-06
2.696206178826510060e-06
4.940369305086532138e-06
8.603475422077859136e-06
1.061582995226463627e-05
1.495033854074469556e-05
1.022213195024356262e-05
-5.189225291204678482e-06
4.461800502312643796e-06
5.876740128371879520e-06
4.977804099280094054e-06
8.385054790667024143e-06
5.739329657415173784e-06
3.700440077620511537e-06
8.407330596457349069e-06
5.449565189787499368e-06
1.209706010123810496e-05
9.942547843898908745e-06
6.059527497838123296e-06
9.567474331052119250e-06
1.553386825600336154e-05
-6.853911132778037109e-07
4.835262475343390160e-06
-3.575711579568284349e-07
5.214780632545777709e-06
7.361112598655480560e-06
6.413727282920268018e-06
6.197068930684568726e-06
-6.304941215888285023e-07
1.280933025159760298e-05
1.344529985526157293e-05
1.238795810727628308e-05
2.911594737470245235e-06
-9.159262494020190111e-07
1.148540817828128947e-05
-9.996979985767414272e-07
1.015856751515312538e-05
-2.957066327801544696e-06
3.595691819670918505e-06
1.414280759731597448e-05
1.644097095979448134e-06
2.597575913799998579e-06
1.060167289176093426e-05
1.618015432905903431e-05
1.386701157749757630e-05
-1.011822074134462692e-05
7.790593941929946822e-06
3.303485198011613769e-06
-1.073940946693610383e-06
2.175570365018486857e-06
5.552729659551112160e-06
1.532715122202263681e-05
1.433733613343849332e-05
4.456389518074282780e-06
1.011071065937937954e-05
9.498190134169492949e-06
1.013792847724423583e-05
8.460711762403392078e-06
8.566779240411242068e-06
-1.697688618829674774e-06
3.870572153887108555e-06
2.823889283156227455e-07
3.409906374576700047e-06
1.203238206611423440e-05
5.845850557441047000e-06
1.091448993425487431e-05
7.926506880182548109e-06
7.545979180943694349e-06
-5.031369253564117138e-06
1.691814152815802134e-05
6.772959781440004712e-06
7.892721001370108818e-07
7.396908888627995642e-06
1.120992588979123870e-06
4.341929172770172579e-06
8.276662868377487512e-07
1.656696464611827102e-05
1.245167956226876855e-05
3.097510135173377918e-06
8.274051399261126384e-06
1.157050146457678013e-05
7.820873426751988127e-06
1.530399364081850291e-06
4.898897340268545760e-06
1.563914909597131069e-06
5.775559342636400760e-06
8.948198339277254370e-06
1.322074843350236184e-05
1.020779260347629623e-05
-3.899304769207049499e-06
7.035009452960007203e-06
4.116876612805822036e-06
-1.510155485836870773e-07
1.391027172987356274e-05
3.744983582440102317e-06
3.483509061861589127e-07
7.534671459142140555e-06
5.161155569675708570e-06
9.154292399510720869e-06
1.161751274056844740e-05
3.553509542739680879e-06
1.709465044224243481e-05
8.926043139161543225e-06
5.496713510126043920e-06
9.614518000084765645e-07
1.557565791859970931e-05
-4.723493105857012312e-06
-1.931369945795288950e-06
-6.234327689823762976e-06
3.031671963310319376e-07
5.632596476978643656e-06
1.359518540560174425e-05
4.267642168079192591e-06
8.449319599380758448e-06
8.901933750622854756e-06
1.431321434881711530e-06
2.995335319760626951e-06
-8.105181732577243779e-06
-3.476988901608123273e-06
-4.360410452246318887e-06
5.961743917386975037e-07
3.382604288103874097e-06
7.283942737954664752e-06
9.375068552511326355e-06
6.026485249935373387e-06
1.578673993472464113e-05
-9.309608306878605296e-06
6.312025697585236474e-06
4.978485632119818988e-06
8.037787915176823037e-06
-1.153674376103840600e-06
5.038228706599451194e-06
-6.582030946065336801e-06
2.922175104866230161e-06
1.984078504143407908e-06
4.998023337551832329e-06
5.276859180665907638e-06
1.249671206095094552e-05
2.521534026052856269e-05
2.595942631218344929e-06
2.675419198264388854e-05
1.334530655534896159e-05
3.239904637947928845e-06
-8.750008791496443781e-06
1.011504738731615609e-06
1.632593403979904193e-06
4.633175195817656866e-06
1.073306843839607076e-05
-8.151666632018920282e-07
7.726884577510392344e-06
5.882530818334560852e-06
-7.458495295114605268e-07
1.297970395529336018e-05
-3.850223111169332558e-06
-9.724285750999107113e-07
2.047027691975602195e-06
5.114696861445692506e-06
3.061509061213603053e-06
8.417258665759277107e-06
1.835518717127790450e-06
9.049637797882651032e-06
2.576281868193293856e-06
-2.257040545199873264e-06
1.948879393946873428e-05
5.875326864474343885e-06
1.019617343713368889e-05
-6.763987074323166225e-06
-3.476470415103168213e-06
2.326812124810988986e-06
-4.303747871050332062e-06
7.626038467586705217e-06
1.053360941283955204e-05
5.906783861718167617e-06
9.099281874369133952e-06
6.211761433682602400e-06
-6.404649300822569109e-06
1.005624580403735171e-05
-4.316595310447207589e-06
-4.991207856649914274e-06
7.627921241693355472e-06
-4.700534062201571219e-06
-2.181621059463635607e-06
1.071333182109269898e-06
8.341810390186729375e-06
9.556189931031380119e-06
1.030130833833439793e-05
1.223457460706370761e-07
8.408156176348442756e-06
5.879771434810935310e-06
1.256684494297607829e-06
-2.269096113426464775e-06
6.000529170269598006e-06
1.351429282589390950e-06
-5.117906423635908961e-08
7.685333223682190015e-06
4.826092224820720722e-06
1.141714953149366067e-05
1.199627826303712572e-05
1.126881374679789921e-05
3.797776616907899217e-06
5.266585308613372310e-06
-2.890334805285479889e-07
1.013150581199261198e-05
-4.186962293280068279e-06
5.199530887753444979e-06
-3.749935375907103656e-06
4.673347184298374831e-06
8.304160694043814450e-06
6.406698927587674027e-06
-4.222553926682047839e-06
-1.788258142445193618e-06
1.012518632472225187e-06
-7.750379794140058931e-07
5.176897299695302225e-06
-2.356273554580545996e-06
1.099516099795072001e-05
2.921465388355007304e-06
6.935131345031919151e-06
1.323444376509212216e-06
8.890509237703906605e-06
6.859534225169449458e-07
6.448585964924315055e-07
1.123278431048868835e-06
-6.384155383666786289e-06
1.425951319948901725e-05
5.196000637240883016e-06
1.169639455285588622e-05
9.547903431594700083e-06
1.095283118117063300e-05
9.738172575569380138e-06
6.112460285356770447e-06
-3.695020498020189575e-07
9.772704299726990668e-06
7.692554560470665043e-06
1.690602473723867594e-05
6.232995559422441548e-06
6.683895319719703708e-06
2.338386523979829940e-05
9.234559591209221498e-06
5.752792545188473049e-06
-6.631951923461218305e-06
5.001517717554958297e-06
3.920838492988150421e-06
1.536977817865608381e-05
1.202788407994354221e-05
1.133179533430982166e-05
9.806862788202645200e-06
7.830712630460983829e-06
-5.891265376194923040e-06
-1.245133499745611360e-06
-1.111961121054932545e-05
-9.131778919243276166e-06
-7.549934807761409850e-06
5.531243624419748382e-06
1.439570501104850380e-06
8.435552290620912112e-06
3.630403493476111577e-06
9.822533838249201867e-06
5.601005306971233188e-06
-6.503436262036717078e-06
1.446849878750521321e-05
6.743501889206079169e-06
5.848225124955945554e-06
-8.006650086541365358e-06
-1.271411239645219958e-06
1.717785541277036030e-05
7.013666924379487862e-06
8.887420369204230137e-06
4.484698236330470305e-06
3.310939198991475387e-06
6.990493002897991350e-06
5.665051093597678858e-06
7.409564735331863109e-06
-2.134997511258556666e-06
-4.317582675461229142e-07
-6.610687766583855112e-07
-8.512233452407522598e-07
-2.356472273787742670e-06
3.097328164082826765e-06
5.091441247126499592e-06
1.692717677668153535e-06
-8.798893411400979967e-07
7.059823949036583454e-06
7.457717423353775985e-06
-2.378401200988773404e-06
-4.014924633013920331e-06
1.164093683533228733e-05
6.116887631514509371e-06
-1.544441016509095293e-06
3.713026668040634744e-06
7.089287116375544652e-07
1.286795290693576423e-05
8.138326556097860950e-06
2.232855299388570257e-05
5.845640070667421591e-06
4.090384913177947704e-06
9.553532707807198943e-06
2.696260766604037939e-06
8.316590106453157995e-06
-7.275045973466591086e-06
3.199852142716401293e-06
5.903410683996172569e-06
1.386373446391473428e-06
1.532595322207522693e-05
1.325662530611394409e-05
7.680933320324175785e-06
3.305755074954563410e-06
3.273746761991775842e-06
9.980162668594527625e-06
-4.731733401563472874e-07
6.461734684715715242e-06
1.997228071970402861e-06
2.682384354718628397e-06
1.016729511911842095e-05
5.092820838204276568e-06
6.167866989818490753e-06
4.938556937409648842e-07
8.128863630655346637e-06
1.857063700374616508e-05
4.916720214669898591e-06
1.105301715175941750e-05
9.914433163861081431e-06
6.549610530415582971e-06
-1.257583168717826762e-05
2.237973036910264827e-06
6.137525929766679627e-06
4.411466483715771318e-06
9.995277784518410131e-06
1.055055257384545075e-05
4.035029073647033453e-06
1.056894016233793770e-05
1.797318040791164071e-06
1.586090541602629889e-06
-6.528658002018805583e-06
1.172336255481331232e-05
3.110850844204966440e-06
-3.209261102415482849e-06
2.402192959822851883e-06
8.167158450583183210e-06
8.284134503458410342e-06
1.189944843342654693e-05
6.059026562794767979e-06
1.016725953343234055e-05
1.551795973077861105e-05
-3.839499473807010148e-06
3.662192538801622764e-06
-1.112218492535122926e-05
-9.223794202740841307e-07
-4.392176419324939804e-06
7.092926448872506304e-06
6.663120360351114586e-06
1.263726561918455579e-06
2.038759284951546195e-06
1.169921340855006413e-05
7.447340556469794953e-06
8.460274154916488134e-06
1.161385074233426814e-05
1.219452903836121844e-05
9.223363612815695480e-06
1.081282959209563238e-05
-9.880077358948220236e-06
-2.513561281532115843e-06
2.878572832590963853e-06
3.570953651320758559e-06
7.053520705526346627e-06
-6.577269764157741799e-06
1.805147804679098909e-05
1.722753843585575950e-05
2.570636558971372570e-05
1.569209111818177098e-05
-6.237735391524286037e-06
-6.476572479757272625e-06
7.380223845682840770e-06
9.792721539250662203e-06
5.821414730282374248e-06
9.114809994663990823e-06
3.857723358374921090e-06
5.800482957887355630e-06
2.289165460845021095e-05
8.965648728818981672e-06
3.333851967487472437e-06
9.083774347962356030e-06
6.293581529702490156e-07
1.534704084374905475e-05
-1.000155163995766911e-06
3.228955660487102823e-06
8.300173351321060383e-06
-1.444643914001496662e-06
1.662957657044061502e-05
2.652656406918450183e-06
9.892608230552374271e-06
1.294317276983805082e-05
1.598525343982674212e-06
5.979644098931418582e-06
1.556530356861653421e-06
4.602868414845437580e-08
8.391689657878885321e-06
-4.930841468193389637e-07
8.029550055038969385e-06
1.342973705186305561e-05
-2.258478743286235863e-06
2.770823187541668833e-06
1.004835061287348092e-05
-2.240002955802274422e-06
3.552988654651826305e-07
5.219570714707282922e-06
6.751388770773967870e-06
-4.062479438627669855e-06
1.743142964255183798e-06
2.947663909185223247e-06
1.125093773981323541e-05
2.753177315200844365e-06
1.136280266853412777e-05
1.686707739852318113e-05
3.175605074176019075e-06
1.724393397226589399e-06
-2.986534764202237394e-07
-2.276203782704373827e-06
7.884385379692214661e-06
1.472803113195495703e-06
6.423604824669307995e-06
-4.320012054909173014e-06
6.957514954707289154e-06
2.738324774240093162e-06
6.224946124338174014e-06
3.850131542237608049e-06
8.620521433142456561e-06
1.616641346304810273e-06
2.857206658511588683e-07
7.600683850397164849e-06
1.071308782525528997e-05
5.189255922724375381e-06
7.380747380894182868e-06
5.046709161715037247e-06
6.401883080754187222e-06
1.212098614750565613e-05
3.842276301943612432e-06
5.764526846976444980e-06
-5.668531588413445298e-07
3.507383945575833930e-06
-2.687618706691666980e-06
3.826630059324677691e-06
2.668953427609575649e-06
-6.948917476445151335e-08
4.371314617093517471e-06
2.480784088389502082e-06
1.067112116111212704e-06
7.129175097316227097e-06
4.792840712292120875e-06
7.249988718975142432e-06
4.558276133441469945e-06
2.236683172622084773e-06
4.396974752399853229e-06
1.102774126938607421e-05
4.471616235228532258e-06
-1.048489203290242306e-06
-8.238693845587838968e-07
3.541953802683427954e-07
4.831243021717472166e-06
2.965480520553160249e-06
9.210004373959958108e-06
1.328490720919832669e-05
1.356714605588758631e-06
1.064738547493409729e-05
-2.569956650272049661e-06
-7.477114565552941578e-06
-1.842148588113003487e-06
-3.558449463782378560e-06
2.430715046332967830e-06
-2.831246514773121757e-06
5.493649214991390466e-06
-1.857792020288904605e-06
2.337483677932383416e-06
-6.730438778365258000e-07
-2.745918310723048894e-06
7.120582027386671580e-06
5.958635335199318675e-06
-1.828982445420472593e-05
1.814775686618090817e-06
1.485103898159019354e-05
-8.425091048064070156e-06
9.974468696144119176e-06
6.338022509304094510e-06
1.067236219273706748e-05
7.480857905936776833e-06
1.366202120997698515e-06
8.478437124233591775e-06
2.063856834335060737e-05
1.594595117165081215e-05
-4.345858405209333145e-06
1.438198298069358551e-05
3.135865265271327957e-06
-1.652105448118450457e-06
4.697921926844279741e-06
7.005481578772984455e-06
8.866752553932953965e-06
3.930298726473719395e-06
1.166958270919132685e-05
-1.162792481534276459e-06
1.591805259892213544e-06
7.924767119057084694e-06
9.143068073245056251e-06
-6.068699860767142429e-06
7.295097558547469659e-07
-1.345952803399829354e-05
7.419562974772760674e-06
5.476504331698109029e-06
4.339166902572585274e-06
1.490451423468931366e-05
9.929447396780067100e-06
4.972287202295351679e-06
-7.023968625346092592e-06
2.783153659286538139e-06
3.220430641241749756e-06
3.193712389420602216e-06
9.572748509621611590e-06
-7.733001810870096504e-07
1.134555059939075441e-05
3.637634105057429321e-06
2.469039832225987184e-06
2.893733606720266066e-06
4.996126436010432144e-06
1.030781508347450996e-05
9.739518823884104061e-06
3.162109098789966161e-06
-5.136108923150105371e-06
3.359774394522365297e-06
8.708265489737072591e-06
7.959813763831667620e-07
7.937395534425664248e-06
1.110536961667368798e-05
1.266266290218759176e-05
3.868760210129878522e-06
5.840138822304248945e-06
-3.130210148968771570e-06
7.692870524783263945e-06
-1.264610849906923515e-05
1.517352182325987875e-05
8.402841145409833403e-06
6.794371269488430090e-06
2.975003964044970121e-06
3.111886474547130843e-06
4.987187445143480990e-06
4.690301108187137537e-06
1.473937933713764219e-06
1.112795414241444464e-05
5.065268050654844937e-06
6.007105737105498380e-06
6.519483611066536933e-06
1.459859150035262654e-06
3.126654326592925794e-06
1.432215198510326397e-05
-1.527550368740458999e-06
9.521364066651816311e-06
3.876200938691627027e-06
4.922609496395337200e-06
-1.867884154330328081e-06
-2.015743767503620461e-06
4.813575276530227012e-06
1.819600833895143008e-05
8.451147396697494203e-06
1.014314991248146044e-05
1.904431742899817374e-06
4.628641263641609990e-06
6.257402734811276060e-07
7.841406035200889089e-06
3.173818326821119870e-06
3.934372914480601175e-06
4.551334728920140073e-06
8.968437827036144242e-06
1.038898796073421613e-05
1.271727594945198111e-05
1.772956674511020196e-05
4.531532536087329111e-06
8.787556215897095595e-06
-2.219547940872041050e-07
-9.541998524284671698e-07
1.057475579804833331e-05
1.349678023878413587e-06
9.148166313879917326e-06
1.146856797917487141e-05
1.002625369646085432e-05
3.732910960327449201e-06
1.656455570876137889e-05
1.089182115352169821e-05
-9.023226957312515684e-07
1.192047535131853055e-07
-2.014840107056825401e-06
-7.461201101173931755e-06
4.502934407917694653e-06
7.946594804849803240e-06
6.250140295507180293e-06
1.073070474336870113e-05
7.362055279255105230e-07
-1.466012083447092705e-06
1.409186238951025473e-05
-1.625136644140283328e-05
1.517861395391561798e-05
4.203534430554757694e-06
8.955598631827932433e-07
1.246728893671829849e-06
-9.947826210189592937e-07
5.274460014681486360e-06
5.482306003177062789e-06
1.631265198012195706e-06
6.352139723362756176e-06
1.051286603299229337e-05
-1.632555417937422163e-06
6.502241474964095941e-06
2.658806913436815574e-06
1.244303649404781390e-05
7.134258210288271628e-07
3.015035123212914829e-06
2.770533496760705834e-06
1.163072357666143983e-05
6.209632609951517677e-06
9.406037330974995823e-06
1.180151375033147757e-05
2.273942564764723894e-05
1.060152478673745984e-07
-7.051500359330682811e-06
-3.610887103245237144e-06
4.982415033256265309e-06
-3.187422678524659900e-06
-3.979285779861085582e-06
6.434686034629748181e-06
8.520992370066311124e-06
-2.882740363399943054e-06
7.007885100616650164e-06
1.303599522752432520e-05
9.238157633615348964e-06
5.126619056928652890e-06
9.191248124603498967e-06
4.015796991907797758e-06
-1.452164869312117350e-05
1.398093403613381390e-05
-1.096922423868495021e-06
3.055866381606088663e-06
1.984644338382557059e-06
4.412083650489454870e-06
1.410926640219019198e-06
1.509198256943195405e-05
1.157388049037611948e-05
8.037056327752828657e-06
-8.148251568045340032e-06
4.554748273752392977e-06
1.410805429940130049e-05
-6.257152373345018458e-06
2.118723691303703456e-06
2.037814677056952358e-06
8.488934142296953363e-06
6.827886132522278373e-06
2.495551583700077073e-06
4.306035895842547295e-06
1.396202614104852669e-05
9.430721048170592741e-06
6.397460235112345380e-07
3.591177383871274855e-06
-8.085808500217885321e-06
-6.230604707809665806e-07
-1.102871842444749201e-08
5.801402238478385488e-06
1.136400401574608760e-05
1.005574649281457529e-05
1.177264760554019648e-05
4.863013824626790010e-06
-7.320672792886018952e-06
1.709766036857285603e-05
1.017256560020708003e-06
7.581477736761202976e-07
9.652288812412416498e-06
-1.296969787237990233e-06
2.537520820853010019e-06
3.229815312265140411e-06
7.155884082603085793e-06
6.495666272711997221e-06
9.592272785477839558e-06
1.421445602094863301e-05
1.156341794457520989e-05
1.250162700652787072e-05
1.190593065817239052e-05
-4.464420476563614171e-06
-1.304149057831588305e-05
-1.299237707498892109e-06
-2.788864513339990144e-06
6.426729360491288861e-06
7.183262890626665008e-07
-2.323561312407728551e-06
7.857030018110141976e-06
1.274731966006896338e-05
1.704169797370708530e-05
1.169790617348720287e-05
4.525121431738952827e-06
1.204280388921760462e-05
2.251500130210653077e-06
-2.552730528608529564e-06
4.847211340214212087e-06
-4.432780527428262133e-08
1.733711467781327972e-06
1.177599087377046860e-05
1.161827873459280654e-05
4.261011656010672915e-06
1.045105700901745141e-05
1.513671911426065400e-05
-7.803966065079964343e-06
1.319462274883988546e-06
-9.479493707828276863e-06
1.251911560153923501e-06
7.506376631885600337e-06
1.095957284179858617e-05
7.933410353378794725e-06
-5.723066920137919581e-06
6.993917477367891656e-06
8.774057664460919903e-06
1.176087124027243903e-05
-1.003705939390990776e-05
7.661080425214199222e-06
7.152560361379196769e-06
6.399671220175224121e-06
1.088116176495490588e-05
-8.290947238298423620e-07
2.396730458410510722e-06
5.370691006171918758e-06
2.711090826160830107e-06
-9.111083875269721075e-07
-5.768071368058811105e-08
1.326854558582769833e-05
7.413129294282290646e-06
4.854414777560297241e-06
1.141824638883689770e-05
-1.093034120754637089e-07
8.989154449836443011e-06
-1.966049439375185762e-07
6.177247954741648508e-06
5.581441657403786811e-06
1.112988626313566904e-05
8.276034598726583568e-06
9.963990813905884207e-06
1.071233053981292277e-05
8.144559611006179151e-06
1.061617082119728840e-05
-1.439060747004618374e-05
-2.387373540917469613e-06
9.255875977721232428e-07
2.229647510432331947e-06
7.165488484972137373e-07
6.889151870697857043e-06
4.136646315639159733e-07
7.923934203398779025e-06
1.310234194768650974e-05
2.557392026412028617e-05
1.048569544987160383e-05
8.576184917914606238e-06
4.220474108588006214e-06
1.053516691525579876e-05
8.191875312017671322e-06
5.793394820933040394e-06
-6.386140631289040088e-06
8.407183269170448366e-06
1.329346900701173457e-05
5.556489188842418557e-06
4.573566550558503591e-06
2.391416264046484881e-05
1.305029908774252685e-05
7.862748417140753049e-06
5.947718403735194722e-06
3.301654545545273910e-06
3.395065351043300004e-06
-3.109324492924441106e-06
9.006581937680894527e-06
8.566165115409311748e-06
4.175545515670688438e-06
2.040400877019623303e-06
1.646452904465647212e-05
-8.089297314032376979e-06
1.915620441634889330e-05
3.065991528208477815e-06
5.268167002037614365e-06
-3.033693050333471632e-06
2.362035244641614275e-06
1.412156953910858811e-06
9.290602131017915421e-06
3.371624212455267706e-06
-3.214470872949633728e-06
8.289169262750528650e-06
1.036620792422908377e-05
3.102638050280868411e-06
9.539743405326981949e-06
-1.995259862085463576e-06
7.748198383479664965e-06
4.170758411648543441e-06
4.097067408499552246e-07
-8.886071002768093695e-06
3.882284512518386508e-06
4.433917067459616372e-06
2.347800499994109634e-06
1.593724149530621800e-06
-1.278969171011706241e-06
2.080880133559674658e-05
9.924240780060179901e-06
-3.805065770998482359e-06
1.434668114342836245e-05
8.133228055901267755e-06
-2.796748660096129937e-06
-5.336219125581791002e-06
1.253564210202660397e-06
3.247890117166637959e-06
8.846304027673621381e-06
2.388963965006921062e-06
8.317661233169973766e-07
2.363905993772064992e-06
1.123648816660873332e-05
1.565814663112987039e-06
-6.042689390809157470e-06
7.573229717612983224e-06
-5.875375048497570674e-06
5.768723530982694535e-06
1.075857703324481043e-08
5.626036704259574259e-06
9.854184154854652366e-06
3.106356886116019490e-06
-4.501052634560581764e-07
1.064291057312277522e-05
3.437162584316352517e-06
9.886445528584946442e-06
6.011526893478036593e-07
5.874653635851159165e-06
-6.508682052180894631e-06
1.614237017989969230e-05
1.015713678788739434e-05
2.564050305445261274e-06
7.823810804110775997e-06
5.122752533278514571e-06
1.124224851365952254e-05
3.286433656284209731e-06
2.053360275307608001e-05
5.078636350754207349e-06
-7.361688854288030779e-06
1.638206032831457905e-05
1.487370330212537603e-05
8.543072248093839090e-06
1.262058115842000464e-06
8.956570891724161825e-06
1.192036334589802915e-05
-2.439681762720420400e-06
1.881845702974879511e-05
4.276704944850091796e-06
1.091973757140391767e-05
7.237048291938471283e-06
5.472232726505020963e-07
8.623374918011341941e-06
5.698567961090792709e-06
5.510477579512488914e-06
9.526495929987411005e-06
2.365744142679373678e-06
1.688203465023148438e-05
-4.253729675231944514e-06
1.897875975295538963e-05
1.953761090697936099e-05
7.462506987455789442e-06
5.132409991181852586e-06
1.788813403656592781e-06
6.195366665955329181e-06
2.685287792806586823e-06
9.023828393620316829e-06
6.403544174233270458e-06
1.824087819705103472e-06
5.008810340897751625e-06
8.073916755195047765e-06
5.207680480683228260e-06
1.284761148285993280e-05
7.617239285392735920e-06
8.563010478515283288e-06
5.836287331719289603e-06
-3.612122666973896418e-06
-6.249994737059912495e-06
-1.520373509417674300e-06
1.123087497806668265e-05
6.637341192043684339e-06
7.669992830802558505e-06
7.137855766602627241e-06
7.441356001775792794e-06
-2.060405191264110469e-06
5.562866209905115116e-06
4.410483358055333635e-06
1.826354790261264458e-05
6.713377360215675762e-06
2.789186125779253241e-06
6.342866071956954246e-06
1.588067675055062562e-05
5.786409299821698347e-06
-8.250329196676569098e-07
1.501760188364718247e-05
1.718405458667870690e-05
1.182440938779603149e-05
1.699375158567452014e-05
1.403487223417314619e-05
-1.836841789477894249e-07
4.782333176653286021e-06
4.584143260443958435e-06
4.652097228516954799e-06
9.158631886503326155e-06
2.630898912233165252e-06
4.915859723531297527e-06
1.412632071878784201e-06
5.519169621500312977e-06
-7.479839388814490039e-07
1.254771282528913850e-05
1.666194085281717932e-05
1.377454638766087864e-06
5.400301737372038514e-06
1.074681254681926609e-05
6.568274631994285657e-06
1.253759795996179399e-05
-2.127227230839907317e-06
4.312777764320810174e-06
4.381918412026678794e-06
8.385640866308866783e-06
6.802371679327947175e-06
4.253000144039716819e-06
2.913572922734169375e-06
2.099890557512359166e-06
-4.343702393258224046e-07
-9.655087769884765825e-06
9.684770530229570959e-06
4.472304376081694776e-06
1.529650487878027332e-05
7.647216344113755911e-06
1.014617110980359674e-05
8.656616562326647235e-06
2.164823439802632340e-06
-5.568202722401424827e-07
-1.330557122067232724e-06
3.296897533753574283e-06
-1.925216880004156263e-05
-9.560677644273048279e-06
-8.302188793510959926e-07
1.923130312175186434e-06
1.192398068296382578e-05
-7.815882849978109744e-07
1.601894295314268727e-05
7.737984080502010301e-06
2.396822999898251088e-06
1.367455469347136472e-05
-1.380641835078742759e-05
4.774388547707788819e-06
8.443458137469776121e-06
8.170546525523740010e-06
6.734745639540208114e-06
-2.939106016216827477e-06
4.768081788780389809e-06
4.576137922022388172e-06
5.164180953394980231e-06
1.370836004816136299e-05
3.921847708526437045e-06
8.910370176566220009e-06
9.155341363007941196e-07
-1.061593076026415407e-05
6.211886739576432228e-06
3.919691197350631058e-06
-2.564387085014839186e-06
-1.725933887743423522e-06
5.497533997786095559e-06
9.661131868137499395e-06
1.031550261944082393e-05
2.398228000629042771e-06
3.375790811266912528e-06
1.307277361283378451e-05
3.239013271656182658e-06
7.844525354922850325e-06
-2.327620218386351186e-07
1.179954022472062479e-06
1.827289317628414336e-06
8.071600111781935944e-06
4.859629492762705593e-06
1.247639944407863704e-06
1.482778397793721267e-05
3.972634246367392721e-06
5.996709427765429906e-06
6.482625727734418466e-06
6.330966600384353905e-06
1.112551846449476687e-05
5.302353979267876152e-06
1.683021792853350418e-06
3.015899889025295919e-07
-5.476664847647333574e-07
8.723308995026854014e-06
7.905908203030970262e-06
6.952416823151966456e-06
1.213333585999819794e-05
1.473270863994631293e-05
-1.258254945660806299e-05
-6.708844141942564678e-06
3.046125047129117420e-07
-8.260004069296080311e-06
-4.425508241253241628e-06
6.004869854631435120e-06
-4.351571415586074954e-06
-5.381676585816018570e-06
1.276018437799200327e-05
1.813763451128100374e-06
1.547535089509575237e-05
-1.160874725065016598e-05
4.879814352676356474e-06
8.512172680574996037e-06
-1.150881488563855138e-05
6.795688636169000723e-06
4.639725938992386856e-06
-3.662376470138383434e-06
2.290275822716305353e-06
3.272684513089802499e-06
1.626123454325023418e-06
7.968882508595626710e-07
1.278253769502296566e-05
8.652731370721491915e-06
8.389528781966212179e-06
6.395024359009741437e-06
-4.105207798197206010e-06
-2.613670198472657257e-06
2.933757103607464190e-06
5.741126310650660124e-06
2.586507179394439555e-06
5.331460178905009680e-06
8.914999594812950240e-06
3.745049131886696600e-07
6.287499710222498138e-06
1.677433112295238657e-05
-2.804773097111101129e-07
4.050133067721386805e-06
3.439275861674388406e-06
-4.976552739781420617e-06
-7.729800926590132363e-06
4.311281305005637817e-06
2.722015566418741617e-06
1.009503344029384429e-05
9.709504906643239962e-06
6.965334054068315018e-06
1.037524383709503782e-05
8.674458216163182341e-06
5.449339275008564272e-06
4.515978829866354414e-06
1.070336407213366941e-05
-5.303427165126425685e-06
4.799125111714549438e-07
8.096135106927171320e-07
7.640170491975709881e-07
2.035380450917481997e-06
7.589268564628699420e-06
7.494628536504019928e-07
9.291601253229835931e-06
-5.748255680839637333e-06
3.669163960819830146e-06
2.670287679579889306e-06
-3.674583279135957631e-06
9.142261145822024821e-06
9.343174698017230430e-06
4.004456991376211268e-06
5.160457045167057670e-06
1.365461736366340476e-06
1.440053753223021319e-05
8.489276895247686747e-06
1.192498013272645325e-05
6.193824422165664151e-06
-5.414894159525886668e-07
3.770554637888510070e-06
6.338006356544554838e-06
1.486071230682022545e-06
1.275952800538635568e-05
-1.629141925085819191e-06
6.751960252921149308e-06
2.673910300518276189e-06
1.293794745901698358e-05
7.442692985544652540e-06
8.254726223059658937e-06
8.464807176664264015e-06
3.477324021679398708e-06
4.204082946483394803e-06
9.442128900335657557e-07
7.694385869816720031e-06
-8.537959938348270702e-06
9.028274352982976390e-07
-7.364783218429174113e-07
7.819243208479682871e-06
4.281083084513857217e-06
1.425610142496277561e-05
4.270674134777613746e-07
2.111527371307670637e-05
1.606555379016621354e-05
-3.158784794318137785e-07
-1.383600942461777591e-06
5.582448064824430702e-06
9.046888552370146327e-06
-4.642461848417794457e-06
8.324856107585364810e-06
5.390736774515389372e-07
8.916594580396149398e-06
2.776168929099710643e-06
-1.714239817791191189e-06
3.317710487146222497e-06
-6.820039257698512841e-06
7.525457002343236252e-06
1.538462295735424718e-05
4.945496804776616737e-06
4.552326902008017047e-07
5.467487635497581771e-06
8.923342752763448630e-07
5.023079521260408382e-06
1.305481688387442290e-05
7.558052526558657672e-06
-3.401381054265164769e-06
2.115412029918674587e-06
1.422014801218871017e-05
-8.361050585210186018e-07
1.430075985727113939e-05
1.096174935424865976e-05
-3.407798829210789333e-06
4.507274665695653152e-07
-2.902530847305726523e-07
1.154520200040616635e-06
7.459488731636039790e-06
1.222613579924767887e-05
2.720097931067199171e-06
1.250023943428598361e-05
9.668990722530897486e-06
1.041841509088782559e-05
3.910784161336261422e-06
1.089495429358634838e-05
2.395178832365707146e-06
-4.034940560780751208e-07
-6.837720354054664667e-06
5.794645861916340351e-06
1.111141757668131545e-06
1.020588433166256865e-05
1.464990092021732077e-05
-4.057012232498334662e-06
-4.188891027758810538e-07
1.757115295175967475e-05
7.882761559591653297e-07
1.106817790976578341e-05
-9.056523772123154217e-06
-2.158319336905891142e-06
1.144041159309667504e-06
7.279731071256401637e-06
4.588564868809650450e-06
1.552987721695064466e-06
1.646713178233433295e-05
8.560751854880396198e-06
2.676235846775526115e-05
1.499651201532464441e-05
-6.870870737101915622e-06
4.470820469682074196e-06
-1.034700197787449282e-07
9.269935298497710525e-06
-9.494132150594660988e-07
8.603123290326583977e-06
4.656911660087423741e-06
6.787343633665702249e-06
1.103325170044557534e-05
8.933246135038102546e-06
-5.945242801794776091e-06
2.670807329646179436e-07
-2.792311346026459833e-06
3.363179882194263955e-06
-6.159294653947839003e-07
-2.661769070502171641e-07
5.898723289213260074e-06
8.773048556404440513e-06
9.441179246788239350e-06
9.859110508374305316e-06
1.459635816577281453e-05
1.025034369268215505e-05
2.845846287382293045e-05
-1.956270659016079850e-06
1.867751839577317784e-06
-6.586358607970536743e-06
1.453380034541560557e-05
2.882596372494719452e-06
5.315386874190200820e-06
5.316785551374133036e-06
1.512934513995906797e-05
3.030928189400648428e-06
7.502928917931770501e-06
7.755321358967258124e-06
1.789345227577747425e-05
5.253977200143843447e-06
-1.275743225239557257e-05
4.536724162407911895e-06
7.105635637079165170e-06
2.514869823515971138e-06
5.329151405701685858e-06
1.037763659114225138e-05
1.026810832549377999e-05
8.556222276881847953e-06
1.758266479236268129e-05
5.940562060278861398e-06
8.603491123241925281e-06
2.428212110899051769e-06
1.442730225868411999e-05
-9.714762013731849531e-08
1.229439197322934939e-05
4.458807456292233491e-06
-1.630251350064068093e-06
1.121064682266503234e-05
9.278283196245288238e-06
5.697207111202671607e-06
7.718910126511005241e-06
5.663303405152055139e-06
7.828009885632114875e-06
1.185368744135859159e-05
5.985037864235246888e-06
-1.192432126207129493e-06
1.954357204548801177e-06
-5.919432310232859649e-06
4.890017735586999171e-06
8.620732187291079777e-06
5.897182488731388441e-06
5.400113234951969018e-06
-3.610802321835831640e-07
-2.428965654641500914e-06
1.239750066508165193e-05
-2.988203636242736023e-06
1.674417085987805636e-06
9.604096580026412990e-06
2.184783936632621794e-06
3.174195526064247136e-06
4.954629847705827815e-06
7.924382338691335356e-07
1.558624495503250793e-05
-1.909630959525357593e-07
1.242695987105624595e-05
1.569579061909483856e-05
-8.393662867343003317e-07
2.311019175074254484e-06
1.264803974795563373e-05
1.445274524538136159e-05
-8.560718139203403834e-06
2.191398903582526832e-06
4.029176774469538449e-06
1.416196278004919713e-06
1.171244616101252754e-05
1.164024326616159609e-05
6.280221275951598122e-06
8.648905879628587538e-06
-1.174823313045579026e-05
8.896396845845470547e-06
7.677228351669632893e-06
1.045307415565731268e-06
-4.417991319380789006e-06
1.237112925042241621e-05
5.296918133091097206e-06
5.453854449587805113e-06
1.136813934430165135e-05
1.847446814458267138e-06
1.182768918374596974e-05
1.639791229340717527e-05
-5.981892533035712367e-07
7.159855201080975780e-06
3.383486519264106776e-06
2.688326866933206267e-06
-1.376604701102703937e-05
-4.095860865896264042e-06
1.183964269095501161e-05
1.036198286189873927e-06
9.513849528009469362e-06
2.932462315100801231e-06
3.099877406665355129e-06
-8.350933033266141808e-06
2.769619336453724601e-06
1.230161788358254168e-05
-3.348705990482501875e-06
1.281376250945726511e-05
8.760241460774517233e-06
3.688467328425654797e-06
3.816654605752969723e-06
9.317867494013620507e-06
1.113423019909319143e-05
1.308218212879297133e-05
-4.557048279379874011e-06
1.011333564732135969e-05
-4.711684661474428529e-06
-7.532350522780762626e-09
2.882968638556568537e-06
3.324027071470819779e-06
-3.604719198091725572e-07
4.914262243032736179e-06
6.471674607693992851e-06
3.953259738496695858e-07
5.392808828124538940e-06
1.487828822360267630e-05
1.246521415765144637e-05
6.975469751843679996e-06
9.305118074101665328e-06
9.985942181961019004e-06
-1.710354204332122323e-06
1.224494093291839981e-05
2.980854256034250830e-06
1.698668959562369406e-06
5.538721000133029869e-07
7.467517757879082991e-06
2.647584671563132330e-06
-6.654267851107703126e-06
1.403255744484519437e-05
1.408073019546175184e-07
7.959088136309885213e-06
4.775399700507484778e-06
-2.603693903564262181e-06
1.836363493139216144e-06
5.512050807835399040e-06
2.268100826939908594e-06
5.293265791559788718e-06
7.726697056844989458e-06
5.717287771982293189e-06
2.192845035141278307e-06
1.083705147573990300e-05
1.005077004756883668e-05
2.310630246409519443e-06
8.634543186984536717e-06
1.045810291887721069e-05
-9.563529190806257424e-07
1.013579454080348328e-05
6.260376742296358974e-06
6.745670439661062500e-07
9.340477532775831357e-06
1.065721979609323845e-05
1.225518960059523754e-05
1.728594400357392710e-05
-7.102186271765795940e-06
1.182091030790547991e-05
2.514859154360608723e-06
8.985775182221850189e-06
-4.660265725648100434e-07
1.197573973042023198e-05
5.435126667605414388e-06
4.438998495837360173e-06
8.414118589315257223e-06
1.356057838681675700e-05
8.092381598240983592e-06
-2.347427132684538063e-06
3.574471617927109425e-06
1.599450325164640638e-05
1.163156645026900560e-05
8.198655189466701529e-06
7.069392139312791472e-06
-6.783820163947650868e-06
1.129632859492813627e-05
8.924426022099257231e-06
2.054065602953131768e-06
1.958597020175675615e-05
1.825441086586177810e-06
1.032599041770196688e-05
1.762381231868113534e-05
5.946864814075162555e-06
5.451396176751954044e-06
1.549675284788956434e-05
6.774892922570747400e-06
-2.840887952725917935e-06
1.110162549780569413e-06
8.366224510020535272e-06
2.976324918829982768e-06
1.043642972619814068e-05
5.176103710288977564e-06
1.195422130773190861e-05
4.223339659366104420e-06
1.818610360311824652e-05
1.437984842105225870e-05
9.056629485949701757e-06
4.323810176974139208e-06
6.627854744563336041e-06
1.252945124140805273e-05
2.059213154101051223e-06
9.221194592704443191e-06
8.343159478046397267e-07
3.951436764367940881e-06
1.233035758892241001e-05
5.403976165283881496e-06
1.048701220607930870e-05
1.381016878197773487e-05
-3.309707295651638689e-06
1.404498894743904092e-05
-3.310186546678180093e-06
2.448585060656458751e-06
-5.852935234849961161e-06
9.693151163171793299e-06
1.416383117399868840e-05
6.658099342296698051e-06
1.371843733096391282e-05
1.269306515081125985e-05
-3.271050866460773400e-06
-9.581390374282444291e-07
4.192715183983063284e-06
2.450516833547870706e-06
4.190424459832954029e-06
3.851693582130358072e-06
1.363905049890120599e-05
4.052683337161144821e-06
5.687077504628278926e-06
4.642286381646544214e-07
4.240825163645830462e-06
1.035509278684655867e-05
8.837645714392107551e-07
1.020068805038806653e-05
-4.733738322197246005e-06
6.420011441280582886e-06
-4.149046798681866748e-06
-1.583042725337633478e-06
-1.129677574370333104e-06
4.769841971089593584e-06
6.595671623154426273e-06
2.826100938711188075e-06
8.845854930532422324e-07
5.398635837071904362e-06
2.606900299109825511e-05
9.618367372518301059e-06
8.265600237682690785e-06
1.968548089747643145e-07
9.202959670654568899e-07
9.911045276665861892e-06
1.223795926615990353e-05
-8.265122123685079151e-07
3.177535616818617204e-06
9.100815838209844186e-06
-3.870159212123471650e-06
3.390926908666392793e-06
1.799643624550619902e-05
6.671265364145305656e-07
1.158144636183930178e-05
9.674900123981498092e-09
3.622018168336641865e-06
-6.370547184346266528e-06
3.451926737986523434e-06
3.677345526999792487e-06
8.914091854802142119e-06
-2.906828822668277978e-07
7.146176119611815028e-06
1.622582310641487621e-05
6.363605907699525422e-06
4.225930417025921081e-06
1.170982084196170617e-06
-3.141069922016758372e-06
9.634921748491394704e-07
1.648146769279282516e-06
1.099193285352036729e-06
8.308643313577564925e-06
-2.005120202885745624e-06
5.467419006193384470e-06
1.686833369021426286e-05
7.465026002567970087e-06
-5.488353631125765629e-06
1.385481180217492769e-05
-4.684901339783987983e-06
-4.813683372175322689e-06
3.111355434950405579e-06
-2.562260214805573971e-06
4.117701881295090106e-06
1.047166977097862023e-06
6.962508173944410122e-06
3.374733941308925879e-06
1.615394109431492667e-05
-2.988089488929866642e-06
1.272682977849798600e-06
1.442421330646380865e-05
-6.960265262989483210e-06
-3.673156804727341101e-06
-2.112175653630869675e-05
4.733247164996314290e-06
6.895134167835492352e-06
1.053361361775835282e-05
1.123395985184658707e-05
9.120190821686591351e-06
2.259857214076118286e-05
5.546781393163141655e-06
-4.524882176773093968e-06
2.052955740188220078e-06
-1.326296649601922460e-05
9.617316214732270113e-06
5.751366163984630777e-06
1.482188775057963921e-05
6.053050202013822836e-06
7.883524512817843315e-06
6.667036014944973100e-06
6.523652606197953430e-06
4.287997911644474343e-06
5.860371848230747220e-06
1.251260661820376345e-05
9.959202166231301720e-06
4.671726504465796224e-06
-7.463261773142487360e-07
-7.653554360974389764e-06
-1.749694452514630904e-06
2.914993651658340252e-06
4.782987403362051454e-06
5.448086333663801783e-06
5.792422626612505121e-06
1.879281779566700007e-07
-2.411780300477098127e-06
3.938343615209430992e-06
-1.059429179804105785e-06
3.761406365411905564e-06
-6.441712946430235816e-06
4.103353258578297371e-06
5.268212081374955977e-06
7.117124271121344737e-06
3.432584541188077847e-06
-2.908766007943547733e-08
1.395545900458290053e-05
1.262843445157737176e-06
1.156936695135362165e-05
3.681143131953107805e-06
-7.127430811138689365e-07
-6.429888809026726014e-06
2.425788384772426636e-06
-8.314663469859794643e-08
3.169272862932308739e-06
5.556022523556394242e-06
7.825780235029791929e-06
5.371867312672247893e-06
6.361901081104921999e-06
2.353849178241281683e-06
1.218290670381650263e-05
1.257428193781403938e-05
4.688313665585805854e-06
-4.086708859912659612e-06
-3.886375762672503425e-07
-7.461476174176060688e-06
-1.312125076569387845e-06
3.852400573931570244e-06
-4.189475930509015778e-07
1.456095988527518668e-05
3.558289094404554712e-06
3.538828615988513750e-06
1.488669222043066063e-05
4.598544937799279722e-06
1.749177146721783900e-05
-7.291368672966576450e-06
7.932941738088240816e-06
1.464281645036648487e-06
4.675316354387944241e-06
6.645484228427023307e-06
1.062084188245693628e-05
4.747381612441365431e-06
2.751427639990561013e-06
5.170568501686043402e-06
8.002718905273524641e-06
1.301690527262293927e-06
3.993504040284813356e-06
-2.154676277811257785e-06
1.644791927062699022e-05
-8.983834702647040165e-06
-8.403893344481176244e-06
5.426717014169704062e-06
7.638460764432418982e-06
9.348545537670577198e-06
1.383248416380568033e-05
1.261513674618241577e-07
8.044753555994618076e-06
-6.527978225644298265e-06
1.569201357499014103e-06
5.291629961696488115e-06
7.431858431881338871e-07
1.250051210383166477e-05
2.913647669511852649e-06
-3.990122221759179704e-06
1.025362009497971453e-05
-5.105752158777448961e-07
1.780110921516074122e-06
8.332679276079741867e-06
1.078111732003863332e-05
6.296251932030678563e-06
-8.850460094382750140e-06
2.703101615777096441e-06
1.130903964584800384e-05
1.150215377422130683e-05
-1.088992438203002208e-06
3.389074052303755630e-07
2.385439150352546963e-06
3.782071407614888645e-06
7.593847909653981512e-06
1.252306496574702406e-05
1.375080801877074216e-05
1.597794890330571621e-05
1.188594820786045932e-05
8.469032045184846121e-06
3.389718245011404804e-06
-4.710187447747448253e-06
7.665046051871382351e-06
7.671885551688153255e-06
1.005256273104668477e-05
1.138676930528459027e-05
4.294920599898769749e-06
1.469263341042274611e-05
7.180408877343390349e-06
1.109786163270199108e-06
-1.012458639210238065e-06
6.373236161276874334e-06
-1.167514563268123448e-06
9.396172153569938001e-06
1.357080211027980037e-06
7.036486508065112340e-06
1.257879059645439076e-05
1.020298943446926555e-05
9.782242604871100629e-06
6.218603603905458420e-06
1.258898195915468386e-06
-1.600408295859479969e-06
6.456273043139888407e-06
1.726987841202195728e-05
-3.222358440898466763e-06
7.406640774012031517e-06
5.479949579747926916e-06
1.460861374399322551e-05
2.927927643214702484e-06
1.145067784041384462e-05
1.332865247998481139e-05
1.323048347885689177e-05
1.418262209133900730e-05
2.717255244248182850e-06
1.148005170691175763e-05
6.552972033699616462e-06
-2.507666542290581969e-06
-3.998887036234900803e-06
-1.702079683500806397e-06
3.715775177616552866e-06
9.496069331000045997e-06
8.157471101475556827e-06
1.835766799970447992e-06
1.006950226919994846e-05
-1.268458463460519320e-06
1.439667811715589036e-05
2.535252714076325432e-05
5.512890778600501028e-06
1.129211050595631560e-05
5.307241484803703730e-06
4.532687613668103684e-06
-1.816800907042498102e-06
4.971884050583723593e-06
1.033220218832369093e-05
9.034438290422056232e-06
7.762091259196225696e-06
1.745973004200773491e-06
2.582667885546104474e-05
7.765942374687349685e-06
-1.028982589734790138e-05
1.071592813661136272e-05
5.141867632794118969e-06
-1.409040727824351747e-06
-2.661016771119315153e-06
1.274593449329747489e-06
6.435506590460684304e-06
1.194788152990832913e-05
1.315854349473701851e-05
3.721852449361513326e-06
4.041129994251756305e-06
-5.204240199723859005e-06
4.750442465017364666e-06
-3.662823292468086609e-06
2.370016812497928919e-06
2.223613508284577299e-06
5.861851502196078161e-06
9.791001368250519131e-06
9.053199382403307615e-06
2.517369083926896300e-06
8.068265840563512459e-06
-7.282636698478754333e-06
6.110773495319194305e-06
5.597184474370812992e-06
1.684067737134906624e-05
-1.422304249431056824e-05
1.212768999121714596e-05
2.821820691285315442e-06
3.591286422649652152e-06
3.665231875868863716e-06
5.452140216695663129e-06
1.295374821037267113e-05
-2.059462455647880048e-06
-5.843312740376665041e-06
6.024353033313489078e-06
2.131307683243645273e-07
-9.160386067411821449e-06
5.281933719174414474e-06
-6.484780681636337584e-06
5.038949088637408943e-07
5.872137953341505047e-06
6.673352574302735125e-06
1.046471219822470634e-05
5.334705806548762182e-06
-3.317582441752155886e-06
1.565499260496355493e-05
-4.078054868659055314e-06
4.074931961255936875e-06
-4.845605184353305903e-06
-4.030785716518886324e-06
9.490126341134269691e-06
7.956623034866109500e-06
4.528385968088285872e-06
-2.275491528370643923e-07
1.051760726202915083e-05
-6.504155986720817971e-06
1.067127498768429061e-05
1.801613656733622756e-05
1.154410567340209149e-05
-6.554334752774287998e-07
1.450753090253814384e-05
4.601119813801712515e-07
-4.628118472734365584e-06
7.467682755569053574e-06
1.867757854271218191e-06
2.501100298074447517e-06
1.143761900018192645e-05
4.193648353325936083e-06
4.950431809362358733e-06
1.204610609097354200e-05
3.901441052390523566e-06
1.396844722011252636e-05
2.110376667786166756e-06
7.124054104322029712e-06
5.894614222740388524e-06
1.962408940993498534e-05
3.175667764142570782e-06
3.111859813031385142e-06
1.576390506395775054e-05
1.030608506010244091e-05
7.738668864854627278e-06
4.812339000499882089e-06
4.984541633395932871e-06
4.490530259977573645e-06
1.470664262720128264e-05
1.284543632898195972e-05
-3.847990213378029335e-06
5.390992255852969055e-06
7.182376401129242290e-07
5.898522712264185081e-06
2.658122980216404999e-06
3.367061136436285039e-06
6.333856824519414698e-06
-4.959309190430241051e-07
1.344012219447763014e-05
3.149195465442536409e-06
-3.140404245601052227e-07
2.973749214809192615e-06
-2.707196753070809065e-06
1.014019990712726215e-05
5.206999895590364616e-06
6.973876440629383946e-06
3.124929065550573759e-06
1.651442592012043942e-05
6.211760542996062239e-06
9.971214590441566868e-06
1.358838684395197357e-05
1.371110018050371537e-05
5.646846224496190046e-06
1.410554297087573477e-06
4.398888975501016030e-07
2.821262365864071599e-06
5.282881998221584649e-06
3.664383831143621551e-06
8.052296810473858225e-06
5.561255402561781281e-06
3.562334252670942761e-06
7.095373739820541566e-06
9.487262670972518441e-06
3.061152094741659598e-06
1.653619990733810161e-05
1.028945331327439872e-05
-3.758971849988434702e-06
1.073403437678215131e-05
2.210491497438052215e-06
4.845873692332862263e-06
1.197520500591678566e-06
4.161449898619577534e-06
-1.521936072873955440e-06
6.072714961875933563e-06
2.229598047415132388e-05
8.195630694064076028e-06
1.020511538971846070e-05
1.389878649067376784e-06
-2.595921813183895875e-08
-1.584302144878056972e-06
4.695596851313929149e-06
-1.392825558806996392e-07
2.933163854399133882e-06
3.307113823728573612e-06
6.149119229770928205e-06
4.639526568964555412e-06
3.286452596107379840e-06
6.987405430666313185e-06
2.431887956653003425e-06
1.223246807853402062e-06
3.857969139037300071e-06
-9.235602783176245287e-06
2.718453650044095793e-06
4.998706165140079255e-06
6.027749605677817956e-06
8.789180140791639974e-07
1.343134860177192236e-05
1.562015937620738753e-05
-3.643639393744879295e-06
1.379991510969791139e-05
5.949911327680070573e-06
8.974594236482946280e-06
8.958973729620395729e-06
-3.747374539385533371e-06
1.152702581634701709e-05
9.159606331633140749e-06
8.483811945856820002e-06
9.048450884170935465e-06
1.067186936300302071e-05
7.739918755975305667e-06
1.601938186945585669e-05
1.591534984541400364e-05
6.231212263002952612e-06
5.913021164125814970e-06
3.150452874968369246e-07
-6.217749574834553013e-06
-1.389239594749323277e-06
-6.683253084451476704e-06
6.854064681270978802e-06
4.077822162344163757e-06
1.078337116013061794e-05
1.607452960317025015e-05
7.723641340455081664e-06
2.981042776663771945e-06
-2.536650529777575617e-06
-1.155655814979505322e-06
-6.148508495190471118e-06
-1.931161761809751558e-06
5.695782024563747618e-06
9.778417961925516992e-06
-3.867522662465858824e-08
-2.548854865920759465e-06
1.281274022455586237e-05
5.136914120550215955e-06
5.787395949423820854e-06
1.696859398691220498e-05
7.545516730227440550e-06
6.878503270083659414e-06
-7.457300722384363671e-06
2.755396485749448159e-06
1.336445142080168796e-06
9.242043489971568266e-06
1.258424017689899565e-05
-3.564660417688101008e-06
6.537802830804882682e-06
-1.997324357701441189e-06
1.676160002998445701e-05
-4.151274486358932278e-06
-3.361959560923585252e-06
1.257251346016853544e-06
1.162523220198183307e-06
-1.595657934986827588e-06
8.018545567548589556e-06
1.245902938104868260e-06
1.758588731910914560e-06
9.863403858383996137e-06
5.603168576577875022e-06
1.713396814567420153e-05
1.120805687812923601e-05
1.186060511938867042e-05
2.585840624771111968e-06
9.958820533804548842e-07
2.382561799231833218e-06
5.629242152924269486e-06
-5.545860868689241353e-06
-2.261419011101332612e-07
8.657706077224527308e-06
8.577870461890295961e-06
5.472528667530456531e-06
1.514666520949973130e-05
6.418917986701341892e-06
1.282812236827157897e-05
-6.412616983386168785e-06
9.676961077848538972e-06
2.136062468042154272e-06
-1.960299070264759112e-06
3.096913252603464123e-06
1.030414220383064333e-06
1.809506137135525529e-05
3.986978591371245285e-06
-7.293020885959696318e-07
1.305633937817375542e-05
1.561544304631239433e-05
8.182610948162065062e-06
2.468863849957013897e-05
5.685219998962092548e-07
-1.907059658996037804e-06
-2.174982829996403187e-06
5.887739444456240652e-06
4.925691025366926271e-06
-1.111167476287499307e-06
2.697217096460080724e-06
4.324570941895204985e-06
1.208261322420825645e-05
6.080021690883927089e-06
9.164782305111104872e-06
1.142821156431092307e-06
1.363002646323146945e-05
1.071036124521042321e-06
7.098329291618887936e-06
1.001841679246517145e-05
1.309631587253484398e-06
1.199510216229628169e-05
4.391370937287457497e-06
3.560249374404909257e-06
-5.372769123313595687e-06
3.403980577615753665e-06
1.618402389937665602e-06
1.177685416516974701e-06
2.102850638803878840e-06
-1.616376152479938175e-06
-5.307884321852671451e-06
9.364622407362703483e-06
8.350780224856656084e-06
1.456042757374935854e-05
7.544686399947864017e-06
8.482519562905405498e-06
4.948241656737917133e-06
-2.646857825101880511e-06
9.679514529182449106e-06
9.424429844215087264e-06
8.004770915672519227e-06
-2.615965406300568056e-06
1.208251904384109068e-05
5.112547625360587681e-07
9.124851371053247426e-06
8.610487301558888824e-06
1.088370960092405341e-05
1.253060298222512691e-05
3.080052993115334554e-06
1.476953223015010443e-05
8.602369098355908348e-06
5.732511726065068369e-06
1.475363676456750067e-05
4.756002498683529787e-07
1.076263104407760648e-05
5.437802753903639294e-06
1.103702756730450252e-06
7.868167763813576374e-06
3.698862181834887546e-06
1.001306479560810717e-05
5.348493822599577723e-06
1.715316585699828441e-05
9.207957358953309621e-06
1.157790316558098337e-05
1.097351403366050912e-05
1.394009506084432332e-05
1.253350337176674269e-05
6.161135290741823070e-06
5.833390655829738658e-06
1.036452439981075847e-05
4.249394958977304975e-06
1.685664085976464860e-05
9.409421425637595759e-06
-3.350637916728970586e-06
-1.081532276161973579e-06
9.676206702007019953e-07
1.220646451506283806e-05
-4.067846936447788278e-08
1.981324358224259215e-06
3.487247994403896727e-06
4.152461456597664325e-06
-4.256252235458838456e-06
4.118303906091183526e-06
9.128607284039983233e-06
-1.350780510113374804e-06
9.143153340363510665e-06
2.785255068665337918e-06
-4.541002637829425198e-06
1.376557302631300425e-05
1.221254239571605806e-05
2.573498084329018348e-06
5.261787582735581430e-06
1.130416369957276944e-05
3.574705989072507153e-06
1.137185589584322989e-05
-7.179251379000636063e-06
2.134196219342401489e-05
2.251034294588770800e-05
1.404421115973986175e-05
-5.852956644080567627e-06
9.759108540171153952e-07
3.846669090354622468e-06
-4.224697909164069762e-06
6.680614027331458598e-06
1.013668404099205811e-05
5.295494409511064845e-06
6.541548060864152567e-06
4.070225316146564170e-06
1.665391030444970336e-05
1.155238959731741711e-05
-2.552862418661145625e-07
1.129149794181022879e-05
-1.044034945542797542e-05
5.542554097696212718e-06
1.170064013429398263e-05
1.137305780822358012e-05
-7.515540411502344356e-06
7.188776516922151683e-06
2.138778069434352700e-06
9.122416271120782183e-06
-5.871570991428555839e-07
1.713016034670054099e-05
2.329940428723432071e-05
1.065797074181410319e-06
6.639060020163240950e-06
3.470710017447115013e-07
5.638650676186310952e-06
2.958027183998035970e-06
7.999754197510495555e-06
-2.007085839262032397e-06
1.162245955980527131e-05
1.178383729678377009e-05
7.971038435642300194e-06
-1.105560212831487917e-06
-5.942827201792910906e-06
8.172216900244500483e-06
2.236149762719187676e-06
-1.170827820268385132e-06
-4.432810766284571756e-07
8.136438710401819470e-06
-3.611653194042416780e-06
5.450468983122300955e-06
1.103382965731933951e-05
6.289470088352962446e-06
3.032362038785824346e-06
1.521000878848346371e-05
1.142749734584541286e-05
1.771946779726671405e-05
4.530884466783688731e-06
6.931995207072263721e-06
1.144540623989688212e-06
2.212089698531340453e-06
1.859292346223197319e-06
6.203513350225373785e-06
2.501740287316049422e-06
8.163863294254285994e-06
1.898180161340672650e-05
9.903233823435851692e-06
1.353168996143985222e-05
8.496484971730215773e-06
-5.878611544625104682e-06
3.546571246024971531e-06
3.366362536302692005e-06
3.422618772867630642e-06
6.672205424697014544e-06
9.064512218253490970e-06
2.895170557781430311e-06
1.001911677901906704e-05
-2.002155878288420971e-06
1.140371826410810846e-05
-1.160606261474722097e-05
1.519718104148400828e-05
4.866975891694606033e-06
-1.797285743731062263e-06
-3.518234821183739277e-07
7.271159242570050743e-06
3.836972625690530878e-06
9.038214742891148576e-06
1.207809954896175772e-05
4.931651341722192288e-06
6.286665071093350991e-06
1.829383791671675757e-05
-8.487019392983548668e-06
8.010156815691457270e-06
1.060539114095337261e-05
1.044216573913602509e-06
1.340935999600389004e-06
3.594854864935323686e-06
3.514844331036144782e-06
1.202183680993028765e-05
1.002491542423405678e-05
3.572870268888169377e-06
5.812934366079238458e-06
1.372445339605464081e-05
2.859371348499077669e-06
8.516542923183875463e-07
-4.460545374467981849e-06
-5.221609549591749844e-06
2.833560366171146687e-06
-1.843919847967148715e-06
1.146276529921565520e-06
6.642311944085520724e-06
4.023324151249263294e-06
7.127314450266011799e-07
2.350239744832908302e-05
-3.491026114682206032e-06
1.207173366416265247e-05
5.737657035197608795e-06
-2.638089967379871744e-06
5.827723065783357500e-06
2.564310956537113853e-06
8.333738259812640355e-06
-2.227699150456521069e-06
-1.656871781999142477e-06
1.660574885356238855e-06
1.374844626228237606e-05
6.194362856174355252e-06
7.201096644414609575e-06
5.881214597325568150e-06
-4.638967675640590396e-06
6.554288616608745927e-06
-2.616104253132350065e-06
3.655139287129155855e-06
6.966008565310409975e-06
5.314045566436973052e-06
7.987345635947094014e-06
1.017300515669710336e-05
-7.590979576815717994e-07
-2.578023887576859154e-06
1.194286422542931502e-05
1.078948922323066335e-05
1.432992277204525552e-06
-8.870746833135008998e-06
1.183207386809250473e-05
-1.464785289076182289e-07
-2.752681672641835755e-06
1.362756764435067812e-05
1.433900508871253691e-05
1.212802790453094838e-05
2.358135963850361825e-06
1.144136533241930616e-05
4.620859316507211270e-06
1.075266464247815247e-05
-8.128258942504678423e-06
7.848827456578707940e-06
1.047909704047976584e-06
6.274619830012212698e-06
-1.524601043371661175e-06
5.564042833374197403e-06
6.558533455517040656e-06
2.343611028137058060e-06
2.170022800080330584e-06
2.184456794842026325e-06
1.424762627933971771e-05
8.435888568048231773e-06
-4.819962571790013526e-06
-1.173733479845676301e-05
1.112541659427091764e-06
-3.941007580008638902e-06
-1.821235293917409149e-06
3.641289090034553225e-06
9.137306885334084243e-06
1.407170019064517900e-06
2.689956794002544750e-06
-4.946990136067799938e-06
-2.604979299938265194e-06
1.975040825631455344e-06
9.199148191585521423e-06
6.781245660454137996e-06
5.326386487138883916e-06
-2.320944187902081589e-06
-1.045487451785074490e-06
8.804904467112820951e-06
1.619414485154779045e-05
7.288917688123006549e-06
1.288456980528285978e-05
1.159256389033061376e-05
-7.325004246935938064e-06
4.959786898809981233e-06
-5.364204481047472894e-07
1.612107319526326628e-05
-6.252095841622977786e-06
6.188143433114105921e-06
7.541627297415315662e-06
3.221665133560098891e-06
3.796820331803576733e-06
1.333387945279579586e-05
2.836714623345484499e-06
1.513875987358983365e-07
1.878210331355036281e-05
1.072873044720033885e-06
8.160044052078201403e-06
6.731413875495145898e-06
7.740474241939151055e-06
2.616400593032273209e-06
1.909770267701418398e-06
1.774131502693743080e-06
1.171357989981564106e-05
7.082514184027337300e-06
1.301907156186563894e-05
4.214898301462436533e-06
1.293671598037850017e-05
1.164237226683464731e-05
9.058282609351624626e-06
3.458410342435701711e-06
-8.447058786947344921e-07
3.462445733380083130e-08
8.310501745526250737e-06
4.094721711948745121e-06
1.305214752093686709e-05
4.727881730023244791e-06
8.119185540726935296e-06
6.985692471281616635e-06
8.322561843460992938e-06
-9.495906292262751907e-07
6.801052432448085740e-06
5.751675848032348165e-06
-2.077039700205977653e-07
-7.029696633222943913e-06
-3.214464451399046326e-06
1.004448273107919447e-05
9.073631717016083888e-06
1.538075903608374047e-05
1.428531972006434381e-05
6.464964383480355786e-06
1.633699271867960638e-05
-1.414478805760474156e-05
9.608973341126793625e-07
-1.218057573816939280e-05
-1.525573725003251688e-06
3.279280060411927553e-06
7.314738419125913308e-06
5.856379211493853697e-06
1.374581546424091390e-05
4.973119582983154495e-06
2.061112354701679400e-05
1.550838377673161714e-05
7.263512069951607262e-06
-7.097347082415263102e-06
-1.168472218535461248e-05
6.810436669038218103e-06
7.116732092031514635e-06
6.192061136448415879e-06
4.317253249393402199e-06
4.491830515225339322e-06
1.123467318525040053e-05
4.878103801912028812e-06
1.353450148691435583e-06
1.016998702154797808e-05
7.423294649839554604e-06
1.603086980685911763e-05
-7.282160954198023545e-06
-1.268428441425051237e-06
-4.173677395381338900e-07
1.307010930191862098e-05
2.162211435462412545e-06
6.044866937894157788e-06
1.015059770412631124e-05
5.114808758268706314e-06
4.613885051325306469e-06
9.492667913682039128e-06
1.395498096963468105e-06
7.561816384671083343e-06
-5.253312599754212350e-06
1.271824668317143744e-05
-4.758277315441669041e-06
8.949338363344934424e-07
5.401178538705582600e-06
8.172276365982000245e-06
7.050438732714632143e-06
3.541733959635815494e-06
1.201687632790372770e-05
9.395764294254831735e-06
2.287472339470989543e-05
7.212854433379233794e-06
2.128766651698737487e-06
1.002668404193821021e-05
-3.696819271592320969e-07
9.941708679011114629e-06
-1.155894608128591826e-06
5.220219053467440201e-06
4.147465014971361323e-06
1.864306835136326991e-06
1.103030242263136711e-05
1.832010049561529875e-07
2.876103620814390291e-06
4.779433415262969971e-06
6.333188812089020045e-06
-3.517446359896262623e-07
6.651174096663516485e-06
5.360637014767985277e-07
-8.093625948101944014e-07
1.146979750917162670e-05
5.274324038040073770e-06
8.632900188828700837e-06
5.224722339137577596e-06
1.372832369184458332e-05
1.646796400916564102e-06
3.457338695930077108e-06
-4.276091967379205426e-06
5.267338575940537988e-06
8.206281274022860720e-06
1.359178445792707215e-07
1.082782668426607225e-05
-1.565139362082783613e-06
1.897132187917021403e-05
3.889580771023643882e-06
1.352494588713638417e-05
-2.056596173714656435e-06
-6.927441603380816044e-06
3.224361079405782514e-06
1.676687496365749774e-05
-8.628824332864546242e-06
-2.470836999079098247e-06
-1.143153772340152103e-05
-5.994265107623610318e-06
2.958037368995928122e-06
-1.822898612785996169e-06
4.215045713186748319e-06
5.374778203920227185e-06
9.041471321219434265e-06
-2.494278132601660068e-06
8.670707155881459397e-06
8.344208156621349515e-06
5.336601858810021457e-06
-9.313780060691392089e-06
4.324814918616690581e-06
5.538275722324421035e-06
7.827115659244742693e-06
1.280809149288026489e-05
3.197860890079543615e-07
-8.855246107561127994e-07
1.360981165160179884e-05
1.441946931700852300e-05
-2.021332180444097550e-06
9.193956656517200733e-06
-5.884196714735672751e-06
9.614110733852706652e-07
2.922095774914495803e-06
2.786968730235028799e-06
7.361893055947295058e-06
5.237452098494274136e-06
8.898657487643485504e-06
6.582391360550766093e-06
1.546166307788396138e-05
1.665023473892221376e-06
2.929111262518356688e-08
6.667939741941775479e-06
1.159350931819904614e-05
5.546458599057720660e-06
-1.710548793811061407e-06
7.373287885894086668e-06
5.491232831244707206e-06
1.052768359907232510e-05
7.033415330976499172e-06
2.005388042827705274e-05
2.460790523513703971e-05
1.885919600600136363e-06
3.530437615977019342e-06
1.133355512998437465e-05
4.241741973765420562e-06
-4.031909638241727864e-06
-6.034202876795770115e-06
1.377527589330591841e-06
1.356212020846419075e-06
7.029326924807002618e-06
5.592701214944966263e-06
-2.241522800574748823e-07
1.423105341649126852e-05
5.734764116723959467e-06
4.728463597551100496e-06
7.079615294531360864e-07
4.632297077303314008e-06
1.363793791023587410e-05
-2.643044796738362553e-07
2.621449047124575408e-06
2.520697410826757931e-06
3.313282072779885977e-06
6.689206406564851539e-06
1.037093400575398182e-05
7.815271495949974547e-06
8.094206341617229909e-06
-4.531806656279588496e-07
4.634838727977706895e-06
3.949176065954663011e-06
1.024271315452995449e-06
1.127056098929730854e-06
-7.854336765666839212e-08
7.924077120217442764e-06
3.256830988340366278e-06
1.131097117663930346e-06
8.894109433950838443e-06
1.232958075440672144e-05
1.596034498881320884e-05
-3.300888849969561047e-06
8.207788166400396560e-07
3.764527482314833331e-07
7.899596536819197609e-06
-3.526855860401551673e-06
-4.305476083137832023e-06
1.405317973940218550e-05
1.154685843886304668e-05
1.424969162977341831e-06
6.815825226993981153e-06
1.276563977363219784e-05
1.504915061736108312e-05
5.666294910411587525e-06
5.390468702989553510e-06
6.752629793446313221e-07
6.096010938629727311e-07
1.074916887933001485e-05
7.428469452037995194e-06
6.577755326408772898e-06
1.123911075996107519e-05
1.282518231186353097e-05
1.650761916958484884e-05
1.011736458918944239e-05
-1.076323201905594539e-07
9.695428189300432461e-06
1.299816439341739690e-05
-7.985692534101474615e-07
1.762977574405089764e-06
6.336238423286983804e-06
-4.933322434733215133e-06
2.433146145127296391e-06
1.002923648208586673e-05
7.597891602416817665e-06
-6.177378356865946957e-07
1.032631941342930736e-05
3.197549388884223086e-06
1.005682461795632459e-05
6.837094868022535057e-06
1.011422862608562820e-05
-2.273854800877185088e-06
-1.187010928297428278e-06
5.832288573035490674e-06
1.313455079563012212e-05
8.095136536384587878e-06
6.089575070730537636e-06
1.406886950167596988e-05
1.670335144799800872e-05
1.699659030118795990e-06
-3.515780970184654531e-06
1.027596303496826952e-05
2.277850025510481469e-06
1.508188620471641698e-05
5.772062311072386956e-06
6.411335495731543855e-06
1.037769331957718253e-07
8.561299485577425136e-06
3.678748389014991757e-06
3.447441756777352710e-06
7.765485563628937905e-06
7.492322259433457881e-06
1.191020299130557419e-05
7.933090469999715249e-06
6.533546745485519128e-06
-7.641928068409303484e-06
1.185653076451066526e-05
4.223126883790869223e-06
-4.229857185375104258e-06
-1.810288915837607774e-06
9.241365607641355149e-06
6.351992798743796409e-06
8.382339624838167837e-06
1.076969507428066364e-05
1.104359332313432254e-05
1.444219565902332772e-06
-8.364296774493485689e-06
8.761543598005362419e-07
6.139038523453166109e-06
6.017647492286997318e-06
3.947717486335460227e-06
6.238936824554434158e-06
6.738893510595226504e-06
-2.996579549523194108e-06
7.387191762913579828e-06
6.318120553538919663e-06
4.421061942048822259e-06
-3.167723709244366147e-06
1.001036531717197753e-05
3.900182829808330126e-06
5.001476172242068312e-06
6.225287808201064615e-06
3.317373476290931805e-06
1.067993418074856782e-05
1.104959284900281199e-05
4.984562460783299942e-06
8.927059431423282216e-07
9.518920896239225002e-06
1.000900884348613784e-05
2.091383725125375764e-05
1.241146704475913123e-05
-4.633999698773483786e-06
9.272676579960880129e-06
6.960383566296914045e-06
1.058651042067258004e-06
1.300022565606861852e-05
3.281033517755098048e-06
1.686111742616959772e-05
4.758045545749604205e-06
1.032587255837705024e-05
9.062890534317682086e-06
7.325465953863195236e-06
5.264191387977260583e-06
8.236264051433755791e-06
2.611188790625008118e-06
3.091908123315830976e-06
9.489023223442957973e-07
1.779554177110956586e-07
-3.554921522096036576e-06
4.376695407411689271e-06
1.403673039049053639e-05
1.239213608502042518e-05
1.712312159489714743e-05
-1.156967552001164298e-05
-2.693432835866252666e-06
8.223733418419136915e-06
-1.214177052285776396e-05
2.937827115576385016e-06
3.691420786595252982e-06
1.203686459415895166e-05
5.146609175586975116e-06
5.175870440799285057e-06
1.987047322126577343e-06
-3.133783445891594236e-07
1.021004908891781552e-06
9.188041656170396212e-06
1.505042177938300421e-08
-7.978260668625484242e-06
7.893721819701451667e-06
6.006572322824225299e-06
8.369883807965247752e-06
1.511095375885949323e-06
1.862907556252971338e-06
1.537928834810494818e-06
5.605550120967651779e-06
5.376807517942005645e-06
7.301874372540489309e-06
4.844025608826955992e-06
4.336674057546418136e-06
-7.280847129600761498e-06
-4.014158111747849436e-06
3.496317315310964123e-06
6.224528716638705042e-06
1.007064560670601491e-05
4.453713440754890870e-06
2.572748609010651682e-05
1.314095915657176981e-05
7.844605371868515749e-06
4.127022785632481623e-06
4.965714699510349857e-06
2.109619410434026449e-06
-1.088911838826158819e-05
4.163127560714655276e-06
1.551898471464974057e-06
8.098478793665030227e-06
6.948372367728767313e-06
3.421357042722764104e-06
4.302123757377801638e-06
1.748947383558087409e-05
1.502483063199526071e-05
1.547802066433236289e-06
8.602593649861878849e-07
3.256642010695173925e-06
-9.509164087450390506e-07
5.498494162299215825e-06
-1.838076435624812997e-06
1.049488655066189760e-05
7.893739382702804667e-06
6.005987844929575590e-06
1.500187289932129055e-06
1.016137492384407808e-05
6.724244829824023952e-06
1.272926337804135063e-05
-1.048516640902021234e-05
-1.281691606753741784e-06
4.111622528841625309e-07
2.505428283929412382e-07
1.246696017278018444e-05
4.495892156888246545e-06
2.921692644925786591e-06
1.649291279251215245e-05
3.221659202130562110e-06
3.385199572761589704e-06
1.205648329455821532e-05
-1.069200760765785622e-05
6.015246019993500811e-06
2.845829017655481999e-06
-8.825414553758407451e-07
5.260588232447526215e-06
-7.190148648673947970e-06
3.885296559365485189e-06
1.103324037970840979e-05
2.545236693920112211e-06
1.922798175431359791e-05
1.985113524836146744e-05
1.596066240535878349e-06
1.254308781962265243e-05
1.694549958504497902e-06
-1.644217961148570747e-06
-1.040272794628212877e-05
-8.242865137534780340e-07
1.172460793289079567e-05
8.227892389223839313e-06
-2.082749567227531158e-06
7.395023602520187699e-06
1.427227129417007360e-06
7.003843439257205256e-06
2.100805069209043765e-05
-4.943257517828858705e-06
1.028703857431386668e-05
-4.722157156265374880e-06
-5.442772340522529375e-06
2.073457920019095046e-06
5.043532302708479260e-06
1.438324667949312884e-06
1.143315562184447906e-05
5.531721261765860780e-06
3.469566493343175077e-06
-4.758575231666436308e-06
-1.128287948594085796e-05
-6.542162398575034563e-06
-4.686438040068446892e-07
5.033624492362547764e-06
-5.164814521956160998e-06
3.567655898615799790e-06
6.931520600529444527e-06
9.080011227853171878e-06
8.034571517480005131e-06
2.005266534328312547e-06
1.171968476628663659e-05
4.521303077048724153e-06
-4.362894236544178044e-06
7.845453555795931313e-06
2.543889623293234395e-06
1.614900482724668959e-05
-8.711796858478038715e-06
6.309134250415519444e-06
-2.653672366713538038e-06
3.294538070129459456e-06
1.552888367825348389e-05
5.026591698461259871e-06
5.083306336597935174e-06
9.450071922277355810e-06
4.783863893951574862e-06
-9.295242816654328349e-07
-3.788254702877595181e-06
-8.080849344793712273e-06
-1.084599731604094304e-05
1.318820669033243176e-06
2.865989503261536140e-06
2.124424169534582659e-06
8.059779637027475246e-06
-1.922017047583924856e-07
7.705721722463290808e-07
1.380667294304583728e-05
1.017583896001987894e-05
2.717041069830806545e-06
2.334020565134303820e-06
3.732662379379313075e-06
1.910219741289174800e-06
-2.848012445667899268e-06
9.349674729973341387e-06
7.471563482659654067e-06
6.503524906322892348e-06
1.501532156326654477e-05
9.073002608310576838e-06
-2.567492775217856164e-06
5.399108079921663204e-06
-1.027151944818848184e-05
9.407476490948102807e-06
-1.443625385416693946e-06
-6.620761689117909779e-07
-9.220393627214756437e-06
-5.878813397327171286e-06
3.913209831558991613e-06
7.690357720238719333e-06
8.025037214709248565e-06
5.486034010886741632e-07
3.575774881957452553e-06
3.565420042365876576e-06
-2.966013327475692664e-06
1.681365904665193452e-05
9.251100476388424601e-06
5.689808059173513686e-06
1.403645593447658713e-06
2.256942439202863377e-06
4.766065820173638457e-06
1.219038421581577766e-05
5.702979746163320952e-06
8.491253124902828827e-06
1.696252272718717287e-05
1.086466259218232825e-05
8.483374243853153410e-06
-3.203897943952533646e-06
8.598905928350022034e-07
-7.920277551385839380e-06
6.195202968447088726e-06
1.640833653014951428e-05
1.053108276372353438e-06
1.105072385040318497e-05
4.072321386894881234e-06
-5.034357462139750790e-06
-1.061714320099427477e-06
4.188521885509999685e-06
7.532911761682679024e-06
1.608100212087582267e-05
-5.078964960406598624e-06
3.706334120884134352e-06
3.411769468972240815e-06
5.883906482272239050e-06
4.006582710001102054e-06
1.600124810288378274e-05
9.567306266200314332e-06
5.614002568299536211e-06
1.505541923966883829e-05
1.957600184553881468e-05
4.095058673011534352e-06
3.911691754292220133e-06
1.787787970795319301e-05
2.810297214782484660e-06
2.056903863154534265e-06
3.348673928716872454e-06
6.641128549046515603e-06
1.353482830947688345e-05
9.522920019509199579e-06
1.162843657718618582e-05
7.584878536566914140e-06
9.182834988994430082e-06
1.171917368148105128e-05
1.281460298044438345e-05
9.544326464885153353e-06
4.685413579095240687e-06
2.471139217205761458e-06
1.035666779600431134e-05
8.770822853390730102e-06
2.456860322808384099e-06
5.683365957127839024e-06
2.421871503129898557e-06
-5.623561548498204129e-07
1.286004572316998306e-05
1.131109921064082224e-05
7.377863215136550380e-06
4.390520297499427542e-06
1.392298393835438959e-06
8.183103627604865568e-06
1.159059238978982420e-05
7.140785056300825755e-06
1.065718031422262711e-05
1.198584690816469453e-05
1.476120914457793094e-05
1.438169559397124725e-05
4.083505998706006095e-06
9.218905165064950215e-07
2.788773228580235105e-06
2.729667959342099050e-06
-1.760030142700538973e-06
-6.515163641348241113e-06
1.125349292197721933e-05
6.009228675620706526e-06
-3.625218323244582998e-06
5.558165265908678406e-06
1.150727334559457065e-05
2.771613192195876223e-06
6.904818902632848496e-06
-3.155275542838008655e-07
1.494985754423568856e-05
5.146438174625052041e-06
-3.103740163430373768e-06
1.213725840127027806e-05
4.480799906681738516e-06
8.625833485046610407e-06
5.431101617292097423e-06
5.769683408698934273e-06
8.136581812988211992e-06
1.293633407976478412e-05
5.081676356175275445e-07
5.449342512220637383e-06
5.700949923630076109e-07
1.067661282888963355e-05
5.091315784550154190e-06
-1.130830420340917484e-06
-4.164759430254615486e-06
-2.634358509233608594e-06
2.932773130453913781e-06
4.266616100010559437e-06
5.215737656821594964e-06
1.736337388855531755e-06
2.328643295024757569e-06
1.510367383321039130e-05
1.209264958701733341e-07
1.233488597307881059e-05
1.498475423397842849e-05
5.377945864420791711e-06
5.298294659078153140e-06
3.390073624306880022e-06
7.724704600072551425e-06
1.065741254261802551e-05
2.033341397616211182e-06
9.087541111458019062e-06
6.590420378953415683e-06
1.248235380435548262e-05
1.742099246117691026e-06
5.947409332475377319e-06
6.667780002814006142e-08
5.150190766030114571e-06
6.355511612994288516e-06
1.202055321989621208e-05
1.431432188431473169e-05
1.211322702656117787e-05
-1.645351569917012824e-06
4.787228299815834967e-06
6.270037971317267089e-06
5.032178625687068805e-06
7.538725858052903896e-06
-1.268838381369688405e-06
1.600344292801617053e-06
1.555812198667036060e-05
1.210641580422992877e-05
7.962805476203862386e-06
1.067578858183841640e-05
3.271016276932181214e-06
5.946327637397663672e-06
1.461300860058342482e-05
7.307176741507429817e-06
-8.822050747523826295e-06
1.266312613856593034e-05
-2.773272030022488893e-06
4.105851887732919403e-06
2.046284470426881305e-06
2.353146850281379984e-06
3.424450158263766728e-06
1.091369770530441670e-05
7.677196520192957526e-06
6.699778463787666009e-07
6.704610097804270312e-06
-8.297144867130180448e-06
5.042143214009625500e-06
1.045625536755591422e-05
2.487929130600624219e-06
6.071723290032518679e-06
-3.515708877522418558e-06
4.357997391292223183e-07
3.423108054761746139e-06
1.084393418730026649e-05
8.468848008305307734e-06
7.787720454392276068e-06
6.087098355864152953e-06
9.307062482060116752e-06
-5.500671637071135564e-06
4.608023013083564157e-06
8.857835378862556025e-06
-1.479812645098673012e-06
6.005268559863122233e-06
5.646253625738331792e-06
8.006343798209147427e-06
7.729074267563249988e-06
5.134615410654371632e-06
9.227500639094069412e-06
6.960052502268555542e-06
2.263937167929895933e-05
-2.596462966906419019e-06
-2.148941053946549663e-07
6.282924090353678979e-06
4.047549135993043470e-06
6.775495495699689064e-06
5.579339222743075185e-06
2.202084235970519491e-06
1.029245351372758135e-05
3.948941068419007617e-06
2.965197545429502341e-06
2.232496569407444825e-06
5.983590306995937070e-06
1.409314139568092569e-05
4.889365402840912926e-06
1.301723184592071620e-05
4.031331870193505989e-06
5.930838213921380898e-06
6.196259656523820052e-06
1.280642815118735019e-06
6.361185241276169489e-06
-8.396087328957517330e-07
7.268238362713757567e-06
1.527111277814108411e-05
1.204866483669209312e-05
9.711215253052143812e-06
3.814228599976239753e-08
1.574852822391255313e-05
-3.958521265662690456e-06
2.891227236007505627e-06
-2.321797165090063039e-06
9.356819856784046689e-06
9.172285103422915189e-06
7.773832765926707580e-06
1.547453040499044451e-05
5.162829560897531795e-06
2.003015474608733931e-05
2.058234831783417425e-05
4.086758420499131880e-06
4.026081026092275637e-06
-1.114572097267915665e-06
5.848100879104111654e-06
2.972383099687933806e-06
5.948848180321719608e-06
3.142294855388110117e-06
6.149032699293519834e-06
7.144447036254864268e-06
3.169146559117158511e-06
1.781252371460155049e-05
6.131862791943903788e-06
8.981711584405243013e-06
-3.025801410570141406e-06
-6.057505573607891636e-06
2.615261790000898982e-06
8.678823106622088511e-06
3.716543050079903588e-06
6.446138693164562051e-06
8.824155030524353915e-07
1.764552879235185338e-05
1.106583415131056707e-05
5.727013247458510642e-06
5.855348167533864114e-06
-1.057118654070592487e-06
1.210273689074424546e-05
1.474709917662787947e-06
-6.511806918339462812e-06
-1.091041070830494971e-06
1.213819585360268531e-05
1.920414247536511831e-05
1.038024274460465552e-05
-3.259207636035051733e-06
6.608150883290586004e-06
1.568477138304797024e-05
1.343925888269932305e-06
6.848013124588284794e-06
6.799780289863517547e-06
-4.049911854283120744e-06
-2.851047836211401412e-06
3.758713478323924122e-06
1.056237924067725785e-05
1.307777276257190441e-05
1.125430663539061137e-05
2.106511331781161177e-05
8.755814568316584915e-06
5.085980293263579364e-06
-2.373834776582852671e-06
1.365330871198481487e-05
1.208313287362886575e-05
-6.099696170704105133e-06
1.941586121092936582e-06
9.260952410249652679e-06
8.264140888973373929e-07
6.541264420533256848e-06
8.441152532896118438e-06
9.865317831730424679e-06
7.159852902402123265e-06
5.432651188900837387e-06
2.357624294428627811e-06
-3.398471154731792336e-06
4.688022821123479440e-07
2.628545367011764273e-06
4.138884553999498520e-06
6.279380671579023513e-06
3.801214569908788782e-06
3.622865676999176661e-06
1.574424968209501717e-05
-8.230695583802400658e-06
-4.794896023791787878e-06
2.947451453898216312e-06
5.145889308200889012e-06
6.988195829190392967e-06
7.950952192733447510e-06
7.224926128932793101e-07
1.273899993472199553e-06
-1.226022833418051333e-06
6.066144007216533284e-06
7.751226786634172694e-06
9.620757333160318334e-06
-7.556556444304410692e-06
2.278955053355428598e-06
8.636110755344747006e-06
-5.618283616276539874e-07
5.046350296103736749e-06
2.692602746581084790e-06
-1.452323068757344741e-06
-3.455898723254190295e-06
2.901556313774624457e-06
8.604556544332179720e-06
1.129773926525890989e-05
-9.046903345918397488e-06
-1.932375740691757410e-06
1.692477272860124209e-05
2.196661798201238796e-05
-5.818395722660372721e-06
6.261363974488249976e-06
1.889721119793774166e-05
4.827955112764195446e-07
-5.354001939851111250e-07
-5.124144805485700547e-07
1.324814048780282234e-05
4.224165046747723186e-06
6.160658667272495832e-06
-1.033163383444687438e-07
1.718176651074645312e-05
4.428228173034842526e-06
1.049365010382023955e-05
1.893902911118195337e-05
-2.610391847454376630e-06
6.269272857041189898e-06
-2.719010477720423997e-07
-5.482847194505073183e-06
1.003242704801758074e-05
8.131758854484534018e-06
1.069153956298054925e-06
1.754005976706193701e-05
1.852036711055729778e-05
1.926768087012012160e-05
4.856044145822601248e-06
2.025629592182821384e-06
9.217747898596311793e-06
-4.031099498580707912e-06
-1.278640955597908636e-06
3.520023915721673981e-06
1.602635602194187058e-06
8.354522821929682080e-06
6.160865209400777095e-06
1.249849455960780471e-05
-1.560236773739653728e-06
-2.386412683982842489e-06
-3.329325098806421344e-06
4.225966413739658703e-06
-1.802857860485509072e-06
-3.210113703833311466e-07
3.951749092001754623e-06
1.092140829439154942e-05
2.386533566802125737e-06
1.075662626293664759e-05
5.119448097388472118e-06
1.954763176529767340e-05
7.990196466907553298e-06
-2.595136909413673415e-06
9.001348338310347278e-07
1.273894797172420615e-05
-1.722585807097151614e-06
-4.214369521895299128e-06
2.624669512896352274e-06
2.160182027648046967e-07
