7.699961669162524178e-06
2.344419779609362084e-06
7.677204766848376005e-06
1.425856084539714188e-05
7.754289428848977527e-06
-6.630145195567375697e-06
-2.874178301846481426e-06
1.185522612099867758e-05
-6.179251539341817536e-06
-2.812564061445453722e-06
-1.893593850313238601e-06
2.613059772374008027e-07
7.403677223803434479e-06
2.752850727937444424e-06
7.996905064682278462e-06
8.695141566073988528e-06
-1.074890500783257300e-05
2.064437321663514629e-06
1.023768658782302717e-05
7.551755461867426495e-06
-3.704248825755353508e-06
-1.174188009080040099e-06
4.827699744658884360e-06
3.148603316755589787e-06
-1.997796987591461016e-06
5.242364793169304590e-06
6.818740854738975054e-06
5.184262019948583768e-06
6.717151085339854339e-06
1.045246773373577859e-05
5.270203835924225175e-06
2.771188426192943923e-06
-1.378335402798248180e-06
9.020649244342758437e-07
2.316406266754299180e-07
3.673798056675982714e-06
3.051953035167854567e-06
7.424238755487540389e-06
1.142753829880294835e-05
1.272136593377802757e-05
5.540701209317396581e-06
-1.563223923259315690e-08
1.433386286141565257e-05
-3.137007554415683826e-06
9.500281898884525692e-06
-3.242212020828264856e-06
9.739124815633034708e-06
7.004389486568871977e-06
7.826594073291888134e-06
3.319442738589408468e-06
2.764557172241550436e-07
-3.254211041447113103e-08
1.503045051387373468e-05
-6.261622968957708597e-07
1.133208508158606239e-06
1.079003300812771850e-05
3.573558113910197851e-06
5.409971790958322070e-08
1.124769098416265808e-06
3.243763404691136100e-06
4.862321870604618834e-06
2.406124403824407677e-06
5.290717551559712431e-06
3.142961823592213590e-06
8.203607323460757224e-06
6.444067960428503469e-06
7.985955537624908119e-06
5.547019277323457260e-06
6.819466677147682551e-06
9.392292852596298238e-06
1.451608722268113333e-06
5.241864914586027520e-06
6.261375886920094489e-06
1.184710804596921904e-05
9.123735420744639099e-06
4.609780867169076721e-06
3.436269258457314577e-07
2.794827865246220703e-06
8.975491673684641959e-06
1.078151129868014981e-05
6.535556900530817426e-06
2.119434391320128810e-06
-1.197549046475814624e-06
3.590290976183524554e-06
3.462311374241699415e-06
1.749342504938290315e-06
8.868419440263178939e-06
-2.076815520873609598e-06
4.956865237729723043e-06
1.193587004189424783e-05
-9.279070778317104257e-07
-8.090446218080558994e-06
4.691819550198957554e-06
4.002519991958778189e-06
-1.761829733283931034e-07
6.253345086438837801e-06
6.549147483224806024e-06
4.688192929929609698e-06
7.987538674848635185e-06
2.787358564031868157e-06
1.143359416592610602e-05
6.992926946899686756e-06
1.875837451238559536e-06
-8.584037758915999491e-07
3.361067102425437421e-07
-6.216362367436220131e-06
-3.892861227484614326e-06
4.504612594840315745e-06
6.783720863938747908e-06
1.657962014010059050e-06
8.636260053022488351e-06
6.010375489459348090e-06
8.050684626306229286e-06
5.027657799248384014e-06
-3.045648872747093167e-06
-2.567521191215155564e-06
1.372391982290060537e-05
7.878130802214879276e-06
3.238888234811987713e-06
2.571976577700324885e-06
-3.188220089446952342e-06
5.924606726468345732e-06
1.138590053793172126e-05
8.392072741580061492e-06
6.337972033525958131e-06
-3.723865785849479935e-06
8.482928752535548471e-07
3.551430896928555897e-06
9.147399802602019134e-06
3.330898036671607578e-06
-2.499622193995545033e-06
-5.409660263781585904e-07
8.397940232873161298e-06
1.041152261396885063e-05
1.062787442293671097e-05
-9.788957851654221456e-06
1.053753394865962206e-05
9.758985745125046133e-06
1.027910214272143820e-05
2.792471125227788463e-06
1.014093086097246868e-05
-4.028977933475379648e-06
2.663680168407364046e-06
2.971216892490006338e-06
8.878123491322079564e-06
2.973099614569168914e-06
1.074053103540523490e-05
-2.433085436295214857e-07
3.134410151438060968e-06
1.124540677112560741e-05
8.720458667390859831e-06
1.178122701095697645e-05
1.235471584001345123e-05
8.173625129945356500e-06
6.630352791953507989e-06
4.868921199466763872e-06
1.083189951566716088e-05
3.930042107482721561e-06
6.471939168520083757e-06
4.932435458488046907e-06
1.398604368519881597e-05
5.970473783662711938e-06
6.320980611228374686e-06
4.785896619095091212e-06
1.106639498483573613e-05
1.129522490065916441e-05
5.089392623037674285e-06
-1.366841056647925407e-06
4.536023133531731092e-06
5.591257799879847067e-06
1.889639854751002094e-06
3.264028558685062509e-06
1.458108095716526448e-06
3.794232280092251014e-06
1.844449520340995022e-05
-3.082478991977546587e-06
1.070693993375262334e-05
-2.254248966502702950e-06
6.024323192113430762e-06
9.455623224323033072e-06
6.715192044046026960e-06
9.763635011749573388e-06
7.041029371815956089e-06
1.075622663881069682e-05
5.492081020775997882e-06
1.159446639469959540e-05
-6.190119146073980734e-06
8.181955948355974540e-06
-8.132701472177063997e-08
9.736019067450969939e-06
-1.533908021978176329e-07
1.293549186065932767e-05
9.309991666392648750e-07
3.152539968630680008e-06
5.911156687119834356e-06
8.364666167097804694e-06
4.944542857403993825e-06
9.229529093315404020e-07
6.356247029740040662e-07
2.863304851246589599e-06
6.042969665961067262e-06
4.452777977665541745e-06
8.321850481747726110e-06
8.334580846881382650e-06
6.787200049070693866e-06
6.383289645491498030e-07
9.191472287576355900e-06
6.293686565114815162e-06
6.263072622220410904e-06
1.566719665298311031e-05
4.447344540117051446e-06
-2.568589593648678272e-07
4.626417701696436441e-06
9.346396297015323258e-06
8.123637344661681356e-06
2.356251835387922116e-06
6.583254986090890989e-06
1.112023018505460946e-05
1.400840701728572024e-05
4.593289157435124297e-06
5.487910053790325308e-06
1.510948854397342252e-05
1.074563176672288789e-05
-3.533253689364566949e-06
3.003842513829500524e-06
-6.855234645295740307e-07
-1.979806457595314770e-06
8.711938591324016665e-06
8.317448167162318727e-06
3.396686268296800529e-06
6.690687731167093998e-06
3.859387173814827702e-06
1.349814458334423084e-05
3.673073444259811105e-06
1.393955256509244867e-05
1.129173529211624039e-05
8.871980566586888748e-06
5.517807004802337056e-06
4.198176545605741037e-06
6.094617772966282210e-06
-8.310126004290990920e-08
1.182643720555747318e-05
4.987974133346759632e-06
7.429129020602223880e-06
1.416903969339005537e-05
1.349201012794142604e-05
-1.895329491221020832e-07
1.179785922567449398e-05
1.172129015846172782e-05
-1.209431661727801189e-06
5.389034089071478442e-06
2.062423300844886322e-06
9.151204321618000795e-06
2.788440415030641017e-06
8.087606477508347633e-06
1.131071434688413905e-05
-1.501936385453920645e-06
1.244783572388985613e-05
1.326283421960654169e-05
1.538285752310555290e-05
2.572288649553014401e-06
1.536617233687592732e-06
-2.286595003567531589e-06
4.051497485168904475e-06
8.107421987756245317e-06
1.992081248412530571e-06
-5.122026903870617219e-07
4.984992762555267709e-06
4.295462144843822374e-06
9.921580414072220895e-06
3.744567006407191678e-06
3.384301625903317236e-06
7.006391238915515705e-07
3.815029936727337096e-07
1.818168871033932631e-06
5.299128823293092732e-06
4.628018695927824793e-06
5.661126969079071154e-06
5.196992978823688833e-06
-5.455938285628904602e-06
9.524245486640429170e-06
1.302156021894899907e-05
1.325107214491067882e-05
1.770098285806355064e-06
1.044986640070595430e-05
1.649309062617927557e-06
-1.851152879895249680e-06
-1.735291428091679049e-07
4.511487602861055204e-06
2.081741496741466469e-06
3.834612194798207925e-06
-2.487142177489431179e-06
4.585359267063448605e-06
1.263475757370378938e-05
1.842302541202165091e-06
2.791607916834240638e-06
1.063583453244385733e-05
6.285652317036361802e-06
8.069344721004806428e-08
-4.803999894729853473e-06
-3.262800998720229509e-06
5.927777717416409631e-06
-1.876262025695763591e-06
1.456786885826083554e-05
-3.729664304545405947e-06
1.149771850143908254e-05
2.012635839407049407e-06
-5.788631429898938619e-06
6.921908145891551267e-06
1.074393212432448373e-05
7.832289575333646640e-07
1.674077813133241327e-06
8.057238112320290994e-06
2.475238918299388421e-06
8.288526929514996127e-06
1.586923418460679233e-05
-1.102446831974608571e-06
1.100498796304275245e-05
2.766214564625564726e-07
3.968810888406443379e-06
3.462812689256458584e-06
-8.361898629134549426e-07
6.396203207939327504e-06
3.946296806321211279e-06
1.748427387536571223e-06
5.628687591394247656e-06
6.780908073506350063e-06
6.506833617939689436e-06
8.307677240079395484e-06
1.488785301200338731e-06
3.928221378966675691e-06
6.294857687211082730e-07
1.616774094606358666e-06
-9.891454492277601665e-07
-9.008642586631363460e-07
6.518221045586679282e-06
1.876781741543860920e-06
8.790503843317206656e-06
2.343185543778854033e-06
3.233187363234825722e-06
2.488769495994936955e-06
2.860453896127248931e-06
9.039663800056718182e-06
-5.640658982397563086e-06
8.044827813615217422e-06
2.434594819626041948e-06
5.641360239045604438e-06
1.036349028992325977e-05
-2.034314936352996238e-07
5.277879296806544954e-06
5.787979997878789556e-06
3.320354692394362847e-06
5.589858520941707864e-07
1.013768777505953176e-05
1.671281350786961767e-05
1.624408478173600127e-08
-6.981337108000604473e-07
1.262000382432432403e-06
1.484353514644019547e-06
5.481051099580184202e-06
8.075660651839957805e-06
-1.765887649853589922e-06
9.336579885221199567e-06
1.275420948587808539e-06
8.196179108807662435e-06
3.366786539028240587e-06
-5.287144815246896761e-06
8.227218094951686802e-08
7.976211049351124511e-06
2.759063363309476783e-06
2.473735341337977907e-06
-5.902207466610485003e-07
5.016192209301980315e-06
1.848825575779289272e-06
7.228187897649133999e-06
1.793038967417241855e-05
1.259655407381191451e-05
9.958077096024334758e-06
1.247976332026805698e-06
8.068887702588590927e-06
1.875033529302613550e-06
4.933158148278767710e-06
1.096722247344151116e-06
2.982511070931977600e-06
4.450932617436000968e-06
2.179423179565872385e-06
6.644765782130102634e-06
1.074894300540342544e-05
8.115594964287542917e-06
-7.316713816411493590e-06
6.112708048864159438e-06
3.823082615634751259e-06
-2.577629245105443950e-06
2.925513964955569237e-06
3.710915310954550829e-06
1.450616089385979947e-06
1.444905735271015682e-06
1.112644764646288502e-05
6.804278395992076216e-06
7.145687398439874653e-06
1.274956391440423297e-05
3.042345065243505846e-06
-1.373027699885749365e-06
3.269177845028225646e-06
5.596927434856337532e-06
2.147139246249425805e-06
6.096536023194599793e-06
2.735286768220186379e-06
6.185671476732488888e-06
2.066024175143846442e-06
8.465407630202754512e-06
-3.439586818019383822e-06
1.009140446843660839e-05
1.010058097900853729e-05
4.350348589838608839e-06
1.813425920152442084e-06
4.753264790216462075e-06
3.931802085848894761e-06
2.391432707903922903e-06
5.404130143305826574e-06
3.488798740874324813e-06
2.791402949321993724e-06
6.511769481496767670e-06
7.388670386306932576e-06
2.808671812607475432e-07
7.205630453654357011e-06
-2.251537517200647278e-06
2.825635189076280565e-07
3.014546360095578915e-06
5.587998833192511119e-06
8.899218087844447305e-06
2.758650311726902300e-06
2.494637766463128604e-06
6.787574410568283887e-06
6.854436799533685968e-06
8.973732597113341192e-06
4.754377055941880359e-06
4.004886289420533331e-06
2.300628937757542608e-05
-7.898900863732689578e-06
-8.958135639910813728e-06
3.965780695566540699e-06
7.720906531711153753e-06
2.987455357318289925e-06
5.322756424581468210e-06
7.929797274541611435e-06
1.156521178450688041e-06
6.799436382290922480e-06
-7.616379866197318928e-06
1.290795911726661267e-05
7.934299778794253727e-06
2.702920189227116066e-06
7.117532917975282962e-07
2.951916244777423051e-06
4.211407350903074988e-06
1.903733113949503847e-06
8.615382208018514836e-06
6.221267748246733444e-06
9.237971249164185161e-06
1.286867304742364891e-05
7.955956595145643003e-06
1.088433109032320748e-05
2.767650481746349987e-06
2.378384616315173398e-06
-7.495979095438224961e-07
5.903331951089778979e-06
1.461220335667385573e-06
8.772628738664552762e-06
7.634962068889226836e-06
6.780066618722071371e-06
7.744322911214923926e-06
6.913135078856271868e-06
5.888415760924213551e-06
7.304606190319102004e-06
5.824223914864096638e-06
1.378341623493577347e-05
5.888273080327449160e-06
4.586958806949464798e-06
1.756914279272305090e-06
8.541476148822982890e-06
3.994284588443467087e-06
5.960965704979846311e-06
1.369771210875452470e-05
4.199962725594407715e-06
1.017419751776598558e-05
1.523065402345841371e-05
1.008441323907720771e-05
-1.933210424152383438e-06
-6.843506577785596620e-07
-5.492319538263983172e-06
4.035505108727099909e-06
4.683537995660142753e-06
6.852756035005546932e-07
4.013757045294234196e-06
3.894585966719508822e-06
3.099447739810300074e-06
9.438001636630564042e-06
1.364460836751001479e-05
2.729904285892796324e-07
-9.732898103985968448e-08
-1.445174434980354828e-06
-1.105601056995328583e-06
2.981272708618608745e-07
5.910271885823580675e-06
3.441109751161343554e-06
3.659383613857986585e-06
5.994507264188856203e-06
6.971908705822612808e-06
1.614495274587450011e-05
8.213407706522240495e-06
1.548568156705300814e-06
1.621926552541654758e-06
-1.912604722347026106e-06
2.158027663627228322e-06
3.154213621062943844e-06
-4.396601880630564161e-07
1.008533538752305085e-06
5.166697243253042061e-06
1.187792397074532774e-05
1.215675126203333481e-05
1.212560734060228399e-05
8.576639490451546559e-06
1.464665429576230318e-05
-2.241020201664257769e-06
4.983521537291231424e-06
-1.173810192178806546e-06
4.969793594372987248e-06
-1.847645831661239098e-07
4.424731327518893223e-06
1.254415547189632523e-05
3.976249067557894383e-06
2.945489370108155716e-06
7.153631435476569745e-06
9.664313041513810325e-06
1.054438921505134518e-05
6.105339667850877436e-06
1.203656533615209633e-05
3.074393524633154972e-06
1.113645357208499949e-05
-1.728356530205608048e-06
3.456637138442597911e-06
5.783032717371850361e-06
1.590374545275830202e-05
1.176935826848809696e-05
-5.581608314339267548e-06
3.362175465833510928e-06
6.110669525350300734e-06
3.034826265456008792e-08
1.839430008000385112e-06
5.375073367085879036e-06
-2.265883596409484082e-06
2.994378642024054360e-06
2.012029828203415554e-06
4.732667444678273152e-06
7.637795716921366738e-07
7.126043495066313318e-06
-2.710603049757249025e-06
3.102435929887526875e-07
1.218905617441496944e-05
1.238306992905448174e-05
5.557983709502808992e-06
1.702890147078779121e-06
2.254287457552857437e-06
2.487516146507389066e-06
7.387730695266181453e-06
9.066327593595257015e-06
1.164729253342375637e-05
4.649837427140297735e-06
-3.931199403191154374e-06
6.932497878313731095e-06
5.020689487283278879e-06
2.164276795336492966e-08
-4.129706970049116912e-07
-3.120343411087072909e-06
2.024794219687033896e-06
4.379415340350551474e-06
8.900307999383690727e-06
6.091965681772160944e-06
1.259017485946245006e-05
5.752669986716397772e-06
9.928799063636087238e-06
1.073138288699584079e-05
1.205349037957279398e-05
6.536265716071169549e-06
3.663566127175825413e-06
1.252448210255628358e-05
7.299577504795080485e-08
1.528630012272071259e-07
7.883929272369236387e-06
9.966011150118752284e-06
9.981317996183138795e-06
6.339004126851909034e-06
1.325074898723779091e-05
7.784750452631517096e-06
6.255623883897546821e-06
4.775258605204289439e-06
-1.117740803063680999e-06
1.653949308413472028e-06
-3.623706040399642873e-07
6.192627015256881445e-06
8.070915930102480045e-06
1.056106358798746480e-05
1.332325631802821904e-06
1.085613890528556965e-05
2.079899824847426374e-06
2.900723940043144519e-06
1.083506358539552475e-05
5.266541728568409146e-06
4.745839228872667496e-06
4.386048965079776608e-06
-1.606001169896530389e-07
7.809326312697465218e-06
3.469755392960356402e-06
1.288098422318626344e-05
5.320696771089959960e-06
1.193943883573009744e-05
1.667621419832364678e-05
6.988781676001241038e-07
3.323073024272886462e-06
1.059478617547935724e-05
-3.417218772283169456e-06
-1.611285935621297021e-06
-6.304357944162696454e-07
1.799066465895587275e-06
4.061535401154642783e-06
1.228892559210393165e-05
8.848543033363759781e-06
1.551861002413776726e-05
7.599124384828596590e-06
8.466110355003518266e-06
1.857225525240131228e-05
5.126508498789859999e-06
6.338214663046706326e-06
9.902003468318994832e-07
3.597659871636947281e-06
7.488308672080744326e-06
6.686461260712070031e-06
7.262656823487766161e-06
8.270906327826591138e-06
2.197904445633671368e-06
7.649227578988158219e-06
1.665441376795773572e-05
1.636157321817741057e-08
5.645891953401195830e-06
6.023363274462399710e-06
2.531893567038010515e-06
6.538113951584066087e-06
8.998725179121529628e-06
8.291275036146719023e-06
8.095865591141407995e-06
4.756684324109393474e-06
1.991062969924393432e-05
3.763651572990950774e-06
-1.974333743120122821e-06
3.244337199779437974e-06
3.676229430912588091e-06
1.428311267508424083e-05
5.716124108861247001e-06
1.024156276365717309e-05
-2.709781425702014491e-07
7.745301070010220354e-06
1.488380379289003332e-05
1.122097994110946184e-05
5.046536869576803710e-06
4.682308696397381522e-06
5.385643684843269804e-06
6.734477922830238635e-06
3.975402662026666930e-06
3.944597699386189971e-06
7.786505164359495607e-06
1.167422037838429036e-05
2.980207976224645836e-06
3.045150589546462770e-06
9.253481012401018166e-06
1.302025979675798855e-05
4.700446333689424857e-06
1.726213476450454341e-05
-2.344223474369681772e-06
8.343933872820037063e-06
1.497888837241137301e-05
2.098175307903112439e-06
2.839072392900153632e-06
4.511381747906714550e-06
8.913123014985522937e-06
4.189350885929293925e-06
3.692094711480594806e-06
5.561826687275483682e-06
-1.845606070764826023e-06
1.004692083996844008e-05
1.393315213498727457e-05
6.304923842414811794e-06
2.086537150027780278e-06
1.161872659963689748e-05
-2.406155674542221231e-06
1.130957521713986323e-06
2.108171833800454383e-06
3.166073652866399284e-06
6.533867452164006242e-06
2.551785942074774274e-06
5.950334042064095033e-06
1.446643889844809945e-05
3.278145657174902488e-06
6.135599082911594667e-06
3.151721401150094087e-06
7.041879694448296956e-06
2.884896585504119181e-06
1.053176578097500826e-05
6.247668234529956420e-06
3.750050008939855710e-06
1.116211364561754513e-05
5.940154719373776226e-06
1.009588242027556983e-05
4.156992805997018150e-06
8.443974048664844472e-06
2.247580151013715983e-06
8.337410874120837142e-06
2.491364404314358944e-06
6.026525131604264437e-06
7.115608136734171713e-06
7.773346473150371315e-06
3.173828950062484974e-06
3.534660275831460894e-06
1.096537619416068968e-05
5.169666091484912548e-06
1.895982030143609744e-05
6.307702834899907800e-06
1.323192059943594263e-05
2.918343688510373935e-06
1.912044421130744363e-06
6.494687847531771000e-06
3.011092994607356141e-06
1.889874400754727738e-06
5.396026677924529456e-06
3.532021474919803234e-06
7.007277115180167204e-06
7.293719699351534482e-06
6.817154634729080330e-06
8.995562494528690442e-06
9.565676152562336334e-06
1.434030999996202541e-05
1.134869915795185167e-06
3.675091034542483582e-06
4.156485828766796274e-08
9.037096474420322278e-06
4.603381390390723048e-06
9.665495132897540420e-06
1.072713808652767320e-05
7.225114625667642888e-06
8.055507691535408092e-06
2.290454615374747424e-06
2.907237714281227748e-06
2.370808734491617021e-06
5.028388623010508209e-06
8.094522296875773782e-07
8.750024347099229476e-06
8.907862723484805519e-06
2.740283439767594391e-06
4.916592796117833492e-06
6.729639003667490805e-06
-3.906576451604049922e-06
5.161710191545669927e-06
-5.979010530000752726e-06
-3.093316711354095501e-07
7.284684266607037381e-06
5.976701399187287861e-07
3.049065618385301058e-06
1.117543541887804846e-06
-4.703188074877583591e-06
1.743162768772206410e-06
5.365013946877685233e-06
1.689971279931493374e-06
1.443314716180521346e-05
1.181041036744171376e-05
7.811837186379743829e-06
7.757018024467349335e-06
7.999576170260828747e-06
-2.699644320492213598e-06
4.741611882491969081e-07
7.747294999027169951e-06
2.351897029231577120e-06
-7.654265842011018099e-07
4.501129223927168835e-06
1.160529415386278008e-05
6.232464798117104461e-06
1.570717316884128521e-06
-4.006060965474138789e-06
5.782785059654045006e-06
9.984828493491784378e-06
1.102352853481261202e-05
-1.064108899612095881e-05
6.175380787880045701e-07
7.820117362774297356e-06
2.016122508739087461e-06
6.258794411238891517e-06
1.319812693757576269e-05
8.551131235154091467e-06
1.544143199163404035e-05
1.477313647663570313e-05
-7.323512058049755316e-06
9.509138258636146111e-06
4.869445179103790341e-06
2.194660757470644996e-07
8.611141733543754601e-07
7.292553071373043454e-06
1.034942464321222759e-06
1.236912460799336581e-06
7.281906035322789518e-06
1.975717357338643515e-05
4.421676427179292829e-06
7.023057818011073073e-06
-5.245643309995891887e-06
1.008155397844301590e-05
3.870008429930637834e-06
-1.600983886153896352e-06
5.866442670178076241e-06
4.447352062517590426e-06
3.464501856746397376e-06
3.834916634173220253e-06
-9.686958545514379376e-08
1.269792095221304381e-05
1.319182779924821813e-06
-4.514428465661819614e-06
-3.633350494026912783e-06
-4.392846907939343135e-06
5.296133269018458837e-06
4.086838810526527066e-06
6.376604143586690129e-06
2.656501987102812865e-06
1.336289014978331505e-06
8.566171381270488625e-06
8.551605798406108742e-06
4.074653376833872165e-06
3.232519470170368051e-06
1.531033009037747713e-05
7.951147022867386820e-06
6.343482703532300869e-06
8.537744439567475190e-06
3.877743770478983060e-06
1.005209809705270160e-06
5.933146811075429633e-06
7.949547807621125200e-06
1.379532958542204680e-05
1.074562458222240597e-05
-3.453716596624200310e-06
2.541136069622991022e-06
4.967527500974163802e-06
8.203857366976830856e-07
1.926134058736192668e-05
-4.821421852835855691e-06
4.200536529769241131e-06
-4.340080476735028162e-06
6.499371705554542453e-06
8.786803478315931011e-06
8.024819302028992824e-06
-4.774534910120517319e-07
8.502184416946239882e-06
8.378644424400665984e-06
4.456057256352651525e-06
3.572105313136627441e-06
6.872777482598488839e-06
4.088446872070570855e-06
-3.500899661826438350e-06
-8.951909349598453058e-07
3.980757928216719229e-06
3.965792810617132291e-06
5.161117669671158470e-06
1.002370930047080094e-05
2.755688818780216899e-06
9.479809454297049426e-06
7.471896429212175031e-07
1.129882401953275251e-05
5.117975127967916452e-06
-2.745734197948535964e-06
-5.015614577481133915e-06
6.973415269493371097e-07
2.105319003603535107e-06
5.572875207559492362e-06
1.386209080776734580e-06
4.029527010217593087e-06
1.425936267811250942e-05
1.231584301880374435e-05
4.151483600571796994e-06
5.325133338813691690e-06
4.798948951973631472e-06
-8.741585648317599566e-07
4.321404045345628399e-06
2.187093812850208675e-06
2.156784674623093882e-06
-7.144539214071219699e-07
1.104779544261771456e-05
8.328377578963121715e-06
4.921199229203046559e-06
1.300825868709028799e-05
1.085014654206314985e-05
1.271154371055671466e-05
8.620137093089285364e-06
1.130905875790409677e-05
4.445498587310547795e-06
1.075490843876513804e-05
1.642985224535395083e-06
3.909836219820551751e-06
4.387441772098659043e-06
1.061747968404602945e-05
1.141253430746446166e-05
5.514114782395471964e-06
1.446562335536827061e-05
5.278710234592861679e-06
3.705402603199341097e-06
2.483049143400315240e-06
4.913961445705852557e-06
7.433386301025355952e-06
5.028235215213208925e-07
7.599128173775894286e-06
9.671467063668468363e-06
-6.441174857525137143e-07
9.887435968205579567e-06
8.460736602536821264e-06
1.497156283987338957e-05
1.389059865278496515e-05
1.931336595224556817e-06
6.345519083906151124e-06
2.507235122806554550e-06
-8.467213380187283908e-06
6.684394027467823436e-06
4.463496458066382695e-07
7.259125399360311727e-06
-5.807245753304470483e-08
2.022315255915047556e-05
1.567300912494549309e-05
-4.678267441457748818e-08
4.389543287128090939e-06
8.563309767798052622e-06
-1.672092562900442784e-06
-2.786692176350330213e-06
4.805219435434835004e-06
2.201731843763483759e-06
3.715872282112766668e-06
3.929341435048728399e-06
4.226022379824775290e-06
-9.657552372911944576e-06
1.025385315304872302e-05
5.042837559012363084e-06
1.428262245171413228e-05
-2.035333392031129120e-06
-9.328097473186343160e-06
1.586588679260616468e-06
8.620863207525109563e-06
1.860990323683658077e-06
4.118223488121960344e-06
5.472469557731023435e-06
4.931212697034115210e-06
8.241292686577190402e-06
8.260121495763076373e-06
3.321451594922691034e-06
1.009590863200955384e-05
-3.526068861971858941e-06
1.920726308509155126e-06
-5.229899857270306329e-06
-1.613959710049105135e-06
-3.787043191676261354e-06
-4.080708970623252652e-07
9.533730292063943436e-06
8.813842190389553998e-06
8.526469303813637558e-06
8.696244480089670561e-06
1.589276531966830200e-05
3.119119618808748472e-06
2.166812650257655659e-06
1.874716050041600342e-06
7.353385726249730590e-06
2.311065996267310140e-07
7.632226944989729911e-06
-2.374130637032073246e-06
5.725540065510486038e-06
2.475883112300852999e-06
1.206484704478988285e-05
4.903637649549537648e-06
8.299086103550541737e-06
1.503976696129790942e-06
-3.952251378569339296e-07
-2.333553812258718106e-07
2.538132679552029961e-06
-1.120683743809893860e-06
1.652059865732431743e-06
1.068307604261580985e-06
-6.709424350447269295e-07
9.151951888614339196e-06
4.666538678117109119e-06
6.222183460549318700e-06
9.095623316592706626e-08
8.666562130123524311e-06
9.130209035340769940e-06
3.612620803943858250e-06
-2.824627654707140554e-06
5.417213974189158197e-06
2.200202278940182563e-06
5.272979792050050884e-06
5.092794630336969160e-06
5.547897937816729810e-06
1.266002351643331335e-05
1.322688120611340094e-05
6.167784580268762093e-07
4.749213652543508180e-06
3.216178047057281344e-06
-1.173818787036786805e-06
-4.050900155616522536e-06
4.011986022416415152e-06
3.624859264419496718e-06
5.231017523484040908e-06
5.231050487832133055e-06
1.471979955178297760e-05
5.630897259645345151e-06
-1.170857265772855446e-05
-5.610867418750515349e-06
1.227516470513367195e-05
-1.089336384442162367e-06
5.598093200943009963e-06
-4.920680134999933720e-06
4.711400421548104909e-06
7.592388996315630560e-06
3.212827636953084706e-06
1.580961457561521257e-06
1.936193776232461060e-06
1.037891326723043681e-05
1.444267819503649146e-05
4.705847810461695966e-06
7.482321818160745755e-07
-3.032016445437842113e-06
-3.226991322398882900e-06
2.405093675068640680e-06
3.660102648953154934e-06
3.529273477436528234e-06
2.453037684817569717e-06
2.838808503465878143e-06
1.110270322195863902e-05
3.050503019252226399e-07
1.332265345883995671e-06
4.757530709163517265e-06
1.067331707417262515e-05
-3.242000476269378579e-07
-1.086129327115897023e-06
3.901468928766168178e-06
4.811429735782584940e-06
-3.123380289261678967e-06
6.672809234693439743e-06
3.510058773336393122e-06
7.373410114458486703e-06
6.792504480515859080e-06
2.207243117212168623e-05
8.262284986331864154e-06
6.367226117536539021e-06
-1.791303683085253733e-07
5.521862980578800044e-06
3.395407223928356236e-07
-3.900083334922595212e-07
2.706483466874729441e-06
6.694274525434835618e-06
7.556377803417504480e-06
1.268728276444874641e-05
5.059809573551934427e-06
1.123495419636556362e-05
8.846536503099573684e-06
5.032571575358082981e-06
8.311777526064846074e-06
2.736227264847927797e-06
6.304244399140513176e-07
1.038185408354553163e-05
1.421258539232480372e-06
4.640262217547245875e-06
8.920917524005344821e-06
1.016748050410943926e-06
-8.171223334412872181e-07
6.956365491864564281e-06
7.668011022521039255e-06
3.274871195471452175e-06
1.078181005857027860e-06
-1.544467549362357639e-06
-2.704860820214756626e-06
-7.077082839085929456e-06
-1.192478232511166418e-08
4.203874463395489748e-06
7.569070832918294836e-06
1.240243472515970352e-05
8.520207049040918277e-06
4.968577790444764576e-06
1.051830115875392530e-05
7.513431578708374415e-06
-6.735885769740131994e-06
3.483049339607188668e-06
6.363689226713535725e-06
6.221328603116445582e-06
3.428992093830599791e-06
2.456410450963201294e-06
5.648504111674566437e-06
1.346607008124435663e-06
8.779673672628883192e-06
6.735621592428951795e-06
9.274796523840984181e-06
2.103708855118366831e-06
-5.300172401588901172e-06
-2.374725042500185976e-06
8.309517045108714685e-06
8.741417109415722058e-06
4.221328846639840600e-06
6.792365476787574716e-06
7.123972761262406230e-06
7.423161674210874805e-06
8.018968589928360911e-06
6.884309168156387377e-06
1.271052090121952469e-05
1.717761365877198569e-05
1.363472015933998637e-06
9.127096825149578455e-07
1.199048083553805296e-06
7.735554463239311990e-06
4.357103920164520054e-06
3.478797748880641447e-06
4.138569890932014391e-06
4.109603055943227274e-06
1.774632661859992043e-06
-3.685083307538924494e-06
1.263258843277154234e-05
1.345135540593785350e-06
3.715791391759886670e-06
3.005570217961774392e-07
-3.348562094929768520e-06
6.607913346064673298e-06
1.355013676930263466e-06
2.408709051533904586e-06
1.112423025984692952e-05
6.777951235841425987e-06
9.562809089350487400e-06
-6.734721827724550031e-06
1.661017966549079974e-05
4.652328568616990435e-06
6.951770548667617368e-06
-4.619051251998655594e-07
5.368591277466163900e-06
4.299357158733639475e-06
6.792333764050951828e-06
2.264988791470313366e-06
-1.195606008714599579e-06
7.388578727246858744e-06
-5.080681344183585493e-06
1.960123754977133466e-05
2.432421955390392738e-06
5.939561742986947737e-06
-6.704479125712652349e-06
9.197442537586828510e-06
5.666858764169994251e-06
4.816929676041194670e-06
1.445976592139943826e-06
4.756690156008160502e-10
4.854061260734931851e-06
6.071135573514781271e-06
4.718206213312586897e-06
7.223294290711276629e-06
9.791137288365171469e-07
7.724264286793804059e-07
3.702702641056995875e-06
3.785176765850927269e-06
8.053953862067056229e-06
3.960986843456525861e-06
7.925941452457151959e-06
8.489085251480865403e-06
8.561545723662370501e-06
6.630379262655105049e-06
8.936338605601243954e-06
1.775447353840997448e-05
4.826428946172409998e-06
1.972063635546974539e-06
5.680909980255548457e-06
6.849112495816127576e-06
7.428635175932299228e-07
-3.373031608814861821e-06
5.472748970612562054e-06
8.893564793340206912e-06
1.212300318417844816e-05
1.424919260976576486e-05
8.121520752443851169e-06
5.080577760175153612e-06
8.031712489344321006e-06
7.859063845128679435e-06
1.314403605389987222e-06
-1.886944632283977962e-06
-2.850409434608026908e-06
-5.764829904117360976e-06
3.297377210716001709e-06
5.099815544849304184e-06
1.437294241670101186e-05
1.125392232982211826e-05
1.767538921794450818e-05
7.862003325571931424e-06
1.582815707134686354e-05
1.385735802365505755e-05
8.479207995239732720e-06
4.939978389403858097e-06
-4.467845697526237730e-06
-3.457569333180411003e-06
-7.384620858080638862e-06
7.377503592685931933e-06
7.020333830083570436e-06
1.200504474936151690e-05
6.675952800480348996e-06
1.817543940855828015e-06
-5.346107390151562425e-06
-8.366746928396279131e-06
1.465196945900379294e-05
3.352646939248760456e-06
-2.811883314399683886e-06
2.907006266508342525e-06
-2.976195823111820708e-07
4.769986281480125130e-06
6.037427894097008740e-06
9.625945862663154963e-06
1.324613565008733550e-05
5.914417126403344537e-06
9.930121648260126127e-06
1.935069277214891147e-05
1.092331108851793405e-05
5.366422527357109158e-06
-1.319431466757887416e-06
1.160870052237280240e-05
5.687043667332274974e-06
2.351922666501005313e-06
3.910249020598359959e-06
1.214025653121044239e-05
1.072669230451348595e-05
7.376634623194887611e-06
1.356573707267549882e-05
1.560102055791628989e-06
4.311388351968515593e-07
6.476082203573672177e-06
7.358922832618170142e-07
2.353595638084132670e-06
2.844535824745691356e-06
8.306050179103400475e-06
5.337707468183641121e-06
2.092418822547831218e-06
7.580004858359481524e-06
9.252223518762599946e-06
1.317042286736979529e-05
1.702403162371220565e-05
7.303687235121137164e-06
4.730747712235972942e-06
1.873523830184108224e-05
3.766429953756126168e-06
4.551353253230860414e-06
6.189888091675246955e-06
5.571797960745747257e-06
6.318672894634571981e-06
1.203380053690902318e-05
6.785584635666152604e-06
-2.117601905741864951e-07
9.800432000814297923e-06
-1.328711073573051160e-06
-2.086511875842477008e-06
5.803753483476107215e-06
-2.794708200568023045e-06
5.819320960426441418e-06
3.006617364761432677e-06
1.032192649715829531e-05
9.846960852516116437e-06
9.699626358843641810e-06
7.439323168127521919e-06
1.341582602098835224e-05
1.549497062100170839e-05
1.031175205347006657e-06
9.848522331078063012e-06
4.395502961551223882e-07
4.544306097311592335e-06
7.357244638871864544e-06
7.450680092864336851e-06
8.233858086475754536e-06
1.273985659062378859e-06
1.003649709685536607e-05
1.574046226531366913e-05
4.333348729791597741e-06
1.025731214002867167e-05
7.283757269474589531e-06
1.601105735729487430e-05
7.520126112639296494e-06
3.958033434760844800e-06
2.465125859003202432e-06
3.606972115914333640e-06
7.108191115093391352e-06
7.571878392928391998e-06
1.535888122402220041e-06
8.707584723809074889e-06
1.491093443054480693e-05
1.108196378206852927e-05
7.939945533739107284e-06
1.489661608766774428e-06
-3.331666581694456492e-06
5.309790850823339763e-06
1.811725639624863081e-06
3.905907679888766854e-06
6.616232757802984264e-06
1.022527416896177929e-05
-8.615628424851007779e-07
9.941414636337590443e-06
9.048989340516979752e-06
6.355451099817771485e-06
4.078910075431220074e-07
-2.311556523352017967e-06
8.946519839492971152e-07
5.199596700095091776e-06
5.510130698125500801e-06
1.146351980283233699e-05
6.141927353498593266e-06
9.461379222734580819e-06
4.457977524774513928e-06
1.104442489403766117e-05
-2.143170482651309621e-07
2.616980426120250338e-06
-6.315083408047985112e-06
8.641299118235798028e-06
3.411879994224916848e-06
1.068227391017395325e-05
7.219642074615430668e-07
1.653963467641433591e-06
-1.172162751725205743e-06
3.785677369411264129e-06
1.214842821347104283e-05
1.444405469602685973e-05
4.905439344463895666e-07
6.029190410708112301e-06
7.496222320210989956e-06
2.058429315595344258e-05
8.710747616099701943e-06
-2.253647785767590070e-06
5.237573145162138982e-06
6.625225130762986106e-06
8.750027806372072289e-06
6.804177874312271404e-06
1.039066153632061014e-05
6.822109910221620273e-06
7.480217116570945750e-06
1.135412426565585559e-05
1.397192339621145560e-05
-4.318078529718946043e-06
2.472508448721526578e-06
8.849711611007112568e-06
-1.783630084531931004e-06
-1.766697486838547527e-06
2.973195672137549407e-06
8.377671967400798114e-06
7.576125436604297577e-06
1.654634941505679830e-05
5.591870411031654587e-06
2.057339698765228187e-06
8.498934498857218996e-06
-3.020943474416802149e-06
-3.269184033150000185e-06
-1.376178169448870877e-06
6.286104765267165277e-06
6.878653527167951783e-06
9.488515938800842422e-06
1.301438035461541598e-05
7.877636241005448367e-06
6.850184219430362728e-06
3.702237816265418471e-06
1.812894006848146269e-06
-1.163546630103781141e-06
1.491636628406836415e-05
8.316117814101477215e-07
8.318688426117184911e-07
7.726503266381598762e-06
6.329716775412394201e-06
9.303914797682599473e-06
1.106738561192765070e-05
1.647961407091291321e-06
9.031693310583874151e-06
1.173343644452766492e-05
4.465017886630076790e-06
6.327826173162032928e-06
1.531242078592566898e-06
-3.541800817566502719e-08
5.627076311787744901e-06
2.066036757743457790e-06
1.314715073483784380e-06
7.701092089215238955e-06
7.055969382569497493e-06
-7.961724027871792100e-07
7.021052305183486492e-06
1.210656344977393837e-05
1.010579404147135919e-05
1.557289379988157756e-06
-2.789738815128473929e-08
-6.287660672964741958e-07
2.507946045850428075e-06
-3.886856480709831716e-07
8.389165938294118613e-06
1.220032027480105638e-05
6.004764553480268677e-06
1.949927397942163984e-06
1.649815298018774144e-06
1.306657455940112951e-05
4.775207465579856638e-06
9.457645448204728280e-06
2.023335747838644398e-07
3.326327281000435790e-06
1.551138675080220442e-06
1.057384279321635000e-05
2.569351297323010252e-06
3.856206331101448094e-06
3.011232930258885336e-06
2.475252486145224703e-06
6.215694430768190237e-06
1.479741346428538288e-05
1.028846408024080975e-05
-9.280742691414543094e-09
-4.790861936270572964e-06
1.101550867200897595e-05
9.282514484929748345e-06
3.753833264913449144e-06
3.961298306666578591e-06
9.468729712756663710e-06
-1.676203323604277353e-06
7.357740613849839724e-06
1.460654077485682182e-05
1.070332943591579151e-05
1.601004621829308248e-05
1.576128649231379373e-07
5.055204828041693973e-06
-8.816360953896783544e-06
1.997302745747026337e-06
3.698372737706392151e-06
5.845268146531452222e-06
4.570444231096629880e-06
1.378524587152802998e-05
-3.987904354042794527e-06
1.322517523406072609e-05
-1.982405618964901090e-06
2.502188252946329285e-05
1.175930882607104642e-05
8.943753736312614157e-06
2.965196342746342827e-06
4.974432952168220178e-06
3.351171846559191601e-06
3.351674285929863268e-06
6.819419934951378916e-06
1.387839937367817113e-05
6.018262154351532415e-06
3.802151160615538064e-06
3.585360701992427073e-06
1.122904716604907007e-05
7.539937541204954157e-06
1.410248708045617363e-05
4.495740756065228351e-06
2.239259876096732462e-06
3.995774405016300451e-06
7.505805064485668300e-06
1.136520705204396080e-05
5.278381893348983932e-06
6.306693986409863257e-06
-1.953686574274728605e-06
1.366684666681650995e-05
1.096419110895975135e-05
-9.304323890682095363e-07
9.821933645098952830e-06
9.668632509311313551e-07
3.326643531136445665e-06
6.257177522367388452e-07
5.607061652739181387e-06
7.544938062824116226e-06
1.204854036695837207e-05
1.089205337147752395e-05
1.765080757082613134e-05
1.296576524884694290e-05
3.395616853536072098e-06
5.787889788304914821e-06
3.863169995321101956e-06
4.099094755729338557e-06
6.300676828122464756e-06
5.565164793528109976e-06
-1.453442157655644013e-06
9.027641932650133189e-06
1.147650365231308059e-05
7.584864617731921889e-06
1.180323882744039895e-05
5.301134380680531405e-06
1.641214289441301910e-05
4.040510239180253781e-06
1.265182030426324651e-05
-5.654423892109694871e-07
3.881975022909942592e-06
2.805872497413029964e-06
2.962528353094942070e-06
7.942839522877461340e-06
8.429592512065720955e-06
-1.331325763615837667e-06
-1.108566763080564153e-06
9.433558716510020497e-07
1.092423156637005673e-05
-6.132141261699024718e-06
6.960917120536273479e-07
-1.549926801612555062e-07
5.254865627363357027e-06
2.285723476233888262e-06
2.178928761192017759e-06
7.491084025249184511e-06
-1.150724184330169532e-06
1.877957805938609866e-05
1.194522946451475351e-05
1.058298836432167333e-05
9.835966780277966272e-06
1.132585376359128357e-05
1.379026445478346899e-05
8.156400834551110778e-06
3.244999783811677382e-06
4.226951775299911088e-06
1.022220068220102874e-05
2.959666657575667601e-06
1.950433544957689881e-06
1.563115565333255563e-05
8.864921948462867109e-06
1.315850151957613614e-05
8.965040656638206950e-06
-2.030811801621251266e-06
-2.395167200282232629e-06
2.369165236431034535e-06
2.021920133155636952e-06
1.058483871225561644e-06
2.309156538587218667e-06
2.028462858165936598e-06
-1.299343036329764103e-07
6.243849478118407115e-06
8.331746166640140240e-06
7.024733787148493039e-06
6.973291179100221875e-06
8.242648729297555603e-06
-2.506910017957557937e-06
5.451764776628850987e-06
-5.854617620711360921e-06
2.811819100654741386e-06
4.404426850880087894e-06
6.610672104481772545e-06
-2.363533017424857884e-06
1.092920368025831637e-05
6.705412081253321601e-06
4.421169541607937211e-06
-4.837406335382422514e-07
3.164145095810307838e-06
2.799933163412982975e-06
-3.191051040350403227e-06
5.030599640324768657e-06
2.466952066894090949e-06
7.182154823525620948e-06
2.689671337011384072e-06
3.758572430037998367e-06
1.042957670770889580e-05
4.502023694672500143e-06
-5.179775728396844239e-06
8.739191384755052994e-06
1.509005836025635472e-07
1.412073416705827812e-06
-5.938432581162753249e-07
3.316637714225539831e-06
3.363988604046003266e-06
4.062955524199676076e-06
-2.302409710073202323e-06
9.674842226820150415e-07
1.126117388648493080e-05
-1.026623458309407597e-06
7.734393969808674689e-06
9.071504706110426216e-06
2.277211131599533964e-06
6.133999152620539245e-07
4.748081320293466755e-06
7.804799922700632344e-06
7.905379404011396809e-06
2.211633581964755153e-06
-2.706994851988359696e-06
1.227407408164807617e-05
1.286562917595398246e-06
1.043295937106042394e-05
5.218921382498682151e-06
8.775154227988016015e-06
-2.728393421523242067e-07
-4.635870003969372117e-06
-1.454029746143378626e-06
1.191265769756319693e-06
1.053541529594273757e-05
4.829218435011443761e-06
5.144839937833401421e-06
3.398921002724394362e-06
1.045893832926785591e-05
1.518682479974131463e-05
1.373214339568113579e-05
1.381293201266675130e-05
4.670733573571354792e-06
5.765776101934040538e-06
-6.554703606255517503e-06
1.776817748286998779e-06
2.297849013680895130e-06
6.438186860688092105e-06
8.771486925155408211e-06
1.046371588419132769e-05
1.190640971437151238e-05
2.159168125910955882e-06
1.310384392157120364e-05
-2.857964046855736015e-06
2.140175264019693003e-06
5.014644817985663938e-06
7.551245748729818779e-07
3.890726773198980850e-07
3.922497727470820768e-06
2.663877457521701874e-06
3.824613955224639590e-06
8.045131692785000105e-06
3.480299169937204057e-06
3.501177917630621405e-06
2.119827177801158729e-06
1.709092959154332971e-05
5.857782067748861314e-06
-3.303553272315875867e-06
5.567044861833185881e-06
6.273466750625313638e-06
4.564756734826659130e-06
7.396736822487413044e-06
2.880698642920521265e-06
6.984248037078242612e-06
1.248373305453802628e-05
7.030464259668185237e-06
1.667801626308659138e-06
1.167402895440189697e-05
3.210705684348933419e-06
3.764879564827627138e-06
-1.685040540896206022e-06
-2.185772407076673701e-06
3.360440493415121823e-06
1.103693448045781694e-05
5.627192508924371738e-06
1.346583849839646096e-05
8.402281380060348356e-06
1.149329641888783628e-06
1.174450183853431014e-05
2.554399691501434923e-06
-1.428885222871615707e-06
1.335744990118038823e-05
-2.673039455187386287e-06
-2.738387423429596179e-06
4.875952379203577312e-06
4.857603046999447333e-06
2.611960779236851870e-06
8.082258595060625898e-06
1.309340355063270421e-05
1.357973769576238283e-05
9.441634335545564058e-07
1.045830443420013619e-05
-1.115968092171482741e-06
7.580409043434439140e-06
1.640338991958541952e-06
1.892479254081560389e-06
6.373064039787669610e-07
-9.778631669369169001e-07
7.689911792033953585e-06
1.056429236749130003e-05
-2.304733957555554483e-06
1.535616212422582816e-05
1.299021988360124682e-05
3.567723572237677565e-06
3.079819581613084057e-06
-5.347771031668306576e-07
4.292882020360008920e-06
2.086703339123567502e-06
2.417027658741491437e-06
8.523146377850939216e-06
5.003642706378256492e-06
7.199639321217276953e-06
1.065107831587438510e-05
2.917319721338195553e-06
1.063035843550154854e-05
1.106707146100307898e-05
4.123812182842817847e-06
1.223000991748753277e-06
1.994831668110370979e-06
2.094981255519253891e-07
7.708725982775367188e-06
5.621678902677836228e-06
8.332377479346704334e-06
9.447957332650228887e-06
9.626134271641059476e-06
1.434621395865543239e-05
6.018357099463467807e-06
3.249342731860039203e-06
8.990912399308585484e-06
3.314285505314010374e-06
-3.033058736023200785e-08
5.074624476687105436e-06
7.913125951755307222e-06
5.695775258283706476e-06
8.676356338227902965e-06
8.000294365190559621e-06
4.821396420222617462e-06
-7.965692994229356639e-07
4.073094915843300385e-07
1.063482273857802409e-05
6.537358405627222041e-06
-1.935836641741984073e-07
8.700817457324226312e-06
-3.966047676546603445e-06
6.850949908631596162e-06
7.942871104974850014e-07
1.041114360828084134e-05
8.258785333122703386e-06
6.670852427611086266e-06
6.716656739842074716e-06
-5.477246563339393688e-06
-5.842168918240597864e-06
-3.915585776632366325e-06
1.566134764536795939e-06
-2.315643720481218578e-06
2.274943756013198395e-06
-9.311526607749689566e-07
-4.448960025751647224e-07
4.924590801588158735e-06
6.260454918481836147e-06
9.840914522657750769e-06
4.894585251482481482e-06
2.495413764382259429e-06
1.178603402245756409e-05
1.131303724896246104e-05
3.784672381325253481e-06
2.794899702967820796e-06
2.598580054765496130e-06
3.296785688044928849e-06
1.757569850552409497e-06
9.703376546994487377e-06
6.705537377285001134e-06
4.274140056560540054e-06
1.898334854224722278e-05
6.118137141938975696e-06
1.218372332217843387e-05
3.963129845554633745e-06
3.412139362606264436e-06
3.407213262732881496e-06
3.984553707373607422e-06
4.172915322254516240e-06
9.857658857920524720e-06
1.720463779532183565e-05
8.863303396169222307e-06
8.151754114835785007e-06
2.989306791807912814e-06
1.525173417583869815e-05
2.448286873234786152e-06
7.536750156992490974e-06
4.236231157525470055e-06
-2.125222039447224932e-06
3.350446479064244776e-06
4.738323024340289238e-06
7.334722477041727551e-07
8.572884382379197170e-06
7.480669996476783214e-06
1.216869840560019579e-05
5.381059064593085459e-06
6.972774113852636896e-06
1.295070925821684791e-05
9.798182195244051741e-06
8.188608755019526159e-06
3.658643833524990469e-07
2.905433328796307472e-06
5.119804209952697774e-06
5.553423105091589157e-06
3.116661814416229158e-07
8.611211804613958987e-06
3.237453559116797494e-06
1.012120753634577324e-05
2.758259451884030815e-06
7.597983799303654670e-06
3.716103784086760366e-06
2.866845642346474585e-06
6.432685865298534347e-06
4.141342984562066205e-06
2.641222799010583278e-06
5.222699613277105307e-06
6.101774279232409901e-06
1.153530603614782990e-05
9.658487506354044669e-07
9.068762190520881595e-07
4.370821603521638733e-06
1.596987414277657483e-05
6.696608179301903394e-06
4.980124980653889909e-07
4.705453848197409890e-06
3.002052262629518981e-06
1.229243980792904725e-05
4.286972996702089173e-06
1.597467070458498652e-06
8.784959514883206391e-06
6.025846014202757052e-06
3.393727646760999731e-06
-1.519375451516319315e-06
9.197098576353706053e-06
1.284060743812188425e-05
8.740840875086999139e-06
1.430163207858362360e-06
5.066630329252923320e-07
9.847925116824170924e-06
-1.006526169943400918e-06
1.252243754835442399e-05
4.825922161462602023e-06
8.907717956977640117e-06
1.647903604013158867e-05
5.334606632492295602e-06
-5.821989303861992570e-06
-1.653820950354708467e-07
-1.527750455319693278e-06
1.261656872216213341e-05
-1.053313618144158438e-06
4.622034187163455115e-07
1.097323264469913556e-05
1.676403757273104518e-06
4.785824706178727797e-06
1.337630111773400050e-05
2.082510421865928782e-05
2.642872298139919069e-06
2.005167598820307652e-06
7.154634865927849865e-06
-6.963436160404183889e-08
4.618992450668694909e-06
-6.839971866579872571e-07
2.224043535802460658e-06
6.370957664497189094e-06
7.286873702301161886e-06
9.388268952988673368e-06
5.419844037397198046e-06
1.176963450450030568e-05
1.860991608374211893e-05
1.607524052879600546e-05
-3.035742532426443526e-06
9.206829271345384115e-06
-3.355086988580924512e-06
-3.133729250574563805e-06
-8.043451886525864632e-07
4.430014685304414062e-06
1.431848139633842022e-05
7.800763660294412368e-06
1.813487206486980976e-05
1.570458875815587655e-05
8.857469423240703094e-06
8.752278549865438175e-06
4.725968617796374579e-06
5.531056691112946753e-06
3.354399197968652445e-06
1.771993310258364124e-06
5.951036610987889333e-06
3.652084656633366317e-06
2.623004421419872080e-06
1.598919705633641318e-05
1.111149240518238114e-05
1.299354612039788589e-05
1.593751803725200244e-06
6.662580325508207118e-06
2.158293511193938374e-06
4.134778892575340222e-06
-4.115310599082466517e-06
3.903350830231363148e-06
2.236260520525252776e-07
4.768852635417807061e-06
1.026820818479248513e-05
1.010181343160751968e-05
1.898267467038804716e-05
-4.376649397868904279e-06
5.037687102062106226e-06
3.339256860227123570e-06
1.122893400349630791e-05
-1.085234499928056497e-05
-8.429963059781943237e-06
7.641140663403947689e-06
2.913379681411079714e-06
4.238161645575149796e-06
8.078334529109770825e-06
9.396243336693222353e-06
5.482977558908531743e-06
1.262776642435311851e-05
9.282452090754098311e-06
3.193925730204119676e-06
3.576707283126286943e-06
8.250776554283974706e-06
9.486257195927983853e-06
8.499695092239362723e-06
2.021169184895094275e-06
-7.079638138494578263e-08
1.443216566870766982e-05
1.454071089161448194e-05
1.241545639939031521e-05
3.673588544669680151e-06
1.557278863096685153e-05
1.003669398095328026e-05
-7.623605710545130407e-07
-8.237504651542687598e-06
-5.185271644208434675e-06
2.129321079096724818e-06
6.624764891756069541e-06
4.124915366682404086e-07
7.698839455069584139e-06
1.318110784554920163e-06
4.707412619413896782e-07
6.088054253489336188e-06
1.185591048989455118e-05
-2.676165183202790604e-06
-3.940770653794285012e-07
6.353334433954892093e-06
-7.442729686840322138e-06
4.676790179009972866e-06
1.306619002155860219e-06
5.988985542527570267e-06
1.266667524709568072e-05
2.840556505422093082e-06
1.344165773569930880e-05
8.634830093525401517e-06
-9.010563633200044059e-06
4.282208824829197911e-06
-2.446006026752896254e-06
7.540710502471724981e-07
8.553366452762091200e-07
-2.980142773073859265e-06
1.541606127829392469e-05
8.077112847678939093e-06
7.317521366358382638e-06
5.707002937392801911e-06
1.105522205963545018e-05
5.248062783971262169e-06
9.385845287884222402e-06
9.585774920947343942e-06
8.909523430135678231e-06
-1.234882008449782312e-06
1.069280262086501599e-06
1.780419937738158866e-06
3.223057224198790955e-06
3.519141454561567735e-06
2.108395084177651146e-06
1.088141782919410173e-05
6.320805013008266175e-06
1.019534428403222849e-05
1.301713017363107463e-05
1.472684075947552633e-05
4.070335587052910168e-06
-6.030256762253192714e-06
1.205440139441245880e-06
-2.408695300889885945e-07
5.127027169209309444e-06
1.479529181291104956e-06
7.640225306048728353e-06
4.277865018109764562e-06
2.003855927131194280e-06
9.070244160000107670e-06
1.712481280756253862e-05
1.051235376603611212e-05
-5.920541592757867059e-06
4.743979160873528585e-06
8.313312888596232256e-06
-6.001258655639512506e-07
