6.392148751060432085e-06
2.893132466642112932e-06
9.764913751450167415e-06
1.808420258810346684e-05
5.210847015914925307e-06
-9.777175433622430615e-06
-6.145799368199703183e-06
1.329233228137508766e-05
-1.291134496718883976e-05
-7.643971021983651541e-06
-2.279928746543819569e-06
2.308973816735739311e-06
8.312835822583188942e-06
2.233088867660200997e-06
4.536663485699757326e-06
8.962810862538099480e-06
-9.207776285842868521e-06
-2.239024616309555824e-06
1.037398237567777398e-05
6.332271418710210655e-06
-5.760817902644176078e-06
-2.378919943866921521e-06
6.458905797436483560e-06
4.335101355914502668e-06
-1.072470869364690032e-06
7.260290249818218012e-06
5.133686504843390531e-06
1.648485388850598015e-06
5.805803060191331240e-06
9.866324782894604213e-06
4.847206337147057154e-06
4.412381946258393158e-06
-4.951943254870134463e-06
-4.938280472538393945e-07
-2.310886756841725439e-06
4.315653483459417075e-06
5.786927024842582857e-06
8.918749592825099190e-06
1.191133560605038447e-05
1.457284506827026116e-05
5.977572541745886602e-06
-2.159904880054603746e-06
1.836892505037687929e-05
-5.170827405034620669e-06
1.531455862687584343e-06
-4.249966263712143038e-06
1.041917124171051187e-05
8.576954941181111870e-06
8.790759657046957233e-06
3.656224054559131154e-06
-5.896300728052353285e-07
-2.615233909112890055e-06
1.502610963021630215e-05
-2.605288708044566615e-06
2.210304911931205112e-06
1.234568929807641778e-05
2.283224724723744248e-06
-4.062286751460530922e-06
-2.936574905624646878e-06
5.062703142514279866e-06
7.026869179911666341e-06
1.424730221714289895e-06
7.092532493854956398e-06
3.957372352780055598e-06
6.541407939234350151e-06
5.477266522677117668e-06
8.918908964700777644e-06
6.913292640438147203e-06
4.268209749936381964e-06
7.896892309228518999e-06
-7.267588593429256507e-07
6.498269885638175825e-06
9.653945109778048954e-06
1.652906326655700570e-05
1.150990843575229137e-05
2.285245023203059742e-06
-5.906217189033981351e-07
-7.024338987978763191e-07
8.211866422596127022e-06
1.199851966433525114e-05
6.682573307395879511e-06
-3.033615523935866204e-07
-1.883904726465022431e-06
3.657604918164751066e-06
5.367399393555504828e-06
2.263784435208668479e-06
6.701131795100921777e-06
-2.321447380908893296e-06
7.895146262520429231e-06
1.339571341501998784e-05
-5.367846663303837553e-06
-1.149237493731329917e-05
7.206940079170626947e-06
2.525080450364668642e-06
-3.139526955686187129e-06
6.163592737374942489e-06
6.410553665210737596e-06
5.860352067735790116e-06
7.160552636692473389e-06
3.738391027513771460e-06
1.124979525502612811e-05
8.867123444474489334e-06
1.020713220944793592e-06
-5.258776912968442043e-06
-9.156052785969358301e-07
-9.129135764371294463e-06
-6.950592834844503754e-06
6.672185570696198617e-06
8.340661546132761072e-06
1.293227490890067456e-06
1.069986826421194957e-05
5.456509823826175537e-06
8.769970034689695973e-06
2.999078726877160979e-06
-6.479524298945857355e-06
-3.380988252224602281e-06
1.452019950358382922e-05
1.112248171495657228e-05
1.638171544975474641e-06
3.718201169663719494e-06
-5.502225696206972138e-06
6.264245559866521353e-06
1.468755686185361428e-05
9.280379693139126896e-06
6.001690367839540899e-06
-7.347474232972073725e-06
-6.471235753643178556e-07
5.225093995275077852e-06
8.391374147096139252e-06
3.703772116810584356e-06
-3.708873846123018796e-06
1.364845361555577118e-06
1.129535320937879597e-05
1.292278146333783608e-05
9.414823938135246875e-06
-9.885557911379405703e-06
8.166481089623450111e-06
9.989843411681278423e-06
9.952804877065759014e-06
1.424934655850044083e-06
1.072408829014067357e-05
-7.016495980373832802e-06
2.590030177781591042e-06
2.011291918898894050e-06
9.113191488778952552e-06
3.423816940908987246e-06
8.985181975729947064e-06
-5.647602713157336299e-06
1.619213415400931563e-06
1.219994351549124550e-05
9.404610790338918308e-06
1.340795675286555928e-05
1.062142191798180802e-05
8.020227624871264160e-06
4.683509162453517659e-06
3.387935872059411628e-06
1.242531660783071238e-05
4.789152112368339647e-06
6.045993273637681830e-06
4.810482807924334800e-06
1.351689517404854916e-05
7.587282461656979066e-06
6.218691376004281239e-06
3.519370609239475411e-06
8.783080582184693731e-06
1.078601819030808692e-05
6.143478937557007027e-06
-4.521674216464055375e-06
1.802538613844539591e-06
6.310327836663265052e-06
3.251209631813261101e-06
2.243880376181928053e-06
-2.422814073526582204e-06
4.058972596136942069e-06
2.180488523609547632e-05
-5.685178279412601489e-06
9.076641104233862912e-06
-5.268867903135392923e-06
6.243397971730992571e-06
1.147037569360477658e-05
6.115832203456086574e-06
1.340973023584074055e-05
9.612867011373235520e-06
6.740758204390410522e-06
4.481156929533421020e-06
9.324727482291996197e-06
-1.093124528211953857e-05
8.178928963244695835e-06
-2.444954146737708302e-06
7.763719360974581519e-06
-5.327496784282455637e-07
1.639273552895571649e-05
1.309819837144423144e-06
4.027956228230227208e-06
6.662721787974724128e-06
6.632161517469176481e-06
3.592616577147630235e-06
-2.943996292167424103e-07
-7.831970754103978947e-07
1.622921716203959771e-06
4.687874322128939025e-06
4.471089577892754142e-06
9.594793479435807535e-06
1.108607356260431826e-05
7.560126240411576003e-06
1.664208836117699209e-07
9.182704672198577754e-06
3.605790573040301680e-06
5.602171783823858278e-06
1.642805029934273379e-05
1.794312069442507765e-06
-4.539999473417168640e-06
-3.017744572262090877e-06
1.232273138066851027e-05
1.077699624597530777e-05
2.154953612061940538e-06
9.139478065505065273e-06
9.226483866364906252e-06
1.585500610768533780e-05
2.937310325307895520e-06
2.919027080116325049e-06
1.662230876136626805e-05
9.282239755321466943e-06
-2.404272560894925028e-06
4.816737414267327370e-06
-1.474786076249101742e-06
-4.207702813841865522e-06
9.941247320137351816e-06
1.048448162315544674e-05
2.903084003548188171e-06
6.739150869871916413e-06
2.193001734107987966e-06
1.666561398071277530e-05
4.793593751238154358e-06
1.723842181716534743e-05
9.973130677842337489e-06
1.053232923567243680e-05
3.298616124405780982e-06
2.425226098833809597e-06
8.392110653899846382e-06
1.417071790179844475e-06
1.474434069874786789e-05
4.561167480593410355e-06
4.699421081047936963e-06
1.675702989179292781e-05
1.534917870221136560e-05
-4.188249727021409236e-06
1.379312010942529960e-05
6.624614868944983204e-06
-4.305895506610839650e-06
5.348406612183208315e-06
2.532117629698413149e-06
1.022733979075515616e-05
3.770604245977546320e-06
8.049336869404198164e-06
1.076841411880363677e-05
-6.230853419388977475e-06
1.274956431904763854e-05
9.562119055113972184e-06
1.705282056444834478e-05
7.146918615131282484e-07
-7.411114124105492301e-07
-4.157310648185741272e-06
4.771688215962815268e-06
1.161869507816786199e-05
5.741176801829551033e-07
-1.773143404440211408e-06
2.191263469033170690e-06
3.425640778940628160e-06
8.757098274850543757e-06
3.580159534460968461e-06
1.703755898280262662e-06
-5.696549185809291297e-06
-5.482542997864550895e-07
8.235699137543853943e-07
5.945544681051008172e-06
6.596204177222783915e-06
5.071087971892460297e-06
6.392110349873924043e-06
-4.213239898016168430e-06
1.003407306251974291e-05
1.000305885190226787e-05
1.831273750805013432e-05
-6.171996004571546130e-07
1.616153680101459878e-05
2.741667114978399577e-06
-4.266099158574031927e-06
2.411601930283902079e-06
6.739805013055418520e-06
4.286849114377732064e-06
5.204202317657882776e-06
-2.898998526890565417e-06
5.813325603740213319e-06
1.226921713478974630e-05
2.730861059976966385e-06
1.434824383724456107e-06
1.399079292837491681e-05
4.225988111964355939e-06
-2.189023636887258017e-06
-8.040104587044344842e-06
-2.727571431239262840e-06
6.882841390679031575e-06
-4.112012707411742092e-06
1.233444054794739686e-05
-7.050622563737114004e-06
1.454594251500702031e-05
-1.908283125630199811e-06
-9.053200579994043640e-06
8.091277481183732336e-06
1.069374862605538218e-05
-9.927247975124272939e-07
7.079543481038642713e-07
1.109585481086994869e-05
4.278996079038570378e-06
8.438466687499694954e-06
1.338789320565732466e-05
-2.248914825400177293e-07
1.315673285099770159e-05
-2.602702253024501804e-06
3.025282672315390071e-06
4.160019425669306624e-07
-5.448365200449763670e-06
5.214389372782032896e-06
3.465767912710244313e-06
5.011208246753028418e-06
8.543878413963191650e-06
2.872155292908459597e-06
6.252106478571811430e-06
8.977245835247626410e-06
3.104443122408751650e-06
3.310088424415688423e-06
2.768383596756185103e-06
1.210992421589824882e-08
-2.493302199093970631e-06
-2.107793758747941081e-06
7.238611013576538547e-06
4.120672812536828566e-06
1.092583146536642959e-05
1.016857041461294647e-06
3.302010036792328050e-06
7.676949493413933141e-07
-3.174406484904338815e-06
5.600963660298019361e-06
-9.901999513802796281e-06
6.059540099039319320e-06
6.387385376087831736e-07
4.345606525891013658e-06
1.204545651190399212e-05
-1.361514349667585067e-06
7.338796137025148203e-06
5.516822614604360903e-06
1.631382034661795108e-06
-2.238698250071047913e-06
1.246904394353345565e-05
1.999289165744555559e-05
-3.131195778019717992e-06
-1.059122722135896270e-06
-4.005177743876690582e-06
-3.481782414163963776e-07
5.782188866078710053e-06
1.040182458655867764e-05
-2.637749077226268129e-06
1.106331220727365892e-05
6.029284318392985695e-07
8.689132718797341599e-06
4.450638727757839302e-06
-1.007255320470442478e-05
-2.717545037743439999e-06
4.421457913291357358e-06
1.363706400328496626e-06
4.310553126280786631e-06
-3.150298043837355100e-06
5.731634447427114264e-06
3.331720620114941581e-06
7.331205893487318692e-06
2.177844490643767694e-05
1.528385612267537936e-05
7.863642181877686217e-06
-4.454747936590034814e-06
7.396402859432711359e-06
-2.734693738814804818e-07
5.675381491584034932e-06
2.501992054886541647e-06
2.401280690652027150e-06
5.320333777917926785e-06
2.525554337977406421e-06
7.569011665084168966e-06
1.271549016494241559e-05
7.404101709466325656e-06
-9.349317682879536122e-06
5.163883633749826643e-06
4.962613005617843819e-06
-1.728271551883763755e-06
7.803133409103889701e-07
4.526594818733125271e-06
1.026867802415872587e-06
1.274431321218292075e-06
1.448104120551448040e-05
7.455876051677491361e-06
7.232268841768611388e-06
8.773615199262946898e-06
3.752684473674762523e-06
-5.507738914759575243e-06
4.442743705203552476e-06
5.665310870207572661e-06
2.855024415219828693e-06
4.403439954431625902e-06
3.308678882509618246e-06
8.582659152536138881e-06
5.191361981176078680e-06
1.016215026281687527e-05
-4.813844124662347520e-06
1.118678728885299419e-05
1.222860544074779578e-05
4.231054976596496030e-06
1.272790007872071218e-06
1.382939279503477019e-06
1.871308329586392035e-06
3.078012731390505190e-06
4.839490488550248917e-06
4.613653415859533112e-06
5.182090210448110675e-06
9.313205643640322468e-06
6.293366548818964767e-06
-4.069052075952811097e-07
5.951274172878658616e-06
-5.154613647814562587e-06
-2.648583909046984821e-06
5.652031822794711590e-06
2.723375323913807942e-06
1.045348742424974180e-05
1.197520596799865901e-07
4.693406278538069146e-06
1.008457814366008260e-05
6.965468725823662040e-06
8.518163547136300346e-06
2.593905704838254508e-06
-1.404466399859024435e-06
2.422141720958675067e-05
-1.107627554718798929e-05
-1.642633295736743165e-05
1.135181754122287034e-06
9.127827957756724588e-06
4.917338203995996507e-06
8.312641676266691526e-06
9.729776661452994426e-06
-4.877762425895038201e-07
8.184761760142735383e-06
-8.838649651879017092e-06
1.556862228915467517e-05
5.910884841696008651e-06
-8.132580590396880641e-07
-8.704460023582474682e-07
1.918142303507248789e-06
3.918352891115615699e-06
9.387607218773821823e-07
1.038550588482807348e-05
6.972402360868395571e-06
9.844239571471579019e-06
1.168463085479077663e-05
8.153650375994329907e-06
1.404229241538546470e-05
5.511754640170585549e-07
3.474761473336107826e-06
-3.081102931595433423e-06
2.920725008458647932e-06
2.932154924174417983e-07
1.109949785513279925e-05
7.765864420359278074e-06
9.290579302493486607e-06
5.413890013020820112e-06
9.090100273381640058e-06
8.074134955847630290e-06
9.212366071303920020e-06
3.618565258580180657e-06
1.339468377161937034e-05
4.358334893779174278e-06
1.825525079874244256e-06
2.967496645644791942e-06
1.036141905539535580e-05
4.929566971759620768e-06
3.044362878411475307e-06
1.619850203877144879e-05
4.686742005607381246e-06
1.083066406313181960e-05
1.288160364608775890e-05
1.077863757770372076e-05
-4.421716259411957180e-06
-1.976623211279810851e-06
-9.008864833068327673e-06
3.108587251270360845e-06
3.588401646314497894e-06
6.395923258626356003e-07
4.274479051992663146e-06
6.378972823351354800e-06
3.634388818693667231e-06
1.313243089957286638e-05
1.681440126527663348e-05
-3.614196330286982471e-06
-2.352754918838443921e-06
-2.051683434770748341e-06
-2.168272241543837983e-06
-1.773418392883310784e-06
6.833813407610757915e-06
5.925747817981073366e-06
3.538402747020086313e-06
5.555570486815124044e-06
9.557167951251324046e-06
1.531165394112082753e-05
7.552819542738726951e-06
4.665128422565042337e-07
7.160532760561613896e-07
-1.063807151298000171e-05
5.653114961270922097e-07
2.641832613527227071e-06
-1.517008215386292856e-06
9.786269173131522716e-07
6.800860417636299895e-06
1.286068208587030399e-05
1.391717984152665921e-05
1.239678096182329603e-05
1.050442854077121454e-05
1.554530604178699297e-05
-5.707233686505519192e-06
5.322531703192637089e-06
-5.167872175343269916e-06
4.928043095151021129e-06
-3.909162837765689634e-08
4.888322879425241822e-06
1.608747962857229519e-05
3.344584932907396009e-06
2.864765091869714560e-06
8.008114314074416581e-06
1.240564858235919503e-05
1.227528408575737006e-05
2.620459396113807592e-06
1.388744483643204083e-05
4.525720708568425047e-06
1.224435048099676208e-05
-1.520352930952280198e-06
3.694916083326496453e-06
4.513910627450460383e-06
1.647322046126149315e-05
1.511790367826019044e-05
-1.739272815875076279e-05
6.925782239703281594e-07
4.681485322010543759e-06
-3.526078333604765293e-07
-5.627596587344550902e-07
5.785559665652983459e-06
-4.528888279188640486e-06
4.786418554123836849e-06
-6.371136929174383434e-07
4.418295306248165649e-06
-1.906550687898587859e-06
6.327624112995435236e-06
-3.773863066975658762e-06
1.965008368149357426e-06
1.509299734838091185e-05
1.462091654596056950e-05
6.434763978221516249e-06
9.044015914310203646e-07
1.959625161494742999e-06
3.600421580708694054e-06
1.048897027436212377e-05
9.588582459142571722e-06
8.093862868973165581e-06
2.403132517616590035e-06
-8.500924434661576474e-06
7.796940084275249261e-06
3.440834782641072561e-06
-3.580128515016624746e-06
-4.572798125032672125e-06
-7.209094740959756216e-06
2.328525021460545999e-07
4.544731036081893910e-06
9.462920464920171037e-06
7.553410950616302532e-06
1.049669559616487192e-05
2.988060144952526325e-06
1.277745414048706527e-05
9.698873045273505200e-06
1.543837211903553350e-05
8.659068871062074890e-06
1.522539127359428462e-06
1.339891682636461168e-05
1.288310999740586526e-06
-5.024052546527609110e-07
8.985509179945087318e-06
1.541507171065988196e-05
1.063712240777532891e-05
6.586979608368243689e-06
1.538635035023866961e-05
1.116534801562115029e-05
9.097927892330040164e-06
1.056981928109876993e-06
-3.175078906681168466e-06
2.459120837216964927e-06
-3.426966760168365256e-06
9.352997635233780311e-06
8.214386912038911456e-06
1.328515603656880852e-05
8.977022360919502535e-07
1.129920162653362475e-05
3.555977141985827668e-06
5.935346801376031803e-07
1.006161154958587640e-05
5.152153987069479193e-06
4.780195482464671169e-06
4.627347731560301464e-06
-3.895382667103005901e-06
9.519006173339478196e-06
5.507156436782452956e-06
1.544824924072408999e-05
2.800677586784717938e-06
9.435692786600312595e-06
2.257892411402595304e-05
5.786202360218893281e-07
1.102828113478358118e-06
7.446933113025151753e-06
-6.119168285903742485e-06
3.558746620163007720e-07
-2.956893282824265546e-06
3.757589417992730101e-06
5.607457940128599499e-06
1.443389048730801411e-05
1.136993562800978518e-05
1.124989293753976641e-05
9.344744378675881805e-06
1.035749963137096864e-05
1.959361505222172514e-05
3.890819334249957009e-06
6.405187165001183328e-06
-1.400786993234968246e-07
4.386027916840781908e-06
1.101534858021047483e-05
6.957881961365428659e-06
1.017049802244497869e-05
6.843861908806593179e-06
4.491532202732531701e-06
8.379324188594037379e-06
2.001842774916802277e-05
-2.218383399926832170e-06
4.761606222045562100e-06
6.763800674206912414e-06
4.985029685057492917e-06
4.450219894846731967e-06
9.939160785410873665e-06
9.882119165929100876e-06
1.003154214610331579e-05
6.638555620124713540e-06
2.183203023801268277e-05
2.552833323985823220e-07
-5.981097750526394442e-06
3.055555933354636750e-06
-1.115452318329457452e-07
1.668967169659716954e-05
6.185888424134612037e-06
1.311812837147673675e-05
-5.505629357504783320e-08
9.894263794613754174e-06
1.514923066916454538e-05
1.364735008719043998e-05
3.478696747201908508e-06
7.413740102093324235e-06
5.254849946001417705e-06
5.578303627342748650e-06
3.102007989503679439e-06
7.540456346099697569e-07
8.441984551280652712e-06
1.557318692090012605e-05
3.784708028108670363e-06
1.880544476239057487e-06
9.442731167920283836e-06
1.570468866035086615e-05
5.899162338422740336e-06
2.140009606432174166e-05
-5.923456246794719357e-06
8.067760425389325970e-06
1.272733597912344093e-05
3.915587400301720200e-06
4.137958298091968029e-07
5.723381740480493158e-07
1.196509526690392348e-05
5.576559517597228217e-06
5.593059856622275227e-06
5.437678643825672654e-06
-4.101808645637142599e-06
1.106924348135556443e-05
1.827754953079288786e-05
8.086032261059927781e-06
1.553215322231965590e-06
1.013882381062180265e-05
-1.936504041277600811e-06
1.801562924823924630e-06
2.514507902285121343e-06
3.979257580456813367e-06
8.556820753673554002e-06
3.029899352325385773e-06
4.996388884733151958e-06
1.770380251561357344e-05
3.390427653052866306e-06
2.809389744705724780e-06
4.429582917733510187e-07
5.666356172983840960e-06
-3.419461752487839624e-07
1.221351301881520699e-05
7.416845362831438953e-06
5.620413999860882010e-06
1.559403657231661351e-05
8.937661004804888391e-06
9.227980774561977904e-06
7.036497188360343758e-06
5.041017887812995646e-06
1.753256404869631412e-06
9.367393415422255903e-06
5.063696484485591135e-06
6.172947721379822711e-06
8.807362682769269917e-06
8.858216814647462201e-06
3.923553734794113820e-06
4.251345440926102564e-06
1.169225738621083249e-05
4.826233939080502045e-06
2.168461110068164882e-05
2.991564797687084717e-06
1.398074323706526968e-05
3.795493273255614608e-06
1.610355359351133301e-06
9.237171013226537305e-06
2.861988993593956093e-06
2.047111889477171870e-06
5.749993388192559548e-06
1.648248113856959210e-06
7.996483334337364235e-06
6.706491650480765808e-06
6.740405258192824610e-06
1.130539546402057259e-05
9.463679433982414175e-06
1.784924513755290062e-05
1.788137861976584406e-07
4.120608234961225691e-06
-7.485365889904692573e-07
1.128889721743864109e-05
5.368792943981439794e-06
4.719187015239446552e-06
1.022956073461530711e-05
7.595334860766842405e-06
1.142038872990985319e-05
-1.511641756689741807e-06
2.720764207675307320e-06
-2.196420507943865128e-06
4.863307708410473113e-06
7.457839162690292208e-07
9.876815772944238519e-06
9.427195762261371295e-06
4.484200101860905264e-06
6.544195120142449807e-06
7.930953725769859480e-06
-5.318505121348893116e-06
2.453891390881694619e-06
-7.068069887160892070e-06
1.340792522427552024e-07
8.873611354721227745e-06
-1.720955118677359700e-06
1.463247949893453107e-06
2.854810777588947717e-06
-4.601586346847987911e-06
1.526961435391281920e-06
3.411558292273475581e-06
-5.841206659304616119e-07
1.606379013105364866e-05
9.715860808850796038e-06
9.064305212027475668e-06
9.029086714505118316e-06
1.036261516671720298e-05
-6.053862000595547994e-06
-4.887522027561893461e-06
8.442064806059230951e-06
2.053857277721483042e-06
-1.033892535434673049e-06
5.365075748314563688e-06
1.150740411107513894e-05
5.910096298694652865e-06
-3.540315435936041278e-06
-6.104794386390013934e-06
5.015111235226919967e-06
8.985197517061025503e-06
1.458098720579773806e-05
-1.390535575122165326e-05
4.917975105873538912e-07
7.793544304805427318e-06
2.777834194186366366e-06
7.345958417329740488e-06
1.593215524297324399e-05
8.293212412962309247e-06
1.731475438978525316e-05
1.834669491138016183e-05
-1.718914925382339240e-05
9.030029811228121832e-06
2.677838354323223975e-06
1.543212057634726161e-07
8.703065611015531439e-07
9.976111408868056264e-06
-3.307559674524672789e-07
2.209278693112992783e-06
7.219339637323609108e-06
2.345099109265288696e-05
6.488419122720945436e-06
7.023789412247163912e-06
-5.777293522651100406e-06
1.112427645689202531e-05
3.945030892414509300e-06
-2.808825942162184346e-06
8.785854606107462117e-06
5.253249920882516621e-06
3.424062260142285298e-06
5.088748403886970987e-06
-4.424981443156404325e-06
9.425784988814026399e-06
3.984009479297350354e-07
-6.798681814618177468e-06
-3.063082749165276400e-06
-8.092772222181390489e-06
7.985280735116049138e-06
2.321325868943492994e-06
4.508605168421599240e-06
3.043237383666974192e-06
3.060172057490730347e-06
9.830580993713614599e-06
9.218373235777783042e-06
5.807356658830498636e-06
4.319246871928350188e-06
1.376525653556621329e-05
9.272572752104828167e-06
5.817979842943717911e-06
1.171626954526732605e-05
5.090328446571298578e-06
1.351415410502465543e-06
5.616398580665807346e-06
1.006437365508331033e-05
1.712142328201393248e-05
1.327026221763897993e-05
-4.901379630424565313e-06
2.695356721399310052e-06
4.990688302343181802e-06
7.247816468538629421e-07
2.200797427114412899e-05
-6.751586883235779917e-06
4.148826272823048783e-06
-5.770464052882749466e-06
7.556379870594198922e-06
1.052357343860999239e-05
8.598323673455220194e-06
4.952052830164843601e-07
8.005137526516391716e-06
1.176581946676143281e-05
3.536553873328327772e-06
5.220035769971428676e-06
4.905693294742275216e-06
3.000875241406585777e-06
-6.535813840967190902e-06
-3.523955759441943443e-06
2.280500996974390948e-06
5.507554965742708570e-06
5.973296801574604058e-06
1.163854767863701111e-05
-2.248844363166419167e-06
9.692086755839872392e-06
-1.573249650030546903e-06
1.070492015102007694e-05
4.172411055959787472e-06
-5.765163491662212159e-06
-8.435658507653995744e-06
2.753994703964213358e-06
1.355823427871994973e-06
5.855787988930751945e-06
2.079369656092131178e-07
3.558679077725369510e-06
1.365116501954885967e-05
1.582663742526943179e-05
5.027078408369944322e-06
4.119430721143442334e-06
4.587628452725939637e-06
-1.899027005545284203e-06
4.648748924368497529e-06
1.799710694221287929e-06
1.144266422189502426e-07
-2.819067944941866872e-07
1.004967790112459673e-05
8.143316760718506971e-06
2.209878891234812343e-06
1.418902495975249520e-05
1.107916918701485853e-05
1.279884984742593925e-05
8.494317820353499020e-06
9.063677896899802682e-06
3.886067252215748768e-06
1.135001185069327123e-05
1.359694510526967648e-06
4.845747773099876631e-06
5.339413591597425819e-06
1.277394440336838228e-05
1.208773838271998903e-05
7.635263805105841291e-06
1.594649005079210014e-05
3.373403752003695840e-06
6.600286001396069724e-06
3.364587391622904264e-06
2.795807302741167804e-06
5.344234460828041274e-06
1.189408827855395215e-06
9.217229235767952986e-06
1.030323451073231157e-05
-1.840080787973862836e-06
1.116657160158018343e-05
8.323265568415119870e-06
1.388387376877262607e-05
1.326537628449554056e-05
2.134892629207536554e-06
7.769400772441713643e-06
2.233104015528759164e-06
-1.242557901043072385e-05
6.895480720707939794e-06
1.566253484271230933e-06
8.086749159654264482e-06
1.962357703271207280e-06
2.523865759254909311e-05
1.828009536828476299e-05
-1.581461060278822926e-06
2.803188658736259936e-06
1.074373398377985251e-05
-3.008876773889676848e-06
-3.710038000554166903e-06
5.318013401034539847e-06
1.854317904912131364e-06
4.660328084028378039e-06
4.560621864446469071e-06
4.119654383874597025e-06
-1.333035431959816819e-05
1.009840197716382086e-05
3.041370581729383584e-06
1.454079598672856292e-05
-3.754277098331654407e-06
-1.142308265869966228e-05
-2.876477716692149544e-06
9.818434025393678847e-06
7.731829672029539730e-07
5.905487243878996616e-06
5.323940617124006710e-06
8.939792800159846633e-06
7.731893585965661983e-06
6.839487787790919735e-06
4.884270102233158677e-06
9.692398788194367797e-06
-3.108884343659737082e-06
2.849178616276940078e-06
-3.379011353124836310e-06
-4.620453136781720247e-06
-3.162368661876489074e-06
1.169343171916431815e-07
1.103681224859798017e-05
6.925074315674345892e-06
9.119086253902432786e-06
7.272417919211923748e-06
1.936723252770942798e-05
3.978403944575188320e-07
-1.883177055955499874e-06
-2.238211076232620087e-09
9.748648713900274186e-06
-1.418487762368626329e-06
8.047069070600500865e-06
-3.016488324372122156e-06
6.817944589311583023e-06
-1.041966395945246528e-06
1.060119101675166366e-05
5.843478964007292496e-06
8.954797395883539414e-06
2.300515831051100836e-06
-3.238602901843956991e-06
-1.808274526783722143e-06
1.222594454267845531e-06
-1.821394088037329787e-06
3.327538863659448562e-06
2.052307645984150554e-06
-5.996949025631529117e-07
8.838116231786106964e-06
5.405209166420727979e-06
9.354801479689513362e-06
5.600235336824774868e-07
9.479798648178430485e-06
9.383678994012941259e-06
6.442767552698242710e-06
-4.631869531865390034e-06
5.323844782721207673e-06
1.890673815440176709e-06
6.069956255405365126e-06
5.324455585117663616e-06
3.787163728900560410e-06
1.441389482549399675e-05
1.386778265821398086e-05
1.919608766225754231e-06
3.586107435602288529e-06
1.109412476851428269e-06
-1.012143183328614123e-06
-5.151318999436239876e-06
3.308439617649966058e-06
4.033974426390747335e-06
8.639178326111221945e-06
7.497107566238645916e-06
1.698456045494847774e-05
8.807989042443154984e-06
-1.742892818082132915e-05
-8.195425370570747574e-06
1.352486945501507776e-05
-3.774130205311878150e-06
4.416054663805628629e-06
-8.160098641779196262e-06
1.891242342699036027e-06
7.279503154614212960e-06
5.770664428413275634e-06
3.188648096532266012e-06
-6.979929940674471426e-07
1.161932356284773725e-05
2.053930468690862862e-05
5.553782711578763795e-06
1.058779909145270170e-06
-8.006511060775266611e-06
-5.053658800389875123e-07
4.724715819612396296e-07
3.313929375592580529e-06
2.644151698736078343e-06
3.226120892647925457e-06
4.549839441090082239e-06
1.084398549889907420e-05
-4.150379638335013537e-06
7.098132226022563762e-07
2.034234862942662523e-06
1.142682579607000769e-05
-2.393374574068342131e-06
-3.230233129346592550e-06
-1.076162864441738623e-06
3.268420266526920932e-06
-3.931657300391465265e-06
8.556410014293718889e-06
4.684987490001599383e-06
8.280064380015685882e-06
6.137570174103752135e-06
2.650602402353247498e-05
8.878771697022800165e-06
3.641632809522087714e-06
2.414235121502407568e-07
6.936644628642292697e-06
-2.603759030245718956e-06
-5.605878047386031525e-06
4.622761195618966756e-06
7.645843126866273807e-06
9.506826782603185856e-06
1.475416470891494001e-05
2.912004394888685667e-06
1.269823466213658955e-05
6.317368695722377980e-06
2.839941976200570122e-06
8.108231661177192631e-06
2.089296141791100323e-06
1.039525095328510757e-06
7.591632579894953833e-06
-1.908446856409890939e-07
6.153862125665944293e-06
1.185759027468831153e-05
2.458728948614460401e-06
-3.914643192080827852e-06
9.756766263840827193e-06
6.635397871778711731e-06
3.402754491882737118e-06
-2.363807617071576958e-06
-5.175818771068685130e-06
-3.225625927488794134e-06
-1.054369360016304455e-05
-7.588627097257242373e-08
3.675369069934253120e-06
1.065331378030454957e-05
1.437345661489704268e-05
8.163808823548380998e-06
8.757547102284353389e-07
5.754075345013015853e-06
9.922990390990671719e-06
-9.564510166488317353e-06
3.880442591958353577e-06
5.329625573269088909e-06
5.995833374291498328e-06
4.217250209901666954e-06
2.009225564495840966e-06
5.850867600607320462e-06
-2.958923971234074571e-07
8.888668498770554332e-06
6.256271729362845167e-06
7.529388275883613118e-06
2.081238224786679980e-06
-1.073151351415237464e-05
-6.307562726409993663e-06
6.858694407037044787e-06
9.492213032651560813e-06
5.501647192937691796e-06
6.152573843100126342e-06
5.497268909259574574e-06
8.597009482882645077e-06
7.408883271582637013e-06
7.298048290199654868e-06
9.186636606595697383e-06
1.902655984123040523e-05
3.717975750434549646e-06
-5.667062538846249415e-07
-3.327628586537921355e-07
8.540088600915122458e-06
6.910200367444585239e-06
4.851144466337154862e-06
4.949827007685798375e-06
3.665345960790865072e-06
2.407061042263021548e-07
-1.184653095506414723e-05
1.634379095026001932e-05
4.112929168407303386e-06
4.123959776135252969e-06
1.503109993816466061e-06
-6.870307882679776659e-06
4.587245370868572080e-06
1.017599153369021978e-06
3.650738223044247200e-06
1.537480334187249465e-05
8.999276051907047788e-06
1.084544809596140192e-05
-1.130536235662841928e-05
1.720915968603688574e-05
6.375601923732434348e-06
7.020900104241253131e-06
-3.453767187517147445e-06
6.098168749547868897e-06
4.144612134967786241e-06
8.855321296175096014e-06
4.015513532325891152e-06
-4.684132403466082088e-06
6.903165589164714702e-06
-1.302776546568961907e-05
2.360256820849687107e-05
1.691938481209345666e-06
5.127565229788444327e-06
-5.546366382614284577e-06
6.809021700114301054e-06
5.296573906373025086e-06
3.231984357163562104e-06
2.464966066711088023e-06
8.260255560511806607e-07
7.299364455509804001e-06
5.390142001909887520e-06
8.151759072271622510e-06
8.592616438576272328e-06
-5.568712416335676063e-07
5.077510520701246007e-06
7.806218908039976235e-07
4.904320176432919514e-06
5.653141329270934102e-06
3.300624800367724074e-06
8.643988676201420790e-06
8.189668915115600218e-06
1.054890118072070430e-05
7.190416645396683251e-06
8.893038675115863971e-06
1.825933023271555841e-05
4.422763082338297279e-06
2.204735244197750628e-06
4.920757650086924927e-06
7.174469302827717535e-06
2.332843205257799827e-06
-4.669398756909848769e-06
5.889553382812807727e-06
1.055782769939265626e-05
1.340616362057505260e-05
1.194766238082007050e-05
9.462101320817177712e-06
6.417678703651292863e-06
1.045463124496051342e-05
7.793099554594268839e-06
1.198738968955511995e-06
-4.251954884785603089e-06
-4.487722898498814405e-06
-8.325269574938224195e-06
4.186826945805910450e-06
5.439057588023417959e-06
1.571382840691300340e-05
1.140714538629609361e-05
2.051061838620073767e-05
6.327196851011948958e-06
1.691371676761075808e-05
2.076180495686278922e-05
9.163990296502426281e-06
6.089206518983825596e-06
-8.878423577148157776e-06
-6.338849801919471105e-06
-9.574307608599916624e-06
8.941207393205549562e-06
5.493705628993483355e-06
1.301877926186134762e-05
7.816462394895326739e-06
1.589970310127161353e-06
-4.666137841381771767e-06
-1.263518246159681981e-05
1.666575686552891985e-05
1.349739571552065628e-06
-8.801068893114375735e-06
2.557154064841561191e-06
2.906469785190783815e-07
5.491466533382459412e-06
7.576900984906001271e-06
9.022453385247101751e-06
1.009432942984016773e-05
5.737245626200096302e-06
9.648282855158391537e-06
2.167354123853898991e-05
1.432064877211528801e-05
4.606613771637373819e-06
-4.232517505776770717e-06
1.222845146468636690e-05
5.341136478173565485e-06
3.545410051594919633e-06
5.511613863467181746e-06
1.452873454737325478e-05
1.024763160184980921e-05
8.743897111627164841e-06
1.616094671039262684e-05
2.642897666015301583e-06
-3.295327792828005139e-07
7.918991895706425311e-06
7.789563503691186707e-07
2.101939334363579899e-06
4.730423708713857855e-06
8.892840085173088052e-06
7.172247390398108748e-06
1.652191619134680379e-06
9.535047018190206611e-06
1.188684216426798038e-05
1.301358886270115169e-05
2.102910676741192615e-05
7.359751513493241697e-06
8.849047999682082438e-07
2.505068337133107940e-05
4.685754034391657880e-06
5.500029323837763471e-06
7.817841405195376711e-06
4.490971134601741070e-06
6.003663469969370920e-06
1.019030188930989044e-05
8.166603306040227931e-06
-1.384845031081526329e-06
1.380989613311127722e-05
-2.290567231847412382e-06
-2.530936699449759692e-06
3.310734746589650086e-06
-4.518638168020563200e-06
7.705203778113564549e-06
5.396167233134157459e-06
1.016088646475525144e-05
4.399269775004661762e-06
1.123320892332957348e-05
7.103878003743805688e-06
1.283379981909480684e-05
2.039143036187612222e-05
-8.943718352140189348e-07
1.127029510967894969e-05
2.147389472343834289e-06
4.108066842999131581e-06
7.487094170451918854e-06
9.104096023785963012e-06
8.175085178481730614e-06
1.056396060077013147e-06
1.191103511129574067e-05
1.762011639325295679e-05
8.276548641284838572e-06
1.216505829120014394e-05
4.699886949442061919e-06
1.627894141097079736e-05
7.605531430630395109e-06
5.405853114437254663e-06
1.771935037818555137e-06
3.764002541728629270e-06
9.835739309574942978e-06
6.994287574770750138e-06
1.673687416919760093e-06
9.373656469305767980e-06
1.911794681991094334e-05
9.630045709572106192e-06
4.743628573397811550e-06
2.091149342245867224e-06
-5.920896544930493317e-06
5.902728821188863447e-06
3.372256896899216754e-06
5.481670767275543113e-06
7.900782656021132199e-06
9.559624251235403065e-06
-4.811941251906817664e-06
9.482942232167770302e-06
8.934590300533764526e-06
8.281117215221511487e-06
-2.815573289743241525e-06
-3.028713165322397376e-06
-3.409939095565172357e-06
5.692371695420104034e-06
7.480839945153102022e-06
1.379727198594224065e-05
6.909516191689016887e-06
9.098667337641806407e-06
5.019048110239029270e-06
1.071152755849884065e-05
-1.124495822564372629e-06
2.566043129776132202e-06
-1.133004615243058800e-05
8.417525952594742062e-06
2.621731419461736689e-06
7.300134490733529008e-06
1.758427607911096225e-06
1.790849008467416259e-06
-3.294328333847174534e-06
5.185569792394404440e-06
9.794478470682301162e-06
1.654326107111551538e-05
1.689067886150732032e-07
7.157815027800372318e-06
1.000343126605974328e-05
2.386801166180494712e-05
1.002314985440141359e-05
-4.506519375116631830e-06
7.084911487077299782e-06
8.967313595812362166e-06
8.470726084363305373e-06
7.397637594680471450e-06
1.130581779461830376e-05
5.624532530795133702e-06
2.557877911298317935e-06
1.021535148653765082e-05
1.222623963689371562e-05
-6.671875994460863399e-06
1.655591326764000170e-06
9.342642772209108575e-06
-3.298879293466260337e-06
-2.432372371764058063e-06
1.164905666550332627e-06
1.022631605872725851e-05
6.719214439211179232e-06
1.765915361406991826e-05
7.845488613584275473e-06
-4.695361563224855071e-08
9.114280178360097438e-06
-3.515662031299552016e-06
-3.535074322151558828e-06
-3.989169234649723246e-06
8.410397317735119870e-06
9.267655647575444490e-06
1.051606522889508223e-05
1.366832139465625356e-05
9.273436869025481960e-06
6.717900915590169908e-06
4.105909736354492288e-06
4.389162754369874341e-06
2.036456836218125406e-06
1.370209086755302831e-05
3.283882722470861614e-06
5.490713093996380486e-07
8.594160369663606631e-06
9.057564802611638586e-06
1.029584916847366529e-05
7.752043426030667930e-06
3.960636772862117563e-07
1.019020885422489530e-05
1.293700250549365256e-05
5.678285489448391821e-06
9.160285509776230355e-06
2.429370989085759640e-06
-3.996261695749400363e-06
4.573096406870189326e-06
1.372561417170844913e-07
2.701920381476306580e-06
9.812396299615679113e-06
1.166234480235439246e-05
-2.598133711776791311e-07
9.185028992289242557e-06
1.251713597428413321e-05
9.636404764365735798e-06
-4.452240106305955841e-06
-2.336951351222439378e-06
-1.530019671212873630e-06
1.660539207716572986e-06
9.874077382949811023e-07
1.051176473306876188e-05
1.451869163553186369e-05
7.381534105851101159e-06
-1.258383900075311322e-06
-5.630646209606831076e-07
1.643341831717065038e-05
4.650652273142309354e-06
1.268240775712321702e-05
-3.561806570763299341e-06
-1.482523323696878147e-06
-1.056646776130845871e-06
1.245183604028674206e-05
1.237142664026636170e-06
4.521211021997732889e-06
2.834188699396123946e-06
2.145118520904085128e-06
8.671763916896628951e-06
1.468425766889599434e-05
8.529352880525324949e-06
-5.047031838460728114e-06
-3.763566001885017369e-06
9.743116520986774476e-06
6.886808272598122373e-06
5.217667113118297109e-06
5.784133866276219192e-06
9.398831101523399199e-06
-1.733725355261351155e-06
9.062040569637885167e-06
1.584341978463172520e-05
1.130252660044073975e-05
1.550689063613767594e-05
-2.832027576287245420e-07
3.882971052801142766e-06
-1.361824013325574393e-05
7.225319706155385231e-07
5.716647425523957657e-06
7.884723023143151379e-06
4.407485657394630643e-06
1.310853641167045028e-05
-5.784475752860727328e-06
1.602448992294706090e-05
-3.121310841765934541e-06
2.325239003950606100e-05
1.043247867936199299e-05
8.858232610825402773e-06
2.453891336695601073e-06
6.391406981634983473e-06
4.039400129223138725e-06
7.255900325389286678e-06
5.846197436611484568e-06
1.142807485754059132e-05
5.855757260149491449e-06
1.612602153076505183e-06
5.451705957506930740e-06
1.286982858244499948e-05
5.366361096744738787e-06
1.438984314804533160e-05
1.614169610698307325e-06
3.841060340860438171e-06
4.985815773926455964e-06
8.984734559825233952e-06
1.458608738425690167e-05
6.743620608598396920e-06
5.659384764338510551e-06
-2.594422845959037236e-06
1.791293223791633549e-05
1.220740983145258493e-05
-2.207540727392611705e-06
1.048948571323095143e-05
2.021965947885869522e-06
1.327772227579987139e-06
-5.584043993281217107e-07
5.133353423417859115e-06
7.765711432096442324e-06
1.054380202184743379e-05
1.072242389614356393e-05
1.985957428182109994e-05
1.531544706168824166e-05
3.091542901326200484e-06
3.995357985640623148e-06
4.235434063265639839e-07
6.871840957203112810e-07
4.336040924880181030e-06
6.358642353781520236e-06
-1.253802851810143640e-06
1.113352447193352744e-05
8.433754749976145868e-06
6.249549569461485334e-06
8.536558971515196848e-06
3.707303003165286672e-06
2.022368880290819026e-05
-4.010653816293324607e-07
1.392521675764092591e-05
-3.273100067012655498e-06
3.170840830782870919e-06
2.695146864980850596e-06
8.673484661835541458e-07
7.770087197179364712e-06
1.112334961089889598e-05
-3.513842364371067846e-06
-3.424067373933151721e-06
-1.531725382650181956e-07
1.246586002209745239e-05
-8.256894247091114145e-06
-3.137387295103497254e-06
-2.945256550041693638e-06
2.798732196657618480e-06
3.064277918494429839e-06
2.864308512711006450e-06
6.181896210337535499e-06
-4.715886810361787505e-06
1.667842431315553627e-05
1.379051396816640406e-05
1.229299859409706962e-05
1.066446523008050159e-05
1.115395688300140505e-05
1.778450507352618599e-05
1.022086970831769460e-05
4.649953454849587049e-06
6.286382185013680991e-06
1.355792136439686906e-05
3.592551993843931902e-06
3.949710541138082119e-06
1.584275356700801714e-05
9.977674944640568610e-06
1.046506661517364567e-05
8.228612298470841700e-06
-4.564198870646003009e-06
-5.162235417563379757e-06
3.296505925515183131e-06
8.255490052408590806e-07
9.420840721396146179e-07
6.845862833233549144e-06
9.266526436899086613e-07
9.691992720964317921e-08
6.422875490472959246e-06
5.679122846160011772e-06
9.822650191183250753e-06
6.763218501283894934e-06
7.549011199202490558e-06
-1.730012012048077283e-06
4.676273721376754626e-06
-6.972134699585265358e-06
1.915182777632684473e-06
2.438247349127312365e-06
8.397433421638259929e-06
-4.710523305502080673e-06
1.251968523925721266e-05
7.300882747393528163e-06
2.773225138182435124e-06
1.236730630485084856e-06
1.735940600271404892e-06
3.997615987692228604e-07
-6.226285632224401448e-06
3.763802166625907680e-06
2.758456190835599315e-06
9.401684360409896327e-06
2.194511520248667892e-06
6.620428851293191043e-06
1.065144250825049287e-05
2.040085516931735116e-06
-9.469470023308211495e-06
7.060463356744456462e-06
-1.441360188479377957e-06
-2.659523693743735993e-06
-2.869498373662110130e-06
3.912524880428664593e-06
3.719585452163194969e-06
4.778436967130879946e-06
-4.012525608525230573e-06
-9.304933878811625190e-07
1.315146014466570569e-05
-8.760341821829734828e-07
1.184082204347376481e-05
1.151425712793104171e-05
-7.499933866556605519e-08
-1.591080421190738395e-06
-1.346792400440197810e-07
7.532070312649380503e-06
1.024814212970802977e-05
3.126983259439328279e-06
-7.270473072549613249e-06
8.783051365749978533e-06
2.202290146740367897e-06
1.087774392409208660e-05
4.063809682767312035e-06
7.997657160534090825e-06
-5.613232933990638572e-08
-3.889339398118745712e-06
5.025641308620016817e-07
-6.238603274894180168e-07
1.434859378266073126e-05
6.270867651287199264e-06
7.316739344425588494e-06
4.866089336761094837e-06
1.062755143588766662e-05
1.470794986241296929e-05
1.357012549087473159e-05
1.171559673806143777e-05
6.105640775450336750e-06
8.833312779843093893e-06
-1.072268087019970169e-05
2.192810805576003277e-06
2.430538450849922806e-06
6.576292357304582196e-06
1.005257265902389918e-05
1.358822592220678233e-05
1.706516549745786386e-05
1.978423065545763767e-06
1.986639011016553817e-05
-4.930490697800181101e-06
3.886571846949888079e-06
3.010812210469049651e-06
-1.025923483114078767e-06
-2.196369268410560851e-06
4.335149378665922458e-06
2.219448792027389496e-06
3.098628506502977621e-06
7.853057161282982871e-06
3.764240757594774501e-06
6.709172337757150884e-06
-3.810977040203337412e-07
1.785790083601423165e-05
3.007327123431625348e-06
-5.033914889651699847e-06
3.749831194646270414e-06
6.648812884429086903e-06
4.748320698952633645e-06
8.877003283090048957e-06
5.534531766292399210e-08
5.903684763292559047e-06
1.420926437056485216e-05
5.574937458762284668e-06
2.472008442145079093e-06
9.699129108353590672e-06
1.732466162813572607e-06
4.140475788051732798e-06
-3.718313376420824886e-06
-1.628901292615551610e-07
3.057775348867150524e-06
1.381313416247767489e-05
6.360545112075071345e-06
1.266219625924515649e-05
8.514313623696872561e-06
-2.187058809550247603e-06
1.156770475746715689e-05
2.145144843515470525e-06
-1.913085516626532828e-06
1.409494090799621132e-05
-2.740556798777492657e-06
-3.967581019700879741e-06
4.314471149628889987e-06
5.671435715325771083e-06
1.120627070258334099e-06
8.475137146190021926e-06
1.466057570055245969e-05
1.411331130248336079e-05
2.646294995218953175e-07
1.037783853851506021e-05
-2.455185943969161285e-06
3.845826014901518567e-06
-6.279954946260820983e-07
4.033665527322109703e-06
-1.541924995141634702e-07
3.297522449408991122e-07
8.727095466056382025e-06
1.052735920113576743e-05
-2.262120315433262449e-06
1.780228500775114388e-05
1.726416315181368322e-05
3.616120712995278694e-06
1.278585953679094583e-06
-1.673016040380763826e-06
1.213648490152576303e-06
1.218609553655313072e-06
2.057258959080121769e-06
9.644685376595481588e-06
6.909655696261253236e-06
8.075085122979999347e-06
1.681012948119835638e-05
-3.814099985736261670e-06
1.202379466031862550e-05
1.005003544860263617e-05
1.322054380609116973e-06
6.902069815275397080e-08
-2.730599925272107851e-07
-3.129821443264982026e-06
9.251866727824165169e-06
6.858286206646519271e-06
9.277602645511247144e-06
9.968898520527092610e-06
1.103529246019337699e-05
1.717546955567363421e-05
4.030134178680053807e-06
-1.752095683272684969e-08
8.829725795763770463e-06
1.747926917216800778e-06
-1.978208365972401157e-06
3.407856393526502672e-06
8.965741181164834910e-06
8.034162848644860582e-06
9.429617158413301344e-06
7.388522141375032545e-06
4.048007806199243091e-06
-4.444210085913037778e-06
-1.744386377149557012e-06
6.324221827141011534e-06
3.943897878453035337e-06
-7.088319001372806480e-06
8.551794183784311622e-06
-7.019341846988935782e-06
8.422045876220184496e-06
1.679011939370523489e-06
1.057257019314578621e-05
7.084352355543055221e-06
4.794129486481982920e-06
9.585930289888394478e-06
-7.364874949034217661e-06
-1.148792898539974550e-05
-4.003803506587878464e-06
2.226392866052461925e-07
-5.301175491243229205e-06
-4.264433800112149588e-07
-2.506798756059911290e-07
-7.498713647630226334e-07
5.229567994402504575e-06
6.565671300340500634e-06
1.246758248803606398e-05
6.457086907566036989e-06
4.185329999611588341e-07
1.348140678496756600e-05
1.223786326936166679e-05
3.988580969965939134e-07
1.798871479188950424e-06
4.286641458819379019e-06
3.038596507931334900e-06
1.366635860514267403e-06
1.082971161626538606e-05
6.712341429535588594e-06
-1.087331082807756391e-07
2.258113306562860059e-05
7.654844686686635888e-06
1.172427707351795797e-05
1.807841824184111683e-06
3.424175466037813157e-06
2.686122704584039576e-07
3.105441989311463023e-06
3.655149881336157256e-06
1.116815612314363417e-05
2.118185615809221902e-05
3.649064919873138757e-06
1.037004788656328124e-05
5.967156338169111004e-06
1.619455676667411033e-05
2.577434116662399214e-07
7.447730592738347480e-06
-5.229688888792080165e-08
-4.341834092141441885e-06
3.228944172697557308e-06
5.192509358546704823e-06
5.399508248653658493e-07
9.998639239936276348e-06
8.135757740332887875e-06
1.355082030733875982e-05
5.864242096422174701e-06
8.583130740337790123e-06
1.265587267438394141e-05
9.697008041245375621e-06
7.099559205824381488e-06
-3.156995026920341500e-06
6.079379823088939253e-07
6.031620251500180438e-06
3.607005356979003108e-06
-2.316106658168442618e-06
7.252134384650126365e-06
-1.100678920718204616e-06
8.178450826015501392e-06
-1.978332174431826508e-06
6.592468821117883549e-06
3.080340984871176334e-06
-6.620017318489646104e-07
7.196016759895510047e-06
4.483316819709968665e-06
2.173940068078410401e-06
3.702166043642300488e-06
6.336735761279167082e-06
9.309093800651884081e-06
1.207405256091672133e-06
-2.968468564058986458e-06
5.591666952966092477e-06
1.662968764748978831e-05
5.754045201036296473e-06
-2.522097590695488487e-06
4.980997232107235594e-06
2.975617242937984818e-06
1.467799977709585051e-05
4.407972130981362521e-06
2.356010356124618299e-06
1.106963954407081381e-05
6.765839726215431805e-06
3.378764287115509348e-06
-2.432905351785700419e-07
6.201847083209656189e-06
1.185808493892629005e-05
8.944671919457430385e-06
1.161489252019975571e-06
-2.124757953443623304e-07
1.136599343899869612e-05
-1.196198517831919654e-06
1.295865141398711690e-05
4.995993711042888514e-06
8.131279255007209310e-06
1.676259685753893420e-05
4.448865179378818421e-06
-1.107503596808382734e-05
-4.084220246813574053e-06
-3.615594982286482595e-06
1.350783412309202662e-05
-3.392165045671094085e-06
-8.596806152653680506e-08
1.450799959694015539e-05
7.086170474509457134e-07
6.531679446765377967e-06
8.298365479840359027e-06
1.889545387708892581e-05
4.172511295543895384e-06
-5.198736345402326998e-07
4.043212611196545314e-06
-6.520444542811149533e-06
5.459259612437189285e-06
-3.142328736384156992e-06
3.432466356549759634e-06
8.361558503115523906e-06
8.301063343818824774e-06
8.838800256315853561e-06
7.076867021378897816e-06
1.237478295841180783e-05
2.050873253512518703e-05
1.784405434538932075e-05
-5.626111981405233649e-06
1.043706205638477704e-07
-4.244570663268207027e-06
-6.509545997825037180e-06
-4.549318309829237456e-07
3.804051482530543854e-06
1.668825378828976789e-05
9.536436571936938371e-06
2.382677665387217394e-05
1.880746725551077722e-05
5.867958441614127573e-06
1.022920902573274222e-05
5.653469454859104548e-06
4.787702437392091733e-06
3.312742208531790861e-06
5.340319447994880706e-08
4.730209701186054576e-06
5.093698953564901464e-06
2.022539458452304897e-06
1.480848541444023902e-05
1.064468880122593275e-05
1.284532398488735790e-05
1.976180138196040246e-06
5.615110642010258514e-06
-1.060276002982327844e-06
2.733488563443325057e-06
-9.197996253445972722e-06
4.259393948540349317e-06
-7.506007793720091724e-07
5.024487114756671024e-06
1.161420719262360382e-05
9.351371846764062356e-06
1.900692583604616181e-05
-7.090567338814615543e-06
2.433336333440345366e-06
1.124904135546335707e-06
8.582180844008711882e-06
-1.327509053374011921e-05
-1.241108791140893855e-05
9.041453807353540964e-06
5.134743186281218223e-06
3.351601169835186901e-06
8.377682967830499714e-06
1.050424801578641710e-05
5.308475283589558960e-06
1.045549873423778921e-05
1.206300901495156893e-05
4.526836114432513592e-07
6.795967588899867876e-06
9.254295443432893284e-06
9.816583167907854771e-06
9.620944147113702128e-06
3.181885039877406301e-06
-1.340257905897923940e-06
1.757309441237438856e-05
1.576685613041598516e-05
5.784531593668813819e-06
1.598316203522215531e-06
1.566104159496777365e-05
7.954371728913925215e-06
-4.566216119197606995e-06
-1.466551785086808572e-05
-8.996716932495532688e-06
8.172294141562563614e-07
5.403394118496158716e-06
-1.491726737247527167e-07
1.097220986266726899e-05
5.313596490855855444e-07
-3.150556684321366369e-06
2.436747738199470812e-06
1.238563895236052465e-05
-4.984759858424022976e-06
-2.017341157865517164e-06
4.527415054088132749e-06
-1.120031463425627202e-05
3.991492102875876290e-06
2.026373050472984103e-06
8.190096045109673505e-06
1.417455525568784559e-05
2.862134933263150764e-06
1.450075329508450490e-05
1.100024010865839062e-05
-1.553512036495534082e-05
1.111393275856096752e-06
-5.493039704014767804e-06
-8.797154122324148544e-07
-1.032130721531945862e-07
-4.529249420162382035e-06
1.878865235201045763e-05
9.157247483997420841e-06
9.132391352380308456e-06
3.618141495977068593e-06
8.606821673044159711e-06
5.942845563241263239e-06
1.135852722343048664e-05
9.037163661829653372e-06
1.280247339315253218e-05
-3.036987725308666156e-06
-5.991014718902409981e-07
9.291380205501563543e-07
3.220638376132229894e-06
5.233270750932553976e-06
3.355161205568198025e-06
1.226496797759021137e-05
3.565821055398512120e-06
9.173221893427623114e-06
1.801186423510704659e-05
1.479572915569229490e-05
6.714943335067439111e-06
-6.311188279658624199e-06
-1.189719096816541712e-06
-7.129029126498099675e-07
6.969707043186590962e-06
1.294116039932093983e-06
7.162246455776508421e-06
-1.501436313194811274e-06
5.675141825232199349e-07
7.630688699678110263e-06
1.987327703050103508e-05
7.540040305621870208e-06
-1.179156477576482386e-05
3.125235730976753046e-06
1.028164795432316345e-05
-4.393102321744450242e-06
